E:\DEV\OTG_NOMAD\TRUNK\FFMPEG\LIBAVCODEC\ORBIS_RELEASE\012V.O
E:\DEV\OTG_NOMAD\TRUNK\FFMPEG\LIBAVCODEC\ORBIS_RELEASE\4XM.O
E:\DEV\OTG_NOMAD\TRUNK\FFMPEG\LIBAVCODEC\ORBIS_RELEASE\8BPS.O
E:\DEV\OTG_NOMAD\TRUNK\FFMPEG\LIBAVCODEC\ORBIS_RELEASE\8SVX.O
E:\DEV\OTG_NOMAD\TRUNK\FFMPEG\LIBAVCODEC\ORBIS_RELEASE\A64MULTIENC.O
E:\DEV\OTG_NOMAD\TRUNK\FFMPEG\LIBAVCODEC\ORBIS_RELEASE\AAC_AC3_PARSER.O
E:\DEV\OTG_NOMAD\TRUNK\FFMPEG\LIBAVCODEC\ORBIS_RELEASE\AAC_ADTSTOASC_BSF.O
E:\DEV\OTG_NOMAD\TRUNK\FFMPEG\LIBAVCODEC\ORBIS_RELEASE\AAC_PARSER.O
E:\DEV\OTG_NOMAD\TRUNK\FFMPEG\LIBAVCODEC\ORBIS_RELEASE\AAC_TABLEGEN.O
E:\DEV\OTG_NOMAD\TRUNK\FFMPEG\LIBAVCODEC\ORBIS_RELEASE\AACADTSDEC.O
E:\DEV\OTG_NOMAD\TRUNK\FFMPEG\LIBAVCODEC\ORBIS_RELEASE\AACCODER.O
E:\DEV\OTG_NOMAD\TRUNK\FFMPEG\LIBAVCODEC\ORBIS_RELEASE\AACDEC.O
E:\DEV\OTG_NOMAD\TRUNK\FFMPEG\LIBAVCODEC\ORBIS_RELEASE\AACENC.O
E:\DEV\OTG_NOMAD\TRUNK\FFMPEG\LIBAVCODEC\ORBIS_RELEASE\AACPS.O
E:\DEV\OTG_NOMAD\TRUNK\FFMPEG\LIBAVCODEC\ORBIS_RELEASE\AACPS_TABLEGEN.O
E:\DEV\OTG_NOMAD\TRUNK\FFMPEG\LIBAVCODEC\ORBIS_RELEASE\AACPSDATA.O
E:\DEV\OTG_NOMAD\TRUNK\FFMPEG\LIBAVCODEC\ORBIS_RELEASE\AACPSDSP.O
E:\DEV\OTG_NOMAD\TRUNK\FFMPEG\LIBAVCODEC\ORBIS_RELEASE\AACPSY.O
E:\DEV\OTG_NOMAD\TRUNK\FFMPEG\LIBAVCODEC\ORBIS_RELEASE\AACSBR.O
E:\DEV\OTG_NOMAD\TRUNK\FFMPEG\LIBAVCODEC\ORBIS_RELEASE\AACTAB.O
E:\DEV\OTG_NOMAD\TRUNK\FFMPEG\LIBAVCODEC\ORBIS_RELEASE\AANDCTTAB.O
E:\DEV\OTG_NOMAD\TRUNK\FFMPEG\LIBAVCODEC\ORBIS_RELEASE\AASC.O
E:\DEV\OTG_NOMAD\TRUNK\FFMPEG\LIBAVCODEC\ORBIS_RELEASE\AC3.O
E:\DEV\OTG_NOMAD\TRUNK\FFMPEG\LIBAVCODEC\ORBIS_RELEASE\AC3_PARSER.O
E:\DEV\OTG_NOMAD\TRUNK\FFMPEG\LIBAVCODEC\ORBIS_RELEASE\AC3DEC.O
E:\DEV\OTG_NOMAD\TRUNK\FFMPEG\LIBAVCODEC\ORBIS_RELEASE\AC3DEC_DATA.O
E:\DEV\OTG_NOMAD\TRUNK\FFMPEG\LIBAVCODEC\ORBIS_RELEASE\AC3DSP.O
E:\DEV\OTG_NOMAD\TRUNK\FFMPEG\LIBAVCODEC\ORBIS_RELEASE\AC3DSP_INIT.O
E:\DEV\OTG_NOMAD\TRUNK\FFMPEG\LIBAVCODEC\ORBIS_RELEASE\AC3ENC.O
E:\DEV\OTG_NOMAD\TRUNK\FFMPEG\LIBAVCODEC\ORBIS_RELEASE\AC3ENC_FIXED.O
E:\DEV\OTG_NOMAD\TRUNK\FFMPEG\LIBAVCODEC\ORBIS_RELEASE\AC3ENC_FLOAT.O
E:\DEV\OTG_NOMAD\TRUNK\FFMPEG\LIBAVCODEC\ORBIS_RELEASE\AC3TAB.O
E:\DEV\OTG_NOMAD\TRUNK\FFMPEG\LIBAVCODEC\ORBIS_RELEASE\ACELP_FILTERS.O
E:\DEV\OTG_NOMAD\TRUNK\FFMPEG\LIBAVCODEC\ORBIS_RELEASE\ACELP_PITCH_DELAY.O
E:\DEV\OTG_NOMAD\TRUNK\FFMPEG\LIBAVCODEC\ORBIS_RELEASE\ACELP_VECTORS.O
E:\DEV\OTG_NOMAD\TRUNK\FFMPEG\LIBAVCODEC\ORBIS_RELEASE\ADPCM.O
E:\DEV\OTG_NOMAD\TRUNK\FFMPEG\LIBAVCODEC\ORBIS_RELEASE\ADPCM_DATA.O
E:\DEV\OTG_NOMAD\TRUNK\FFMPEG\LIBAVCODEC\ORBIS_RELEASE\ADPCMENC.O
E:\DEV\OTG_NOMAD\TRUNK\FFMPEG\LIBAVCODEC\ORBIS_RELEASE\ADX.O
E:\DEV\OTG_NOMAD\TRUNK\FFMPEG\LIBAVCODEC\ORBIS_RELEASE\ADX_PARSER.O
E:\DEV\OTG_NOMAD\TRUNK\FFMPEG\LIBAVCODEC\ORBIS_RELEASE\ADXDEC.O
E:\DEV\OTG_NOMAD\TRUNK\FFMPEG\LIBAVCODEC\ORBIS_RELEASE\ADXENC.O
E:\DEV\OTG_NOMAD\TRUNK\FFMPEG\LIBAVCODEC\ORBIS_RELEASE\AIC.O
E:\DEV\OTG_NOMAD\TRUNK\FFMPEG\LIBAVCODEC\ORBIS_RELEASE\ALAC.O
E:\DEV\OTG_NOMAD\TRUNK\FFMPEG\LIBAVCODEC\ORBIS_RELEASE\ALAC_DATA.O
E:\DEV\OTG_NOMAD\TRUNK\FFMPEG\LIBAVCODEC\ORBIS_RELEASE\ALACENC.O
E:\DEV\OTG_NOMAD\TRUNK\FFMPEG\LIBAVCODEC\ORBIS_RELEASE\ALIASPIXDEC.O
E:\DEV\OTG_NOMAD\TRUNK\FFMPEG\LIBAVCODEC\ORBIS_RELEASE\ALIASPIXENC.O
E:\DEV\OTG_NOMAD\TRUNK\FFMPEG\LIBAVCODEC\ORBIS_RELEASE\ALLCODECS.O
E:\DEV\OTG_NOMAD\TRUNK\FFMPEG\LIBAVCODEC\ORBIS_RELEASE\ALSDEC.O
E:\DEV\OTG_NOMAD\TRUNK\FFMPEG\LIBAVCODEC\ORBIS_RELEASE\AMRNBDEC.O
E:\DEV\OTG_NOMAD\TRUNK\FFMPEG\LIBAVCODEC\ORBIS_RELEASE\AMRWBDEC.O
E:\DEV\OTG_NOMAD\TRUNK\FFMPEG\LIBAVCODEC\ORBIS_RELEASE\ANM.O
E:\DEV\OTG_NOMAD\TRUNK\FFMPEG\LIBAVCODEC\ORBIS_RELEASE\ANSI.O
E:\DEV\OTG_NOMAD\TRUNK\FFMPEG\LIBAVCODEC\ORBIS_RELEASE\APEDEC.O
E:\DEV\OTG_NOMAD\TRUNK\FFMPEG\LIBAVCODEC\ORBIS_RELEASE\ASS.O
E:\DEV\OTG_NOMAD\TRUNK\FFMPEG\LIBAVCODEC\ORBIS_RELEASE\ASS_SPLIT.O
E:\DEV\OTG_NOMAD\TRUNK\FFMPEG\LIBAVCODEC\ORBIS_RELEASE\ASSDEC.O
E:\DEV\OTG_NOMAD\TRUNK\FFMPEG\LIBAVCODEC\ORBIS_RELEASE\ASSENC.O
E:\DEV\OTG_NOMAD\TRUNK\FFMPEG\LIBAVCODEC\ORBIS_RELEASE\ASV.O
E:\DEV\OTG_NOMAD\TRUNK\FFMPEG\LIBAVCODEC\ORBIS_RELEASE\ASVDEC.O
E:\DEV\OTG_NOMAD\TRUNK\FFMPEG\LIBAVCODEC\ORBIS_RELEASE\ASVENC.O
E:\DEV\OTG_NOMAD\TRUNK\FFMPEG\LIBAVCODEC\ORBIS_RELEASE\ATRAC.O
E:\DEV\OTG_NOMAD\TRUNK\FFMPEG\LIBAVCODEC\ORBIS_RELEASE\ATRAC1.O
E:\DEV\OTG_NOMAD\TRUNK\FFMPEG\LIBAVCODEC\ORBIS_RELEASE\ATRAC3.O
E:\DEV\OTG_NOMAD\TRUNK\FFMPEG\LIBAVCODEC\ORBIS_RELEASE\ATRAC3PLUS.O
E:\DEV\OTG_NOMAD\TRUNK\FFMPEG\LIBAVCODEC\ORBIS_RELEASE\ATRAC3PLUSDEC.O
E:\DEV\OTG_NOMAD\TRUNK\FFMPEG\LIBAVCODEC\ORBIS_RELEASE\ATRAC3PLUSDSP.O
E:\DEV\OTG_NOMAD\TRUNK\FFMPEG\LIBAVCODEC\ORBIS_RELEASE\AUDIO_FRAME_QUEUE.O
E:\DEV\OTG_NOMAD\TRUNK\FFMPEG\LIBAVCODEC\ORBIS_RELEASE\AUDIOCONVERT.O
E:\DEV\OTG_NOMAD\TRUNK\FFMPEG\LIBAVCODEC\ORBIS_RELEASE\AURA.O
E:\DEV\OTG_NOMAD\TRUNK\FFMPEG\LIBAVCODEC\ORBIS_RELEASE\AVFFT.O
E:\DEV\OTG_NOMAD\TRUNK\FFMPEG\LIBAVCODEC\ORBIS_RELEASE\AVPACKET.O
E:\DEV\OTG_NOMAD\TRUNK\FFMPEG\LIBAVCODEC\ORBIS_RELEASE\AVPICTURE.O
E:\DEV\OTG_NOMAD\TRUNK\FFMPEG\LIBAVCODEC\ORBIS_RELEASE\AVRNDEC.O
E:\DEV\OTG_NOMAD\TRUNK\FFMPEG\LIBAVCODEC\ORBIS_RELEASE\AVS.O
E:\DEV\OTG_NOMAD\TRUNK\FFMPEG\LIBAVCODEC\ORBIS_RELEASE\AVUIDEC.O
E:\DEV\OTG_NOMAD\TRUNK\FFMPEG\LIBAVCODEC\ORBIS_RELEASE\AVUIENC.O
E:\DEV\OTG_NOMAD\TRUNK\FFMPEG\LIBAVCODEC\ORBIS_RELEASE\BETHSOFTVIDEO.O
E:\DEV\OTG_NOMAD\TRUNK\FFMPEG\LIBAVCODEC\ORBIS_RELEASE\BFI.O
E:\DEV\OTG_NOMAD\TRUNK\FFMPEG\LIBAVCODEC\ORBIS_RELEASE\BGMC.O
E:\DEV\OTG_NOMAD\TRUNK\FFMPEG\LIBAVCODEC\ORBIS_RELEASE\BINK.O
E:\DEV\OTG_NOMAD\TRUNK\FFMPEG\LIBAVCODEC\ORBIS_RELEASE\BINKAUDIO.O
E:\DEV\OTG_NOMAD\TRUNK\FFMPEG\LIBAVCODEC\ORBIS_RELEASE\BINKDSP.O
E:\DEV\OTG_NOMAD\TRUNK\FFMPEG\LIBAVCODEC\ORBIS_RELEASE\BINTEXT.O
E:\DEV\OTG_NOMAD\TRUNK\FFMPEG\LIBAVCODEC\ORBIS_RELEASE\BITSTREAM.O
E:\DEV\OTG_NOMAD\TRUNK\FFMPEG\LIBAVCODEC\ORBIS_RELEASE\BITSTREAM_FILTER.O
E:\DEV\OTG_NOMAD\TRUNK\FFMPEG\LIBAVCODEC\ORBIS_RELEASE\BMP.O
E:\DEV\OTG_NOMAD\TRUNK\FFMPEG\LIBAVCODEC\ORBIS_RELEASE\BMP_PARSER.O
E:\DEV\OTG_NOMAD\TRUNK\FFMPEG\LIBAVCODEC\ORBIS_RELEASE\BMPENC.O
E:\DEV\OTG_NOMAD\TRUNK\FFMPEG\LIBAVCODEC\ORBIS_RELEASE\BMV.O
E:\DEV\OTG_NOMAD\TRUNK\FFMPEG\LIBAVCODEC\ORBIS_RELEASE\BRENDER_PIX.O
E:\DEV\OTG_NOMAD\TRUNK\FFMPEG\LIBAVCODEC\ORBIS_RELEASE\C93.O
E:\DEV\OTG_NOMAD\TRUNK\FFMPEG\LIBAVCODEC\ORBIS_RELEASE\CABAC.O
E:\DEV\OTG_NOMAD\TRUNK\FFMPEG\LIBAVCODEC\ORBIS_RELEASE\CAVS.O
E:\DEV\OTG_NOMAD\TRUNK\FFMPEG\LIBAVCODEC\ORBIS_RELEASE\CAVS_PARSER.O
E:\DEV\OTG_NOMAD\TRUNK\FFMPEG\LIBAVCODEC\ORBIS_RELEASE\CAVSDATA.O
E:\DEV\OTG_NOMAD\TRUNK\FFMPEG\LIBAVCODEC\ORBIS_RELEASE\CAVSDEC.O
E:\DEV\OTG_NOMAD\TRUNK\FFMPEG\LIBAVCODEC\ORBIS_RELEASE\CAVSDSP.O
E:\DEV\OTG_NOMAD\TRUNK\FFMPEG\LIBAVCODEC\ORBIS_RELEASE\CBRT_TABLEGEN.O
E:\DEV\OTG_NOMAD\TRUNK\FFMPEG\LIBAVCODEC\ORBIS_RELEASE\CDGRAPHICS.O
E:\DEV\OTG_NOMAD\TRUNK\FFMPEG\LIBAVCODEC\ORBIS_RELEASE\CDXL.O
E:\DEV\OTG_NOMAD\TRUNK\FFMPEG\LIBAVCODEC\ORBIS_RELEASE\CELP_FILTERS.O
E:\DEV\OTG_NOMAD\TRUNK\FFMPEG\LIBAVCODEC\ORBIS_RELEASE\CELP_MATH.O
E:\DEV\OTG_NOMAD\TRUNK\FFMPEG\LIBAVCODEC\ORBIS_RELEASE\CGA_DATA.O
E:\DEV\OTG_NOMAD\TRUNK\FFMPEG\LIBAVCODEC\ORBIS_RELEASE\CHOMP_BSF.O
E:\DEV\OTG_NOMAD\TRUNK\FFMPEG\LIBAVCODEC\ORBIS_RELEASE\CINEPAK.O
E:\DEV\OTG_NOMAD\TRUNK\FFMPEG\LIBAVCODEC\ORBIS_RELEASE\CINEPAKENC.O
E:\DEV\OTG_NOMAD\TRUNK\FFMPEG\LIBAVCODEC\ORBIS_RELEASE\CLJR.O
E:\DEV\OTG_NOMAD\TRUNK\FFMPEG\LIBAVCODEC\ORBIS_RELEASE\CLLC.O
E:\DEV\OTG_NOMAD\TRUNK\FFMPEG\LIBAVCODEC\ORBIS_RELEASE\CNGDEC.O
E:\DEV\OTG_NOMAD\TRUNK\FFMPEG\LIBAVCODEC\ORBIS_RELEASE\CNGENC.O
E:\DEV\OTG_NOMAD\TRUNK\FFMPEG\LIBAVCODEC\ORBIS_RELEASE\CODEC_DESC.O
E:\DEV\OTG_NOMAD\TRUNK\FFMPEG\LIBAVCODEC\ORBIS_RELEASE\CONSTANTS.O
E:\DEV\OTG_NOMAD\TRUNK\FFMPEG\LIBAVCODEC\ORBIS_RELEASE\COOK.O
E:\DEV\OTG_NOMAD\TRUNK\FFMPEG\LIBAVCODEC\ORBIS_RELEASE\COOK_PARSER.O
E:\DEV\OTG_NOMAD\TRUNK\FFMPEG\LIBAVCODEC\ORBIS_RELEASE\COS_TABLEGEN.O
E:\DEV\OTG_NOMAD\TRUNK\FFMPEG\LIBAVCODEC\ORBIS_RELEASE\CPIA.O
E:\DEV\OTG_NOMAD\TRUNK\FFMPEG\LIBAVCODEC\ORBIS_RELEASE\CSCD.O
E:\DEV\OTG_NOMAD\TRUNK\FFMPEG\LIBAVCODEC\ORBIS_RELEASE\CYUV.O
E:\DEV\OTG_NOMAD\TRUNK\FFMPEG\LIBAVCODEC\ORBIS_RELEASE\DCA.O
E:\DEV\OTG_NOMAD\TRUNK\FFMPEG\LIBAVCODEC\ORBIS_RELEASE\DCA_PARSER.O
E:\DEV\OTG_NOMAD\TRUNK\FFMPEG\LIBAVCODEC\ORBIS_RELEASE\DCADEC.O
E:\DEV\OTG_NOMAD\TRUNK\FFMPEG\LIBAVCODEC\ORBIS_RELEASE\DCADSP.O
E:\DEV\OTG_NOMAD\TRUNK\FFMPEG\LIBAVCODEC\ORBIS_RELEASE\DCADSP_INIT.O
E:\DEV\OTG_NOMAD\TRUNK\FFMPEG\LIBAVCODEC\ORBIS_RELEASE\DCAENC.O
E:\DEV\OTG_NOMAD\TRUNK\FFMPEG\LIBAVCODEC\ORBIS_RELEASE\DCT.O
E:\DEV\OTG_NOMAD\TRUNK\FFMPEG\LIBAVCODEC\ORBIS_RELEASE\DCT_INIT.O
E:\DEV\OTG_NOMAD\TRUNK\FFMPEG\LIBAVCODEC\ORBIS_RELEASE\DCT32_FIXED.O
E:\DEV\OTG_NOMAD\TRUNK\FFMPEG\LIBAVCODEC\ORBIS_RELEASE\DCT32_FLOAT.O
E:\DEV\OTG_NOMAD\TRUNK\FFMPEG\LIBAVCODEC\ORBIS_RELEASE\DCT32_TEMPLATE.O
E:\DEV\OTG_NOMAD\TRUNK\FFMPEG\LIBAVCODEC\ORBIS_RELEASE\DCTREF.O
E:\DEV\OTG_NOMAD\TRUNK\FFMPEG\LIBAVCODEC\ORBIS_RELEASE\DCT-TEST.O
E:\DEV\OTG_NOMAD\TRUNK\FFMPEG\LIBAVCODEC\ORBIS_RELEASE\DFA.O
E:\DEV\OTG_NOMAD\TRUNK\FFMPEG\LIBAVCODEC\ORBIS_RELEASE\DIRAC.O
E:\DEV\OTG_NOMAD\TRUNK\FFMPEG\LIBAVCODEC\ORBIS_RELEASE\DIRAC_ARITH.O
E:\DEV\OTG_NOMAD\TRUNK\FFMPEG\LIBAVCODEC\ORBIS_RELEASE\DIRAC_DWT.O
E:\DEV\OTG_NOMAD\TRUNK\FFMPEG\LIBAVCODEC\ORBIS_RELEASE\DIRAC_DWT_X86.O
E:\DEV\OTG_NOMAD\TRUNK\FFMPEG\LIBAVCODEC\ORBIS_RELEASE\DIRAC_PARSER.O
E:\DEV\OTG_NOMAD\TRUNK\FFMPEG\LIBAVCODEC\ORBIS_RELEASE\DIRACDEC.O
E:\DEV\OTG_NOMAD\TRUNK\FFMPEG\LIBAVCODEC\ORBIS_RELEASE\DIRACDSP.O
E:\DEV\OTG_NOMAD\TRUNK\FFMPEG\LIBAVCODEC\ORBIS_RELEASE\DIRACDSP_MMX.O
E:\DEV\OTG_NOMAD\TRUNK\FFMPEG\LIBAVCODEC\ORBIS_RELEASE\DNXHD_PARSER.O
E:\DEV\OTG_NOMAD\TRUNK\FFMPEG\LIBAVCODEC\ORBIS_RELEASE\DNXHDDATA.O
E:\DEV\OTG_NOMAD\TRUNK\FFMPEG\LIBAVCODEC\ORBIS_RELEASE\DNXHDDEC.O
E:\DEV\OTG_NOMAD\TRUNK\FFMPEG\LIBAVCODEC\ORBIS_RELEASE\DNXHDENC.O
E:\DEV\OTG_NOMAD\TRUNK\FFMPEG\LIBAVCODEC\ORBIS_RELEASE\DPCM.O
E:\DEV\OTG_NOMAD\TRUNK\FFMPEG\LIBAVCODEC\ORBIS_RELEASE\DPX.O
E:\DEV\OTG_NOMAD\TRUNK\FFMPEG\LIBAVCODEC\ORBIS_RELEASE\DPX_PARSER.O
E:\DEV\OTG_NOMAD\TRUNK\FFMPEG\LIBAVCODEC\ORBIS_RELEASE\DPXENC.O
E:\DEV\OTG_NOMAD\TRUNK\FFMPEG\LIBAVCODEC\ORBIS_RELEASE\DSICINAV.O
E:\DEV\OTG_NOMAD\TRUNK\FFMPEG\LIBAVCODEC\ORBIS_RELEASE\DSPUTIL.O
E:\DEV\OTG_NOMAD\TRUNK\FFMPEG\LIBAVCODEC\ORBIS_RELEASE\DSPUTIL_INIT.O
E:\DEV\OTG_NOMAD\TRUNK\FFMPEG\LIBAVCODEC\ORBIS_RELEASE\DSPUTIL_MMX.O
E:\DEV\OTG_NOMAD\TRUNK\FFMPEG\LIBAVCODEC\ORBIS_RELEASE\DSPUTILENC_MMX.O
E:\DEV\OTG_NOMAD\TRUNK\FFMPEG\LIBAVCODEC\ORBIS_RELEASE\DUMP_EXTRADATA_BSF.O
E:\DEV\OTG_NOMAD\TRUNK\FFMPEG\LIBAVCODEC\ORBIS_RELEASE\DV.O
E:\DEV\OTG_NOMAD\TRUNK\FFMPEG\LIBAVCODEC\ORBIS_RELEASE\DV_PROFILE.O
E:\DEV\OTG_NOMAD\TRUNK\FFMPEG\LIBAVCODEC\ORBIS_RELEASE\DV_TABLEGEN.O
E:\DEV\OTG_NOMAD\TRUNK\FFMPEG\LIBAVCODEC\ORBIS_RELEASE\DVBSUB.O
E:\DEV\OTG_NOMAD\TRUNK\FFMPEG\LIBAVCODEC\ORBIS_RELEASE\DVBSUB_PARSER.O
E:\DEV\OTG_NOMAD\TRUNK\FFMPEG\LIBAVCODEC\ORBIS_RELEASE\DVBSUBDEC.O
E:\DEV\OTG_NOMAD\TRUNK\FFMPEG\LIBAVCODEC\ORBIS_RELEASE\DVD_NAV_PARSER.O
E:\DEV\OTG_NOMAD\TRUNK\FFMPEG\LIBAVCODEC\ORBIS_RELEASE\DVDATA.O
E:\DEV\OTG_NOMAD\TRUNK\FFMPEG\LIBAVCODEC\ORBIS_RELEASE\DVDEC.O
E:\DEV\OTG_NOMAD\TRUNK\FFMPEG\LIBAVCODEC\ORBIS_RELEASE\DVDSUB_PARSER.O
E:\DEV\OTG_NOMAD\TRUNK\FFMPEG\LIBAVCODEC\ORBIS_RELEASE\DVDSUBDEC.O
E:\DEV\OTG_NOMAD\TRUNK\FFMPEG\LIBAVCODEC\ORBIS_RELEASE\DVDSUBENC.O
E:\DEV\OTG_NOMAD\TRUNK\FFMPEG\LIBAVCODEC\ORBIS_RELEASE\DVENC.O
E:\DEV\OTG_NOMAD\TRUNK\FFMPEG\LIBAVCODEC\ORBIS_RELEASE\DXTORY.O
E:\DEV\OTG_NOMAD\TRUNK\FFMPEG\LIBAVCODEC\ORBIS_RELEASE\EAC3_DATA.O
E:\DEV\OTG_NOMAD\TRUNK\FFMPEG\LIBAVCODEC\ORBIS_RELEASE\EAC3DEC.O
E:\DEV\OTG_NOMAD\TRUNK\FFMPEG\LIBAVCODEC\ORBIS_RELEASE\EAC3ENC.O
E:\DEV\OTG_NOMAD\TRUNK\FFMPEG\LIBAVCODEC\ORBIS_RELEASE\EACMV.O
E:\DEV\OTG_NOMAD\TRUNK\FFMPEG\LIBAVCODEC\ORBIS_RELEASE\EAIDCT.O
E:\DEV\OTG_NOMAD\TRUNK\FFMPEG\LIBAVCODEC\ORBIS_RELEASE\EAMAD.O
E:\DEV\OTG_NOMAD\TRUNK\FFMPEG\LIBAVCODEC\ORBIS_RELEASE\EATGQ.O
E:\DEV\OTG_NOMAD\TRUNK\FFMPEG\LIBAVCODEC\ORBIS_RELEASE\EATGV.O
E:\DEV\OTG_NOMAD\TRUNK\FFMPEG\LIBAVCODEC\ORBIS_RELEASE\EATQI.O
E:\DEV\OTG_NOMAD\TRUNK\FFMPEG\LIBAVCODEC\ORBIS_RELEASE\ELBG.O
E:\DEV\OTG_NOMAD\TRUNK\FFMPEG\LIBAVCODEC\ORBIS_RELEASE\ERROR_RESILIENCE.O
E:\DEV\OTG_NOMAD\TRUNK\FFMPEG\LIBAVCODEC\ORBIS_RELEASE\ESCAPE124.O
E:\DEV\OTG_NOMAD\TRUNK\FFMPEG\LIBAVCODEC\ORBIS_RELEASE\ESCAPE130.O
E:\DEV\OTG_NOMAD\TRUNK\FFMPEG\LIBAVCODEC\ORBIS_RELEASE\EVRCDEC.O
E:\DEV\OTG_NOMAD\TRUNK\FFMPEG\LIBAVCODEC\ORBIS_RELEASE\EXIF.O
E:\DEV\OTG_NOMAD\TRUNK\FFMPEG\LIBAVCODEC\ORBIS_RELEASE\FAANDCT.O
E:\DEV\OTG_NOMAD\TRUNK\FFMPEG\LIBAVCODEC\ORBIS_RELEASE\FAANIDCT.O
E:\DEV\OTG_NOMAD\TRUNK\FFMPEG\LIBAVCODEC\ORBIS_RELEASE\FAXCOMPR.O
E:\DEV\OTG_NOMAD\TRUNK\FFMPEG\LIBAVCODEC\ORBIS_RELEASE\FDCT.O
E:\DEV\OTG_NOMAD\TRUNK\FFMPEG\LIBAVCODEC\ORBIS_RELEASE\FFT_FIXED.O
E:\DEV\OTG_NOMAD\TRUNK\FFMPEG\LIBAVCODEC\ORBIS_RELEASE\FFT_FIXED_32.O
E:\DEV\OTG_NOMAD\TRUNK\FFMPEG\LIBAVCODEC\ORBIS_RELEASE\FFT_FLOAT.O
E:\DEV\OTG_NOMAD\TRUNK\FFMPEG\LIBAVCODEC\ORBIS_RELEASE\FFT_INIT.O
E:\DEV\OTG_NOMAD\TRUNK\FFMPEG\LIBAVCODEC\ORBIS_RELEASE\FFT_INIT_TABLE.O
E:\DEV\OTG_NOMAD\TRUNK\FFMPEG\LIBAVCODEC\ORBIS_RELEASE\FFT_TEMPLATE.O
E:\DEV\OTG_NOMAD\TRUNK\FFMPEG\LIBAVCODEC\ORBIS_RELEASE\FFT-FIXED32-TEST.O
E:\DEV\OTG_NOMAD\TRUNK\FFMPEG\LIBAVCODEC\ORBIS_RELEASE\FFT-FIXED-TEST.O
E:\DEV\OTG_NOMAD\TRUNK\FFMPEG\LIBAVCODEC\ORBIS_RELEASE\FFT-TEST.O
E:\DEV\OTG_NOMAD\TRUNK\FFMPEG\LIBAVCODEC\ORBIS_RELEASE\FFV1.O
E:\DEV\OTG_NOMAD\TRUNK\FFMPEG\LIBAVCODEC\ORBIS_RELEASE\FFV1DEC.O
E:\DEV\OTG_NOMAD\TRUNK\FFMPEG\LIBAVCODEC\ORBIS_RELEASE\FFV1ENC.O
E:\DEV\OTG_NOMAD\TRUNK\FFMPEG\LIBAVCODEC\ORBIS_RELEASE\FFWAVESYNTH.O
E:\DEV\OTG_NOMAD\TRUNK\FFMPEG\LIBAVCODEC\ORBIS_RELEASE\FIC.O
E:\DEV\OTG_NOMAD\TRUNK\FFMPEG\LIBAVCODEC\ORBIS_RELEASE\FILE_OPEN.O
E:\DEV\OTG_NOMAD\TRUNK\FFMPEG\LIBAVCODEC\ORBIS_RELEASE\FLAC.O
E:\DEV\OTG_NOMAD\TRUNK\FFMPEG\LIBAVCODEC\ORBIS_RELEASE\FLAC_PARSER.O
E:\DEV\OTG_NOMAD\TRUNK\FFMPEG\LIBAVCODEC\ORBIS_RELEASE\FLACDATA.O
E:\DEV\OTG_NOMAD\TRUNK\FFMPEG\LIBAVCODEC\ORBIS_RELEASE\FLACDEC.O
E:\DEV\OTG_NOMAD\TRUNK\FFMPEG\LIBAVCODEC\ORBIS_RELEASE\FLACDSP.O
E:\DEV\OTG_NOMAD\TRUNK\FFMPEG\LIBAVCODEC\ORBIS_RELEASE\FLACDSP_INIT.O
E:\DEV\OTG_NOMAD\TRUNK\FFMPEG\LIBAVCODEC\ORBIS_RELEASE\FLACENC.O
E:\DEV\OTG_NOMAD\TRUNK\FFMPEG\LIBAVCODEC\ORBIS_RELEASE\FLICVIDEO.O
E:\DEV\OTG_NOMAD\TRUNK\FFMPEG\LIBAVCODEC\ORBIS_RELEASE\FLVDEC.O
E:\DEV\OTG_NOMAD\TRUNK\FFMPEG\LIBAVCODEC\ORBIS_RELEASE\FLVENC.O
E:\DEV\OTG_NOMAD\TRUNK\FFMPEG\LIBAVCODEC\ORBIS_RELEASE\FMTCONVERT.O
E:\DEV\OTG_NOMAD\TRUNK\FFMPEG\LIBAVCODEC\ORBIS_RELEASE\FMTCONVERT_INIT.O
E:\DEV\OTG_NOMAD\TRUNK\FFMPEG\LIBAVCODEC\ORBIS_RELEASE\FPEL_MMX.O
E:\DEV\OTG_NOMAD\TRUNK\FFMPEG\LIBAVCODEC\ORBIS_RELEASE\FRAME_THREAD_ENCODER.O
E:\DEV\OTG_NOMAD\TRUNK\FFMPEG\LIBAVCODEC\ORBIS_RELEASE\FRAPS.O
E:\DEV\OTG_NOMAD\TRUNK\FFMPEG\LIBAVCODEC\ORBIS_RELEASE\FRWU.O
E:\DEV\OTG_NOMAD\TRUNK\FFMPEG\LIBAVCODEC\ORBIS_RELEASE\G722.O
E:\DEV\OTG_NOMAD\TRUNK\FFMPEG\LIBAVCODEC\ORBIS_RELEASE\G722DEC.O
E:\DEV\OTG_NOMAD\TRUNK\FFMPEG\LIBAVCODEC\ORBIS_RELEASE\G722ENC.O
E:\DEV\OTG_NOMAD\TRUNK\FFMPEG\LIBAVCODEC\ORBIS_RELEASE\G723_1.O
E:\DEV\OTG_NOMAD\TRUNK\FFMPEG\LIBAVCODEC\ORBIS_RELEASE\G726.O
E:\DEV\OTG_NOMAD\TRUNK\FFMPEG\LIBAVCODEC\ORBIS_RELEASE\G729DEC.O
E:\DEV\OTG_NOMAD\TRUNK\FFMPEG\LIBAVCODEC\ORBIS_RELEASE\G729POSTFILTER.O
E:\DEV\OTG_NOMAD\TRUNK\FFMPEG\LIBAVCODEC\ORBIS_RELEASE\GIF.O
E:\DEV\OTG_NOMAD\TRUNK\FFMPEG\LIBAVCODEC\ORBIS_RELEASE\GIFDEC.O
E:\DEV\OTG_NOMAD\TRUNK\FFMPEG\LIBAVCODEC\ORBIS_RELEASE\GOLOMB.O
E:\DEV\OTG_NOMAD\TRUNK\FFMPEG\LIBAVCODEC\ORBIS_RELEASE\GOLOMB-TEST.O
E:\DEV\OTG_NOMAD\TRUNK\FFMPEG\LIBAVCODEC\ORBIS_RELEASE\GSM_PARSER.O
E:\DEV\OTG_NOMAD\TRUNK\FFMPEG\LIBAVCODEC\ORBIS_RELEASE\GSMDEC.O
E:\DEV\OTG_NOMAD\TRUNK\FFMPEG\LIBAVCODEC\ORBIS_RELEASE\GSMDEC_DATA.O
E:\DEV\OTG_NOMAD\TRUNK\FFMPEG\LIBAVCODEC\ORBIS_RELEASE\GSMDEC_TEMPLATE.O
E:\DEV\OTG_NOMAD\TRUNK\FFMPEG\LIBAVCODEC\ORBIS_RELEASE\H261.O
E:\DEV\OTG_NOMAD\TRUNK\FFMPEG\LIBAVCODEC\ORBIS_RELEASE\H261_PARSER.O
E:\DEV\OTG_NOMAD\TRUNK\FFMPEG\LIBAVCODEC\ORBIS_RELEASE\H261DATA.O
E:\DEV\OTG_NOMAD\TRUNK\FFMPEG\LIBAVCODEC\ORBIS_RELEASE\H261DEC.O
E:\DEV\OTG_NOMAD\TRUNK\FFMPEG\LIBAVCODEC\ORBIS_RELEASE\H261ENC.O
E:\DEV\OTG_NOMAD\TRUNK\FFMPEG\LIBAVCODEC\ORBIS_RELEASE\H263.O
E:\DEV\OTG_NOMAD\TRUNK\FFMPEG\LIBAVCODEC\ORBIS_RELEASE\H263_PARSER.O
E:\DEV\OTG_NOMAD\TRUNK\FFMPEG\LIBAVCODEC\ORBIS_RELEASE\H263DEC.O
E:\DEV\OTG_NOMAD\TRUNK\FFMPEG\LIBAVCODEC\ORBIS_RELEASE\H263DSP.O
E:\DEV\OTG_NOMAD\TRUNK\FFMPEG\LIBAVCODEC\ORBIS_RELEASE\H263DSP_INIT.O
E:\DEV\OTG_NOMAD\TRUNK\FFMPEG\LIBAVCODEC\ORBIS_RELEASE\H264.O
E:\DEV\OTG_NOMAD\TRUNK\FFMPEG\LIBAVCODEC\ORBIS_RELEASE\H264_CABAC.O
E:\DEV\OTG_NOMAD\TRUNK\FFMPEG\LIBAVCODEC\ORBIS_RELEASE\H264_CAVLC.O
E:\DEV\OTG_NOMAD\TRUNK\FFMPEG\LIBAVCODEC\ORBIS_RELEASE\H264_DIRECT.O
E:\DEV\OTG_NOMAD\TRUNK\FFMPEG\LIBAVCODEC\ORBIS_RELEASE\H264_INTRAPRED_INIT.O
E:\DEV\OTG_NOMAD\TRUNK\FFMPEG\LIBAVCODEC\ORBIS_RELEASE\H264_LOOPFILTER.O
E:\DEV\OTG_NOMAD\TRUNK\FFMPEG\LIBAVCODEC\ORBIS_RELEASE\H264_MB.O
E:\DEV\OTG_NOMAD\TRUNK\FFMPEG\LIBAVCODEC\ORBIS_RELEASE\H264_MP4TOANNEXB_BSF.O
E:\DEV\OTG_NOMAD\TRUNK\FFMPEG\LIBAVCODEC\ORBIS_RELEASE\H264_PARSER.O
E:\DEV\OTG_NOMAD\TRUNK\FFMPEG\LIBAVCODEC\ORBIS_RELEASE\H264_PICTURE.O
E:\DEV\OTG_NOMAD\TRUNK\FFMPEG\LIBAVCODEC\ORBIS_RELEASE\H264_PS.O
E:\DEV\OTG_NOMAD\TRUNK\FFMPEG\LIBAVCODEC\ORBIS_RELEASE\H264_QPEL.O
E:\DEV\OTG_NOMAD\TRUNK\FFMPEG\LIBAVCODEC\ORBIS_RELEASE\H264_REFS.O
E:\DEV\OTG_NOMAD\TRUNK\FFMPEG\LIBAVCODEC\ORBIS_RELEASE\H264_SEI.O
E:\DEV\OTG_NOMAD\TRUNK\FFMPEG\LIBAVCODEC\ORBIS_RELEASE\H264_SLICE.O
E:\DEV\OTG_NOMAD\TRUNK\FFMPEG\LIBAVCODEC\ORBIS_RELEASE\H264CHROMA.O
E:\DEV\OTG_NOMAD\TRUNK\FFMPEG\LIBAVCODEC\ORBIS_RELEASE\H264CHROMA_INIT.O
E:\DEV\OTG_NOMAD\TRUNK\FFMPEG\LIBAVCODEC\ORBIS_RELEASE\H264DSP.O
E:\DEV\OTG_NOMAD\TRUNK\FFMPEG\LIBAVCODEC\ORBIS_RELEASE\H264DSP_INIT.O
E:\DEV\OTG_NOMAD\TRUNK\FFMPEG\LIBAVCODEC\ORBIS_RELEASE\H264IDCT.O
E:\DEV\OTG_NOMAD\TRUNK\FFMPEG\LIBAVCODEC\ORBIS_RELEASE\H264PRED.O
E:\DEV\OTG_NOMAD\TRUNK\FFMPEG\LIBAVCODEC\ORBIS_RELEASE\H264QPEL.O
E:\DEV\OTG_NOMAD\TRUNK\FFMPEG\LIBAVCODEC\ORBIS_RELEASE\HEVC.O
E:\DEV\OTG_NOMAD\TRUNK\FFMPEG\LIBAVCODEC\ORBIS_RELEASE\HEVC_CABAC.O
E:\DEV\OTG_NOMAD\TRUNK\FFMPEG\LIBAVCODEC\ORBIS_RELEASE\HEVC_FILTER.O
E:\DEV\OTG_NOMAD\TRUNK\FFMPEG\LIBAVCODEC\ORBIS_RELEASE\HEVC_MVS.O
E:\DEV\OTG_NOMAD\TRUNK\FFMPEG\LIBAVCODEC\ORBIS_RELEASE\HEVC_PARSER.O
E:\DEV\OTG_NOMAD\TRUNK\FFMPEG\LIBAVCODEC\ORBIS_RELEASE\HEVC_PS.O
E:\DEV\OTG_NOMAD\TRUNK\FFMPEG\LIBAVCODEC\ORBIS_RELEASE\HEVC_REFS.O
E:\DEV\OTG_NOMAD\TRUNK\FFMPEG\LIBAVCODEC\ORBIS_RELEASE\HEVC_SEI.O
E:\DEV\OTG_NOMAD\TRUNK\FFMPEG\LIBAVCODEC\ORBIS_RELEASE\HEVCDSP.O
E:\DEV\OTG_NOMAD\TRUNK\FFMPEG\LIBAVCODEC\ORBIS_RELEASE\HEVCPRED.O
E:\DEV\OTG_NOMAD\TRUNK\FFMPEG\LIBAVCODEC\ORBIS_RELEASE\HNM4VIDEO.O
E:\DEV\OTG_NOMAD\TRUNK\FFMPEG\LIBAVCODEC\ORBIS_RELEASE\HPEL_TEMPLATE.O
E:\DEV\OTG_NOMAD\TRUNK\FFMPEG\LIBAVCODEC\ORBIS_RELEASE\HPELDSP.O
E:\DEV\OTG_NOMAD\TRUNK\FFMPEG\LIBAVCODEC\ORBIS_RELEASE\HPELDSP_INIT.O
E:\DEV\OTG_NOMAD\TRUNK\FFMPEG\LIBAVCODEC\ORBIS_RELEASE\HPELDSP_MMX.O
E:\DEV\OTG_NOMAD\TRUNK\FFMPEG\LIBAVCODEC\ORBIS_RELEASE\HUFFMAN.O
E:\DEV\OTG_NOMAD\TRUNK\FFMPEG\LIBAVCODEC\ORBIS_RELEASE\HUFFYUV.O
E:\DEV\OTG_NOMAD\TRUNK\FFMPEG\LIBAVCODEC\ORBIS_RELEASE\HUFFYUVDEC.O
E:\DEV\OTG_NOMAD\TRUNK\FFMPEG\LIBAVCODEC\ORBIS_RELEASE\HUFFYUVENC.O
E:\DEV\OTG_NOMAD\TRUNK\FFMPEG\LIBAVCODEC\ORBIS_RELEASE\IDCINVIDEO.O
E:\DEV\OTG_NOMAD\TRUNK\FFMPEG\LIBAVCODEC\ORBIS_RELEASE\IDCT_MMX_XVID.O
E:\DEV\OTG_NOMAD\TRUNK\FFMPEG\LIBAVCODEC\ORBIS_RELEASE\IFF.O
E:\DEV\OTG_NOMAD\TRUNK\FFMPEG\LIBAVCODEC\ORBIS_RELEASE\IIRFILTER.O
E:\DEV\OTG_NOMAD\TRUNK\FFMPEG\LIBAVCODEC\ORBIS_RELEASE\IMC.O
E:\DEV\OTG_NOMAD\TRUNK\FFMPEG\LIBAVCODEC\ORBIS_RELEASE\IMGCONVERT.O
E:\DEV\OTG_NOMAD\TRUNK\FFMPEG\LIBAVCODEC\ORBIS_RELEASE\IMX_DUMP_HEADER_BSF.O
E:\DEV\OTG_NOMAD\TRUNK\FFMPEG\LIBAVCODEC\ORBIS_RELEASE\INDEO2.O
E:\DEV\OTG_NOMAD\TRUNK\FFMPEG\LIBAVCODEC\ORBIS_RELEASE\INDEO3.O
E:\DEV\OTG_NOMAD\TRUNK\FFMPEG\LIBAVCODEC\ORBIS_RELEASE\INDEO4.O
E:\DEV\OTG_NOMAD\TRUNK\FFMPEG\LIBAVCODEC\ORBIS_RELEASE\INDEO5.O
E:\DEV\OTG_NOMAD\TRUNK\FFMPEG\LIBAVCODEC\ORBIS_RELEASE\INTELH263DEC.O
E:\DEV\OTG_NOMAD\TRUNK\FFMPEG\LIBAVCODEC\ORBIS_RELEASE\INTERPLAYVIDEO.O
E:\DEV\OTG_NOMAD\TRUNK\FFMPEG\LIBAVCODEC\ORBIS_RELEASE\INTRAX8.O
E:\DEV\OTG_NOMAD\TRUNK\FFMPEG\LIBAVCODEC\ORBIS_RELEASE\INTRAX8DSP.O
E:\DEV\OTG_NOMAD\TRUNK\FFMPEG\LIBAVCODEC\ORBIS_RELEASE\ITUH263DEC.O
E:\DEV\OTG_NOMAD\TRUNK\FFMPEG\LIBAVCODEC\ORBIS_RELEASE\ITUH263ENC.O
E:\DEV\OTG_NOMAD\TRUNK\FFMPEG\LIBAVCODEC\ORBIS_RELEASE\IVI_COMMON.O
E:\DEV\OTG_NOMAD\TRUNK\FFMPEG\LIBAVCODEC\ORBIS_RELEASE\IVI_DSP.O
E:\DEV\OTG_NOMAD\TRUNK\FFMPEG\LIBAVCODEC\ORBIS_RELEASE\J2KENC.O
E:\DEV\OTG_NOMAD\TRUNK\FFMPEG\LIBAVCODEC\ORBIS_RELEASE\JACOSUBDEC.O
E:\DEV\OTG_NOMAD\TRUNK\FFMPEG\LIBAVCODEC\ORBIS_RELEASE\JFDCTFST.O
E:\DEV\OTG_NOMAD\TRUNK\FFMPEG\LIBAVCODEC\ORBIS_RELEASE\JFDCTINT.O
E:\DEV\OTG_NOMAD\TRUNK\FFMPEG\LIBAVCODEC\ORBIS_RELEASE\JFDCTINT_TEMPLATE.O
E:\DEV\OTG_NOMAD\TRUNK\FFMPEG\LIBAVCODEC\ORBIS_RELEASE\JPEG2000.O
E:\DEV\OTG_NOMAD\TRUNK\FFMPEG\LIBAVCODEC\ORBIS_RELEASE\JPEG2000DEC.O
E:\DEV\OTG_NOMAD\TRUNK\FFMPEG\LIBAVCODEC\ORBIS_RELEASE\JPEG2000DWT.O
E:\DEV\OTG_NOMAD\TRUNK\FFMPEG\LIBAVCODEC\ORBIS_RELEASE\JPEGLS.O
E:\DEV\OTG_NOMAD\TRUNK\FFMPEG\LIBAVCODEC\ORBIS_RELEASE\JPEGLSDEC.O
E:\DEV\OTG_NOMAD\TRUNK\FFMPEG\LIBAVCODEC\ORBIS_RELEASE\JPEGLSENC.O
E:\DEV\OTG_NOMAD\TRUNK\FFMPEG\LIBAVCODEC\ORBIS_RELEASE\JREVDCT.O
E:\DEV\OTG_NOMAD\TRUNK\FFMPEG\LIBAVCODEC\ORBIS_RELEASE\JVDEC.O
E:\DEV\OTG_NOMAD\TRUNK\FFMPEG\LIBAVCODEC\ORBIS_RELEASE\KBDWIN.O
E:\DEV\OTG_NOMAD\TRUNK\FFMPEG\LIBAVCODEC\ORBIS_RELEASE\KGV1DEC.O
E:\DEV\OTG_NOMAD\TRUNK\FFMPEG\LIBAVCODEC\ORBIS_RELEASE\KMVC.O
E:\DEV\OTG_NOMAD\TRUNK\FFMPEG\LIBAVCODEC\ORBIS_RELEASE\LAGARITH.O
E:\DEV\OTG_NOMAD\TRUNK\FFMPEG\LIBAVCODEC\ORBIS_RELEASE\LAGARITHRAC.O
E:\DEV\OTG_NOMAD\TRUNK\FFMPEG\LIBAVCODEC\ORBIS_RELEASE\LATM_PARSER.O
E:\DEV\OTG_NOMAD\TRUNK\FFMPEG\LIBAVCODEC\ORBIS_RELEASE\LCLDEC.O
E:\dev\otg_nomad\trunk\ffmpeg\libavcodec\ORBIS_Release\libavcodec.write.1.tlog
E:\DEV\OTG_NOMAD\TRUNK\FFMPEG\LIBAVCODEC\ORBIS_RELEASE\LIBOPENCORE-AMR.O
E:\DEV\OTG_NOMAD\TRUNK\FFMPEG\LIBAVCODEC\ORBIS_RELEASE\LJPEGENC.O
E:\DEV\OTG_NOMAD\TRUNK\FFMPEG\LIBAVCODEC\ORBIS_RELEASE\LOCO.O
E:\DEV\OTG_NOMAD\TRUNK\FFMPEG\LIBAVCODEC\ORBIS_RELEASE\LOG2_TAB.O
E:\DEV\OTG_NOMAD\TRUNK\FFMPEG\LIBAVCODEC\ORBIS_RELEASE\LOSSLESS_VIDEODSP.O
E:\DEV\OTG_NOMAD\TRUNK\FFMPEG\LIBAVCODEC\ORBIS_RELEASE\LOSSLESS_VIDEODSP_INIT.O
E:\DEV\OTG_NOMAD\TRUNK\FFMPEG\LIBAVCODEC\ORBIS_RELEASE\LPC.O
E:\DEV\OTG_NOMAD\TRUNK\FFMPEG\LIBAVCODEC\ORBIS_RELEASE\LSP.O
E:\DEV\OTG_NOMAD\TRUNK\FFMPEG\LIBAVCODEC\ORBIS_RELEASE\LZW.O
E:\DEV\OTG_NOMAD\TRUNK\FFMPEG\LIBAVCODEC\ORBIS_RELEASE\LZWENC.O
E:\DEV\OTG_NOMAD\TRUNK\FFMPEG\LIBAVCODEC\ORBIS_RELEASE\MACE.O
E:\DEV\OTG_NOMAD\TRUNK\FFMPEG\LIBAVCODEC\ORBIS_RELEASE\MATHTABLES.O
E:\DEV\OTG_NOMAD\TRUNK\FFMPEG\LIBAVCODEC\ORBIS_RELEASE\MDCT_FIXED.O
E:\DEV\OTG_NOMAD\TRUNK\FFMPEG\LIBAVCODEC\ORBIS_RELEASE\MDCT_FIXED_32.O
E:\DEV\OTG_NOMAD\TRUNK\FFMPEG\LIBAVCODEC\ORBIS_RELEASE\MDCT_FLOAT.O
E:\DEV\OTG_NOMAD\TRUNK\FFMPEG\LIBAVCODEC\ORBIS_RELEASE\MDCT_TEMPLATE.O
E:\DEV\OTG_NOMAD\TRUNK\FFMPEG\LIBAVCODEC\ORBIS_RELEASE\MDEC.O
E:\DEV\OTG_NOMAD\TRUNK\FFMPEG\LIBAVCODEC\ORBIS_RELEASE\METASOUND.O
E:\DEV\OTG_NOMAD\TRUNK\FFMPEG\LIBAVCODEC\ORBIS_RELEASE\METASOUND_DATA.O
E:\DEV\OTG_NOMAD\TRUNK\FFMPEG\LIBAVCODEC\ORBIS_RELEASE\MICRODVDDEC.O
E:\DEV\OTG_NOMAD\TRUNK\FFMPEG\LIBAVCODEC\ORBIS_RELEASE\MIMIC.O
E:\DEV\OTG_NOMAD\TRUNK\FFMPEG\LIBAVCODEC\ORBIS_RELEASE\MJPEG.O
E:\DEV\OTG_NOMAD\TRUNK\FFMPEG\LIBAVCODEC\ORBIS_RELEASE\MJPEG_PARSER.O
E:\DEV\OTG_NOMAD\TRUNK\FFMPEG\LIBAVCODEC\ORBIS_RELEASE\MJPEG2JPEG_BSF.O
E:\DEV\OTG_NOMAD\TRUNK\FFMPEG\LIBAVCODEC\ORBIS_RELEASE\MJPEGA_DUMP_HEADER_BSF.O
E:\DEV\OTG_NOMAD\TRUNK\FFMPEG\LIBAVCODEC\ORBIS_RELEASE\MJPEGBDEC.O
E:\DEV\OTG_NOMAD\TRUNK\FFMPEG\LIBAVCODEC\ORBIS_RELEASE\MJPEGDEC.O
E:\DEV\OTG_NOMAD\TRUNK\FFMPEG\LIBAVCODEC\ORBIS_RELEASE\MJPEGENC.O
E:\DEV\OTG_NOMAD\TRUNK\FFMPEG\LIBAVCODEC\ORBIS_RELEASE\MLP.O
E:\DEV\OTG_NOMAD\TRUNK\FFMPEG\LIBAVCODEC\ORBIS_RELEASE\MLP_PARSER.O
E:\DEV\OTG_NOMAD\TRUNK\FFMPEG\LIBAVCODEC\ORBIS_RELEASE\MLPDEC.O
E:\DEV\OTG_NOMAD\TRUNK\FFMPEG\LIBAVCODEC\ORBIS_RELEASE\MLPDSP.O
E:\DEV\OTG_NOMAD\TRUNK\FFMPEG\LIBAVCODEC\ORBIS_RELEASE\MLPDSP_X86.O
E:\DEV\OTG_NOMAD\TRUNK\FFMPEG\LIBAVCODEC\ORBIS_RELEASE\MMVIDEO.O
E:\DEV\OTG_NOMAD\TRUNK\FFMPEG\LIBAVCODEC\ORBIS_RELEASE\MOTION_EST.O
E:\DEV\OTG_NOMAD\TRUNK\FFMPEG\LIBAVCODEC\ORBIS_RELEASE\MOTIONPIXELS.O
E:\DEV\OTG_NOMAD\TRUNK\FFMPEG\LIBAVCODEC\ORBIS_RELEASE\MOTIONPIXELS_TABLEGEN.O
E:\DEV\OTG_NOMAD\TRUNK\FFMPEG\LIBAVCODEC\ORBIS_RELEASE\MOTION-TEST.O
E:\DEV\OTG_NOMAD\TRUNK\FFMPEG\LIBAVCODEC\ORBIS_RELEASE\MOVSUB_BSF.O
E:\DEV\OTG_NOMAD\TRUNK\FFMPEG\LIBAVCODEC\ORBIS_RELEASE\MOVTEXTDEC.O
E:\DEV\OTG_NOMAD\TRUNK\FFMPEG\LIBAVCODEC\ORBIS_RELEASE\MOVTEXTENC.O
E:\DEV\OTG_NOMAD\TRUNK\FFMPEG\LIBAVCODEC\ORBIS_RELEASE\MP3_HEADER_DECOMPRESS_BSF.O
E:\DEV\OTG_NOMAD\TRUNK\FFMPEG\LIBAVCODEC\ORBIS_RELEASE\MPC.O
E:\DEV\OTG_NOMAD\TRUNK\FFMPEG\LIBAVCODEC\ORBIS_RELEASE\MPC7.O
E:\DEV\OTG_NOMAD\TRUNK\FFMPEG\LIBAVCODEC\ORBIS_RELEASE\MPC8.O
E:\DEV\OTG_NOMAD\TRUNK\FFMPEG\LIBAVCODEC\ORBIS_RELEASE\MPEG12.O
E:\DEV\OTG_NOMAD\TRUNK\FFMPEG\LIBAVCODEC\ORBIS_RELEASE\MPEG12DATA.O
E:\DEV\OTG_NOMAD\TRUNK\FFMPEG\LIBAVCODEC\ORBIS_RELEASE\MPEG12DEC.O
E:\DEV\OTG_NOMAD\TRUNK\FFMPEG\LIBAVCODEC\ORBIS_RELEASE\MPEG12ENC.O
E:\DEV\OTG_NOMAD\TRUNK\FFMPEG\LIBAVCODEC\ORBIS_RELEASE\MPEG4AUDIO.O
E:\DEV\OTG_NOMAD\TRUNK\FFMPEG\LIBAVCODEC\ORBIS_RELEASE\MPEG4VIDEO.O
E:\DEV\OTG_NOMAD\TRUNK\FFMPEG\LIBAVCODEC\ORBIS_RELEASE\MPEG4VIDEO_PARSER.O
E:\DEV\OTG_NOMAD\TRUNK\FFMPEG\LIBAVCODEC\ORBIS_RELEASE\MPEG4VIDEODEC.O
E:\DEV\OTG_NOMAD\TRUNK\FFMPEG\LIBAVCODEC\ORBIS_RELEASE\MPEG4VIDEOENC.O
E:\DEV\OTG_NOMAD\TRUNK\FFMPEG\LIBAVCODEC\ORBIS_RELEASE\MPEGAUDIO.O
E:\DEV\OTG_NOMAD\TRUNK\FFMPEG\LIBAVCODEC\ORBIS_RELEASE\MPEGAUDIO_PARSER.O
E:\DEV\OTG_NOMAD\TRUNK\FFMPEG\LIBAVCODEC\ORBIS_RELEASE\MPEGAUDIO_TABLEGEN.O
E:\DEV\OTG_NOMAD\TRUNK\FFMPEG\LIBAVCODEC\ORBIS_RELEASE\MPEGAUDIODATA.O
E:\DEV\OTG_NOMAD\TRUNK\FFMPEG\LIBAVCODEC\ORBIS_RELEASE\MPEGAUDIODEC_FIXED.O
E:\DEV\OTG_NOMAD\TRUNK\FFMPEG\LIBAVCODEC\ORBIS_RELEASE\MPEGAUDIODEC_FLOAT.O
E:\DEV\OTG_NOMAD\TRUNK\FFMPEG\LIBAVCODEC\ORBIS_RELEASE\MPEGAUDIODECHEADER.O
E:\DEV\OTG_NOMAD\TRUNK\FFMPEG\LIBAVCODEC\ORBIS_RELEASE\MPEGAUDIODSP.O
E:\DEV\OTG_NOMAD\TRUNK\FFMPEG\LIBAVCODEC\ORBIS_RELEASE\MPEGAUDIODSP_DATA.O
E:\DEV\OTG_NOMAD\TRUNK\FFMPEG\LIBAVCODEC\ORBIS_RELEASE\MPEGAUDIODSP_FIXED.O
E:\DEV\OTG_NOMAD\TRUNK\FFMPEG\LIBAVCODEC\ORBIS_RELEASE\MPEGAUDIODSP_FLOAT.O
E:\DEV\OTG_NOMAD\TRUNK\FFMPEG\LIBAVCODEC\ORBIS_RELEASE\MPEGAUDIOENC_FIXED.O
E:\DEV\OTG_NOMAD\TRUNK\FFMPEG\LIBAVCODEC\ORBIS_RELEASE\MPEGAUDIOENC_FLOAT.O
E:\DEV\OTG_NOMAD\TRUNK\FFMPEG\LIBAVCODEC\ORBIS_RELEASE\MPEGUTILS.O
E:\DEV\OTG_NOMAD\TRUNK\FFMPEG\LIBAVCODEC\ORBIS_RELEASE\MPEGVIDEO.O
E:\DEV\OTG_NOMAD\TRUNK\FFMPEG\LIBAVCODEC\ORBIS_RELEASE\MPEGVIDEO_ENC.O
E:\DEV\OTG_NOMAD\TRUNK\FFMPEG\LIBAVCODEC\ORBIS_RELEASE\MPEGVIDEO_MOTION.O
E:\DEV\OTG_NOMAD\TRUNK\FFMPEG\LIBAVCODEC\ORBIS_RELEASE\MPEGVIDEO_PARSER.O
E:\DEV\OTG_NOMAD\TRUNK\FFMPEG\LIBAVCODEC\ORBIS_RELEASE\MPL2DEC.O
E:\DEV\OTG_NOMAD\TRUNK\FFMPEG\LIBAVCODEC\ORBIS_RELEASE\MQC.O
E:\DEV\OTG_NOMAD\TRUNK\FFMPEG\LIBAVCODEC\ORBIS_RELEASE\MQCDEC.O
E:\DEV\OTG_NOMAD\TRUNK\FFMPEG\LIBAVCODEC\ORBIS_RELEASE\MQCENC.O
E:\DEV\OTG_NOMAD\TRUNK\FFMPEG\LIBAVCODEC\ORBIS_RELEASE\MSGSMDEC.O
E:\DEV\OTG_NOMAD\TRUNK\FFMPEG\LIBAVCODEC\ORBIS_RELEASE\MSMPEG4.O
E:\DEV\OTG_NOMAD\TRUNK\FFMPEG\LIBAVCODEC\ORBIS_RELEASE\MSMPEG4DATA.O
E:\DEV\OTG_NOMAD\TRUNK\FFMPEG\LIBAVCODEC\ORBIS_RELEASE\MSMPEG4DEC.O
E:\DEV\OTG_NOMAD\TRUNK\FFMPEG\LIBAVCODEC\ORBIS_RELEASE\MSMPEG4ENC.O
E:\DEV\OTG_NOMAD\TRUNK\FFMPEG\LIBAVCODEC\ORBIS_RELEASE\MSRLE.O
E:\DEV\OTG_NOMAD\TRUNK\FFMPEG\LIBAVCODEC\ORBIS_RELEASE\MSRLEDEC.O
E:\DEV\OTG_NOMAD\TRUNK\FFMPEG\LIBAVCODEC\ORBIS_RELEASE\MSS1.O
E:\DEV\OTG_NOMAD\TRUNK\FFMPEG\LIBAVCODEC\ORBIS_RELEASE\MSS12.O
E:\DEV\OTG_NOMAD\TRUNK\FFMPEG\LIBAVCODEC\ORBIS_RELEASE\MSS2.O
E:\DEV\OTG_NOMAD\TRUNK\FFMPEG\LIBAVCODEC\ORBIS_RELEASE\MSS2DSP.O
E:\DEV\OTG_NOMAD\TRUNK\FFMPEG\LIBAVCODEC\ORBIS_RELEASE\MSS3.O
E:\DEV\OTG_NOMAD\TRUNK\FFMPEG\LIBAVCODEC\ORBIS_RELEASE\MSS34DSP.O
E:\DEV\OTG_NOMAD\TRUNK\FFMPEG\LIBAVCODEC\ORBIS_RELEASE\MSS4.O
E:\DEV\OTG_NOMAD\TRUNK\FFMPEG\LIBAVCODEC\ORBIS_RELEASE\MSVIDEO1.O
E:\DEV\OTG_NOMAD\TRUNK\FFMPEG\LIBAVCODEC\ORBIS_RELEASE\MSVIDEO1ENC.O
E:\DEV\OTG_NOMAD\TRUNK\FFMPEG\LIBAVCODEC\ORBIS_RELEASE\MVCDEC.O
E:\DEV\OTG_NOMAD\TRUNK\FFMPEG\LIBAVCODEC\ORBIS_RELEASE\MXPEGDEC.O
E:\DEV\OTG_NOMAD\TRUNK\FFMPEG\LIBAVCODEC\ORBIS_RELEASE\NELLYMOSER.O
E:\DEV\OTG_NOMAD\TRUNK\FFMPEG\LIBAVCODEC\ORBIS_RELEASE\NELLYMOSERDEC.O
E:\DEV\OTG_NOMAD\TRUNK\FFMPEG\LIBAVCODEC\ORBIS_RELEASE\NELLYMOSERENC.O
E:\DEV\OTG_NOMAD\TRUNK\FFMPEG\LIBAVCODEC\ORBIS_RELEASE\NOISE_BSF.O
E:\DEV\OTG_NOMAD\TRUNK\FFMPEG\LIBAVCODEC\ORBIS_RELEASE\NUV.O
E:\DEV\OTG_NOMAD\TRUNK\FFMPEG\LIBAVCODEC\ORBIS_RELEASE\OPTIONS.O
E:\dev\otg_nomad\trunk\ffmpeg\libavcodec\ORBIS_Release\orbis-clang-cl.command.1.tlog
E:\dev\otg_nomad\trunk\ffmpeg\libavcodec\ORBIS_Release\orbis-clang-cl.read.1.tlog
E:\dev\otg_nomad\trunk\ffmpeg\libavcodec\ORBIS_Release\orbis-clang-cl.write.1.tlog
E:\dev\otg_nomad\trunk\ffmpeg\libavcodec\ORBIS_Release\orbis-snarl.command.1.tlog
E:\dev\otg_nomad\trunk\ffmpeg\libavcodec\ORBIS_Release\orbis-snarl.read.1.tlog
E:\dev\otg_nomad\trunk\ffmpeg\libavcodec\ORBIS_Release\orbis-snarl.write.1.tlog
E:\DEV\OTG_NOMAD\TRUNK\FFMPEG\LIBAVCODEC\ORBIS_RELEASE\PAF.O
E:\DEV\OTG_NOMAD\TRUNK\FFMPEG\LIBAVCODEC\ORBIS_RELEASE\PAMENC.O
E:\DEV\OTG_NOMAD\TRUNK\FFMPEG\LIBAVCODEC\ORBIS_RELEASE\PARSER.O
E:\DEV\OTG_NOMAD\TRUNK\FFMPEG\LIBAVCODEC\ORBIS_RELEASE\PCM.O
E:\DEV\OTG_NOMAD\TRUNK\FFMPEG\LIBAVCODEC\ORBIS_RELEASE\PCM_TABLEGEN.O
E:\DEV\OTG_NOMAD\TRUNK\FFMPEG\LIBAVCODEC\ORBIS_RELEASE\PCM-BLURAY.O
E:\DEV\OTG_NOMAD\TRUNK\FFMPEG\LIBAVCODEC\ORBIS_RELEASE\PCM-DVD.O
E:\DEV\OTG_NOMAD\TRUNK\FFMPEG\LIBAVCODEC\ORBIS_RELEASE\PCX.O
E:\DEV\OTG_NOMAD\TRUNK\FFMPEG\LIBAVCODEC\ORBIS_RELEASE\PCXENC.O
E:\DEV\OTG_NOMAD\TRUNK\FFMPEG\LIBAVCODEC\ORBIS_RELEASE\PGSSUBDEC.O
E:\DEV\OTG_NOMAD\TRUNK\FFMPEG\LIBAVCODEC\ORBIS_RELEASE\PICTORDEC.O
E:\DEV\OTG_NOMAD\TRUNK\FFMPEG\LIBAVCODEC\ORBIS_RELEASE\PNG.O
E:\DEV\OTG_NOMAD\TRUNK\FFMPEG\LIBAVCODEC\ORBIS_RELEASE\PNG_PARSER.O
E:\DEV\OTG_NOMAD\TRUNK\FFMPEG\LIBAVCODEC\ORBIS_RELEASE\PNGDSP.O
E:\DEV\OTG_NOMAD\TRUNK\FFMPEG\LIBAVCODEC\ORBIS_RELEASE\PNGDSP_INIT.O
E:\DEV\OTG_NOMAD\TRUNK\FFMPEG\LIBAVCODEC\ORBIS_RELEASE\PNM.O
E:\DEV\OTG_NOMAD\TRUNK\FFMPEG\LIBAVCODEC\ORBIS_RELEASE\PNM_PARSER.O
E:\DEV\OTG_NOMAD\TRUNK\FFMPEG\LIBAVCODEC\ORBIS_RELEASE\PNMDEC.O
E:\DEV\OTG_NOMAD\TRUNK\FFMPEG\LIBAVCODEC\ORBIS_RELEASE\PNMENC.O
E:\DEV\OTG_NOMAD\TRUNK\FFMPEG\LIBAVCODEC\ORBIS_RELEASE\PRORESDATA.O
E:\DEV\OTG_NOMAD\TRUNK\FFMPEG\LIBAVCODEC\ORBIS_RELEASE\PRORESDEC_LGPL.O
E:\DEV\OTG_NOMAD\TRUNK\FFMPEG\LIBAVCODEC\ORBIS_RELEASE\PRORESDEC2.O
E:\DEV\OTG_NOMAD\TRUNK\FFMPEG\LIBAVCODEC\ORBIS_RELEASE\PRORESDSP.O
E:\DEV\OTG_NOMAD\TRUNK\FFMPEG\LIBAVCODEC\ORBIS_RELEASE\PRORESDSP_INIT.O
E:\DEV\OTG_NOMAD\TRUNK\FFMPEG\LIBAVCODEC\ORBIS_RELEASE\PRORESENC_ANATOLIY.O
E:\DEV\OTG_NOMAD\TRUNK\FFMPEG\LIBAVCODEC\ORBIS_RELEASE\PRORESENC_KOSTYA.O
E:\DEV\OTG_NOMAD\TRUNK\FFMPEG\LIBAVCODEC\ORBIS_RELEASE\PSYMODEL.O
E:\DEV\OTG_NOMAD\TRUNK\FFMPEG\LIBAVCODEC\ORBIS_RELEASE\PTHREAD.O
E:\DEV\OTG_NOMAD\TRUNK\FFMPEG\LIBAVCODEC\ORBIS_RELEASE\PTHREAD_FRAME.O
E:\DEV\OTG_NOMAD\TRUNK\FFMPEG\LIBAVCODEC\ORBIS_RELEASE\PTHREAD_SLICE.O
E:\DEV\OTG_NOMAD\TRUNK\FFMPEG\LIBAVCODEC\ORBIS_RELEASE\PTX.O
E:\DEV\OTG_NOMAD\TRUNK\FFMPEG\LIBAVCODEC\ORBIS_RELEASE\QCELPDEC.O
E:\DEV\OTG_NOMAD\TRUNK\FFMPEG\LIBAVCODEC\ORBIS_RELEASE\QDM2.O
E:\DEV\OTG_NOMAD\TRUNK\FFMPEG\LIBAVCODEC\ORBIS_RELEASE\QDM2_TABLEGEN.O
E:\DEV\OTG_NOMAD\TRUNK\FFMPEG\LIBAVCODEC\ORBIS_RELEASE\QDRW.O
E:\DEV\OTG_NOMAD\TRUNK\FFMPEG\LIBAVCODEC\ORBIS_RELEASE\QPEG.O
E:\DEV\OTG_NOMAD\TRUNK\FFMPEG\LIBAVCODEC\ORBIS_RELEASE\QTRLE.O
E:\DEV\OTG_NOMAD\TRUNK\FFMPEG\LIBAVCODEC\ORBIS_RELEASE\QTRLEENC.O
E:\DEV\OTG_NOMAD\TRUNK\FFMPEG\LIBAVCODEC\ORBIS_RELEASE\R210DEC.O
E:\DEV\OTG_NOMAD\TRUNK\FFMPEG\LIBAVCODEC\ORBIS_RELEASE\R210ENC.O
E:\DEV\OTG_NOMAD\TRUNK\FFMPEG\LIBAVCODEC\ORBIS_RELEASE\RA144.O
E:\DEV\OTG_NOMAD\TRUNK\FFMPEG\LIBAVCODEC\ORBIS_RELEASE\RA144DEC.O
E:\DEV\OTG_NOMAD\TRUNK\FFMPEG\LIBAVCODEC\ORBIS_RELEASE\RA144ENC.O
E:\DEV\OTG_NOMAD\TRUNK\FFMPEG\LIBAVCODEC\ORBIS_RELEASE\RA288.O
E:\DEV\OTG_NOMAD\TRUNK\FFMPEG\LIBAVCODEC\ORBIS_RELEASE\RALF.O
E:\DEV\OTG_NOMAD\TRUNK\FFMPEG\LIBAVCODEC\ORBIS_RELEASE\RANGECODER.O
E:\DEV\OTG_NOMAD\TRUNK\FFMPEG\LIBAVCODEC\ORBIS_RELEASE\RATECONTROL.O
E:\DEV\OTG_NOMAD\TRUNK\FFMPEG\LIBAVCODEC\ORBIS_RELEASE\RAW.O
E:\DEV\OTG_NOMAD\TRUNK\FFMPEG\LIBAVCODEC\ORBIS_RELEASE\RAWDEC.O
E:\DEV\OTG_NOMAD\TRUNK\FFMPEG\LIBAVCODEC\ORBIS_RELEASE\RAWENC.O
E:\DEV\OTG_NOMAD\TRUNK\FFMPEG\LIBAVCODEC\ORBIS_RELEASE\RDFT.O
E:\DEV\OTG_NOMAD\TRUNK\FFMPEG\LIBAVCODEC\ORBIS_RELEASE\REALTEXTDEC.O
E:\DEV\OTG_NOMAD\TRUNK\FFMPEG\LIBAVCODEC\ORBIS_RELEASE\REMOVE_EXTRADATA_BSF.O
E:\DEV\OTG_NOMAD\TRUNK\FFMPEG\LIBAVCODEC\ORBIS_RELEASE\RESAMPLE.O
E:\DEV\OTG_NOMAD\TRUNK\FFMPEG\LIBAVCODEC\ORBIS_RELEASE\RESAMPLE2.O
E:\DEV\OTG_NOMAD\TRUNK\FFMPEG\LIBAVCODEC\ORBIS_RELEASE\RL2.O
E:\DEV\OTG_NOMAD\TRUNK\FFMPEG\LIBAVCODEC\ORBIS_RELEASE\RLE.O
E:\DEV\OTG_NOMAD\TRUNK\FFMPEG\LIBAVCODEC\ORBIS_RELEASE\ROQAUDIOENC.O
E:\DEV\OTG_NOMAD\TRUNK\FFMPEG\LIBAVCODEC\ORBIS_RELEASE\ROQVIDEO.O
E:\DEV\OTG_NOMAD\TRUNK\FFMPEG\LIBAVCODEC\ORBIS_RELEASE\ROQVIDEODEC.O
E:\DEV\OTG_NOMAD\TRUNK\FFMPEG\LIBAVCODEC\ORBIS_RELEASE\ROQVIDEOENC.O
E:\DEV\OTG_NOMAD\TRUNK\FFMPEG\LIBAVCODEC\ORBIS_RELEASE\RPZA.O
E:\DEV\OTG_NOMAD\TRUNK\FFMPEG\LIBAVCODEC\ORBIS_RELEASE\RTJPEG.O
E:\DEV\OTG_NOMAD\TRUNK\FFMPEG\LIBAVCODEC\ORBIS_RELEASE\RV10.O
E:\DEV\OTG_NOMAD\TRUNK\FFMPEG\LIBAVCODEC\ORBIS_RELEASE\RV10ENC.O
E:\DEV\OTG_NOMAD\TRUNK\FFMPEG\LIBAVCODEC\ORBIS_RELEASE\RV20ENC.O
E:\DEV\OTG_NOMAD\TRUNK\FFMPEG\LIBAVCODEC\ORBIS_RELEASE\RV30.O
E:\DEV\OTG_NOMAD\TRUNK\FFMPEG\LIBAVCODEC\ORBIS_RELEASE\RV30DSP.O
E:\DEV\OTG_NOMAD\TRUNK\FFMPEG\LIBAVCODEC\ORBIS_RELEASE\RV34.O
E:\DEV\OTG_NOMAD\TRUNK\FFMPEG\LIBAVCODEC\ORBIS_RELEASE\RV34_PARSER.O
E:\DEV\OTG_NOMAD\TRUNK\FFMPEG\LIBAVCODEC\ORBIS_RELEASE\RV34DSP.O
E:\DEV\OTG_NOMAD\TRUNK\FFMPEG\LIBAVCODEC\ORBIS_RELEASE\RV34DSP_INIT.O
E:\DEV\OTG_NOMAD\TRUNK\FFMPEG\LIBAVCODEC\ORBIS_RELEASE\RV40.O
E:\DEV\OTG_NOMAD\TRUNK\FFMPEG\LIBAVCODEC\ORBIS_RELEASE\RV40DSP.O
E:\DEV\OTG_NOMAD\TRUNK\FFMPEG\LIBAVCODEC\ORBIS_RELEASE\RV40DSP_INIT.O
E:\DEV\OTG_NOMAD\TRUNK\FFMPEG\LIBAVCODEC\ORBIS_RELEASE\S302M.O
E:\DEV\OTG_NOMAD\TRUNK\FFMPEG\LIBAVCODEC\ORBIS_RELEASE\S302MENC.O
E:\DEV\OTG_NOMAD\TRUNK\FFMPEG\LIBAVCODEC\ORBIS_RELEASE\S3TC.O
E:\DEV\OTG_NOMAD\TRUNK\FFMPEG\LIBAVCODEC\ORBIS_RELEASE\SAMIDEC.O
E:\DEV\OTG_NOMAD\TRUNK\FFMPEG\LIBAVCODEC\ORBIS_RELEASE\SANM.O
E:\DEV\OTG_NOMAD\TRUNK\FFMPEG\LIBAVCODEC\ORBIS_RELEASE\SBRDSP.O
E:\DEV\OTG_NOMAD\TRUNK\FFMPEG\LIBAVCODEC\ORBIS_RELEASE\SBRDSP_INIT.O
E:\DEV\OTG_NOMAD\TRUNK\FFMPEG\LIBAVCODEC\ORBIS_RELEASE\SGIDEC.O
E:\DEV\OTG_NOMAD\TRUNK\FFMPEG\LIBAVCODEC\ORBIS_RELEASE\SGIENC.O
E:\DEV\OTG_NOMAD\TRUNK\FFMPEG\LIBAVCODEC\ORBIS_RELEASE\SGIRLEDEC.O
E:\DEV\OTG_NOMAD\TRUNK\FFMPEG\LIBAVCODEC\ORBIS_RELEASE\SHORTEN.O
E:\DEV\OTG_NOMAD\TRUNK\FFMPEG\LIBAVCODEC\ORBIS_RELEASE\SIMPLE_IDCT.O
E:\DEV\OTG_NOMAD\TRUNK\FFMPEG\LIBAVCODEC\ORBIS_RELEASE\SIMPLE_IDCT_X86.O
E:\DEV\OTG_NOMAD\TRUNK\FFMPEG\LIBAVCODEC\ORBIS_RELEASE\SINEWIN.O
E:\DEV\OTG_NOMAD\TRUNK\FFMPEG\LIBAVCODEC\ORBIS_RELEASE\SINEWIN_TABLEGEN.O
E:\DEV\OTG_NOMAD\TRUNK\FFMPEG\LIBAVCODEC\ORBIS_RELEASE\SIPR.O
E:\DEV\OTG_NOMAD\TRUNK\FFMPEG\LIBAVCODEC\ORBIS_RELEASE\SIPR16K.O
E:\DEV\OTG_NOMAD\TRUNK\FFMPEG\LIBAVCODEC\ORBIS_RELEASE\SMACKER.O
E:\DEV\OTG_NOMAD\TRUNK\FFMPEG\LIBAVCODEC\ORBIS_RELEASE\SMC.O
E:\DEV\OTG_NOMAD\TRUNK\FFMPEG\LIBAVCODEC\ORBIS_RELEASE\SMVJPEGDEC.O
E:\DEV\OTG_NOMAD\TRUNK\FFMPEG\LIBAVCODEC\ORBIS_RELEASE\SNOW.O
E:\DEV\OTG_NOMAD\TRUNK\FFMPEG\LIBAVCODEC\ORBIS_RELEASE\SNOW_DWT.O
E:\DEV\OTG_NOMAD\TRUNK\FFMPEG\LIBAVCODEC\ORBIS_RELEASE\SNOWDEC.O
E:\DEV\OTG_NOMAD\TRUNK\FFMPEG\LIBAVCODEC\ORBIS_RELEASE\SNOWDSP.O
E:\DEV\OTG_NOMAD\TRUNK\FFMPEG\LIBAVCODEC\ORBIS_RELEASE\SNOWENC.O
E:\DEV\OTG_NOMAD\TRUNK\FFMPEG\LIBAVCODEC\ORBIS_RELEASE\SONIC.O
E:\DEV\OTG_NOMAD\TRUNK\FFMPEG\LIBAVCODEC\ORBIS_RELEASE\SP5XDEC.O
E:\DEV\OTG_NOMAD\TRUNK\FFMPEG\LIBAVCODEC\ORBIS_RELEASE\SRTDEC.O
E:\DEV\OTG_NOMAD\TRUNK\FFMPEG\LIBAVCODEC\ORBIS_RELEASE\SRTENC.O
E:\DEV\OTG_NOMAD\TRUNK\FFMPEG\LIBAVCODEC\ORBIS_RELEASE\SUBVIEWERDEC.O
E:\DEV\OTG_NOMAD\TRUNK\FFMPEG\LIBAVCODEC\ORBIS_RELEASE\SUNRAST.O
E:\DEV\OTG_NOMAD\TRUNK\FFMPEG\LIBAVCODEC\ORBIS_RELEASE\SUNRASTENC.O
E:\DEV\OTG_NOMAD\TRUNK\FFMPEG\LIBAVCODEC\ORBIS_RELEASE\SVQ1.O
E:\DEV\OTG_NOMAD\TRUNK\FFMPEG\LIBAVCODEC\ORBIS_RELEASE\SVQ13.O
E:\DEV\OTG_NOMAD\TRUNK\FFMPEG\LIBAVCODEC\ORBIS_RELEASE\SVQ1DEC.O
E:\DEV\OTG_NOMAD\TRUNK\FFMPEG\LIBAVCODEC\ORBIS_RELEASE\SVQ1ENC.O
E:\DEV\OTG_NOMAD\TRUNK\FFMPEG\LIBAVCODEC\ORBIS_RELEASE\SVQ3.O
E:\DEV\OTG_NOMAD\TRUNK\FFMPEG\LIBAVCODEC\ORBIS_RELEASE\SYNTH_FILTER.O
E:\DEV\OTG_NOMAD\TRUNK\FFMPEG\LIBAVCODEC\ORBIS_RELEASE\TAK.O
E:\DEV\OTG_NOMAD\TRUNK\FFMPEG\LIBAVCODEC\ORBIS_RELEASE\TAK_PARSER.O
E:\DEV\OTG_NOMAD\TRUNK\FFMPEG\LIBAVCODEC\ORBIS_RELEASE\TAKDEC.O
E:\DEV\OTG_NOMAD\TRUNK\FFMPEG\LIBAVCODEC\ORBIS_RELEASE\TARGA.O
E:\DEV\OTG_NOMAD\TRUNK\FFMPEG\LIBAVCODEC\ORBIS_RELEASE\TARGA_Y216DEC.O
E:\DEV\OTG_NOMAD\TRUNK\FFMPEG\LIBAVCODEC\ORBIS_RELEASE\TARGAENC.O
E:\DEV\OTG_NOMAD\TRUNK\FFMPEG\LIBAVCODEC\ORBIS_RELEASE\TEXTDEC.O
E:\DEV\OTG_NOMAD\TRUNK\FFMPEG\LIBAVCODEC\ORBIS_RELEASE\TIERTEXSEQV.O
E:\DEV\OTG_NOMAD\TRUNK\FFMPEG\LIBAVCODEC\ORBIS_RELEASE\TIFF.O
E:\DEV\OTG_NOMAD\TRUNK\FFMPEG\LIBAVCODEC\ORBIS_RELEASE\TIFF_COMMON.O
E:\DEV\OTG_NOMAD\TRUNK\FFMPEG\LIBAVCODEC\ORBIS_RELEASE\TIFF_DATA.O
E:\DEV\OTG_NOMAD\TRUNK\FFMPEG\LIBAVCODEC\ORBIS_RELEASE\TIFFENC.O
E:\DEV\OTG_NOMAD\TRUNK\FFMPEG\LIBAVCODEC\ORBIS_RELEASE\TMV.O
E:\DEV\OTG_NOMAD\TRUNK\FFMPEG\LIBAVCODEC\ORBIS_RELEASE\TPEL_TEMPLATE.O
E:\DEV\OTG_NOMAD\TRUNK\FFMPEG\LIBAVCODEC\ORBIS_RELEASE\TPELDSP.O
E:\DEV\OTG_NOMAD\TRUNK\FFMPEG\LIBAVCODEC\ORBIS_RELEASE\TRUEMOTION1.O
E:\DEV\OTG_NOMAD\TRUNK\FFMPEG\LIBAVCODEC\ORBIS_RELEASE\TRUEMOTION2.O
E:\DEV\OTG_NOMAD\TRUNK\FFMPEG\LIBAVCODEC\ORBIS_RELEASE\TRUESPEECH.O
E:\DEV\OTG_NOMAD\TRUNK\FFMPEG\LIBAVCODEC\ORBIS_RELEASE\TTA.O
E:\DEV\OTG_NOMAD\TRUNK\FFMPEG\LIBAVCODEC\ORBIS_RELEASE\TTADATA.O
E:\DEV\OTG_NOMAD\TRUNK\FFMPEG\LIBAVCODEC\ORBIS_RELEASE\TTADSP.O
E:\DEV\OTG_NOMAD\TRUNK\FFMPEG\LIBAVCODEC\ORBIS_RELEASE\TTADSP_INIT.O
E:\DEV\OTG_NOMAD\TRUNK\FFMPEG\LIBAVCODEC\ORBIS_RELEASE\TTAENC.O
E:\DEV\OTG_NOMAD\TRUNK\FFMPEG\LIBAVCODEC\ORBIS_RELEASE\TWINVQ.O
E:\DEV\OTG_NOMAD\TRUNK\FFMPEG\LIBAVCODEC\ORBIS_RELEASE\TWINVQDEC.O
E:\DEV\OTG_NOMAD\TRUNK\FFMPEG\LIBAVCODEC\ORBIS_RELEASE\TXD.O
E:\DEV\OTG_NOMAD\TRUNK\FFMPEG\LIBAVCODEC\ORBIS_RELEASE\ULTI.O
E:\DEV\OTG_NOMAD\TRUNK\FFMPEG\LIBAVCODEC\ORBIS_RELEASE\UTILS.O
E:\DEV\OTG_NOMAD\TRUNK\FFMPEG\LIBAVCODEC\ORBIS_RELEASE\UTVIDEO.O
E:\DEV\OTG_NOMAD\TRUNK\FFMPEG\LIBAVCODEC\ORBIS_RELEASE\UTVIDEODEC.O
E:\DEV\OTG_NOMAD\TRUNK\FFMPEG\LIBAVCODEC\ORBIS_RELEASE\UTVIDEOENC.O
E:\DEV\OTG_NOMAD\TRUNK\FFMPEG\LIBAVCODEC\ORBIS_RELEASE\V210DEC.O
E:\DEV\OTG_NOMAD\TRUNK\FFMPEG\LIBAVCODEC\ORBIS_RELEASE\V210ENC.O
E:\DEV\OTG_NOMAD\TRUNK\FFMPEG\LIBAVCODEC\ORBIS_RELEASE\V210-INIT.O
E:\DEV\OTG_NOMAD\TRUNK\FFMPEG\LIBAVCODEC\ORBIS_RELEASE\V210X.O
E:\DEV\OTG_NOMAD\TRUNK\FFMPEG\LIBAVCODEC\ORBIS_RELEASE\V308DEC.O
E:\DEV\OTG_NOMAD\TRUNK\FFMPEG\LIBAVCODEC\ORBIS_RELEASE\V308ENC.O
E:\DEV\OTG_NOMAD\TRUNK\FFMPEG\LIBAVCODEC\ORBIS_RELEASE\V408DEC.O
E:\DEV\OTG_NOMAD\TRUNK\FFMPEG\LIBAVCODEC\ORBIS_RELEASE\V408ENC.O
E:\DEV\OTG_NOMAD\TRUNK\FFMPEG\LIBAVCODEC\ORBIS_RELEASE\V410DEC.O
E:\DEV\OTG_NOMAD\TRUNK\FFMPEG\LIBAVCODEC\ORBIS_RELEASE\V410ENC.O
E:\DEV\OTG_NOMAD\TRUNK\FFMPEG\LIBAVCODEC\ORBIS_RELEASE\VB.O
E:\DEV\OTG_NOMAD\TRUNK\FFMPEG\LIBAVCODEC\ORBIS_RELEASE\VBLE.O
E:\DEV\OTG_NOMAD\TRUNK\FFMPEG\LIBAVCODEC\ORBIS_RELEASE\VC1.O
E:\DEV\OTG_NOMAD\TRUNK\FFMPEG\LIBAVCODEC\ORBIS_RELEASE\VC1_PARSER.O
E:\DEV\OTG_NOMAD\TRUNK\FFMPEG\LIBAVCODEC\ORBIS_RELEASE\VC1DATA.O
E:\DEV\OTG_NOMAD\TRUNK\FFMPEG\LIBAVCODEC\ORBIS_RELEASE\VC1DEC.O
E:\DEV\OTG_NOMAD\TRUNK\FFMPEG\LIBAVCODEC\ORBIS_RELEASE\VC1DSP.O
E:\DEV\OTG_NOMAD\TRUNK\FFMPEG\LIBAVCODEC\ORBIS_RELEASE\VC1DSP_INIT.O
E:\DEV\OTG_NOMAD\TRUNK\FFMPEG\LIBAVCODEC\ORBIS_RELEASE\VC1DSP_MMX.O
E:\DEV\OTG_NOMAD\TRUNK\FFMPEG\LIBAVCODEC\ORBIS_RELEASE\VCR1.O
E:\DEV\OTG_NOMAD\TRUNK\FFMPEG\LIBAVCODEC\ORBIS_RELEASE\VIDEODSP.O
E:\DEV\OTG_NOMAD\TRUNK\FFMPEG\LIBAVCODEC\ORBIS_RELEASE\VIDEODSP_INIT.O
E:\DEV\OTG_NOMAD\TRUNK\FFMPEG\LIBAVCODEC\ORBIS_RELEASE\VIMA.O
E:\DEV\OTG_NOMAD\TRUNK\FFMPEG\LIBAVCODEC\ORBIS_RELEASE\VMDAV.O
E:\DEV\OTG_NOMAD\TRUNK\FFMPEG\LIBAVCODEC\ORBIS_RELEASE\VMNC.O
E:\DEV\OTG_NOMAD\TRUNK\FFMPEG\LIBAVCODEC\ORBIS_RELEASE\VORBIS.O
E:\DEV\OTG_NOMAD\TRUNK\FFMPEG\LIBAVCODEC\ORBIS_RELEASE\VORBIS_DATA.O
E:\DEV\OTG_NOMAD\TRUNK\FFMPEG\LIBAVCODEC\ORBIS_RELEASE\VORBIS_PARSER.O
E:\DEV\OTG_NOMAD\TRUNK\FFMPEG\LIBAVCODEC\ORBIS_RELEASE\VORBISDEC.O
E:\DEV\OTG_NOMAD\TRUNK\FFMPEG\LIBAVCODEC\ORBIS_RELEASE\VORBISDSP.O
E:\DEV\OTG_NOMAD\TRUNK\FFMPEG\LIBAVCODEC\ORBIS_RELEASE\VORBISDSP_INIT.O
E:\DEV\OTG_NOMAD\TRUNK\FFMPEG\LIBAVCODEC\ORBIS_RELEASE\VORBISENC.O
E:\DEV\OTG_NOMAD\TRUNK\FFMPEG\LIBAVCODEC\ORBIS_RELEASE\VP3.O
E:\DEV\OTG_NOMAD\TRUNK\FFMPEG\LIBAVCODEC\ORBIS_RELEASE\VP3_PARSER.O
E:\DEV\OTG_NOMAD\TRUNK\FFMPEG\LIBAVCODEC\ORBIS_RELEASE\VP3DSP.O
E:\DEV\OTG_NOMAD\TRUNK\FFMPEG\LIBAVCODEC\ORBIS_RELEASE\VP3DSP_INIT.O
E:\DEV\OTG_NOMAD\TRUNK\FFMPEG\LIBAVCODEC\ORBIS_RELEASE\VP5.O
E:\DEV\OTG_NOMAD\TRUNK\FFMPEG\LIBAVCODEC\ORBIS_RELEASE\VP56.O
E:\DEV\OTG_NOMAD\TRUNK\FFMPEG\LIBAVCODEC\ORBIS_RELEASE\VP56DATA.O
E:\DEV\OTG_NOMAD\TRUNK\FFMPEG\LIBAVCODEC\ORBIS_RELEASE\VP56DSP.O
E:\DEV\OTG_NOMAD\TRUNK\FFMPEG\LIBAVCODEC\ORBIS_RELEASE\VP56RAC.O
E:\DEV\OTG_NOMAD\TRUNK\FFMPEG\LIBAVCODEC\ORBIS_RELEASE\VP6.O
E:\DEV\OTG_NOMAD\TRUNK\FFMPEG\LIBAVCODEC\ORBIS_RELEASE\VP6DSP.O
E:\DEV\OTG_NOMAD\TRUNK\FFMPEG\LIBAVCODEC\ORBIS_RELEASE\VP6DSP_INIT.O
E:\DEV\OTG_NOMAD\TRUNK\FFMPEG\LIBAVCODEC\ORBIS_RELEASE\VP8.O
E:\DEV\OTG_NOMAD\TRUNK\FFMPEG\LIBAVCODEC\ORBIS_RELEASE\VP8_PARSER.O
E:\DEV\OTG_NOMAD\TRUNK\FFMPEG\LIBAVCODEC\ORBIS_RELEASE\VP8DSP.O
E:\DEV\OTG_NOMAD\TRUNK\FFMPEG\LIBAVCODEC\ORBIS_RELEASE\VP8DSP_INIT.O
E:\DEV\OTG_NOMAD\TRUNK\FFMPEG\LIBAVCODEC\ORBIS_RELEASE\VP9.O
E:\DEV\OTG_NOMAD\TRUNK\FFMPEG\LIBAVCODEC\ORBIS_RELEASE\VP9_PARSER.O
E:\DEV\OTG_NOMAD\TRUNK\FFMPEG\LIBAVCODEC\ORBIS_RELEASE\VP9DSP.O
E:\DEV\OTG_NOMAD\TRUNK\FFMPEG\LIBAVCODEC\ORBIS_RELEASE\VP9DSP_INIT.O
E:\DEV\OTG_NOMAD\TRUNK\FFMPEG\LIBAVCODEC\ORBIS_RELEASE\VQAVIDEO.O
E:\DEV\OTG_NOMAD\TRUNK\FFMPEG\LIBAVCODEC\ORBIS_RELEASE\W64XMMTEST.O
E:\DEV\OTG_NOMAD\TRUNK\FFMPEG\LIBAVCODEC\ORBIS_RELEASE\WAVPACK.O
E:\DEV\OTG_NOMAD\TRUNK\FFMPEG\LIBAVCODEC\ORBIS_RELEASE\WAVPACKENC.O
E:\DEV\OTG_NOMAD\TRUNK\FFMPEG\LIBAVCODEC\ORBIS_RELEASE\WEBP.O
E:\DEV\OTG_NOMAD\TRUNK\FFMPEG\LIBAVCODEC\ORBIS_RELEASE\WEBVTTDEC.O
E:\DEV\OTG_NOMAD\TRUNK\FFMPEG\LIBAVCODEC\ORBIS_RELEASE\WMA.O
E:\DEV\OTG_NOMAD\TRUNK\FFMPEG\LIBAVCODEC\ORBIS_RELEASE\WMA_COMMON.O
E:\DEV\OTG_NOMAD\TRUNK\FFMPEG\LIBAVCODEC\ORBIS_RELEASE\WMADEC.O
E:\DEV\OTG_NOMAD\TRUNK\FFMPEG\LIBAVCODEC\ORBIS_RELEASE\WMAENC.O
E:\DEV\OTG_NOMAD\TRUNK\FFMPEG\LIBAVCODEC\ORBIS_RELEASE\WMALOSSLESSDEC.O
E:\DEV\OTG_NOMAD\TRUNK\FFMPEG\LIBAVCODEC\ORBIS_RELEASE\WMAPRODEC.O
E:\DEV\OTG_NOMAD\TRUNK\FFMPEG\LIBAVCODEC\ORBIS_RELEASE\WMAVOICE.O
E:\DEV\OTG_NOMAD\TRUNK\FFMPEG\LIBAVCODEC\ORBIS_RELEASE\WMV2.O
E:\DEV\OTG_NOMAD\TRUNK\FFMPEG\LIBAVCODEC\ORBIS_RELEASE\WMV2DEC.O
E:\DEV\OTG_NOMAD\TRUNK\FFMPEG\LIBAVCODEC\ORBIS_RELEASE\WMV2DSP.O
E:\DEV\OTG_NOMAD\TRUNK\FFMPEG\LIBAVCODEC\ORBIS_RELEASE\WMV2ENC.O
E:\DEV\OTG_NOMAD\TRUNK\FFMPEG\LIBAVCODEC\ORBIS_RELEASE\WNV1.O
E:\DEV\OTG_NOMAD\TRUNK\FFMPEG\LIBAVCODEC\ORBIS_RELEASE\WS-SND1.O
E:\DEV\OTG_NOMAD\TRUNK\FFMPEG\LIBAVCODEC\ORBIS_RELEASE\XAN.O
E:\DEV\OTG_NOMAD\TRUNK\FFMPEG\LIBAVCODEC\ORBIS_RELEASE\XBMDEC.O
E:\DEV\OTG_NOMAD\TRUNK\FFMPEG\LIBAVCODEC\ORBIS_RELEASE\XBMENC.O
E:\DEV\OTG_NOMAD\TRUNK\FFMPEG\LIBAVCODEC\ORBIS_RELEASE\XFACE.O
E:\DEV\OTG_NOMAD\TRUNK\FFMPEG\LIBAVCODEC\ORBIS_RELEASE\XFACEDEC.O
E:\DEV\OTG_NOMAD\TRUNK\FFMPEG\LIBAVCODEC\ORBIS_RELEASE\XFACEENC.O
E:\DEV\OTG_NOMAD\TRUNK\FFMPEG\LIBAVCODEC\ORBIS_RELEASE\XIPH.O
E:\DEV\OTG_NOMAD\TRUNK\FFMPEG\LIBAVCODEC\ORBIS_RELEASE\XL.O
E:\DEV\OTG_NOMAD\TRUNK\FFMPEG\LIBAVCODEC\ORBIS_RELEASE\XSUBDEC.O
E:\DEV\OTG_NOMAD\TRUNK\FFMPEG\LIBAVCODEC\ORBIS_RELEASE\XSUBENC.O
E:\DEV\OTG_NOMAD\TRUNK\FFMPEG\LIBAVCODEC\ORBIS_RELEASE\XWDDEC.O
E:\DEV\OTG_NOMAD\TRUNK\FFMPEG\LIBAVCODEC\ORBIS_RELEASE\XWDENC.O
E:\DEV\OTG_NOMAD\TRUNK\FFMPEG\LIBAVCODEC\ORBIS_RELEASE\XXAN.O
E:\DEV\OTG_NOMAD\TRUNK\FFMPEG\LIBAVCODEC\ORBIS_RELEASE\Y41PDEC.O
E:\DEV\OTG_NOMAD\TRUNK\FFMPEG\LIBAVCODEC\ORBIS_RELEASE\Y41PENC.O
E:\DEV\OTG_NOMAD\TRUNK\FFMPEG\LIBAVCODEC\ORBIS_RELEASE\YOP.O
E:\DEV\OTG_NOMAD\TRUNK\FFMPEG\LIBAVCODEC\ORBIS_RELEASE\YUV4DEC.O
E:\DEV\OTG_NOMAD\TRUNK\FFMPEG\LIBAVCODEC\ORBIS_RELEASE\YUV4ENC.O
E:\DEV\OTG_NOMAD\TRUNK\VE\ORBIS_RELEASE\LIBAVCODEC.A
