E:\DEV\OTG_NOMAD\TRUNK\FFMPEG\LIBAVCODEC\ORBIS_DEBUG\012V.O
E:\DEV\OTG_NOMAD\TRUNK\FFMPEG\LIBAVCODEC\ORBIS_DEBUG\4XM.O
E:\DEV\OTG_NOMAD\TRUNK\FFMPEG\LIBAVCODEC\ORBIS_DEBUG\8BPS.O
E:\DEV\OTG_NOMAD\TRUNK\FFMPEG\LIBAVCODEC\ORBIS_DEBUG\8SVX.O
E:\DEV\OTG_NOMAD\TRUNK\FFMPEG\LIBAVCODEC\ORBIS_DEBUG\A64MULTIENC.O
E:\DEV\OTG_NOMAD\TRUNK\FFMPEG\LIBAVCODEC\ORBIS_DEBUG\AAC_AC3_PARSER.O
E:\DEV\OTG_NOMAD\TRUNK\FFMPEG\LIBAVCODEC\ORBIS_DEBUG\AAC_ADTSTOASC_BSF.O
E:\DEV\OTG_NOMAD\TRUNK\FFMPEG\LIBAVCODEC\ORBIS_DEBUG\AAC_PARSER.O
E:\DEV\OTG_NOMAD\TRUNK\FFMPEG\LIBAVCODEC\ORBIS_DEBUG\AAC_TABLEGEN.O
E:\DEV\OTG_NOMAD\TRUNK\FFMPEG\LIBAVCODEC\ORBIS_DEBUG\AACADTSDEC.O
E:\DEV\OTG_NOMAD\TRUNK\FFMPEG\LIBAVCODEC\ORBIS_DEBUG\AACCODER.O
E:\DEV\OTG_NOMAD\TRUNK\FFMPEG\LIBAVCODEC\ORBIS_DEBUG\AACDEC.O
E:\DEV\OTG_NOMAD\TRUNK\FFMPEG\LIBAVCODEC\ORBIS_DEBUG\AACENC.O
E:\DEV\OTG_NOMAD\TRUNK\FFMPEG\LIBAVCODEC\ORBIS_DEBUG\AACPS.O
E:\DEV\OTG_NOMAD\TRUNK\FFMPEG\LIBAVCODEC\ORBIS_DEBUG\AACPS_TABLEGEN.O
E:\DEV\OTG_NOMAD\TRUNK\FFMPEG\LIBAVCODEC\ORBIS_DEBUG\AACPSDATA.O
E:\DEV\OTG_NOMAD\TRUNK\FFMPEG\LIBAVCODEC\ORBIS_DEBUG\AACPSDSP.O
E:\DEV\OTG_NOMAD\TRUNK\FFMPEG\LIBAVCODEC\ORBIS_DEBUG\AACPSY.O
E:\DEV\OTG_NOMAD\TRUNK\FFMPEG\LIBAVCODEC\ORBIS_DEBUG\AACSBR.O
E:\DEV\OTG_NOMAD\TRUNK\FFMPEG\LIBAVCODEC\ORBIS_DEBUG\AACTAB.O
E:\DEV\OTG_NOMAD\TRUNK\FFMPEG\LIBAVCODEC\ORBIS_DEBUG\AANDCTTAB.O
E:\DEV\OTG_NOMAD\TRUNK\FFMPEG\LIBAVCODEC\ORBIS_DEBUG\AASC.O
E:\DEV\OTG_NOMAD\TRUNK\FFMPEG\LIBAVCODEC\ORBIS_DEBUG\AC3.O
E:\DEV\OTG_NOMAD\TRUNK\FFMPEG\LIBAVCODEC\ORBIS_DEBUG\AC3_PARSER.O
E:\DEV\OTG_NOMAD\TRUNK\FFMPEG\LIBAVCODEC\ORBIS_DEBUG\AC3DEC.O
E:\DEV\OTG_NOMAD\TRUNK\FFMPEG\LIBAVCODEC\ORBIS_DEBUG\AC3DEC_DATA.O
E:\DEV\OTG_NOMAD\TRUNK\FFMPEG\LIBAVCODEC\ORBIS_DEBUG\AC3DSP.O
E:\DEV\OTG_NOMAD\TRUNK\FFMPEG\LIBAVCODEC\ORBIS_DEBUG\AC3DSP_INIT.O
E:\DEV\OTG_NOMAD\TRUNK\FFMPEG\LIBAVCODEC\ORBIS_DEBUG\AC3ENC.O
E:\DEV\OTG_NOMAD\TRUNK\FFMPEG\LIBAVCODEC\ORBIS_DEBUG\AC3ENC_FIXED.O
E:\DEV\OTG_NOMAD\TRUNK\FFMPEG\LIBAVCODEC\ORBIS_DEBUG\AC3ENC_FLOAT.O
E:\DEV\OTG_NOMAD\TRUNK\FFMPEG\LIBAVCODEC\ORBIS_DEBUG\AC3TAB.O
E:\DEV\OTG_NOMAD\TRUNK\FFMPEG\LIBAVCODEC\ORBIS_DEBUG\ACELP_FILTERS.O
E:\DEV\OTG_NOMAD\TRUNK\FFMPEG\LIBAVCODEC\ORBIS_DEBUG\ACELP_PITCH_DELAY.O
E:\DEV\OTG_NOMAD\TRUNK\FFMPEG\LIBAVCODEC\ORBIS_DEBUG\ACELP_VECTORS.O
E:\DEV\OTG_NOMAD\TRUNK\FFMPEG\LIBAVCODEC\ORBIS_DEBUG\ADPCM.O
E:\DEV\OTG_NOMAD\TRUNK\FFMPEG\LIBAVCODEC\ORBIS_DEBUG\ADPCM_DATA.O
E:\DEV\OTG_NOMAD\TRUNK\FFMPEG\LIBAVCODEC\ORBIS_DEBUG\ADPCMENC.O
E:\DEV\OTG_NOMAD\TRUNK\FFMPEG\LIBAVCODEC\ORBIS_DEBUG\ADX.O
E:\DEV\OTG_NOMAD\TRUNK\FFMPEG\LIBAVCODEC\ORBIS_DEBUG\ADX_PARSER.O
E:\DEV\OTG_NOMAD\TRUNK\FFMPEG\LIBAVCODEC\ORBIS_DEBUG\ADXDEC.O
E:\DEV\OTG_NOMAD\TRUNK\FFMPEG\LIBAVCODEC\ORBIS_DEBUG\ADXENC.O
E:\DEV\OTG_NOMAD\TRUNK\FFMPEG\LIBAVCODEC\ORBIS_DEBUG\AIC.O
E:\DEV\OTG_NOMAD\TRUNK\FFMPEG\LIBAVCODEC\ORBIS_DEBUG\ALAC.O
E:\DEV\OTG_NOMAD\TRUNK\FFMPEG\LIBAVCODEC\ORBIS_DEBUG\ALAC_DATA.O
E:\DEV\OTG_NOMAD\TRUNK\FFMPEG\LIBAVCODEC\ORBIS_DEBUG\ALACENC.O
E:\DEV\OTG_NOMAD\TRUNK\FFMPEG\LIBAVCODEC\ORBIS_DEBUG\ALIASPIXDEC.O
E:\DEV\OTG_NOMAD\TRUNK\FFMPEG\LIBAVCODEC\ORBIS_DEBUG\ALIASPIXENC.O
E:\DEV\OTG_NOMAD\TRUNK\FFMPEG\LIBAVCODEC\ORBIS_DEBUG\ALLCODECS.O
E:\DEV\OTG_NOMAD\TRUNK\FFMPEG\LIBAVCODEC\ORBIS_DEBUG\ALSDEC.O
E:\DEV\OTG_NOMAD\TRUNK\FFMPEG\LIBAVCODEC\ORBIS_DEBUG\AMRNBDEC.O
E:\DEV\OTG_NOMAD\TRUNK\FFMPEG\LIBAVCODEC\ORBIS_DEBUG\AMRWBDEC.O
E:\DEV\OTG_NOMAD\TRUNK\FFMPEG\LIBAVCODEC\ORBIS_DEBUG\ANM.O
E:\DEV\OTG_NOMAD\TRUNK\FFMPEG\LIBAVCODEC\ORBIS_DEBUG\ANSI.O
E:\DEV\OTG_NOMAD\TRUNK\FFMPEG\LIBAVCODEC\ORBIS_DEBUG\APEDEC.O
E:\DEV\OTG_NOMAD\TRUNK\FFMPEG\LIBAVCODEC\ORBIS_DEBUG\ASS.O
E:\DEV\OTG_NOMAD\TRUNK\FFMPEG\LIBAVCODEC\ORBIS_DEBUG\ASS_SPLIT.O
E:\DEV\OTG_NOMAD\TRUNK\FFMPEG\LIBAVCODEC\ORBIS_DEBUG\ASSDEC.O
E:\DEV\OTG_NOMAD\TRUNK\FFMPEG\LIBAVCODEC\ORBIS_DEBUG\ASSENC.O
E:\DEV\OTG_NOMAD\TRUNK\FFMPEG\LIBAVCODEC\ORBIS_DEBUG\ASV.O
E:\DEV\OTG_NOMAD\TRUNK\FFMPEG\LIBAVCODEC\ORBIS_DEBUG\ASVDEC.O
E:\DEV\OTG_NOMAD\TRUNK\FFMPEG\LIBAVCODEC\ORBIS_DEBUG\ASVENC.O
E:\DEV\OTG_NOMAD\TRUNK\FFMPEG\LIBAVCODEC\ORBIS_DEBUG\ATRAC.O
E:\DEV\OTG_NOMAD\TRUNK\FFMPEG\LIBAVCODEC\ORBIS_DEBUG\ATRAC1.O
E:\DEV\OTG_NOMAD\TRUNK\FFMPEG\LIBAVCODEC\ORBIS_DEBUG\ATRAC3.O
E:\DEV\OTG_NOMAD\TRUNK\FFMPEG\LIBAVCODEC\ORBIS_DEBUG\ATRAC3PLUS.O
E:\DEV\OTG_NOMAD\TRUNK\FFMPEG\LIBAVCODEC\ORBIS_DEBUG\ATRAC3PLUSDEC.O
E:\DEV\OTG_NOMAD\TRUNK\FFMPEG\LIBAVCODEC\ORBIS_DEBUG\ATRAC3PLUSDSP.O
E:\DEV\OTG_NOMAD\TRUNK\FFMPEG\LIBAVCODEC\ORBIS_DEBUG\AUDIO_FRAME_QUEUE.O
E:\DEV\OTG_NOMAD\TRUNK\FFMPEG\LIBAVCODEC\ORBIS_DEBUG\AUDIOCONVERT.O
E:\DEV\OTG_NOMAD\TRUNK\FFMPEG\LIBAVCODEC\ORBIS_DEBUG\AURA.O
E:\DEV\OTG_NOMAD\TRUNK\FFMPEG\LIBAVCODEC\ORBIS_DEBUG\AVFFT.O
E:\DEV\OTG_NOMAD\TRUNK\FFMPEG\LIBAVCODEC\ORBIS_DEBUG\AVPACKET.O
E:\DEV\OTG_NOMAD\TRUNK\FFMPEG\LIBAVCODEC\ORBIS_DEBUG\AVPICTURE.O
E:\DEV\OTG_NOMAD\TRUNK\FFMPEG\LIBAVCODEC\ORBIS_DEBUG\AVRNDEC.O
E:\DEV\OTG_NOMAD\TRUNK\FFMPEG\LIBAVCODEC\ORBIS_DEBUG\AVS.O
E:\DEV\OTG_NOMAD\TRUNK\FFMPEG\LIBAVCODEC\ORBIS_DEBUG\AVUIDEC.O
E:\DEV\OTG_NOMAD\TRUNK\FFMPEG\LIBAVCODEC\ORBIS_DEBUG\AVUIENC.O
E:\DEV\OTG_NOMAD\TRUNK\FFMPEG\LIBAVCODEC\ORBIS_DEBUG\BETHSOFTVIDEO.O
E:\DEV\OTG_NOMAD\TRUNK\FFMPEG\LIBAVCODEC\ORBIS_DEBUG\BFI.O
E:\DEV\OTG_NOMAD\TRUNK\FFMPEG\LIBAVCODEC\ORBIS_DEBUG\BGMC.O
E:\DEV\OTG_NOMAD\TRUNK\FFMPEG\LIBAVCODEC\ORBIS_DEBUG\BINK.O
E:\DEV\OTG_NOMAD\TRUNK\FFMPEG\LIBAVCODEC\ORBIS_DEBUG\BINKAUDIO.O
E:\DEV\OTG_NOMAD\TRUNK\FFMPEG\LIBAVCODEC\ORBIS_DEBUG\BINKDSP.O
E:\DEV\OTG_NOMAD\TRUNK\FFMPEG\LIBAVCODEC\ORBIS_DEBUG\BINTEXT.O
E:\DEV\OTG_NOMAD\TRUNK\FFMPEG\LIBAVCODEC\ORBIS_DEBUG\BITSTREAM.O
E:\DEV\OTG_NOMAD\TRUNK\FFMPEG\LIBAVCODEC\ORBIS_DEBUG\BITSTREAM_FILTER.O
E:\DEV\OTG_NOMAD\TRUNK\FFMPEG\LIBAVCODEC\ORBIS_DEBUG\BMP.O
E:\DEV\OTG_NOMAD\TRUNK\FFMPEG\LIBAVCODEC\ORBIS_DEBUG\BMP_PARSER.O
E:\DEV\OTG_NOMAD\TRUNK\FFMPEG\LIBAVCODEC\ORBIS_DEBUG\BMPENC.O
E:\DEV\OTG_NOMAD\TRUNK\FFMPEG\LIBAVCODEC\ORBIS_DEBUG\BMV.O
E:\DEV\OTG_NOMAD\TRUNK\FFMPEG\LIBAVCODEC\ORBIS_DEBUG\BRENDER_PIX.O
E:\DEV\OTG_NOMAD\TRUNK\FFMPEG\LIBAVCODEC\ORBIS_DEBUG\C93.O
E:\DEV\OTG_NOMAD\TRUNK\FFMPEG\LIBAVCODEC\ORBIS_DEBUG\CABAC.O
E:\DEV\OTG_NOMAD\TRUNK\FFMPEG\LIBAVCODEC\ORBIS_DEBUG\CAVS.O
E:\DEV\OTG_NOMAD\TRUNK\FFMPEG\LIBAVCODEC\ORBIS_DEBUG\CAVS_PARSER.O
E:\DEV\OTG_NOMAD\TRUNK\FFMPEG\LIBAVCODEC\ORBIS_DEBUG\CAVSDATA.O
E:\DEV\OTG_NOMAD\TRUNK\FFMPEG\LIBAVCODEC\ORBIS_DEBUG\CAVSDEC.O
E:\DEV\OTG_NOMAD\TRUNK\FFMPEG\LIBAVCODEC\ORBIS_DEBUG\CAVSDSP.O
E:\DEV\OTG_NOMAD\TRUNK\FFMPEG\LIBAVCODEC\ORBIS_DEBUG\CBRT_TABLEGEN.O
E:\DEV\OTG_NOMAD\TRUNK\FFMPEG\LIBAVCODEC\ORBIS_DEBUG\CDGRAPHICS.O
E:\DEV\OTG_NOMAD\TRUNK\FFMPEG\LIBAVCODEC\ORBIS_DEBUG\CDXL.O
E:\DEV\OTG_NOMAD\TRUNK\FFMPEG\LIBAVCODEC\ORBIS_DEBUG\CELP_FILTERS.O
E:\DEV\OTG_NOMAD\TRUNK\FFMPEG\LIBAVCODEC\ORBIS_DEBUG\CELP_MATH.O
E:\DEV\OTG_NOMAD\TRUNK\FFMPEG\LIBAVCODEC\ORBIS_DEBUG\CGA_DATA.O
E:\DEV\OTG_NOMAD\TRUNK\FFMPEG\LIBAVCODEC\ORBIS_DEBUG\CHOMP_BSF.O
E:\DEV\OTG_NOMAD\TRUNK\FFMPEG\LIBAVCODEC\ORBIS_DEBUG\CINEPAK.O
E:\DEV\OTG_NOMAD\TRUNK\FFMPEG\LIBAVCODEC\ORBIS_DEBUG\CINEPAKENC.O
E:\DEV\OTG_NOMAD\TRUNK\FFMPEG\LIBAVCODEC\ORBIS_DEBUG\CLJR.O
E:\DEV\OTG_NOMAD\TRUNK\FFMPEG\LIBAVCODEC\ORBIS_DEBUG\CLLC.O
E:\DEV\OTG_NOMAD\TRUNK\FFMPEG\LIBAVCODEC\ORBIS_DEBUG\CNGDEC.O
E:\DEV\OTG_NOMAD\TRUNK\FFMPEG\LIBAVCODEC\ORBIS_DEBUG\CNGENC.O
E:\DEV\OTG_NOMAD\TRUNK\FFMPEG\LIBAVCODEC\ORBIS_DEBUG\CODEC_DESC.O
E:\DEV\OTG_NOMAD\TRUNK\FFMPEG\LIBAVCODEC\ORBIS_DEBUG\CONSTANTS.O
E:\DEV\OTG_NOMAD\TRUNK\FFMPEG\LIBAVCODEC\ORBIS_DEBUG\COOK.O
E:\DEV\OTG_NOMAD\TRUNK\FFMPEG\LIBAVCODEC\ORBIS_DEBUG\COOK_PARSER.O
E:\DEV\OTG_NOMAD\TRUNK\FFMPEG\LIBAVCODEC\ORBIS_DEBUG\COS_TABLEGEN.O
E:\DEV\OTG_NOMAD\TRUNK\FFMPEG\LIBAVCODEC\ORBIS_DEBUG\CPIA.O
E:\DEV\OTG_NOMAD\TRUNK\FFMPEG\LIBAVCODEC\ORBIS_DEBUG\CSCD.O
E:\DEV\OTG_NOMAD\TRUNK\FFMPEG\LIBAVCODEC\ORBIS_DEBUG\CYUV.O
E:\DEV\OTG_NOMAD\TRUNK\FFMPEG\LIBAVCODEC\ORBIS_DEBUG\DCA.O
E:\DEV\OTG_NOMAD\TRUNK\FFMPEG\LIBAVCODEC\ORBIS_DEBUG\DCA_PARSER.O
E:\DEV\OTG_NOMAD\TRUNK\FFMPEG\LIBAVCODEC\ORBIS_DEBUG\DCADEC.O
E:\DEV\OTG_NOMAD\TRUNK\FFMPEG\LIBAVCODEC\ORBIS_DEBUG\DCADSP.O
E:\DEV\OTG_NOMAD\TRUNK\FFMPEG\LIBAVCODEC\ORBIS_DEBUG\DCADSP_INIT.O
E:\DEV\OTG_NOMAD\TRUNK\FFMPEG\LIBAVCODEC\ORBIS_DEBUG\DCAENC.O
E:\DEV\OTG_NOMAD\TRUNK\FFMPEG\LIBAVCODEC\ORBIS_DEBUG\DCT.O
E:\DEV\OTG_NOMAD\TRUNK\FFMPEG\LIBAVCODEC\ORBIS_DEBUG\DCT_INIT.O
E:\DEV\OTG_NOMAD\TRUNK\FFMPEG\LIBAVCODEC\ORBIS_DEBUG\DCT32_FIXED.O
E:\DEV\OTG_NOMAD\TRUNK\FFMPEG\LIBAVCODEC\ORBIS_DEBUG\DCT32_FLOAT.O
E:\DEV\OTG_NOMAD\TRUNK\FFMPEG\LIBAVCODEC\ORBIS_DEBUG\DCT32_TEMPLATE.O
E:\DEV\OTG_NOMAD\TRUNK\FFMPEG\LIBAVCODEC\ORBIS_DEBUG\DCTREF.O
E:\DEV\OTG_NOMAD\TRUNK\FFMPEG\LIBAVCODEC\ORBIS_DEBUG\DCT-TEST.O
E:\DEV\OTG_NOMAD\TRUNK\FFMPEG\LIBAVCODEC\ORBIS_DEBUG\DFA.O
E:\DEV\OTG_NOMAD\TRUNK\FFMPEG\LIBAVCODEC\ORBIS_DEBUG\DIRAC.O
E:\DEV\OTG_NOMAD\TRUNK\FFMPEG\LIBAVCODEC\ORBIS_DEBUG\DIRAC_ARITH.O
E:\DEV\OTG_NOMAD\TRUNK\FFMPEG\LIBAVCODEC\ORBIS_DEBUG\DIRAC_DWT.O
E:\DEV\OTG_NOMAD\TRUNK\FFMPEG\LIBAVCODEC\ORBIS_DEBUG\DIRAC_DWT_X86.O
E:\DEV\OTG_NOMAD\TRUNK\FFMPEG\LIBAVCODEC\ORBIS_DEBUG\DIRAC_PARSER.O
E:\DEV\OTG_NOMAD\TRUNK\FFMPEG\LIBAVCODEC\ORBIS_DEBUG\DIRACDEC.O
E:\DEV\OTG_NOMAD\TRUNK\FFMPEG\LIBAVCODEC\ORBIS_DEBUG\DIRACDSP.O
E:\DEV\OTG_NOMAD\TRUNK\FFMPEG\LIBAVCODEC\ORBIS_DEBUG\DIRACDSP_MMX.O
E:\DEV\OTG_NOMAD\TRUNK\FFMPEG\LIBAVCODEC\ORBIS_DEBUG\DNXHD_PARSER.O
E:\DEV\OTG_NOMAD\TRUNK\FFMPEG\LIBAVCODEC\ORBIS_DEBUG\DNXHDDATA.O
E:\DEV\OTG_NOMAD\TRUNK\FFMPEG\LIBAVCODEC\ORBIS_DEBUG\DNXHDDEC.O
E:\DEV\OTG_NOMAD\TRUNK\FFMPEG\LIBAVCODEC\ORBIS_DEBUG\DNXHDENC.O
E:\DEV\OTG_NOMAD\TRUNK\FFMPEG\LIBAVCODEC\ORBIS_DEBUG\DPCM.O
E:\DEV\OTG_NOMAD\TRUNK\FFMPEG\LIBAVCODEC\ORBIS_DEBUG\DPX.O
E:\DEV\OTG_NOMAD\TRUNK\FFMPEG\LIBAVCODEC\ORBIS_DEBUG\DPX_PARSER.O
E:\DEV\OTG_NOMAD\TRUNK\FFMPEG\LIBAVCODEC\ORBIS_DEBUG\DPXENC.O
E:\DEV\OTG_NOMAD\TRUNK\FFMPEG\LIBAVCODEC\ORBIS_DEBUG\DSICINAV.O
E:\DEV\OTG_NOMAD\TRUNK\FFMPEG\LIBAVCODEC\ORBIS_DEBUG\DSPUTIL.O
E:\DEV\OTG_NOMAD\TRUNK\FFMPEG\LIBAVCODEC\ORBIS_DEBUG\DSPUTIL_INIT.O
E:\DEV\OTG_NOMAD\TRUNK\FFMPEG\LIBAVCODEC\ORBIS_DEBUG\DSPUTIL_MMX.O
E:\DEV\OTG_NOMAD\TRUNK\FFMPEG\LIBAVCODEC\ORBIS_DEBUG\DSPUTILENC_MMX.O
E:\DEV\OTG_NOMAD\TRUNK\FFMPEG\LIBAVCODEC\ORBIS_DEBUG\DUMP_EXTRADATA_BSF.O
E:\DEV\OTG_NOMAD\TRUNK\FFMPEG\LIBAVCODEC\ORBIS_DEBUG\DV.O
E:\DEV\OTG_NOMAD\TRUNK\FFMPEG\LIBAVCODEC\ORBIS_DEBUG\DV_PROFILE.O
E:\DEV\OTG_NOMAD\TRUNK\FFMPEG\LIBAVCODEC\ORBIS_DEBUG\DV_TABLEGEN.O
E:\DEV\OTG_NOMAD\TRUNK\FFMPEG\LIBAVCODEC\ORBIS_DEBUG\DVBSUB.O
E:\DEV\OTG_NOMAD\TRUNK\FFMPEG\LIBAVCODEC\ORBIS_DEBUG\DVBSUB_PARSER.O
E:\DEV\OTG_NOMAD\TRUNK\FFMPEG\LIBAVCODEC\ORBIS_DEBUG\DVBSUBDEC.O
E:\DEV\OTG_NOMAD\TRUNK\FFMPEG\LIBAVCODEC\ORBIS_DEBUG\DVD_NAV_PARSER.O
E:\DEV\OTG_NOMAD\TRUNK\FFMPEG\LIBAVCODEC\ORBIS_DEBUG\DVDATA.O
E:\DEV\OTG_NOMAD\TRUNK\FFMPEG\LIBAVCODEC\ORBIS_DEBUG\DVDEC.O
E:\DEV\OTG_NOMAD\TRUNK\FFMPEG\LIBAVCODEC\ORBIS_DEBUG\DVDSUB_PARSER.O
E:\DEV\OTG_NOMAD\TRUNK\FFMPEG\LIBAVCODEC\ORBIS_DEBUG\DVDSUBDEC.O
E:\DEV\OTG_NOMAD\TRUNK\FFMPEG\LIBAVCODEC\ORBIS_DEBUG\DVDSUBENC.O
E:\DEV\OTG_NOMAD\TRUNK\FFMPEG\LIBAVCODEC\ORBIS_DEBUG\DVENC.O
E:\DEV\OTG_NOMAD\TRUNK\FFMPEG\LIBAVCODEC\ORBIS_DEBUG\DXTORY.O
E:\DEV\OTG_NOMAD\TRUNK\FFMPEG\LIBAVCODEC\ORBIS_DEBUG\EAC3_DATA.O
E:\DEV\OTG_NOMAD\TRUNK\FFMPEG\LIBAVCODEC\ORBIS_DEBUG\EAC3DEC.O
E:\DEV\OTG_NOMAD\TRUNK\FFMPEG\LIBAVCODEC\ORBIS_DEBUG\EAC3ENC.O
E:\DEV\OTG_NOMAD\TRUNK\FFMPEG\LIBAVCODEC\ORBIS_DEBUG\EACMV.O
E:\DEV\OTG_NOMAD\TRUNK\FFMPEG\LIBAVCODEC\ORBIS_DEBUG\EAIDCT.O
E:\DEV\OTG_NOMAD\TRUNK\FFMPEG\LIBAVCODEC\ORBIS_DEBUG\EAMAD.O
E:\DEV\OTG_NOMAD\TRUNK\FFMPEG\LIBAVCODEC\ORBIS_DEBUG\EATGQ.O
E:\DEV\OTG_NOMAD\TRUNK\FFMPEG\LIBAVCODEC\ORBIS_DEBUG\EATGV.O
E:\DEV\OTG_NOMAD\TRUNK\FFMPEG\LIBAVCODEC\ORBIS_DEBUG\EATQI.O
E:\DEV\OTG_NOMAD\TRUNK\FFMPEG\LIBAVCODEC\ORBIS_DEBUG\ELBG.O
E:\DEV\OTG_NOMAD\TRUNK\FFMPEG\LIBAVCODEC\ORBIS_DEBUG\ERROR_RESILIENCE.O
E:\DEV\OTG_NOMAD\TRUNK\FFMPEG\LIBAVCODEC\ORBIS_DEBUG\ESCAPE124.O
E:\DEV\OTG_NOMAD\TRUNK\FFMPEG\LIBAVCODEC\ORBIS_DEBUG\ESCAPE130.O
E:\DEV\OTG_NOMAD\TRUNK\FFMPEG\LIBAVCODEC\ORBIS_DEBUG\EVRCDEC.O
E:\DEV\OTG_NOMAD\TRUNK\FFMPEG\LIBAVCODEC\ORBIS_DEBUG\EXIF.O
E:\DEV\OTG_NOMAD\TRUNK\FFMPEG\LIBAVCODEC\ORBIS_DEBUG\FAANDCT.O
E:\DEV\OTG_NOMAD\TRUNK\FFMPEG\LIBAVCODEC\ORBIS_DEBUG\FAANIDCT.O
E:\DEV\OTG_NOMAD\TRUNK\FFMPEG\LIBAVCODEC\ORBIS_DEBUG\FAXCOMPR.O
E:\DEV\OTG_NOMAD\TRUNK\FFMPEG\LIBAVCODEC\ORBIS_DEBUG\FDCT.O
E:\DEV\OTG_NOMAD\TRUNK\FFMPEG\LIBAVCODEC\ORBIS_DEBUG\FFT_FIXED.O
E:\DEV\OTG_NOMAD\TRUNK\FFMPEG\LIBAVCODEC\ORBIS_DEBUG\FFT_FIXED_32.O
E:\DEV\OTG_NOMAD\TRUNK\FFMPEG\LIBAVCODEC\ORBIS_DEBUG\FFT_FLOAT.O
E:\DEV\OTG_NOMAD\TRUNK\FFMPEG\LIBAVCODEC\ORBIS_DEBUG\FFT_INIT.O
E:\DEV\OTG_NOMAD\TRUNK\FFMPEG\LIBAVCODEC\ORBIS_DEBUG\FFT-FIXED32-TEST.O
E:\DEV\OTG_NOMAD\TRUNK\FFMPEG\LIBAVCODEC\ORBIS_DEBUG\FFT-FIXED-TEST.O
E:\DEV\OTG_NOMAD\TRUNK\FFMPEG\LIBAVCODEC\ORBIS_DEBUG\FFV1.O
E:\DEV\OTG_NOMAD\TRUNK\FFMPEG\LIBAVCODEC\ORBIS_DEBUG\FFV1DEC.O
E:\DEV\OTG_NOMAD\TRUNK\FFMPEG\LIBAVCODEC\ORBIS_DEBUG\FFV1ENC.O
E:\DEV\OTG_NOMAD\TRUNK\FFMPEG\LIBAVCODEC\ORBIS_DEBUG\FFWAVESYNTH.O
E:\DEV\OTG_NOMAD\TRUNK\FFMPEG\LIBAVCODEC\ORBIS_DEBUG\FIC.O
E:\DEV\OTG_NOMAD\TRUNK\FFMPEG\LIBAVCODEC\ORBIS_DEBUG\FILE_OPEN.O
E:\DEV\OTG_NOMAD\TRUNK\FFMPEG\LIBAVCODEC\ORBIS_DEBUG\FLAC.O
E:\DEV\OTG_NOMAD\TRUNK\FFMPEG\LIBAVCODEC\ORBIS_DEBUG\FLAC_PARSER.O
E:\DEV\OTG_NOMAD\TRUNK\FFMPEG\LIBAVCODEC\ORBIS_DEBUG\FLACDATA.O
E:\DEV\OTG_NOMAD\TRUNK\FFMPEG\LIBAVCODEC\ORBIS_DEBUG\FLACDEC.O
E:\DEV\OTG_NOMAD\TRUNK\FFMPEG\LIBAVCODEC\ORBIS_DEBUG\FLACDSP.O
E:\DEV\OTG_NOMAD\TRUNK\FFMPEG\LIBAVCODEC\ORBIS_DEBUG\FLACDSP_INIT.O
E:\DEV\OTG_NOMAD\TRUNK\FFMPEG\LIBAVCODEC\ORBIS_DEBUG\FLACENC.O
E:\DEV\OTG_NOMAD\TRUNK\FFMPEG\LIBAVCODEC\ORBIS_DEBUG\FLICVIDEO.O
E:\DEV\OTG_NOMAD\TRUNK\FFMPEG\LIBAVCODEC\ORBIS_DEBUG\FLVDEC.O
E:\DEV\OTG_NOMAD\TRUNK\FFMPEG\LIBAVCODEC\ORBIS_DEBUG\FLVENC.O
E:\DEV\OTG_NOMAD\TRUNK\FFMPEG\LIBAVCODEC\ORBIS_DEBUG\FMTCONVERT.O
E:\DEV\OTG_NOMAD\TRUNK\FFMPEG\LIBAVCODEC\ORBIS_DEBUG\FMTCONVERT_INIT.O
E:\DEV\OTG_NOMAD\TRUNK\FFMPEG\LIBAVCODEC\ORBIS_DEBUG\FPEL_MMX.O
E:\DEV\OTG_NOMAD\TRUNK\FFMPEG\LIBAVCODEC\ORBIS_DEBUG\FRAME_THREAD_ENCODER.O
E:\DEV\OTG_NOMAD\TRUNK\FFMPEG\LIBAVCODEC\ORBIS_DEBUG\FRAPS.O
E:\DEV\OTG_NOMAD\TRUNK\FFMPEG\LIBAVCODEC\ORBIS_DEBUG\FRWU.O
E:\DEV\OTG_NOMAD\TRUNK\FFMPEG\LIBAVCODEC\ORBIS_DEBUG\G722.O
E:\DEV\OTG_NOMAD\TRUNK\FFMPEG\LIBAVCODEC\ORBIS_DEBUG\G722DEC.O
E:\DEV\OTG_NOMAD\TRUNK\FFMPEG\LIBAVCODEC\ORBIS_DEBUG\G722ENC.O
E:\DEV\OTG_NOMAD\TRUNK\FFMPEG\LIBAVCODEC\ORBIS_DEBUG\G723_1.O
E:\DEV\OTG_NOMAD\TRUNK\FFMPEG\LIBAVCODEC\ORBIS_DEBUG\G726.O
E:\DEV\OTG_NOMAD\TRUNK\FFMPEG\LIBAVCODEC\ORBIS_DEBUG\G729DEC.O
E:\DEV\OTG_NOMAD\TRUNK\FFMPEG\LIBAVCODEC\ORBIS_DEBUG\G729POSTFILTER.O
E:\DEV\OTG_NOMAD\TRUNK\FFMPEG\LIBAVCODEC\ORBIS_DEBUG\GIF.O
E:\DEV\OTG_NOMAD\TRUNK\FFMPEG\LIBAVCODEC\ORBIS_DEBUG\GIFDEC.O
E:\DEV\OTG_NOMAD\TRUNK\FFMPEG\LIBAVCODEC\ORBIS_DEBUG\GOLOMB.O
E:\DEV\OTG_NOMAD\TRUNK\FFMPEG\LIBAVCODEC\ORBIS_DEBUG\GOLOMB-TEST.O
E:\DEV\OTG_NOMAD\TRUNK\FFMPEG\LIBAVCODEC\ORBIS_DEBUG\GSM_PARSER.O
E:\DEV\OTG_NOMAD\TRUNK\FFMPEG\LIBAVCODEC\ORBIS_DEBUG\GSMDEC.O
E:\DEV\OTG_NOMAD\TRUNK\FFMPEG\LIBAVCODEC\ORBIS_DEBUG\GSMDEC_DATA.O
E:\DEV\OTG_NOMAD\TRUNK\FFMPEG\LIBAVCODEC\ORBIS_DEBUG\GSMDEC_TEMPLATE.O
E:\DEV\OTG_NOMAD\TRUNK\FFMPEG\LIBAVCODEC\ORBIS_DEBUG\H261.O
E:\DEV\OTG_NOMAD\TRUNK\FFMPEG\LIBAVCODEC\ORBIS_DEBUG\H261_PARSER.O
E:\DEV\OTG_NOMAD\TRUNK\FFMPEG\LIBAVCODEC\ORBIS_DEBUG\H261DATA.O
E:\DEV\OTG_NOMAD\TRUNK\FFMPEG\LIBAVCODEC\ORBIS_DEBUG\H261DEC.O
E:\DEV\OTG_NOMAD\TRUNK\FFMPEG\LIBAVCODEC\ORBIS_DEBUG\H261ENC.O
E:\DEV\OTG_NOMAD\TRUNK\FFMPEG\LIBAVCODEC\ORBIS_DEBUG\H263.O
E:\DEV\OTG_NOMAD\TRUNK\FFMPEG\LIBAVCODEC\ORBIS_DEBUG\H263_PARSER.O
E:\DEV\OTG_NOMAD\TRUNK\FFMPEG\LIBAVCODEC\ORBIS_DEBUG\H263DEC.O
E:\DEV\OTG_NOMAD\TRUNK\FFMPEG\LIBAVCODEC\ORBIS_DEBUG\H263DSP.O
E:\DEV\OTG_NOMAD\TRUNK\FFMPEG\LIBAVCODEC\ORBIS_DEBUG\H263DSP_INIT.O
E:\DEV\OTG_NOMAD\TRUNK\FFMPEG\LIBAVCODEC\ORBIS_DEBUG\H264.O
E:\DEV\OTG_NOMAD\TRUNK\FFMPEG\LIBAVCODEC\ORBIS_DEBUG\H264_CABAC.O
E:\DEV\OTG_NOMAD\TRUNK\FFMPEG\LIBAVCODEC\ORBIS_DEBUG\H264_CAVLC.O
E:\DEV\OTG_NOMAD\TRUNK\FFMPEG\LIBAVCODEC\ORBIS_DEBUG\H264_DIRECT.O
E:\DEV\OTG_NOMAD\TRUNK\FFMPEG\LIBAVCODEC\ORBIS_DEBUG\H264_INTRAPRED_INIT.O
E:\DEV\OTG_NOMAD\TRUNK\FFMPEG\LIBAVCODEC\ORBIS_DEBUG\H264_LOOPFILTER.O
E:\DEV\OTG_NOMAD\TRUNK\FFMPEG\LIBAVCODEC\ORBIS_DEBUG\H264_MB.O
E:\DEV\OTG_NOMAD\TRUNK\FFMPEG\LIBAVCODEC\ORBIS_DEBUG\H264_MP4TOANNEXB_BSF.O
E:\DEV\OTG_NOMAD\TRUNK\FFMPEG\LIBAVCODEC\ORBIS_DEBUG\H264_PARSER.O
E:\DEV\OTG_NOMAD\TRUNK\FFMPEG\LIBAVCODEC\ORBIS_DEBUG\H264_PICTURE.O
E:\DEV\OTG_NOMAD\TRUNK\FFMPEG\LIBAVCODEC\ORBIS_DEBUG\H264_PS.O
E:\DEV\OTG_NOMAD\TRUNK\FFMPEG\LIBAVCODEC\ORBIS_DEBUG\H264_QPEL.O
E:\DEV\OTG_NOMAD\TRUNK\FFMPEG\LIBAVCODEC\ORBIS_DEBUG\H264_REFS.O
E:\DEV\OTG_NOMAD\TRUNK\FFMPEG\LIBAVCODEC\ORBIS_DEBUG\H264_SEI.O
E:\DEV\OTG_NOMAD\TRUNK\FFMPEG\LIBAVCODEC\ORBIS_DEBUG\H264_SLICE.O
E:\DEV\OTG_NOMAD\TRUNK\FFMPEG\LIBAVCODEC\ORBIS_DEBUG\H264CHROMA.O
E:\DEV\OTG_NOMAD\TRUNK\FFMPEG\LIBAVCODEC\ORBIS_DEBUG\H264CHROMA_INIT.O
E:\DEV\OTG_NOMAD\TRUNK\FFMPEG\LIBAVCODEC\ORBIS_DEBUG\H264DSP.O
E:\DEV\OTG_NOMAD\TRUNK\FFMPEG\LIBAVCODEC\ORBIS_DEBUG\H264DSP_INIT.O
E:\DEV\OTG_NOMAD\TRUNK\FFMPEG\LIBAVCODEC\ORBIS_DEBUG\H264IDCT.O
E:\DEV\OTG_NOMAD\TRUNK\FFMPEG\LIBAVCODEC\ORBIS_DEBUG\H264PRED.O
E:\DEV\OTG_NOMAD\TRUNK\FFMPEG\LIBAVCODEC\ORBIS_DEBUG\H264QPEL.O
E:\DEV\OTG_NOMAD\TRUNK\FFMPEG\LIBAVCODEC\ORBIS_DEBUG\HEVC.O
E:\DEV\OTG_NOMAD\TRUNK\FFMPEG\LIBAVCODEC\ORBIS_DEBUG\HEVC_CABAC.O
E:\DEV\OTG_NOMAD\TRUNK\FFMPEG\LIBAVCODEC\ORBIS_DEBUG\HEVC_FILTER.O
E:\DEV\OTG_NOMAD\TRUNK\FFMPEG\LIBAVCODEC\ORBIS_DEBUG\HEVC_MVS.O
E:\DEV\OTG_NOMAD\TRUNK\FFMPEG\LIBAVCODEC\ORBIS_DEBUG\HEVC_PARSER.O
E:\DEV\OTG_NOMAD\TRUNK\FFMPEG\LIBAVCODEC\ORBIS_DEBUG\HEVC_PS.O
E:\DEV\OTG_NOMAD\TRUNK\FFMPEG\LIBAVCODEC\ORBIS_DEBUG\HEVC_REFS.O
E:\DEV\OTG_NOMAD\TRUNK\FFMPEG\LIBAVCODEC\ORBIS_DEBUG\HEVC_SEI.O
E:\DEV\OTG_NOMAD\TRUNK\FFMPEG\LIBAVCODEC\ORBIS_DEBUG\HEVCDSP.O
E:\DEV\OTG_NOMAD\TRUNK\FFMPEG\LIBAVCODEC\ORBIS_DEBUG\HEVCPRED.O
E:\DEV\OTG_NOMAD\TRUNK\FFMPEG\LIBAVCODEC\ORBIS_DEBUG\HNM4VIDEO.O
E:\DEV\OTG_NOMAD\TRUNK\FFMPEG\LIBAVCODEC\ORBIS_DEBUG\HPEL_TEMPLATE.O
E:\DEV\OTG_NOMAD\TRUNK\FFMPEG\LIBAVCODEC\ORBIS_DEBUG\HPELDSP.O
E:\DEV\OTG_NOMAD\TRUNK\FFMPEG\LIBAVCODEC\ORBIS_DEBUG\HPELDSP_INIT.O
E:\DEV\OTG_NOMAD\TRUNK\FFMPEG\LIBAVCODEC\ORBIS_DEBUG\HPELDSP_MMX.O
E:\DEV\OTG_NOMAD\TRUNK\FFMPEG\LIBAVCODEC\ORBIS_DEBUG\HUFFMAN.O
E:\DEV\OTG_NOMAD\TRUNK\FFMPEG\LIBAVCODEC\ORBIS_DEBUG\HUFFYUV.O
E:\DEV\OTG_NOMAD\TRUNK\FFMPEG\LIBAVCODEC\ORBIS_DEBUG\HUFFYUVDEC.O
E:\DEV\OTG_NOMAD\TRUNK\FFMPEG\LIBAVCODEC\ORBIS_DEBUG\HUFFYUVENC.O
E:\DEV\OTG_NOMAD\TRUNK\FFMPEG\LIBAVCODEC\ORBIS_DEBUG\IDCINVIDEO.O
E:\DEV\OTG_NOMAD\TRUNK\FFMPEG\LIBAVCODEC\ORBIS_DEBUG\IDCT_MMX_XVID.O
E:\DEV\OTG_NOMAD\TRUNK\FFMPEG\LIBAVCODEC\ORBIS_DEBUG\IFF.O
E:\DEV\OTG_NOMAD\TRUNK\FFMPEG\LIBAVCODEC\ORBIS_DEBUG\IIRFILTER.O
E:\DEV\OTG_NOMAD\TRUNK\FFMPEG\LIBAVCODEC\ORBIS_DEBUG\IMC.O
E:\DEV\OTG_NOMAD\TRUNK\FFMPEG\LIBAVCODEC\ORBIS_DEBUG\IMGCONVERT.O
E:\DEV\OTG_NOMAD\TRUNK\FFMPEG\LIBAVCODEC\ORBIS_DEBUG\IMX_DUMP_HEADER_BSF.O
E:\DEV\OTG_NOMAD\TRUNK\FFMPEG\LIBAVCODEC\ORBIS_DEBUG\INDEO2.O
E:\DEV\OTG_NOMAD\TRUNK\FFMPEG\LIBAVCODEC\ORBIS_DEBUG\INDEO3.O
E:\DEV\OTG_NOMAD\TRUNK\FFMPEG\LIBAVCODEC\ORBIS_DEBUG\INDEO4.O
E:\DEV\OTG_NOMAD\TRUNK\FFMPEG\LIBAVCODEC\ORBIS_DEBUG\INDEO5.O
E:\DEV\OTG_NOMAD\TRUNK\FFMPEG\LIBAVCODEC\ORBIS_DEBUG\INTELH263DEC.O
E:\DEV\OTG_NOMAD\TRUNK\FFMPEG\LIBAVCODEC\ORBIS_DEBUG\INTERPLAYVIDEO.O
E:\DEV\OTG_NOMAD\TRUNK\FFMPEG\LIBAVCODEC\ORBIS_DEBUG\INTRAX8.O
E:\DEV\OTG_NOMAD\TRUNK\FFMPEG\LIBAVCODEC\ORBIS_DEBUG\INTRAX8DSP.O
E:\DEV\OTG_NOMAD\TRUNK\FFMPEG\LIBAVCODEC\ORBIS_DEBUG\ITUH263DEC.O
E:\DEV\OTG_NOMAD\TRUNK\FFMPEG\LIBAVCODEC\ORBIS_DEBUG\ITUH263ENC.O
E:\DEV\OTG_NOMAD\TRUNK\FFMPEG\LIBAVCODEC\ORBIS_DEBUG\IVI_COMMON.O
E:\DEV\OTG_NOMAD\TRUNK\FFMPEG\LIBAVCODEC\ORBIS_DEBUG\IVI_DSP.O
E:\DEV\OTG_NOMAD\TRUNK\FFMPEG\LIBAVCODEC\ORBIS_DEBUG\J2KENC.O
E:\DEV\OTG_NOMAD\TRUNK\FFMPEG\LIBAVCODEC\ORBIS_DEBUG\JACOSUBDEC.O
E:\DEV\OTG_NOMAD\TRUNK\FFMPEG\LIBAVCODEC\ORBIS_DEBUG\JFDCTFST.O
E:\DEV\OTG_NOMAD\TRUNK\FFMPEG\LIBAVCODEC\ORBIS_DEBUG\JFDCTINT.O
E:\DEV\OTG_NOMAD\TRUNK\FFMPEG\LIBAVCODEC\ORBIS_DEBUG\JFDCTINT_TEMPLATE.O
E:\DEV\OTG_NOMAD\TRUNK\FFMPEG\LIBAVCODEC\ORBIS_DEBUG\JPEG2000.O
E:\DEV\OTG_NOMAD\TRUNK\FFMPEG\LIBAVCODEC\ORBIS_DEBUG\JPEG2000DEC.O
E:\DEV\OTG_NOMAD\TRUNK\FFMPEG\LIBAVCODEC\ORBIS_DEBUG\JPEG2000DWT.O
E:\DEV\OTG_NOMAD\TRUNK\FFMPEG\LIBAVCODEC\ORBIS_DEBUG\JPEGLS.O
E:\DEV\OTG_NOMAD\TRUNK\FFMPEG\LIBAVCODEC\ORBIS_DEBUG\JPEGLSDEC.O
E:\DEV\OTG_NOMAD\TRUNK\FFMPEG\LIBAVCODEC\ORBIS_DEBUG\JPEGLSENC.O
E:\DEV\OTG_NOMAD\TRUNK\FFMPEG\LIBAVCODEC\ORBIS_DEBUG\JREVDCT.O
E:\DEV\OTG_NOMAD\TRUNK\FFMPEG\LIBAVCODEC\ORBIS_DEBUG\JVDEC.O
E:\DEV\OTG_NOMAD\TRUNK\FFMPEG\LIBAVCODEC\ORBIS_DEBUG\KBDWIN.O
E:\DEV\OTG_NOMAD\TRUNK\FFMPEG\LIBAVCODEC\ORBIS_DEBUG\KGV1DEC.O
E:\DEV\OTG_NOMAD\TRUNK\FFMPEG\LIBAVCODEC\ORBIS_DEBUG\KMVC.O
E:\DEV\OTG_NOMAD\TRUNK\FFMPEG\LIBAVCODEC\ORBIS_DEBUG\LAGARITH.O
E:\DEV\OTG_NOMAD\TRUNK\FFMPEG\LIBAVCODEC\ORBIS_DEBUG\LAGARITHRAC.O
E:\DEV\OTG_NOMAD\TRUNK\FFMPEG\LIBAVCODEC\ORBIS_DEBUG\LATM_PARSER.O
E:\DEV\OTG_NOMAD\TRUNK\FFMPEG\LIBAVCODEC\ORBIS_DEBUG\LCLDEC.O
E:\dev\otg_nomad\trunk\ffmpeg\libavcodec\ORBIS_Debug\libavcodec.write.1.tlog
E:\DEV\OTG_NOMAD\TRUNK\FFMPEG\LIBAVCODEC\ORBIS_DEBUG\LIBOPENCORE-AMR.O
E:\DEV\OTG_NOMAD\TRUNK\FFMPEG\LIBAVCODEC\ORBIS_DEBUG\LJPEGENC.O
E:\DEV\OTG_NOMAD\TRUNK\FFMPEG\LIBAVCODEC\ORBIS_DEBUG\LOCO.O
E:\DEV\OTG_NOMAD\TRUNK\FFMPEG\LIBAVCODEC\ORBIS_DEBUG\LOG2_TAB.O
E:\DEV\OTG_NOMAD\TRUNK\FFMPEG\LIBAVCODEC\ORBIS_DEBUG\LOSSLESS_VIDEODSP.O
E:\DEV\OTG_NOMAD\TRUNK\FFMPEG\LIBAVCODEC\ORBIS_DEBUG\LOSSLESS_VIDEODSP_INIT.O
E:\DEV\OTG_NOMAD\TRUNK\FFMPEG\LIBAVCODEC\ORBIS_DEBUG\LPC.O
E:\DEV\OTG_NOMAD\TRUNK\FFMPEG\LIBAVCODEC\ORBIS_DEBUG\LSP.O
E:\DEV\OTG_NOMAD\TRUNK\FFMPEG\LIBAVCODEC\ORBIS_DEBUG\LZW.O
E:\DEV\OTG_NOMAD\TRUNK\FFMPEG\LIBAVCODEC\ORBIS_DEBUG\LZWENC.O
E:\DEV\OTG_NOMAD\TRUNK\FFMPEG\LIBAVCODEC\ORBIS_DEBUG\MACE.O
E:\DEV\OTG_NOMAD\TRUNK\FFMPEG\LIBAVCODEC\ORBIS_DEBUG\MATHTABLES.O
E:\DEV\OTG_NOMAD\TRUNK\FFMPEG\LIBAVCODEC\ORBIS_DEBUG\MDCT_FIXED.O
E:\DEV\OTG_NOMAD\TRUNK\FFMPEG\LIBAVCODEC\ORBIS_DEBUG\MDCT_FIXED_32.O
E:\DEV\OTG_NOMAD\TRUNK\FFMPEG\LIBAVCODEC\ORBIS_DEBUG\MDCT_FLOAT.O
E:\DEV\OTG_NOMAD\TRUNK\FFMPEG\LIBAVCODEC\ORBIS_DEBUG\MDCT_TEMPLATE.O
E:\DEV\OTG_NOMAD\TRUNK\FFMPEG\LIBAVCODEC\ORBIS_DEBUG\MDEC.O
E:\DEV\OTG_NOMAD\TRUNK\FFMPEG\LIBAVCODEC\ORBIS_DEBUG\METASOUND.O
E:\DEV\OTG_NOMAD\TRUNK\FFMPEG\LIBAVCODEC\ORBIS_DEBUG\METASOUND_DATA.O
E:\DEV\OTG_NOMAD\TRUNK\FFMPEG\LIBAVCODEC\ORBIS_DEBUG\MICRODVDDEC.O
E:\DEV\OTG_NOMAD\TRUNK\FFMPEG\LIBAVCODEC\ORBIS_DEBUG\MIMIC.O
E:\DEV\OTG_NOMAD\TRUNK\FFMPEG\LIBAVCODEC\ORBIS_DEBUG\MJPEG.O
E:\DEV\OTG_NOMAD\TRUNK\FFMPEG\LIBAVCODEC\ORBIS_DEBUG\MJPEG_PARSER.O
E:\DEV\OTG_NOMAD\TRUNK\FFMPEG\LIBAVCODEC\ORBIS_DEBUG\MJPEG2JPEG_BSF.O
E:\DEV\OTG_NOMAD\TRUNK\FFMPEG\LIBAVCODEC\ORBIS_DEBUG\MJPEGA_DUMP_HEADER_BSF.O
E:\DEV\OTG_NOMAD\TRUNK\FFMPEG\LIBAVCODEC\ORBIS_DEBUG\MJPEGBDEC.O
E:\DEV\OTG_NOMAD\TRUNK\FFMPEG\LIBAVCODEC\ORBIS_DEBUG\MJPEGDEC.O
E:\DEV\OTG_NOMAD\TRUNK\FFMPEG\LIBAVCODEC\ORBIS_DEBUG\MJPEGENC.O
E:\DEV\OTG_NOMAD\TRUNK\FFMPEG\LIBAVCODEC\ORBIS_DEBUG\MLP.O
E:\DEV\OTG_NOMAD\TRUNK\FFMPEG\LIBAVCODEC\ORBIS_DEBUG\MLP_PARSER.O
E:\DEV\OTG_NOMAD\TRUNK\FFMPEG\LIBAVCODEC\ORBIS_DEBUG\MLPDEC.O
E:\DEV\OTG_NOMAD\TRUNK\FFMPEG\LIBAVCODEC\ORBIS_DEBUG\MLPDSP.O
E:\DEV\OTG_NOMAD\TRUNK\FFMPEG\LIBAVCODEC\ORBIS_DEBUG\MLPDSP_X86.O
E:\DEV\OTG_NOMAD\TRUNK\FFMPEG\LIBAVCODEC\ORBIS_DEBUG\MMVIDEO.O
E:\DEV\OTG_NOMAD\TRUNK\FFMPEG\LIBAVCODEC\ORBIS_DEBUG\MOTION_EST.O
E:\DEV\OTG_NOMAD\TRUNK\FFMPEG\LIBAVCODEC\ORBIS_DEBUG\MOTIONPIXELS.O
E:\DEV\OTG_NOMAD\TRUNK\FFMPEG\LIBAVCODEC\ORBIS_DEBUG\MOTIONPIXELS_TABLEGEN.O
E:\DEV\OTG_NOMAD\TRUNK\FFMPEG\LIBAVCODEC\ORBIS_DEBUG\MOTION-TEST.O
E:\DEV\OTG_NOMAD\TRUNK\FFMPEG\LIBAVCODEC\ORBIS_DEBUG\MOVSUB_BSF.O
E:\DEV\OTG_NOMAD\TRUNK\FFMPEG\LIBAVCODEC\ORBIS_DEBUG\MOVTEXTDEC.O
E:\DEV\OTG_NOMAD\TRUNK\FFMPEG\LIBAVCODEC\ORBIS_DEBUG\MOVTEXTENC.O
E:\DEV\OTG_NOMAD\TRUNK\FFMPEG\LIBAVCODEC\ORBIS_DEBUG\MP3_HEADER_DECOMPRESS_BSF.O
E:\DEV\OTG_NOMAD\TRUNK\FFMPEG\LIBAVCODEC\ORBIS_DEBUG\MPC.O
E:\DEV\OTG_NOMAD\TRUNK\FFMPEG\LIBAVCODEC\ORBIS_DEBUG\MPC7.O
E:\DEV\OTG_NOMAD\TRUNK\FFMPEG\LIBAVCODEC\ORBIS_DEBUG\MPC8.O
E:\DEV\OTG_NOMAD\TRUNK\FFMPEG\LIBAVCODEC\ORBIS_DEBUG\MPEG12.O
E:\DEV\OTG_NOMAD\TRUNK\FFMPEG\LIBAVCODEC\ORBIS_DEBUG\MPEG12DATA.O
E:\DEV\OTG_NOMAD\TRUNK\FFMPEG\LIBAVCODEC\ORBIS_DEBUG\MPEG12DEC.O
E:\DEV\OTG_NOMAD\TRUNK\FFMPEG\LIBAVCODEC\ORBIS_DEBUG\MPEG12ENC.O
E:\DEV\OTG_NOMAD\TRUNK\FFMPEG\LIBAVCODEC\ORBIS_DEBUG\MPEG4AUDIO.O
E:\DEV\OTG_NOMAD\TRUNK\FFMPEG\LIBAVCODEC\ORBIS_DEBUG\MPEG4VIDEO.O
E:\DEV\OTG_NOMAD\TRUNK\FFMPEG\LIBAVCODEC\ORBIS_DEBUG\MPEG4VIDEO_PARSER.O
E:\DEV\OTG_NOMAD\TRUNK\FFMPEG\LIBAVCODEC\ORBIS_DEBUG\MPEG4VIDEODEC.O
E:\DEV\OTG_NOMAD\TRUNK\FFMPEG\LIBAVCODEC\ORBIS_DEBUG\MPEG4VIDEOENC.O
E:\DEV\OTG_NOMAD\TRUNK\FFMPEG\LIBAVCODEC\ORBIS_DEBUG\MPEGAUDIO.O
E:\DEV\OTG_NOMAD\TRUNK\FFMPEG\LIBAVCODEC\ORBIS_DEBUG\MPEGAUDIO_PARSER.O
E:\DEV\OTG_NOMAD\TRUNK\FFMPEG\LIBAVCODEC\ORBIS_DEBUG\MPEGAUDIO_TABLEGEN.O
E:\DEV\OTG_NOMAD\TRUNK\FFMPEG\LIBAVCODEC\ORBIS_DEBUG\MPEGAUDIODATA.O
E:\DEV\OTG_NOMAD\TRUNK\FFMPEG\LIBAVCODEC\ORBIS_DEBUG\MPEGAUDIODEC_FIXED.O
E:\DEV\OTG_NOMAD\TRUNK\FFMPEG\LIBAVCODEC\ORBIS_DEBUG\MPEGAUDIODEC_FLOAT.O
E:\DEV\OTG_NOMAD\TRUNK\FFMPEG\LIBAVCODEC\ORBIS_DEBUG\MPEGAUDIODECHEADER.O
E:\DEV\OTG_NOMAD\TRUNK\FFMPEG\LIBAVCODEC\ORBIS_DEBUG\MPEGAUDIODSP.O
E:\DEV\OTG_NOMAD\TRUNK\FFMPEG\LIBAVCODEC\ORBIS_DEBUG\MPEGAUDIODSP_DATA.O
E:\DEV\OTG_NOMAD\TRUNK\FFMPEG\LIBAVCODEC\ORBIS_DEBUG\MPEGAUDIODSP_FIXED.O
E:\DEV\OTG_NOMAD\TRUNK\FFMPEG\LIBAVCODEC\ORBIS_DEBUG\MPEGAUDIODSP_FLOAT.O
E:\DEV\OTG_NOMAD\TRUNK\FFMPEG\LIBAVCODEC\ORBIS_DEBUG\MPEGAUDIOENC_FIXED.O
E:\DEV\OTG_NOMAD\TRUNK\FFMPEG\LIBAVCODEC\ORBIS_DEBUG\MPEGAUDIOENC_FLOAT.O
E:\DEV\OTG_NOMAD\TRUNK\FFMPEG\LIBAVCODEC\ORBIS_DEBUG\MPEGUTILS.O
E:\DEV\OTG_NOMAD\TRUNK\FFMPEG\LIBAVCODEC\ORBIS_DEBUG\MPEGVIDEO.O
E:\DEV\OTG_NOMAD\TRUNK\FFMPEG\LIBAVCODEC\ORBIS_DEBUG\MPEGVIDEO_ENC.O
E:\DEV\OTG_NOMAD\TRUNK\FFMPEG\LIBAVCODEC\ORBIS_DEBUG\MPEGVIDEO_MOTION.O
E:\DEV\OTG_NOMAD\TRUNK\FFMPEG\LIBAVCODEC\ORBIS_DEBUG\MPEGVIDEO_PARSER.O
E:\DEV\OTG_NOMAD\TRUNK\FFMPEG\LIBAVCODEC\ORBIS_DEBUG\MPL2DEC.O
E:\DEV\OTG_NOMAD\TRUNK\FFMPEG\LIBAVCODEC\ORBIS_DEBUG\MQC.O
E:\DEV\OTG_NOMAD\TRUNK\FFMPEG\LIBAVCODEC\ORBIS_DEBUG\MQCDEC.O
E:\DEV\OTG_NOMAD\TRUNK\FFMPEG\LIBAVCODEC\ORBIS_DEBUG\MQCENC.O
E:\DEV\OTG_NOMAD\TRUNK\FFMPEG\LIBAVCODEC\ORBIS_DEBUG\MSGSMDEC.O
E:\DEV\OTG_NOMAD\TRUNK\FFMPEG\LIBAVCODEC\ORBIS_DEBUG\MSMPEG4.O
E:\DEV\OTG_NOMAD\TRUNK\FFMPEG\LIBAVCODEC\ORBIS_DEBUG\MSMPEG4DATA.O
E:\DEV\OTG_NOMAD\TRUNK\FFMPEG\LIBAVCODEC\ORBIS_DEBUG\MSMPEG4DEC.O
E:\DEV\OTG_NOMAD\TRUNK\FFMPEG\LIBAVCODEC\ORBIS_DEBUG\MSMPEG4ENC.O
E:\DEV\OTG_NOMAD\TRUNK\FFMPEG\LIBAVCODEC\ORBIS_DEBUG\MSRLE.O
E:\DEV\OTG_NOMAD\TRUNK\FFMPEG\LIBAVCODEC\ORBIS_DEBUG\MSRLEDEC.O
E:\DEV\OTG_NOMAD\TRUNK\FFMPEG\LIBAVCODEC\ORBIS_DEBUG\MSS1.O
E:\DEV\OTG_NOMAD\TRUNK\FFMPEG\LIBAVCODEC\ORBIS_DEBUG\MSS12.O
E:\DEV\OTG_NOMAD\TRUNK\FFMPEG\LIBAVCODEC\ORBIS_DEBUG\MSS2.O
E:\DEV\OTG_NOMAD\TRUNK\FFMPEG\LIBAVCODEC\ORBIS_DEBUG\MSS2DSP.O
E:\DEV\OTG_NOMAD\TRUNK\FFMPEG\LIBAVCODEC\ORBIS_DEBUG\MSS3.O
E:\DEV\OTG_NOMAD\TRUNK\FFMPEG\LIBAVCODEC\ORBIS_DEBUG\MSS34DSP.O
E:\DEV\OTG_NOMAD\TRUNK\FFMPEG\LIBAVCODEC\ORBIS_DEBUG\MSS4.O
E:\DEV\OTG_NOMAD\TRUNK\FFMPEG\LIBAVCODEC\ORBIS_DEBUG\MSVIDEO1.O
E:\DEV\OTG_NOMAD\TRUNK\FFMPEG\LIBAVCODEC\ORBIS_DEBUG\MSVIDEO1ENC.O
E:\DEV\OTG_NOMAD\TRUNK\FFMPEG\LIBAVCODEC\ORBIS_DEBUG\MVCDEC.O
E:\DEV\OTG_NOMAD\TRUNK\FFMPEG\LIBAVCODEC\ORBIS_DEBUG\MXPEGDEC.O
E:\DEV\OTG_NOMAD\TRUNK\FFMPEG\LIBAVCODEC\ORBIS_DEBUG\NELLYMOSER.O
E:\DEV\OTG_NOMAD\TRUNK\FFMPEG\LIBAVCODEC\ORBIS_DEBUG\NELLYMOSERDEC.O
E:\DEV\OTG_NOMAD\TRUNK\FFMPEG\LIBAVCODEC\ORBIS_DEBUG\NELLYMOSERENC.O
E:\DEV\OTG_NOMAD\TRUNK\FFMPEG\LIBAVCODEC\ORBIS_DEBUG\NOISE_BSF.O
E:\DEV\OTG_NOMAD\TRUNK\FFMPEG\LIBAVCODEC\ORBIS_DEBUG\NUV.O
E:\DEV\OTG_NOMAD\TRUNK\FFMPEG\LIBAVCODEC\ORBIS_DEBUG\OPTIONS.O
E:\dev\otg_nomad\trunk\ffmpeg\libavcodec\ORBIS_Debug\orbis-clang-cl.command.1.tlog
E:\dev\otg_nomad\trunk\ffmpeg\libavcodec\ORBIS_Debug\orbis-clang-cl.read.1.tlog
E:\dev\otg_nomad\trunk\ffmpeg\libavcodec\ORBIS_Debug\orbis-clang-cl.write.1.tlog
E:\dev\otg_nomad\trunk\ffmpeg\libavcodec\ORBIS_Debug\orbis-snarl.command.1.tlog
E:\dev\otg_nomad\trunk\ffmpeg\libavcodec\ORBIS_Debug\orbis-snarl.read.1.tlog
E:\dev\otg_nomad\trunk\ffmpeg\libavcodec\ORBIS_Debug\orbis-snarl.write.1.tlog
E:\DEV\OTG_NOMAD\TRUNK\FFMPEG\LIBAVCODEC\ORBIS_DEBUG\PAF.O
E:\DEV\OTG_NOMAD\TRUNK\FFMPEG\LIBAVCODEC\ORBIS_DEBUG\PAMENC.O
E:\DEV\OTG_NOMAD\TRUNK\FFMPEG\LIBAVCODEC\ORBIS_DEBUG\PARSER.O
E:\DEV\OTG_NOMAD\TRUNK\FFMPEG\LIBAVCODEC\ORBIS_DEBUG\PCM.O
E:\DEV\OTG_NOMAD\TRUNK\FFMPEG\LIBAVCODEC\ORBIS_DEBUG\PCM_TABLEGEN.O
E:\DEV\OTG_NOMAD\TRUNK\FFMPEG\LIBAVCODEC\ORBIS_DEBUG\PCM-BLURAY.O
E:\DEV\OTG_NOMAD\TRUNK\FFMPEG\LIBAVCODEC\ORBIS_DEBUG\PCM-DVD.O
E:\DEV\OTG_NOMAD\TRUNK\FFMPEG\LIBAVCODEC\ORBIS_DEBUG\PCX.O
E:\DEV\OTG_NOMAD\TRUNK\FFMPEG\LIBAVCODEC\ORBIS_DEBUG\PCXENC.O
E:\DEV\OTG_NOMAD\TRUNK\FFMPEG\LIBAVCODEC\ORBIS_DEBUG\PGSSUBDEC.O
E:\DEV\OTG_NOMAD\TRUNK\FFMPEG\LIBAVCODEC\ORBIS_DEBUG\PICTORDEC.O
E:\DEV\OTG_NOMAD\TRUNK\FFMPEG\LIBAVCODEC\ORBIS_DEBUG\PNG.O
E:\DEV\OTG_NOMAD\TRUNK\FFMPEG\LIBAVCODEC\ORBIS_DEBUG\PNG_PARSER.O
E:\DEV\OTG_NOMAD\TRUNK\FFMPEG\LIBAVCODEC\ORBIS_DEBUG\PNGDSP.O
E:\DEV\OTG_NOMAD\TRUNK\FFMPEG\LIBAVCODEC\ORBIS_DEBUG\PNGDSP_INIT.O
E:\DEV\OTG_NOMAD\TRUNK\FFMPEG\LIBAVCODEC\ORBIS_DEBUG\PNM.O
E:\DEV\OTG_NOMAD\TRUNK\FFMPEG\LIBAVCODEC\ORBIS_DEBUG\PNM_PARSER.O
E:\DEV\OTG_NOMAD\TRUNK\FFMPEG\LIBAVCODEC\ORBIS_DEBUG\PNMDEC.O
E:\DEV\OTG_NOMAD\TRUNK\FFMPEG\LIBAVCODEC\ORBIS_DEBUG\PNMENC.O
E:\DEV\OTG_NOMAD\TRUNK\FFMPEG\LIBAVCODEC\ORBIS_DEBUG\PRORESDATA.O
E:\DEV\OTG_NOMAD\TRUNK\FFMPEG\LIBAVCODEC\ORBIS_DEBUG\PRORESDEC_LGPL.O
E:\DEV\OTG_NOMAD\TRUNK\FFMPEG\LIBAVCODEC\ORBIS_DEBUG\PRORESDEC2.O
E:\DEV\OTG_NOMAD\TRUNK\FFMPEG\LIBAVCODEC\ORBIS_DEBUG\PRORESDSP.O
E:\DEV\OTG_NOMAD\TRUNK\FFMPEG\LIBAVCODEC\ORBIS_DEBUG\PRORESDSP_INIT.O
E:\DEV\OTG_NOMAD\TRUNK\FFMPEG\LIBAVCODEC\ORBIS_DEBUG\PRORESENC_ANATOLIY.O
E:\DEV\OTG_NOMAD\TRUNK\FFMPEG\LIBAVCODEC\ORBIS_DEBUG\PRORESENC_KOSTYA.O
E:\DEV\OTG_NOMAD\TRUNK\FFMPEG\LIBAVCODEC\ORBIS_DEBUG\PSYMODEL.O
E:\DEV\OTG_NOMAD\TRUNK\FFMPEG\LIBAVCODEC\ORBIS_DEBUG\PTHREAD.O
E:\DEV\OTG_NOMAD\TRUNK\FFMPEG\LIBAVCODEC\ORBIS_DEBUG\PTHREAD_FRAME.O
E:\DEV\OTG_NOMAD\TRUNK\FFMPEG\LIBAVCODEC\ORBIS_DEBUG\PTHREAD_SLICE.O
E:\DEV\OTG_NOMAD\TRUNK\FFMPEG\LIBAVCODEC\ORBIS_DEBUG\PTX.O
E:\DEV\OTG_NOMAD\TRUNK\FFMPEG\LIBAVCODEC\ORBIS_DEBUG\QCELPDEC.O
E:\DEV\OTG_NOMAD\TRUNK\FFMPEG\LIBAVCODEC\ORBIS_DEBUG\QDM2.O
E:\DEV\OTG_NOMAD\TRUNK\FFMPEG\LIBAVCODEC\ORBIS_DEBUG\QDM2_TABLEGEN.O
E:\DEV\OTG_NOMAD\TRUNK\FFMPEG\LIBAVCODEC\ORBIS_DEBUG\QDRW.O
E:\DEV\OTG_NOMAD\TRUNK\FFMPEG\LIBAVCODEC\ORBIS_DEBUG\QPEG.O
E:\DEV\OTG_NOMAD\TRUNK\FFMPEG\LIBAVCODEC\ORBIS_DEBUG\QTRLE.O
E:\DEV\OTG_NOMAD\TRUNK\FFMPEG\LIBAVCODEC\ORBIS_DEBUG\QTRLEENC.O
E:\DEV\OTG_NOMAD\TRUNK\FFMPEG\LIBAVCODEC\ORBIS_DEBUG\R210DEC.O
E:\DEV\OTG_NOMAD\TRUNK\FFMPEG\LIBAVCODEC\ORBIS_DEBUG\R210ENC.O
E:\DEV\OTG_NOMAD\TRUNK\FFMPEG\LIBAVCODEC\ORBIS_DEBUG\RA144.O
E:\DEV\OTG_NOMAD\TRUNK\FFMPEG\LIBAVCODEC\ORBIS_DEBUG\RA144DEC.O
E:\DEV\OTG_NOMAD\TRUNK\FFMPEG\LIBAVCODEC\ORBIS_DEBUG\RA144ENC.O
E:\DEV\OTG_NOMAD\TRUNK\FFMPEG\LIBAVCODEC\ORBIS_DEBUG\RA288.O
E:\DEV\OTG_NOMAD\TRUNK\FFMPEG\LIBAVCODEC\ORBIS_DEBUG\RALF.O
E:\DEV\OTG_NOMAD\TRUNK\FFMPEG\LIBAVCODEC\ORBIS_DEBUG\RANGECODER.O
E:\DEV\OTG_NOMAD\TRUNK\FFMPEG\LIBAVCODEC\ORBIS_DEBUG\RATECONTROL.O
E:\DEV\OTG_NOMAD\TRUNK\FFMPEG\LIBAVCODEC\ORBIS_DEBUG\RAW.O
E:\DEV\OTG_NOMAD\TRUNK\FFMPEG\LIBAVCODEC\ORBIS_DEBUG\RAWDEC.O
E:\DEV\OTG_NOMAD\TRUNK\FFMPEG\LIBAVCODEC\ORBIS_DEBUG\RAWENC.O
E:\DEV\OTG_NOMAD\TRUNK\FFMPEG\LIBAVCODEC\ORBIS_DEBUG\RDFT.O
E:\DEV\OTG_NOMAD\TRUNK\FFMPEG\LIBAVCODEC\ORBIS_DEBUG\REALTEXTDEC.O
E:\DEV\OTG_NOMAD\TRUNK\FFMPEG\LIBAVCODEC\ORBIS_DEBUG\REMOVE_EXTRADATA_BSF.O
E:\DEV\OTG_NOMAD\TRUNK\FFMPEG\LIBAVCODEC\ORBIS_DEBUG\RESAMPLE.O
E:\DEV\OTG_NOMAD\TRUNK\FFMPEG\LIBAVCODEC\ORBIS_DEBUG\RESAMPLE2.O
E:\DEV\OTG_NOMAD\TRUNK\FFMPEG\LIBAVCODEC\ORBIS_DEBUG\RL2.O
E:\DEV\OTG_NOMAD\TRUNK\FFMPEG\LIBAVCODEC\ORBIS_DEBUG\RLE.O
E:\DEV\OTG_NOMAD\TRUNK\FFMPEG\LIBAVCODEC\ORBIS_DEBUG\ROQAUDIOENC.O
E:\DEV\OTG_NOMAD\TRUNK\FFMPEG\LIBAVCODEC\ORBIS_DEBUG\ROQVIDEO.O
E:\DEV\OTG_NOMAD\TRUNK\FFMPEG\LIBAVCODEC\ORBIS_DEBUG\ROQVIDEODEC.O
E:\DEV\OTG_NOMAD\TRUNK\FFMPEG\LIBAVCODEC\ORBIS_DEBUG\ROQVIDEOENC.O
E:\DEV\OTG_NOMAD\TRUNK\FFMPEG\LIBAVCODEC\ORBIS_DEBUG\RPZA.O
E:\DEV\OTG_NOMAD\TRUNK\FFMPEG\LIBAVCODEC\ORBIS_DEBUG\RTJPEG.O
E:\DEV\OTG_NOMAD\TRUNK\FFMPEG\LIBAVCODEC\ORBIS_DEBUG\RV10.O
E:\DEV\OTG_NOMAD\TRUNK\FFMPEG\LIBAVCODEC\ORBIS_DEBUG\RV10ENC.O
E:\DEV\OTG_NOMAD\TRUNK\FFMPEG\LIBAVCODEC\ORBIS_DEBUG\RV20ENC.O
E:\DEV\OTG_NOMAD\TRUNK\FFMPEG\LIBAVCODEC\ORBIS_DEBUG\RV30.O
E:\DEV\OTG_NOMAD\TRUNK\FFMPEG\LIBAVCODEC\ORBIS_DEBUG\RV30DSP.O
E:\DEV\OTG_NOMAD\TRUNK\FFMPEG\LIBAVCODEC\ORBIS_DEBUG\RV34.O
E:\DEV\OTG_NOMAD\TRUNK\FFMPEG\LIBAVCODEC\ORBIS_DEBUG\RV34_PARSER.O
E:\DEV\OTG_NOMAD\TRUNK\FFMPEG\LIBAVCODEC\ORBIS_DEBUG\RV34DSP.O
E:\DEV\OTG_NOMAD\TRUNK\FFMPEG\LIBAVCODEC\ORBIS_DEBUG\RV34DSP_INIT.O
E:\DEV\OTG_NOMAD\TRUNK\FFMPEG\LIBAVCODEC\ORBIS_DEBUG\RV40.O
E:\DEV\OTG_NOMAD\TRUNK\FFMPEG\LIBAVCODEC\ORBIS_DEBUG\RV40DSP.O
E:\DEV\OTG_NOMAD\TRUNK\FFMPEG\LIBAVCODEC\ORBIS_DEBUG\RV40DSP_INIT.O
E:\DEV\OTG_NOMAD\TRUNK\FFMPEG\LIBAVCODEC\ORBIS_DEBUG\S302M.O
E:\DEV\OTG_NOMAD\TRUNK\FFMPEG\LIBAVCODEC\ORBIS_DEBUG\S302MENC.O
E:\DEV\OTG_NOMAD\TRUNK\FFMPEG\LIBAVCODEC\ORBIS_DEBUG\S3TC.O
E:\DEV\OTG_NOMAD\TRUNK\FFMPEG\LIBAVCODEC\ORBIS_DEBUG\SAMIDEC.O
E:\DEV\OTG_NOMAD\TRUNK\FFMPEG\LIBAVCODEC\ORBIS_DEBUG\SANM.O
E:\DEV\OTG_NOMAD\TRUNK\FFMPEG\LIBAVCODEC\ORBIS_DEBUG\SBRDSP.O
E:\DEV\OTG_NOMAD\TRUNK\FFMPEG\LIBAVCODEC\ORBIS_DEBUG\SBRDSP_INIT.O
E:\DEV\OTG_NOMAD\TRUNK\FFMPEG\LIBAVCODEC\ORBIS_DEBUG\SGIDEC.O
E:\DEV\OTG_NOMAD\TRUNK\FFMPEG\LIBAVCODEC\ORBIS_DEBUG\SGIENC.O
E:\DEV\OTG_NOMAD\TRUNK\FFMPEG\LIBAVCODEC\ORBIS_DEBUG\SGIRLEDEC.O
E:\DEV\OTG_NOMAD\TRUNK\FFMPEG\LIBAVCODEC\ORBIS_DEBUG\SHORTEN.O
E:\DEV\OTG_NOMAD\TRUNK\FFMPEG\LIBAVCODEC\ORBIS_DEBUG\SIMPLE_IDCT.O
E:\DEV\OTG_NOMAD\TRUNK\FFMPEG\LIBAVCODEC\ORBIS_DEBUG\SIMPLE_IDCT_X86.O
E:\DEV\OTG_NOMAD\TRUNK\FFMPEG\LIBAVCODEC\ORBIS_DEBUG\SINEWIN.O
E:\DEV\OTG_NOMAD\TRUNK\FFMPEG\LIBAVCODEC\ORBIS_DEBUG\SINEWIN_TABLEGEN.O
E:\DEV\OTG_NOMAD\TRUNK\FFMPEG\LIBAVCODEC\ORBIS_DEBUG\SIPR.O
E:\DEV\OTG_NOMAD\TRUNK\FFMPEG\LIBAVCODEC\ORBIS_DEBUG\SIPR16K.O
E:\DEV\OTG_NOMAD\TRUNK\FFMPEG\LIBAVCODEC\ORBIS_DEBUG\SMACKER.O
E:\DEV\OTG_NOMAD\TRUNK\FFMPEG\LIBAVCODEC\ORBIS_DEBUG\SMC.O
E:\DEV\OTG_NOMAD\TRUNK\FFMPEG\LIBAVCODEC\ORBIS_DEBUG\SMVJPEGDEC.O
E:\DEV\OTG_NOMAD\TRUNK\FFMPEG\LIBAVCODEC\ORBIS_DEBUG\SNOW.O
E:\DEV\OTG_NOMAD\TRUNK\FFMPEG\LIBAVCODEC\ORBIS_DEBUG\SNOW_DWT.O
E:\DEV\OTG_NOMAD\TRUNK\FFMPEG\LIBAVCODEC\ORBIS_DEBUG\SNOWDEC.O
E:\DEV\OTG_NOMAD\TRUNK\FFMPEG\LIBAVCODEC\ORBIS_DEBUG\SNOWDSP.O
E:\DEV\OTG_NOMAD\TRUNK\FFMPEG\LIBAVCODEC\ORBIS_DEBUG\SNOWENC.O
E:\DEV\OTG_NOMAD\TRUNK\FFMPEG\LIBAVCODEC\ORBIS_DEBUG\SONIC.O
E:\DEV\OTG_NOMAD\TRUNK\FFMPEG\LIBAVCODEC\ORBIS_DEBUG\SP5XDEC.O
E:\DEV\OTG_NOMAD\TRUNK\FFMPEG\LIBAVCODEC\ORBIS_DEBUG\SRTDEC.O
E:\DEV\OTG_NOMAD\TRUNK\FFMPEG\LIBAVCODEC\ORBIS_DEBUG\SRTENC.O
E:\DEV\OTG_NOMAD\TRUNK\FFMPEG\LIBAVCODEC\ORBIS_DEBUG\SUBVIEWERDEC.O
E:\DEV\OTG_NOMAD\TRUNK\FFMPEG\LIBAVCODEC\ORBIS_DEBUG\SUNRAST.O
E:\DEV\OTG_NOMAD\TRUNK\FFMPEG\LIBAVCODEC\ORBIS_DEBUG\SUNRASTENC.O
E:\DEV\OTG_NOMAD\TRUNK\FFMPEG\LIBAVCODEC\ORBIS_DEBUG\SVQ1.O
E:\DEV\OTG_NOMAD\TRUNK\FFMPEG\LIBAVCODEC\ORBIS_DEBUG\SVQ13.O
E:\DEV\OTG_NOMAD\TRUNK\FFMPEG\LIBAVCODEC\ORBIS_DEBUG\SVQ1DEC.O
E:\DEV\OTG_NOMAD\TRUNK\FFMPEG\LIBAVCODEC\ORBIS_DEBUG\SVQ1ENC.O
E:\DEV\OTG_NOMAD\TRUNK\FFMPEG\LIBAVCODEC\ORBIS_DEBUG\SVQ3.O
E:\DEV\OTG_NOMAD\TRUNK\FFMPEG\LIBAVCODEC\ORBIS_DEBUG\SYNTH_FILTER.O
E:\DEV\OTG_NOMAD\TRUNK\FFMPEG\LIBAVCODEC\ORBIS_DEBUG\TAK.O
E:\DEV\OTG_NOMAD\TRUNK\FFMPEG\LIBAVCODEC\ORBIS_DEBUG\TAK_PARSER.O
E:\DEV\OTG_NOMAD\TRUNK\FFMPEG\LIBAVCODEC\ORBIS_DEBUG\TAKDEC.O
E:\DEV\OTG_NOMAD\TRUNK\FFMPEG\LIBAVCODEC\ORBIS_DEBUG\TARGA.O
E:\DEV\OTG_NOMAD\TRUNK\FFMPEG\LIBAVCODEC\ORBIS_DEBUG\TARGA_Y216DEC.O
E:\DEV\OTG_NOMAD\TRUNK\FFMPEG\LIBAVCODEC\ORBIS_DEBUG\TARGAENC.O
E:\DEV\OTG_NOMAD\TRUNK\FFMPEG\LIBAVCODEC\ORBIS_DEBUG\TEXTDEC.O
E:\DEV\OTG_NOMAD\TRUNK\FFMPEG\LIBAVCODEC\ORBIS_DEBUG\TIERTEXSEQV.O
E:\DEV\OTG_NOMAD\TRUNK\FFMPEG\LIBAVCODEC\ORBIS_DEBUG\TIFF.O
E:\DEV\OTG_NOMAD\TRUNK\FFMPEG\LIBAVCODEC\ORBIS_DEBUG\TIFF_COMMON.O
E:\DEV\OTG_NOMAD\TRUNK\FFMPEG\LIBAVCODEC\ORBIS_DEBUG\TIFF_DATA.O
E:\DEV\OTG_NOMAD\TRUNK\FFMPEG\LIBAVCODEC\ORBIS_DEBUG\TIFFENC.O
E:\DEV\OTG_NOMAD\TRUNK\FFMPEG\LIBAVCODEC\ORBIS_DEBUG\TMV.O
E:\DEV\OTG_NOMAD\TRUNK\FFMPEG\LIBAVCODEC\ORBIS_DEBUG\TPEL_TEMPLATE.O
E:\DEV\OTG_NOMAD\TRUNK\FFMPEG\LIBAVCODEC\ORBIS_DEBUG\TPELDSP.O
E:\DEV\OTG_NOMAD\TRUNK\FFMPEG\LIBAVCODEC\ORBIS_DEBUG\TRUEMOTION1.O
E:\DEV\OTG_NOMAD\TRUNK\FFMPEG\LIBAVCODEC\ORBIS_DEBUG\TRUEMOTION2.O
E:\DEV\OTG_NOMAD\TRUNK\FFMPEG\LIBAVCODEC\ORBIS_DEBUG\TRUESPEECH.O
E:\DEV\OTG_NOMAD\TRUNK\FFMPEG\LIBAVCODEC\ORBIS_DEBUG\TTA.O
E:\DEV\OTG_NOMAD\TRUNK\FFMPEG\LIBAVCODEC\ORBIS_DEBUG\TTADATA.O
E:\DEV\OTG_NOMAD\TRUNK\FFMPEG\LIBAVCODEC\ORBIS_DEBUG\TTADSP.O
E:\DEV\OTG_NOMAD\TRUNK\FFMPEG\LIBAVCODEC\ORBIS_DEBUG\TTADSP_INIT.O
E:\DEV\OTG_NOMAD\TRUNK\FFMPEG\LIBAVCODEC\ORBIS_DEBUG\TTAENC.O
E:\DEV\OTG_NOMAD\TRUNK\FFMPEG\LIBAVCODEC\ORBIS_DEBUG\TWINVQ.O
E:\DEV\OTG_NOMAD\TRUNK\FFMPEG\LIBAVCODEC\ORBIS_DEBUG\TWINVQDEC.O
E:\DEV\OTG_NOMAD\TRUNK\FFMPEG\LIBAVCODEC\ORBIS_DEBUG\TXD.O
E:\DEV\OTG_NOMAD\TRUNK\FFMPEG\LIBAVCODEC\ORBIS_DEBUG\ULTI.O
E:\DEV\OTG_NOMAD\TRUNK\FFMPEG\LIBAVCODEC\ORBIS_DEBUG\UTILS.O
E:\DEV\OTG_NOMAD\TRUNK\FFMPEG\LIBAVCODEC\ORBIS_DEBUG\UTVIDEO.O
E:\DEV\OTG_NOMAD\TRUNK\FFMPEG\LIBAVCODEC\ORBIS_DEBUG\UTVIDEODEC.O
E:\DEV\OTG_NOMAD\TRUNK\FFMPEG\LIBAVCODEC\ORBIS_DEBUG\UTVIDEOENC.O
E:\DEV\OTG_NOMAD\TRUNK\FFMPEG\LIBAVCODEC\ORBIS_DEBUG\V210DEC.O
E:\DEV\OTG_NOMAD\TRUNK\FFMPEG\LIBAVCODEC\ORBIS_DEBUG\V210ENC.O
E:\DEV\OTG_NOMAD\TRUNK\FFMPEG\LIBAVCODEC\ORBIS_DEBUG\V210-INIT.O
E:\DEV\OTG_NOMAD\TRUNK\FFMPEG\LIBAVCODEC\ORBIS_DEBUG\V210X.O
E:\DEV\OTG_NOMAD\TRUNK\FFMPEG\LIBAVCODEC\ORBIS_DEBUG\V308DEC.O
E:\DEV\OTG_NOMAD\TRUNK\FFMPEG\LIBAVCODEC\ORBIS_DEBUG\V308ENC.O
E:\DEV\OTG_NOMAD\TRUNK\FFMPEG\LIBAVCODEC\ORBIS_DEBUG\V408DEC.O
E:\DEV\OTG_NOMAD\TRUNK\FFMPEG\LIBAVCODEC\ORBIS_DEBUG\V408ENC.O
E:\DEV\OTG_NOMAD\TRUNK\FFMPEG\LIBAVCODEC\ORBIS_DEBUG\V410DEC.O
E:\DEV\OTG_NOMAD\TRUNK\FFMPEG\LIBAVCODEC\ORBIS_DEBUG\V410ENC.O
E:\DEV\OTG_NOMAD\TRUNK\FFMPEG\LIBAVCODEC\ORBIS_DEBUG\VB.O
E:\DEV\OTG_NOMAD\TRUNK\FFMPEG\LIBAVCODEC\ORBIS_DEBUG\VBLE.O
E:\DEV\OTG_NOMAD\TRUNK\FFMPEG\LIBAVCODEC\ORBIS_DEBUG\VC1.O
E:\DEV\OTG_NOMAD\TRUNK\FFMPEG\LIBAVCODEC\ORBIS_DEBUG\VC1_PARSER.O
E:\DEV\OTG_NOMAD\TRUNK\FFMPEG\LIBAVCODEC\ORBIS_DEBUG\VC1DATA.O
E:\DEV\OTG_NOMAD\TRUNK\FFMPEG\LIBAVCODEC\ORBIS_DEBUG\VC1DEC.O
E:\DEV\OTG_NOMAD\TRUNK\FFMPEG\LIBAVCODEC\ORBIS_DEBUG\VC1DSP.O
E:\DEV\OTG_NOMAD\TRUNK\FFMPEG\LIBAVCODEC\ORBIS_DEBUG\VC1DSP_INIT.O
E:\DEV\OTG_NOMAD\TRUNK\FFMPEG\LIBAVCODEC\ORBIS_DEBUG\VC1DSP_MMX.O
E:\DEV\OTG_NOMAD\TRUNK\FFMPEG\LIBAVCODEC\ORBIS_DEBUG\VCR1.O
E:\DEV\OTG_NOMAD\TRUNK\FFMPEG\LIBAVCODEC\ORBIS_DEBUG\VIDEODSP.O
E:\DEV\OTG_NOMAD\TRUNK\FFMPEG\LIBAVCODEC\ORBIS_DEBUG\VIDEODSP_INIT.O
E:\DEV\OTG_NOMAD\TRUNK\FFMPEG\LIBAVCODEC\ORBIS_DEBUG\VIMA.O
E:\DEV\OTG_NOMAD\TRUNK\FFMPEG\LIBAVCODEC\ORBIS_DEBUG\VMDAV.O
E:\DEV\OTG_NOMAD\TRUNK\FFMPEG\LIBAVCODEC\ORBIS_DEBUG\VMNC.O
E:\DEV\OTG_NOMAD\TRUNK\FFMPEG\LIBAVCODEC\ORBIS_DEBUG\VORBIS.O
E:\DEV\OTG_NOMAD\TRUNK\FFMPEG\LIBAVCODEC\ORBIS_DEBUG\VORBIS_DATA.O
E:\DEV\OTG_NOMAD\TRUNK\FFMPEG\LIBAVCODEC\ORBIS_DEBUG\VORBIS_PARSER.O
E:\DEV\OTG_NOMAD\TRUNK\FFMPEG\LIBAVCODEC\ORBIS_DEBUG\VORBISDEC.O
E:\DEV\OTG_NOMAD\TRUNK\FFMPEG\LIBAVCODEC\ORBIS_DEBUG\VORBISDSP.O
E:\DEV\OTG_NOMAD\TRUNK\FFMPEG\LIBAVCODEC\ORBIS_DEBUG\VORBISDSP_INIT.O
E:\DEV\OTG_NOMAD\TRUNK\FFMPEG\LIBAVCODEC\ORBIS_DEBUG\VORBISENC.O
E:\DEV\OTG_NOMAD\TRUNK\FFMPEG\LIBAVCODEC\ORBIS_DEBUG\VP3.O
E:\DEV\OTG_NOMAD\TRUNK\FFMPEG\LIBAVCODEC\ORBIS_DEBUG\VP3_PARSER.O
E:\DEV\OTG_NOMAD\TRUNK\FFMPEG\LIBAVCODEC\ORBIS_DEBUG\VP3DSP.O
E:\DEV\OTG_NOMAD\TRUNK\FFMPEG\LIBAVCODEC\ORBIS_DEBUG\VP3DSP_INIT.O
E:\DEV\OTG_NOMAD\TRUNK\FFMPEG\LIBAVCODEC\ORBIS_DEBUG\VP5.O
E:\DEV\OTG_NOMAD\TRUNK\FFMPEG\LIBAVCODEC\ORBIS_DEBUG\VP56.O
E:\DEV\OTG_NOMAD\TRUNK\FFMPEG\LIBAVCODEC\ORBIS_DEBUG\VP56DATA.O
E:\DEV\OTG_NOMAD\TRUNK\FFMPEG\LIBAVCODEC\ORBIS_DEBUG\VP56DSP.O
E:\DEV\OTG_NOMAD\TRUNK\FFMPEG\LIBAVCODEC\ORBIS_DEBUG\VP56RAC.O
E:\DEV\OTG_NOMAD\TRUNK\FFMPEG\LIBAVCODEC\ORBIS_DEBUG\VP6.O
E:\DEV\OTG_NOMAD\TRUNK\FFMPEG\LIBAVCODEC\ORBIS_DEBUG\VP6DSP.O
E:\DEV\OTG_NOMAD\TRUNK\FFMPEG\LIBAVCODEC\ORBIS_DEBUG\VP6DSP_INIT.O
E:\DEV\OTG_NOMAD\TRUNK\FFMPEG\LIBAVCODEC\ORBIS_DEBUG\VP8.O
E:\DEV\OTG_NOMAD\TRUNK\FFMPEG\LIBAVCODEC\ORBIS_DEBUG\VP8_PARSER.O
E:\DEV\OTG_NOMAD\TRUNK\FFMPEG\LIBAVCODEC\ORBIS_DEBUG\VP8DSP.O
E:\DEV\OTG_NOMAD\TRUNK\FFMPEG\LIBAVCODEC\ORBIS_DEBUG\VP8DSP_INIT.O
E:\DEV\OTG_NOMAD\TRUNK\FFMPEG\LIBAVCODEC\ORBIS_DEBUG\VP9.O
E:\DEV\OTG_NOMAD\TRUNK\FFMPEG\LIBAVCODEC\ORBIS_DEBUG\VP9_PARSER.O
E:\DEV\OTG_NOMAD\TRUNK\FFMPEG\LIBAVCODEC\ORBIS_DEBUG\VP9DSP.O
E:\DEV\OTG_NOMAD\TRUNK\FFMPEG\LIBAVCODEC\ORBIS_DEBUG\VP9DSP_INIT.O
E:\DEV\OTG_NOMAD\TRUNK\FFMPEG\LIBAVCODEC\ORBIS_DEBUG\VQAVIDEO.O
E:\DEV\OTG_NOMAD\TRUNK\FFMPEG\LIBAVCODEC\ORBIS_DEBUG\W64XMMTEST.O
E:\DEV\OTG_NOMAD\TRUNK\FFMPEG\LIBAVCODEC\ORBIS_DEBUG\WAVPACK.O
E:\DEV\OTG_NOMAD\TRUNK\FFMPEG\LIBAVCODEC\ORBIS_DEBUG\WAVPACKENC.O
E:\DEV\OTG_NOMAD\TRUNK\FFMPEG\LIBAVCODEC\ORBIS_DEBUG\WEBP.O
E:\DEV\OTG_NOMAD\TRUNK\FFMPEG\LIBAVCODEC\ORBIS_DEBUG\WEBVTTDEC.O
E:\DEV\OTG_NOMAD\TRUNK\FFMPEG\LIBAVCODEC\ORBIS_DEBUG\WMA.O
E:\DEV\OTG_NOMAD\TRUNK\FFMPEG\LIBAVCODEC\ORBIS_DEBUG\WMA_COMMON.O
E:\DEV\OTG_NOMAD\TRUNK\FFMPEG\LIBAVCODEC\ORBIS_DEBUG\WMADEC.O
E:\DEV\OTG_NOMAD\TRUNK\FFMPEG\LIBAVCODEC\ORBIS_DEBUG\WMAENC.O
E:\DEV\OTG_NOMAD\TRUNK\FFMPEG\LIBAVCODEC\ORBIS_DEBUG\WMALOSSLESSDEC.O
E:\DEV\OTG_NOMAD\TRUNK\FFMPEG\LIBAVCODEC\ORBIS_DEBUG\WMAPRODEC.O
E:\DEV\OTG_NOMAD\TRUNK\FFMPEG\LIBAVCODEC\ORBIS_DEBUG\WMAVOICE.O
E:\DEV\OTG_NOMAD\TRUNK\FFMPEG\LIBAVCODEC\ORBIS_DEBUG\WMV2.O
E:\DEV\OTG_NOMAD\TRUNK\FFMPEG\LIBAVCODEC\ORBIS_DEBUG\WMV2DEC.O
E:\DEV\OTG_NOMAD\TRUNK\FFMPEG\LIBAVCODEC\ORBIS_DEBUG\WMV2DSP.O
E:\DEV\OTG_NOMAD\TRUNK\FFMPEG\LIBAVCODEC\ORBIS_DEBUG\WMV2ENC.O
E:\DEV\OTG_NOMAD\TRUNK\FFMPEG\LIBAVCODEC\ORBIS_DEBUG\WNV1.O
E:\DEV\OTG_NOMAD\TRUNK\FFMPEG\LIBAVCODEC\ORBIS_DEBUG\WS-SND1.O
E:\DEV\OTG_NOMAD\TRUNK\FFMPEG\LIBAVCODEC\ORBIS_DEBUG\XAN.O
E:\DEV\OTG_NOMAD\TRUNK\FFMPEG\LIBAVCODEC\ORBIS_DEBUG\XBMDEC.O
E:\DEV\OTG_NOMAD\TRUNK\FFMPEG\LIBAVCODEC\ORBIS_DEBUG\XBMENC.O
E:\DEV\OTG_NOMAD\TRUNK\FFMPEG\LIBAVCODEC\ORBIS_DEBUG\XFACE.O
E:\DEV\OTG_NOMAD\TRUNK\FFMPEG\LIBAVCODEC\ORBIS_DEBUG\XFACEDEC.O
E:\DEV\OTG_NOMAD\TRUNK\FFMPEG\LIBAVCODEC\ORBIS_DEBUG\XFACEENC.O
E:\DEV\OTG_NOMAD\TRUNK\FFMPEG\LIBAVCODEC\ORBIS_DEBUG\XIPH.O
E:\DEV\OTG_NOMAD\TRUNK\FFMPEG\LIBAVCODEC\ORBIS_DEBUG\XL.O
E:\DEV\OTG_NOMAD\TRUNK\FFMPEG\LIBAVCODEC\ORBIS_DEBUG\XSUBDEC.O
E:\DEV\OTG_NOMAD\TRUNK\FFMPEG\LIBAVCODEC\ORBIS_DEBUG\XSUBENC.O
E:\DEV\OTG_NOMAD\TRUNK\FFMPEG\LIBAVCODEC\ORBIS_DEBUG\XWDDEC.O
E:\DEV\OTG_NOMAD\TRUNK\FFMPEG\LIBAVCODEC\ORBIS_DEBUG\XWDENC.O
E:\DEV\OTG_NOMAD\TRUNK\FFMPEG\LIBAVCODEC\ORBIS_DEBUG\XXAN.O
E:\DEV\OTG_NOMAD\TRUNK\FFMPEG\LIBAVCODEC\ORBIS_DEBUG\Y41PDEC.O
E:\DEV\OTG_NOMAD\TRUNK\FFMPEG\LIBAVCODEC\ORBIS_DEBUG\Y41PENC.O
E:\DEV\OTG_NOMAD\TRUNK\FFMPEG\LIBAVCODEC\ORBIS_DEBUG\YOP.O
E:\DEV\OTG_NOMAD\TRUNK\FFMPEG\LIBAVCODEC\ORBIS_DEBUG\YUV4DEC.O
E:\DEV\OTG_NOMAD\TRUNK\FFMPEG\LIBAVCODEC\ORBIS_DEBUG\YUV4ENC.O
E:\DEV\OTG_NOMAD\TRUNK\VE\ORBIS_DEBUG\LIBAVCODEC.A
