E:\DEV\OTG_NOMAD\TRUNK\FFMPEG\LIBAVFORMAT\ORBIS_RELEASE\4XM.O
E:\DEV\OTG_NOMAD\TRUNK\FFMPEG\LIBAVFORMAT\ORBIS_RELEASE\A64.O
E:\DEV\OTG_NOMAD\TRUNK\FFMPEG\LIBAVFORMAT\ORBIS_RELEASE\AACDEC.O
E:\DEV\OTG_NOMAD\TRUNK\FFMPEG\LIBAVFORMAT\ORBIS_RELEASE\AC3DEC.O
E:\DEV\OTG_NOMAD\TRUNK\FFMPEG\LIBAVFORMAT\ORBIS_RELEASE\ACT.O
E:\DEV\OTG_NOMAD\TRUNK\FFMPEG\LIBAVFORMAT\ORBIS_RELEASE\ADP.O
E:\DEV\OTG_NOMAD\TRUNK\FFMPEG\LIBAVFORMAT\ORBIS_RELEASE\ADTSENC.O
E:\DEV\OTG_NOMAD\TRUNK\FFMPEG\LIBAVFORMAT\ORBIS_RELEASE\ADXDEC.O
E:\DEV\OTG_NOMAD\TRUNK\FFMPEG\LIBAVFORMAT\ORBIS_RELEASE\AEA.O
E:\DEV\OTG_NOMAD\TRUNK\FFMPEG\LIBAVFORMAT\ORBIS_RELEASE\AFC.O
E:\DEV\OTG_NOMAD\TRUNK\FFMPEG\LIBAVFORMAT\ORBIS_RELEASE\AIFFDEC.O
E:\DEV\OTG_NOMAD\TRUNK\FFMPEG\LIBAVFORMAT\ORBIS_RELEASE\AIFFENC.O
E:\DEV\OTG_NOMAD\TRUNK\FFMPEG\LIBAVFORMAT\ORBIS_RELEASE\ALLFORMATS.O
E:\DEV\OTG_NOMAD\TRUNK\FFMPEG\LIBAVFORMAT\ORBIS_RELEASE\AMR.O
E:\DEV\OTG_NOMAD\TRUNK\FFMPEG\LIBAVFORMAT\ORBIS_RELEASE\ANM.O
E:\DEV\OTG_NOMAD\TRUNK\FFMPEG\LIBAVFORMAT\ORBIS_RELEASE\APC.O
E:\DEV\OTG_NOMAD\TRUNK\FFMPEG\LIBAVFORMAT\ORBIS_RELEASE\APE.O
E:\DEV\OTG_NOMAD\TRUNK\FFMPEG\LIBAVFORMAT\ORBIS_RELEASE\APETAG.O
E:\DEV\OTG_NOMAD\TRUNK\FFMPEG\LIBAVFORMAT\ORBIS_RELEASE\AQTITLEDEC.O
E:\DEV\OTG_NOMAD\TRUNK\FFMPEG\LIBAVFORMAT\ORBIS_RELEASE\ASF.O
E:\DEV\OTG_NOMAD\TRUNK\FFMPEG\LIBAVFORMAT\ORBIS_RELEASE\ASFCRYPT.O
E:\DEV\OTG_NOMAD\TRUNK\FFMPEG\LIBAVFORMAT\ORBIS_RELEASE\ASFDEC.O
E:\DEV\OTG_NOMAD\TRUNK\FFMPEG\LIBAVFORMAT\ORBIS_RELEASE\ASFENC.O
E:\DEV\OTG_NOMAD\TRUNK\FFMPEG\LIBAVFORMAT\ORBIS_RELEASE\ASSDEC.O
E:\DEV\OTG_NOMAD\TRUNK\FFMPEG\LIBAVFORMAT\ORBIS_RELEASE\ASSENC.O
E:\DEV\OTG_NOMAD\TRUNK\FFMPEG\LIBAVFORMAT\ORBIS_RELEASE\AST.O
E:\DEV\OTG_NOMAD\TRUNK\FFMPEG\LIBAVFORMAT\ORBIS_RELEASE\ASTDEC.O
E:\DEV\OTG_NOMAD\TRUNK\FFMPEG\LIBAVFORMAT\ORBIS_RELEASE\ASTENC.O
E:\DEV\OTG_NOMAD\TRUNK\FFMPEG\LIBAVFORMAT\ORBIS_RELEASE\AU.O
E:\DEV\OTG_NOMAD\TRUNK\FFMPEG\LIBAVFORMAT\ORBIS_RELEASE\AUDIOINTERLEAVE.O
E:\DEV\OTG_NOMAD\TRUNK\FFMPEG\LIBAVFORMAT\ORBIS_RELEASE\AVC.O
E:\DEV\OTG_NOMAD\TRUNK\FFMPEG\LIBAVFORMAT\ORBIS_RELEASE\AVIDEC.O
E:\DEV\OTG_NOMAD\TRUNK\FFMPEG\LIBAVFORMAT\ORBIS_RELEASE\AVIENC.O
E:\DEV\OTG_NOMAD\TRUNK\FFMPEG\LIBAVFORMAT\ORBIS_RELEASE\AVIO.O
E:\DEV\OTG_NOMAD\TRUNK\FFMPEG\LIBAVFORMAT\ORBIS_RELEASE\AVIOBUF.O
E:\DEV\OTG_NOMAD\TRUNK\FFMPEG\LIBAVFORMAT\ORBIS_RELEASE\AVLANGUAGE.O
E:\DEV\OTG_NOMAD\TRUNK\FFMPEG\LIBAVFORMAT\ORBIS_RELEASE\AVR.O
E:\DEV\OTG_NOMAD\TRUNK\FFMPEG\LIBAVFORMAT\ORBIS_RELEASE\AVS.O
E:\DEV\OTG_NOMAD\TRUNK\FFMPEG\LIBAVFORMAT\ORBIS_RELEASE\BETHSOFTVID.O
E:\DEV\OTG_NOMAD\TRUNK\FFMPEG\LIBAVFORMAT\ORBIS_RELEASE\BFI.O
E:\DEV\OTG_NOMAD\TRUNK\FFMPEG\LIBAVFORMAT\ORBIS_RELEASE\BINK.O
E:\DEV\OTG_NOMAD\TRUNK\FFMPEG\LIBAVFORMAT\ORBIS_RELEASE\BINTEXT.O
E:\DEV\OTG_NOMAD\TRUNK\FFMPEG\LIBAVFORMAT\ORBIS_RELEASE\BIT.O
E:\DEV\OTG_NOMAD\TRUNK\FFMPEG\LIBAVFORMAT\ORBIS_RELEASE\BMV.O
E:\DEV\OTG_NOMAD\TRUNK\FFMPEG\LIBAVFORMAT\ORBIS_RELEASE\BOADEC.O
E:\DEV\OTG_NOMAD\TRUNK\FFMPEG\LIBAVFORMAT\ORBIS_RELEASE\BRSTM.O
E:\DEV\OTG_NOMAD\TRUNK\FFMPEG\LIBAVFORMAT\ORBIS_RELEASE\C93.O
E:\DEV\OTG_NOMAD\TRUNK\FFMPEG\LIBAVFORMAT\ORBIS_RELEASE\CACHE.O
E:\DEV\OTG_NOMAD\TRUNK\FFMPEG\LIBAVFORMAT\ORBIS_RELEASE\CAF.O
E:\DEV\OTG_NOMAD\TRUNK\FFMPEG\LIBAVFORMAT\ORBIS_RELEASE\CAFDEC.O
E:\DEV\OTG_NOMAD\TRUNK\FFMPEG\LIBAVFORMAT\ORBIS_RELEASE\CAFENC.O
E:\DEV\OTG_NOMAD\TRUNK\FFMPEG\LIBAVFORMAT\ORBIS_RELEASE\CAVSVIDEODEC.O
E:\DEV\OTG_NOMAD\TRUNK\FFMPEG\LIBAVFORMAT\ORBIS_RELEASE\CDG.O
E:\DEV\OTG_NOMAD\TRUNK\FFMPEG\LIBAVFORMAT\ORBIS_RELEASE\CDXL.O
E:\DEV\OTG_NOMAD\TRUNK\FFMPEG\LIBAVFORMAT\ORBIS_RELEASE\CINEDEC.O
E:\DEV\OTG_NOMAD\TRUNK\FFMPEG\LIBAVFORMAT\ORBIS_RELEASE\CONCAT.O
E:\DEV\OTG_NOMAD\TRUNK\FFMPEG\LIBAVFORMAT\ORBIS_RELEASE\CONCATDEC.O
E:\DEV\OTG_NOMAD\TRUNK\FFMPEG\LIBAVFORMAT\ORBIS_RELEASE\CRCENC.O
E:\DEV\OTG_NOMAD\TRUNK\FFMPEG\LIBAVFORMAT\ORBIS_RELEASE\CRYPTO.O
E:\DEV\OTG_NOMAD\TRUNK\FFMPEG\LIBAVFORMAT\ORBIS_RELEASE\CUTILS.O
E:\DEV\OTG_NOMAD\TRUNK\FFMPEG\LIBAVFORMAT\ORBIS_RELEASE\DATA_URI.O
E:\DEV\OTG_NOMAD\TRUNK\FFMPEG\LIBAVFORMAT\ORBIS_RELEASE\DAUD.O
E:\DEV\OTG_NOMAD\TRUNK\FFMPEG\LIBAVFORMAT\ORBIS_RELEASE\DFA.O
E:\DEV\OTG_NOMAD\TRUNK\FFMPEG\LIBAVFORMAT\ORBIS_RELEASE\DIRACDEC.O
E:\DEV\OTG_NOMAD\TRUNK\FFMPEG\LIBAVFORMAT\ORBIS_RELEASE\DNXHDDEC.O
E:\DEV\OTG_NOMAD\TRUNK\FFMPEG\LIBAVFORMAT\ORBIS_RELEASE\DSICIN.O
E:\DEV\OTG_NOMAD\TRUNK\FFMPEG\LIBAVFORMAT\ORBIS_RELEASE\DTSDEC.O
E:\DEV\OTG_NOMAD\TRUNK\FFMPEG\LIBAVFORMAT\ORBIS_RELEASE\DTSHDDEC.O
E:\DEV\OTG_NOMAD\TRUNK\FFMPEG\LIBAVFORMAT\ORBIS_RELEASE\DV.O
E:\DEV\OTG_NOMAD\TRUNK\FFMPEG\LIBAVFORMAT\ORBIS_RELEASE\DVENC.O
E:\DEV\OTG_NOMAD\TRUNK\FFMPEG\LIBAVFORMAT\ORBIS_RELEASE\DXA.O
E:\DEV\OTG_NOMAD\TRUNK\FFMPEG\LIBAVFORMAT\ORBIS_RELEASE\EACDATA.O
E:\DEV\OTG_NOMAD\TRUNK\FFMPEG\LIBAVFORMAT\ORBIS_RELEASE\ELECTRONICARTS.O
E:\DEV\OTG_NOMAD\TRUNK\FFMPEG\LIBAVFORMAT\ORBIS_RELEASE\EPAFDEC.O
E:\DEV\OTG_NOMAD\TRUNK\FFMPEG\LIBAVFORMAT\ORBIS_RELEASE\FFMDEC.O
E:\DEV\OTG_NOMAD\TRUNK\FFMPEG\LIBAVFORMAT\ORBIS_RELEASE\FFMENC.O
E:\DEV\OTG_NOMAD\TRUNK\FFMPEG\LIBAVFORMAT\ORBIS_RELEASE\FFMETADEC.O
E:\DEV\OTG_NOMAD\TRUNK\FFMPEG\LIBAVFORMAT\ORBIS_RELEASE\FFMETAENC.O
E:\DEV\OTG_NOMAD\TRUNK\FFMPEG\LIBAVFORMAT\ORBIS_RELEASE\FILE.O
E:\DEV\OTG_NOMAD\TRUNK\FFMPEG\LIBAVFORMAT\ORBIS_RELEASE\FILE_OPEN.O
E:\DEV\OTG_NOMAD\TRUNK\FFMPEG\LIBAVFORMAT\ORBIS_RELEASE\FILMSTRIPDEC.O
E:\DEV\OTG_NOMAD\TRUNK\FFMPEG\LIBAVFORMAT\ORBIS_RELEASE\FILMSTRIPENC.O
E:\DEV\OTG_NOMAD\TRUNK\FFMPEG\LIBAVFORMAT\ORBIS_RELEASE\FLAC_PICTURE.O
E:\DEV\OTG_NOMAD\TRUNK\FFMPEG\LIBAVFORMAT\ORBIS_RELEASE\FLACDEC.O
E:\DEV\OTG_NOMAD\TRUNK\FFMPEG\LIBAVFORMAT\ORBIS_RELEASE\FLACENC.O
E:\DEV\OTG_NOMAD\TRUNK\FFMPEG\LIBAVFORMAT\ORBIS_RELEASE\FLACENC_HEADER.O
E:\DEV\OTG_NOMAD\TRUNK\FFMPEG\LIBAVFORMAT\ORBIS_RELEASE\FLIC.O
E:\DEV\OTG_NOMAD\TRUNK\FFMPEG\LIBAVFORMAT\ORBIS_RELEASE\FLVDEC.O
E:\DEV\OTG_NOMAD\TRUNK\FFMPEG\LIBAVFORMAT\ORBIS_RELEASE\FLVENC.O
E:\DEV\OTG_NOMAD\TRUNK\FFMPEG\LIBAVFORMAT\ORBIS_RELEASE\FORMAT.O
E:\DEV\OTG_NOMAD\TRUNK\FFMPEG\LIBAVFORMAT\ORBIS_RELEASE\FRAMECRCENC.O
E:\DEV\OTG_NOMAD\TRUNK\FFMPEG\LIBAVFORMAT\ORBIS_RELEASE\FRAMEHASH.O
E:\DEV\OTG_NOMAD\TRUNK\FFMPEG\LIBAVFORMAT\ORBIS_RELEASE\FRMDEC.O
E:\DEV\OTG_NOMAD\TRUNK\FFMPEG\LIBAVFORMAT\ORBIS_RELEASE\FTP.O
E:\DEV\OTG_NOMAD\TRUNK\FFMPEG\LIBAVFORMAT\ORBIS_RELEASE\G722.O
E:\DEV\OTG_NOMAD\TRUNK\FFMPEG\LIBAVFORMAT\ORBIS_RELEASE\G723_1.O
E:\DEV\OTG_NOMAD\TRUNK\FFMPEG\LIBAVFORMAT\ORBIS_RELEASE\G729DEC.O
E:\DEV\OTG_NOMAD\TRUNK\FFMPEG\LIBAVFORMAT\ORBIS_RELEASE\GIF.O
E:\DEV\OTG_NOMAD\TRUNK\FFMPEG\LIBAVFORMAT\ORBIS_RELEASE\GIFDEC.O
E:\DEV\OTG_NOMAD\TRUNK\FFMPEG\LIBAVFORMAT\ORBIS_RELEASE\GOLOMB_TAB.O
E:\DEV\OTG_NOMAD\TRUNK\FFMPEG\LIBAVFORMAT\ORBIS_RELEASE\GSMDEC.O
E:\DEV\OTG_NOMAD\TRUNK\FFMPEG\LIBAVFORMAT\ORBIS_RELEASE\GXF.O
E:\DEV\OTG_NOMAD\TRUNK\FFMPEG\LIBAVFORMAT\ORBIS_RELEASE\GXFENC.O
E:\DEV\OTG_NOMAD\TRUNK\FFMPEG\LIBAVFORMAT\ORBIS_RELEASE\H261DEC.O
E:\DEV\OTG_NOMAD\TRUNK\FFMPEG\LIBAVFORMAT\ORBIS_RELEASE\H263DEC.O
E:\DEV\OTG_NOMAD\TRUNK\FFMPEG\LIBAVFORMAT\ORBIS_RELEASE\H264DEC.O
E:\DEV\OTG_NOMAD\TRUNK\FFMPEG\LIBAVFORMAT\ORBIS_RELEASE\HDSENC.O
E:\DEV\OTG_NOMAD\TRUNK\FFMPEG\LIBAVFORMAT\ORBIS_RELEASE\HEVC.O
E:\DEV\OTG_NOMAD\TRUNK\FFMPEG\LIBAVFORMAT\ORBIS_RELEASE\HEVCDEC.O
E:\DEV\OTG_NOMAD\TRUNK\FFMPEG\LIBAVFORMAT\ORBIS_RELEASE\HLS.O
E:\DEV\OTG_NOMAD\TRUNK\FFMPEG\LIBAVFORMAT\ORBIS_RELEASE\HLSENC.O
E:\DEV\OTG_NOMAD\TRUNK\FFMPEG\LIBAVFORMAT\ORBIS_RELEASE\HLSPROTO.O
E:\DEV\OTG_NOMAD\TRUNK\FFMPEG\LIBAVFORMAT\ORBIS_RELEASE\HNM.O
E:\DEV\OTG_NOMAD\TRUNK\FFMPEG\LIBAVFORMAT\ORBIS_RELEASE\ICODEC.O
E:\DEV\OTG_NOMAD\TRUNK\FFMPEG\LIBAVFORMAT\ORBIS_RELEASE\ICOENC.O
E:\DEV\OTG_NOMAD\TRUNK\FFMPEG\LIBAVFORMAT\ORBIS_RELEASE\ID3V1.O
E:\DEV\OTG_NOMAD\TRUNK\FFMPEG\LIBAVFORMAT\ORBIS_RELEASE\ID3V2.O
E:\DEV\OTG_NOMAD\TRUNK\FFMPEG\LIBAVFORMAT\ORBIS_RELEASE\ID3V2ENC.O
E:\DEV\OTG_NOMAD\TRUNK\FFMPEG\LIBAVFORMAT\ORBIS_RELEASE\IDCIN.O
E:\DEV\OTG_NOMAD\TRUNK\FFMPEG\LIBAVFORMAT\ORBIS_RELEASE\IDROQDEC.O
E:\DEV\OTG_NOMAD\TRUNK\FFMPEG\LIBAVFORMAT\ORBIS_RELEASE\IDROQENC.O
E:\DEV\OTG_NOMAD\TRUNK\FFMPEG\LIBAVFORMAT\ORBIS_RELEASE\IFF.O
E:\DEV\OTG_NOMAD\TRUNK\FFMPEG\LIBAVFORMAT\ORBIS_RELEASE\ILBC.O
E:\DEV\OTG_NOMAD\TRUNK\FFMPEG\LIBAVFORMAT\ORBIS_RELEASE\IMG2.O
E:\DEV\OTG_NOMAD\TRUNK\FFMPEG\LIBAVFORMAT\ORBIS_RELEASE\IMG2DEC.O
E:\DEV\OTG_NOMAD\TRUNK\FFMPEG\LIBAVFORMAT\ORBIS_RELEASE\IMG2ENC.O
E:\DEV\OTG_NOMAD\TRUNK\FFMPEG\LIBAVFORMAT\ORBIS_RELEASE\INGENIENTDEC.O
E:\DEV\OTG_NOMAD\TRUNK\FFMPEG\LIBAVFORMAT\ORBIS_RELEASE\IPMOVIE.O
E:\DEV\OTG_NOMAD\TRUNK\FFMPEG\LIBAVFORMAT\ORBIS_RELEASE\IRCAM.O
E:\DEV\OTG_NOMAD\TRUNK\FFMPEG\LIBAVFORMAT\ORBIS_RELEASE\IRCAMDEC.O
E:\DEV\OTG_NOMAD\TRUNK\FFMPEG\LIBAVFORMAT\ORBIS_RELEASE\IRCAMENC.O
E:\DEV\OTG_NOMAD\TRUNK\FFMPEG\LIBAVFORMAT\ORBIS_RELEASE\ISOM.O
E:\DEV\OTG_NOMAD\TRUNK\FFMPEG\LIBAVFORMAT\ORBIS_RELEASE\ISS.O
E:\DEV\OTG_NOMAD\TRUNK\FFMPEG\LIBAVFORMAT\ORBIS_RELEASE\IV8.O
E:\DEV\OTG_NOMAD\TRUNK\FFMPEG\LIBAVFORMAT\ORBIS_RELEASE\IVFDEC.O
E:\DEV\OTG_NOMAD\TRUNK\FFMPEG\LIBAVFORMAT\ORBIS_RELEASE\IVFENC.O
E:\DEV\OTG_NOMAD\TRUNK\FFMPEG\LIBAVFORMAT\ORBIS_RELEASE\JACOSUBDEC.O
E:\DEV\OTG_NOMAD\TRUNK\FFMPEG\LIBAVFORMAT\ORBIS_RELEASE\JACOSUBENC.O
E:\DEV\OTG_NOMAD\TRUNK\FFMPEG\LIBAVFORMAT\ORBIS_RELEASE\JVDEC.O
E:\DEV\OTG_NOMAD\TRUNK\FFMPEG\LIBAVFORMAT\ORBIS_RELEASE\LATMENC.O
E:\dev\otg_nomad\trunk\ffmpeg\libavformat\ORBIS_Release\libavformat.write.1.tlog
E:\DEV\OTG_NOMAD\TRUNK\FFMPEG\LIBAVFORMAT\ORBIS_RELEASE\LMLM4.O
E:\DEV\OTG_NOMAD\TRUNK\FFMPEG\LIBAVFORMAT\ORBIS_RELEASE\LOASDEC.O
E:\DEV\OTG_NOMAD\TRUNK\FFMPEG\LIBAVFORMAT\ORBIS_RELEASE\LVFDEC.O
E:\DEV\OTG_NOMAD\TRUNK\FFMPEG\LIBAVFORMAT\ORBIS_RELEASE\LXFDEC.O
E:\DEV\OTG_NOMAD\TRUNK\FFMPEG\LIBAVFORMAT\ORBIS_RELEASE\M4VDEC.O
E:\DEV\OTG_NOMAD\TRUNK\FFMPEG\LIBAVFORMAT\ORBIS_RELEASE\MATROSKA.O
E:\DEV\OTG_NOMAD\TRUNK\FFMPEG\LIBAVFORMAT\ORBIS_RELEASE\MATROSKADEC.O
E:\DEV\OTG_NOMAD\TRUNK\FFMPEG\LIBAVFORMAT\ORBIS_RELEASE\MATROSKAENC.O
E:\DEV\OTG_NOMAD\TRUNK\FFMPEG\LIBAVFORMAT\ORBIS_RELEASE\MD5ENC.O
E:\DEV\OTG_NOMAD\TRUNK\FFMPEG\LIBAVFORMAT\ORBIS_RELEASE\MD5PROTO.O
E:\DEV\OTG_NOMAD\TRUNK\FFMPEG\LIBAVFORMAT\ORBIS_RELEASE\METADATA.O
E:\DEV\OTG_NOMAD\TRUNK\FFMPEG\LIBAVFORMAT\ORBIS_RELEASE\MGSTS.O
E:\DEV\OTG_NOMAD\TRUNK\FFMPEG\LIBAVFORMAT\ORBIS_RELEASE\MICRODVDDEC.O
E:\DEV\OTG_NOMAD\TRUNK\FFMPEG\LIBAVFORMAT\ORBIS_RELEASE\MICRODVDENC.O
E:\DEV\OTG_NOMAD\TRUNK\FFMPEG\LIBAVFORMAT\ORBIS_RELEASE\MKVTIMESTAMP_V2.O
E:\DEV\OTG_NOMAD\TRUNK\FFMPEG\LIBAVFORMAT\ORBIS_RELEASE\MM.O
E:\DEV\OTG_NOMAD\TRUNK\FFMPEG\LIBAVFORMAT\ORBIS_RELEASE\MMF.O
E:\DEV\OTG_NOMAD\TRUNK\FFMPEG\LIBAVFORMAT\ORBIS_RELEASE\MOV.O
E:\DEV\OTG_NOMAD\TRUNK\FFMPEG\LIBAVFORMAT\ORBIS_RELEASE\MOV_CHAN.O
E:\DEV\OTG_NOMAD\TRUNK\FFMPEG\LIBAVFORMAT\ORBIS_RELEASE\MOVENC.O
E:\DEV\OTG_NOMAD\TRUNK\FFMPEG\LIBAVFORMAT\ORBIS_RELEASE\MOVENCHINT.O
E:\DEV\OTG_NOMAD\TRUNK\FFMPEG\LIBAVFORMAT\ORBIS_RELEASE\MP3DEC.O
E:\DEV\OTG_NOMAD\TRUNK\FFMPEG\LIBAVFORMAT\ORBIS_RELEASE\MP3ENC.O
E:\DEV\OTG_NOMAD\TRUNK\FFMPEG\LIBAVFORMAT\ORBIS_RELEASE\MPC.O
E:\DEV\OTG_NOMAD\TRUNK\FFMPEG\LIBAVFORMAT\ORBIS_RELEASE\MPC8.O
E:\DEV\OTG_NOMAD\TRUNK\FFMPEG\LIBAVFORMAT\ORBIS_RELEASE\MPEG.O
E:\DEV\OTG_NOMAD\TRUNK\FFMPEG\LIBAVFORMAT\ORBIS_RELEASE\MPEGENC.O
E:\DEV\OTG_NOMAD\TRUNK\FFMPEG\LIBAVFORMAT\ORBIS_RELEASE\MPEGTS.O
E:\DEV\OTG_NOMAD\TRUNK\FFMPEG\LIBAVFORMAT\ORBIS_RELEASE\MPEGTSENC.O
E:\DEV\OTG_NOMAD\TRUNK\FFMPEG\LIBAVFORMAT\ORBIS_RELEASE\MPEGVIDEODEC.O
E:\DEV\OTG_NOMAD\TRUNK\FFMPEG\LIBAVFORMAT\ORBIS_RELEASE\MPJPEG.O
E:\DEV\OTG_NOMAD\TRUNK\FFMPEG\LIBAVFORMAT\ORBIS_RELEASE\MPL2DEC.O
E:\DEV\OTG_NOMAD\TRUNK\FFMPEG\LIBAVFORMAT\ORBIS_RELEASE\MPSUBDEC.O
E:\DEV\OTG_NOMAD\TRUNK\FFMPEG\LIBAVFORMAT\ORBIS_RELEASE\MSNWC_TCP.O
E:\DEV\OTG_NOMAD\TRUNK\FFMPEG\LIBAVFORMAT\ORBIS_RELEASE\MTV.O
E:\DEV\OTG_NOMAD\TRUNK\FFMPEG\LIBAVFORMAT\ORBIS_RELEASE\MUX.O
E:\DEV\OTG_NOMAD\TRUNK\FFMPEG\LIBAVFORMAT\ORBIS_RELEASE\MVDEC.O
E:\DEV\OTG_NOMAD\TRUNK\FFMPEG\LIBAVFORMAT\ORBIS_RELEASE\MVI.O
E:\DEV\OTG_NOMAD\TRUNK\FFMPEG\LIBAVFORMAT\ORBIS_RELEASE\MXF.O
E:\DEV\OTG_NOMAD\TRUNK\FFMPEG\LIBAVFORMAT\ORBIS_RELEASE\MXFDEC.O
E:\DEV\OTG_NOMAD\TRUNK\FFMPEG\LIBAVFORMAT\ORBIS_RELEASE\MXFENC.O
E:\DEV\OTG_NOMAD\TRUNK\FFMPEG\LIBAVFORMAT\ORBIS_RELEASE\MXG.O
E:\DEV\OTG_NOMAD\TRUNK\FFMPEG\LIBAVFORMAT\ORBIS_RELEASE\NCDEC.O
E:\DEV\OTG_NOMAD\TRUNK\FFMPEG\LIBAVFORMAT\ORBIS_RELEASE\NISTSPHEREDEC.O
E:\DEV\OTG_NOMAD\TRUNK\FFMPEG\LIBAVFORMAT\ORBIS_RELEASE\NSVDEC.O
E:\DEV\OTG_NOMAD\TRUNK\FFMPEG\LIBAVFORMAT\ORBIS_RELEASE\NULLENC.O
E:\DEV\OTG_NOMAD\TRUNK\FFMPEG\LIBAVFORMAT\ORBIS_RELEASE\NUT.O
E:\DEV\OTG_NOMAD\TRUNK\FFMPEG\LIBAVFORMAT\ORBIS_RELEASE\NUTDEC.O
E:\DEV\OTG_NOMAD\TRUNK\FFMPEG\LIBAVFORMAT\ORBIS_RELEASE\NUTENC.O
E:\DEV\OTG_NOMAD\TRUNK\FFMPEG\LIBAVFORMAT\ORBIS_RELEASE\NUV.O
E:\DEV\OTG_NOMAD\TRUNK\FFMPEG\LIBAVFORMAT\ORBIS_RELEASE\OGGDEC.O
E:\DEV\OTG_NOMAD\TRUNK\FFMPEG\LIBAVFORMAT\ORBIS_RELEASE\OGGENC.O
E:\DEV\OTG_NOMAD\TRUNK\FFMPEG\LIBAVFORMAT\ORBIS_RELEASE\OGGPARSECELT.O
E:\DEV\OTG_NOMAD\TRUNK\FFMPEG\LIBAVFORMAT\ORBIS_RELEASE\OGGPARSEDIRAC.O
E:\DEV\OTG_NOMAD\TRUNK\FFMPEG\LIBAVFORMAT\ORBIS_RELEASE\OGGPARSEFLAC.O
E:\DEV\OTG_NOMAD\TRUNK\FFMPEG\LIBAVFORMAT\ORBIS_RELEASE\OGGPARSEOGM.O
E:\DEV\OTG_NOMAD\TRUNK\FFMPEG\LIBAVFORMAT\ORBIS_RELEASE\OGGPARSEOPUS.O
E:\DEV\OTG_NOMAD\TRUNK\FFMPEG\LIBAVFORMAT\ORBIS_RELEASE\OGGPARSESKELETON.O
E:\DEV\OTG_NOMAD\TRUNK\FFMPEG\LIBAVFORMAT\ORBIS_RELEASE\OGGPARSESPEEX.O
E:\DEV\OTG_NOMAD\TRUNK\FFMPEG\LIBAVFORMAT\ORBIS_RELEASE\OGGPARSETHEORA.O
E:\DEV\OTG_NOMAD\TRUNK\FFMPEG\LIBAVFORMAT\ORBIS_RELEASE\OGGPARSEVORBIS.O
E:\DEV\OTG_NOMAD\TRUNK\FFMPEG\LIBAVFORMAT\ORBIS_RELEASE\OGGPARSEVP8.O
E:\DEV\OTG_NOMAD\TRUNK\FFMPEG\LIBAVFORMAT\ORBIS_RELEASE\OMA.O
E:\DEV\OTG_NOMAD\TRUNK\FFMPEG\LIBAVFORMAT\ORBIS_RELEASE\OMADEC.O
E:\DEV\OTG_NOMAD\TRUNK\FFMPEG\LIBAVFORMAT\ORBIS_RELEASE\OMAENC.O
E:\DEV\OTG_NOMAD\TRUNK\FFMPEG\LIBAVFORMAT\ORBIS_RELEASE\OPTIONS.O
E:\dev\otg_nomad\trunk\ffmpeg\libavformat\ORBIS_Release\orbis-clang-cl.command.1.tlog
E:\dev\otg_nomad\trunk\ffmpeg\libavformat\ORBIS_Release\orbis-clang-cl.read.1.tlog
E:\dev\otg_nomad\trunk\ffmpeg\libavformat\ORBIS_Release\orbis-clang-cl.write.1.tlog
E:\dev\otg_nomad\trunk\ffmpeg\libavformat\ORBIS_Release\orbis-snarl.command.1.tlog
E:\dev\otg_nomad\trunk\ffmpeg\libavformat\ORBIS_Release\orbis-snarl.read.1.tlog
E:\dev\otg_nomad\trunk\ffmpeg\libavformat\ORBIS_Release\orbis-snarl.write.1.tlog
E:\DEV\OTG_NOMAD\TRUNK\FFMPEG\LIBAVFORMAT\ORBIS_RELEASE\OS_SUPPORT.O
E:\DEV\OTG_NOMAD\TRUNK\FFMPEG\LIBAVFORMAT\ORBIS_RELEASE\PAF.O
E:\DEV\OTG_NOMAD\TRUNK\FFMPEG\LIBAVFORMAT\ORBIS_RELEASE\PCM.O
E:\DEV\OTG_NOMAD\TRUNK\FFMPEG\LIBAVFORMAT\ORBIS_RELEASE\PCMDEC.O
E:\DEV\OTG_NOMAD\TRUNK\FFMPEG\LIBAVFORMAT\ORBIS_RELEASE\PCMENC.O
E:\DEV\OTG_NOMAD\TRUNK\FFMPEG\LIBAVFORMAT\ORBIS_RELEASE\PJSDEC.O
E:\DEV\OTG_NOMAD\TRUNK\FFMPEG\LIBAVFORMAT\ORBIS_RELEASE\PMPDEC.O
E:\DEV\OTG_NOMAD\TRUNK\FFMPEG\LIBAVFORMAT\ORBIS_RELEASE\PSXSTR.O
E:\DEV\OTG_NOMAD\TRUNK\FFMPEG\LIBAVFORMAT\ORBIS_RELEASE\PVA.O
E:\DEV\OTG_NOMAD\TRUNK\FFMPEG\LIBAVFORMAT\ORBIS_RELEASE\PVFDEC.O
E:\DEV\OTG_NOMAD\TRUNK\FFMPEG\LIBAVFORMAT\ORBIS_RELEASE\QCP.O
E:\DEV\OTG_NOMAD\TRUNK\FFMPEG\LIBAVFORMAT\ORBIS_RELEASE\R3D.O
E:\DEV\OTG_NOMAD\TRUNK\FFMPEG\LIBAVFORMAT\ORBIS_RELEASE\RAWDEC.O
E:\DEV\OTG_NOMAD\TRUNK\FFMPEG\LIBAVFORMAT\ORBIS_RELEASE\RAWENC.O
E:\DEV\OTG_NOMAD\TRUNK\FFMPEG\LIBAVFORMAT\ORBIS_RELEASE\RAWVIDEODEC.O
E:\DEV\OTG_NOMAD\TRUNK\FFMPEG\LIBAVFORMAT\ORBIS_RELEASE\REALTEXTDEC.O
E:\DEV\OTG_NOMAD\TRUNK\FFMPEG\LIBAVFORMAT\ORBIS_RELEASE\REDSPARK.O
E:\DEV\OTG_NOMAD\TRUNK\FFMPEG\LIBAVFORMAT\ORBIS_RELEASE\REPLAYGAIN.O
E:\DEV\OTG_NOMAD\TRUNK\FFMPEG\LIBAVFORMAT\ORBIS_RELEASE\RIFF.O
E:\DEV\OTG_NOMAD\TRUNK\FFMPEG\LIBAVFORMAT\ORBIS_RELEASE\RIFFDEC.O
E:\DEV\OTG_NOMAD\TRUNK\FFMPEG\LIBAVFORMAT\ORBIS_RELEASE\RIFFENC.O
E:\DEV\OTG_NOMAD\TRUNK\FFMPEG\LIBAVFORMAT\ORBIS_RELEASE\RL2.O
E:\DEV\OTG_NOMAD\TRUNK\FFMPEG\LIBAVFORMAT\ORBIS_RELEASE\RM.O
E:\DEV\OTG_NOMAD\TRUNK\FFMPEG\LIBAVFORMAT\ORBIS_RELEASE\RMDEC.O
E:\DEV\OTG_NOMAD\TRUNK\FFMPEG\LIBAVFORMAT\ORBIS_RELEASE\RMENC.O
E:\DEV\OTG_NOMAD\TRUNK\FFMPEG\LIBAVFORMAT\ORBIS_RELEASE\RMSIPR.O
E:\DEV\OTG_NOMAD\TRUNK\FFMPEG\LIBAVFORMAT\ORBIS_RELEASE\RPL.O
E:\DEV\OTG_NOMAD\TRUNK\FFMPEG\LIBAVFORMAT\ORBIS_RELEASE\RSD.O
E:\DEV\OTG_NOMAD\TRUNK\FFMPEG\LIBAVFORMAT\ORBIS_RELEASE\RSO.O
E:\DEV\OTG_NOMAD\TRUNK\FFMPEG\LIBAVFORMAT\ORBIS_RELEASE\RSODEC.O
E:\DEV\OTG_NOMAD\TRUNK\FFMPEG\LIBAVFORMAT\ORBIS_RELEASE\RSOENC.O
E:\DEV\OTG_NOMAD\TRUNK\FFMPEG\LIBAVFORMAT\ORBIS_RELEASE\RTMPPKT.O
E:\DEV\OTG_NOMAD\TRUNK\FFMPEG\LIBAVFORMAT\ORBIS_RELEASE\RTP.O
E:\DEV\OTG_NOMAD\TRUNK\FFMPEG\LIBAVFORMAT\ORBIS_RELEASE\RTPENC.O
E:\DEV\OTG_NOMAD\TRUNK\FFMPEG\LIBAVFORMAT\ORBIS_RELEASE\RTPENC_AAC.O
E:\DEV\OTG_NOMAD\TRUNK\FFMPEG\LIBAVFORMAT\ORBIS_RELEASE\RTPENC_AMR.O
E:\DEV\OTG_NOMAD\TRUNK\FFMPEG\LIBAVFORMAT\ORBIS_RELEASE\RTPENC_CHAIN.O
E:\DEV\OTG_NOMAD\TRUNK\FFMPEG\LIBAVFORMAT\ORBIS_RELEASE\RTPENC_H263.O
E:\DEV\OTG_NOMAD\TRUNK\FFMPEG\LIBAVFORMAT\ORBIS_RELEASE\RTPENC_H263_RFC2190.O
E:\DEV\OTG_NOMAD\TRUNK\FFMPEG\LIBAVFORMAT\ORBIS_RELEASE\RTPENC_H264.O
E:\DEV\OTG_NOMAD\TRUNK\FFMPEG\LIBAVFORMAT\ORBIS_RELEASE\RTPENC_JPEG.O
E:\DEV\OTG_NOMAD\TRUNK\FFMPEG\LIBAVFORMAT\ORBIS_RELEASE\RTPENC_LATM.O
E:\DEV\OTG_NOMAD\TRUNK\FFMPEG\LIBAVFORMAT\ORBIS_RELEASE\RTPENC_MPV.O
E:\DEV\OTG_NOMAD\TRUNK\FFMPEG\LIBAVFORMAT\ORBIS_RELEASE\RTPENC_VP8.O
E:\DEV\OTG_NOMAD\TRUNK\FFMPEG\LIBAVFORMAT\ORBIS_RELEASE\RTPENC_XIPH.O
E:\DEV\OTG_NOMAD\TRUNK\FFMPEG\LIBAVFORMAT\ORBIS_RELEASE\SAMIDEC.O
E:\DEV\OTG_NOMAD\TRUNK\FFMPEG\LIBAVFORMAT\ORBIS_RELEASE\SAUCE.O
E:\DEV\OTG_NOMAD\TRUNK\FFMPEG\LIBAVFORMAT\ORBIS_RELEASE\SBGDEC.O
E:\DEV\OTG_NOMAD\TRUNK\FFMPEG\LIBAVFORMAT\ORBIS_RELEASE\SDP.O
E:\DEV\OTG_NOMAD\TRUNK\FFMPEG\LIBAVFORMAT\ORBIS_RELEASE\SDR2.O
E:\DEV\OTG_NOMAD\TRUNK\FFMPEG\LIBAVFORMAT\ORBIS_RELEASE\SEEK.O
E:\DEV\OTG_NOMAD\TRUNK\FFMPEG\LIBAVFORMAT\ORBIS_RELEASE\SEGAFILM.O
E:\DEV\OTG_NOMAD\TRUNK\FFMPEG\LIBAVFORMAT\ORBIS_RELEASE\SEGMENT.O
E:\DEV\OTG_NOMAD\TRUNK\FFMPEG\LIBAVFORMAT\ORBIS_RELEASE\SIERRAVMD.O
E:\DEV\OTG_NOMAD\TRUNK\FFMPEG\LIBAVFORMAT\ORBIS_RELEASE\SIFF.O
E:\DEV\OTG_NOMAD\TRUNK\FFMPEG\LIBAVFORMAT\ORBIS_RELEASE\SMACKER.O
E:\DEV\OTG_NOMAD\TRUNK\FFMPEG\LIBAVFORMAT\ORBIS_RELEASE\SMJPEG.O
E:\DEV\OTG_NOMAD\TRUNK\FFMPEG\LIBAVFORMAT\ORBIS_RELEASE\SMJPEGDEC.O
E:\DEV\OTG_NOMAD\TRUNK\FFMPEG\LIBAVFORMAT\ORBIS_RELEASE\SMJPEGENC.O
E:\DEV\OTG_NOMAD\TRUNK\FFMPEG\LIBAVFORMAT\ORBIS_RELEASE\SMOOTHSTREAMINGENC.O
E:\DEV\OTG_NOMAD\TRUNK\FFMPEG\LIBAVFORMAT\ORBIS_RELEASE\SMUSH.O
E:\DEV\OTG_NOMAD\TRUNK\FFMPEG\LIBAVFORMAT\ORBIS_RELEASE\SOL.O
E:\DEV\OTG_NOMAD\TRUNK\FFMPEG\LIBAVFORMAT\ORBIS_RELEASE\SOXDEC.O
E:\DEV\OTG_NOMAD\TRUNK\FFMPEG\LIBAVFORMAT\ORBIS_RELEASE\SOXENC.O
E:\DEV\OTG_NOMAD\TRUNK\FFMPEG\LIBAVFORMAT\ORBIS_RELEASE\SPDIF.O
E:\DEV\OTG_NOMAD\TRUNK\FFMPEG\LIBAVFORMAT\ORBIS_RELEASE\SPDIFDEC.O
E:\DEV\OTG_NOMAD\TRUNK\FFMPEG\LIBAVFORMAT\ORBIS_RELEASE\SPDIFENC.O
E:\DEV\OTG_NOMAD\TRUNK\FFMPEG\LIBAVFORMAT\ORBIS_RELEASE\SRTDEC.O
E:\DEV\OTG_NOMAD\TRUNK\FFMPEG\LIBAVFORMAT\ORBIS_RELEASE\SRTENC.O
E:\DEV\OTG_NOMAD\TRUNK\FFMPEG\LIBAVFORMAT\ORBIS_RELEASE\SUBFILE.O
E:\DEV\OTG_NOMAD\TRUNK\FFMPEG\LIBAVFORMAT\ORBIS_RELEASE\SUBTITLES.O
E:\DEV\OTG_NOMAD\TRUNK\FFMPEG\LIBAVFORMAT\ORBIS_RELEASE\SUBVIEWER1DEC.O
E:\DEV\OTG_NOMAD\TRUNK\FFMPEG\LIBAVFORMAT\ORBIS_RELEASE\SUBVIEWERDEC.O
E:\DEV\OTG_NOMAD\TRUNK\FFMPEG\LIBAVFORMAT\ORBIS_RELEASE\SWF.O
E:\DEV\OTG_NOMAD\TRUNK\FFMPEG\LIBAVFORMAT\ORBIS_RELEASE\SWFDEC.O
E:\DEV\OTG_NOMAD\TRUNK\FFMPEG\LIBAVFORMAT\ORBIS_RELEASE\SWFENC.O
E:\DEV\OTG_NOMAD\TRUNK\FFMPEG\LIBAVFORMAT\ORBIS_RELEASE\TAKDEC.O
E:\DEV\OTG_NOMAD\TRUNK\FFMPEG\LIBAVFORMAT\ORBIS_RELEASE\TEDCAPTIONSDEC.O
E:\DEV\OTG_NOMAD\TRUNK\FFMPEG\LIBAVFORMAT\ORBIS_RELEASE\TEE.O
E:\DEV\OTG_NOMAD\TRUNK\FFMPEG\LIBAVFORMAT\ORBIS_RELEASE\THP.O
E:\DEV\OTG_NOMAD\TRUNK\FFMPEG\LIBAVFORMAT\ORBIS_RELEASE\TIERTEXSEQ.O
E:\DEV\OTG_NOMAD\TRUNK\FFMPEG\LIBAVFORMAT\ORBIS_RELEASE\TMV.O
E:\DEV\OTG_NOMAD\TRUNK\FFMPEG\LIBAVFORMAT\ORBIS_RELEASE\TTA.O
E:\DEV\OTG_NOMAD\TRUNK\FFMPEG\LIBAVFORMAT\ORBIS_RELEASE\TTY.O
E:\DEV\OTG_NOMAD\TRUNK\FFMPEG\LIBAVFORMAT\ORBIS_RELEASE\TXD.O
E:\DEV\OTG_NOMAD\TRUNK\FFMPEG\LIBAVFORMAT\ORBIS_RELEASE\UNCODEDFRAMECRCENC.O
E:\DEV\OTG_NOMAD\TRUNK\FFMPEG\LIBAVFORMAT\ORBIS_RELEASE\URL.O
E:\DEV\OTG_NOMAD\TRUNK\FFMPEG\LIBAVFORMAT\ORBIS_RELEASE\UTILS.O
E:\DEV\OTG_NOMAD\TRUNK\FFMPEG\LIBAVFORMAT\ORBIS_RELEASE\VC1TEST.O
E:\DEV\OTG_NOMAD\TRUNK\FFMPEG\LIBAVFORMAT\ORBIS_RELEASE\VC1TESTENC.O
E:\DEV\OTG_NOMAD\TRUNK\FFMPEG\LIBAVFORMAT\ORBIS_RELEASE\VIVO.O
E:\DEV\OTG_NOMAD\TRUNK\FFMPEG\LIBAVFORMAT\ORBIS_RELEASE\VOC.O
E:\DEV\OTG_NOMAD\TRUNK\FFMPEG\LIBAVFORMAT\ORBIS_RELEASE\VOCDEC.O
E:\DEV\OTG_NOMAD\TRUNK\FFMPEG\LIBAVFORMAT\ORBIS_RELEASE\VOCENC.O
E:\DEV\OTG_NOMAD\TRUNK\FFMPEG\LIBAVFORMAT\ORBIS_RELEASE\VORBISCOMMENT.O
E:\DEV\OTG_NOMAD\TRUNK\FFMPEG\LIBAVFORMAT\ORBIS_RELEASE\VPLAYERDEC.O
E:\DEV\OTG_NOMAD\TRUNK\FFMPEG\LIBAVFORMAT\ORBIS_RELEASE\VQF.O
E:\DEV\OTG_NOMAD\TRUNK\FFMPEG\LIBAVFORMAT\ORBIS_RELEASE\W64.O
E:\DEV\OTG_NOMAD\TRUNK\FFMPEG\LIBAVFORMAT\ORBIS_RELEASE\WAVDEC.O
E:\DEV\OTG_NOMAD\TRUNK\FFMPEG\LIBAVFORMAT\ORBIS_RELEASE\WAVENC.O
E:\DEV\OTG_NOMAD\TRUNK\FFMPEG\LIBAVFORMAT\ORBIS_RELEASE\WC3MOVIE.O
E:\DEV\OTG_NOMAD\TRUNK\FFMPEG\LIBAVFORMAT\ORBIS_RELEASE\WEBVTTDEC.O
E:\DEV\OTG_NOMAD\TRUNK\FFMPEG\LIBAVFORMAT\ORBIS_RELEASE\WESTWOOD_AUD.O
E:\DEV\OTG_NOMAD\TRUNK\FFMPEG\LIBAVFORMAT\ORBIS_RELEASE\WESTWOOD_VQA.O
E:\DEV\OTG_NOMAD\TRUNK\FFMPEG\LIBAVFORMAT\ORBIS_RELEASE\WTV_COMMON.O
E:\DEV\OTG_NOMAD\TRUNK\FFMPEG\LIBAVFORMAT\ORBIS_RELEASE\WTVDEC.O
E:\DEV\OTG_NOMAD\TRUNK\FFMPEG\LIBAVFORMAT\ORBIS_RELEASE\WTVENC.O
E:\DEV\OTG_NOMAD\TRUNK\FFMPEG\LIBAVFORMAT\ORBIS_RELEASE\WV.O
E:\DEV\OTG_NOMAD\TRUNK\FFMPEG\LIBAVFORMAT\ORBIS_RELEASE\WVDEC.O
E:\DEV\OTG_NOMAD\TRUNK\FFMPEG\LIBAVFORMAT\ORBIS_RELEASE\WVENC.O
E:\DEV\OTG_NOMAD\TRUNK\FFMPEG\LIBAVFORMAT\ORBIS_RELEASE\XA.O
E:\DEV\OTG_NOMAD\TRUNK\FFMPEG\LIBAVFORMAT\ORBIS_RELEASE\XMV.O
E:\DEV\OTG_NOMAD\TRUNK\FFMPEG\LIBAVFORMAT\ORBIS_RELEASE\XWMA.O
E:\DEV\OTG_NOMAD\TRUNK\FFMPEG\LIBAVFORMAT\ORBIS_RELEASE\YOP.O
E:\DEV\OTG_NOMAD\TRUNK\FFMPEG\LIBAVFORMAT\ORBIS_RELEASE\YUV4MPEG.O
E:\DEV\OTG_NOMAD\TRUNK\VE\ORBIS_RELEASE\LIBAVFORMAT.A
