Build started 4/21/2014 6:10:00 PM.
     1>Project "E:\dev\otg_nomad\trunk\ffmpeg\libavutil\libavutil_prx\libavutil_prx.vcxproj" on node 2 (rebuild target(s)).
     1>_PrepareForClean:
         Deleting file "ORBIS_Debug\libavutil_prx.lastbuildstate".
       InitializeBuildStatus:
         Creating "ORBIS_Debug\libavutil_prx.unsuccessfulbuild" because "AlwaysCreate" was specified.
       ClCompile:
         adler32.c
         orbis-clang.exe -o ORBIS_Debug\adler32.o -c -MD -fdiagnostics-format=msvc -I..\..\ -I"C:\Program Files (x86)\SCE\ORBIS SDKs\1.700_pre\host_tools\lib\clang\include" -I"C:\Program Files (x86)\SCE\ORBIS SDKs\1.700_pre\target\include" -I"C:\Program Files (x86)\SCE\ORBIS SDKs\1.700_pre\target\include_common" -D_DEBUG -Dmvaden -D"PROJ_USER=\"mvaden\"" -include config.h -include libavutil/internal.h -include sceKernelMacros.h -g -Wall -fno-caret-diagnostics -O3 -std=c99 -pthread -I/usr/include/SDL -D_GNU_SOURCE=1 -D_REENTRANT -g -Wdeclaration-after-statement -Wall -Wno-parentheses -Wno-switch -Wno-format-zero-length -Wdisabled-optimization -Wpointer-arith -Wredundant-decls -Wno-pointer-sign -Wwrite-strings -Wundef -Wmissing-prototypes -Wno-pointer-to-int-cast -Wstrict-prototypes -fno-math-errno -fno-omit-frame-pointer E:\dev\otg_nomad\trunk\ffmpeg\libavutil\adler32.c
         aes.c
         orbis-clang.exe -o ORBIS_Debug\aes.o -c -MD -fdiagnostics-format=msvc -I..\..\ -I"C:\Program Files (x86)\SCE\ORBIS SDKs\1.700_pre\host_tools\lib\clang\include" -I"C:\Program Files (x86)\SCE\ORBIS SDKs\1.700_pre\target\include" -I"C:\Program Files (x86)\SCE\ORBIS SDKs\1.700_pre\target\include_common" -D_DEBUG -Dmvaden -D"PROJ_USER=\"mvaden\"" -include config.h -include libavutil/internal.h -include sceKernelMacros.h -g -Wall -fno-caret-diagnostics -O3 -std=c99 -pthread -I/usr/include/SDL -D_GNU_SOURCE=1 -D_REENTRANT -g -Wdeclaration-after-statement -Wall -Wno-parentheses -Wno-switch -Wno-format-zero-length -Wdisabled-optimization -Wpointer-arith -Wredundant-decls -Wno-pointer-sign -Wwrite-strings -Wundef -Wmissing-prototypes -Wno-pointer-to-int-cast -Wstrict-prototypes -fno-math-errno -fno-omit-frame-pointer E:\dev\otg_nomad\trunk\ffmpeg\libavutil\aes.c
         atomic.c
         orbis-clang.exe -o ORBIS_Debug\atomic.o -c -MD -fdiagnostics-format=msvc -I..\..\ -I"C:\Program Files (x86)\SCE\ORBIS SDKs\1.700_pre\host_tools\lib\clang\include" -I"C:\Program Files (x86)\SCE\ORBIS SDKs\1.700_pre\target\include" -I"C:\Program Files (x86)\SCE\ORBIS SDKs\1.700_pre\target\include_common" -D_DEBUG -Dmvaden -D"PROJ_USER=\"mvaden\"" -include config.h -include libavutil/internal.h -include sceKernelMacros.h -g -Wall -fno-caret-diagnostics -O3 -std=c99 -pthread -I/usr/include/SDL -D_GNU_SOURCE=1 -D_REENTRANT -g -Wdeclaration-after-statement -Wall -Wno-parentheses -Wno-switch -Wno-format-zero-length -Wdisabled-optimization -Wpointer-arith -Wredundant-decls -Wno-pointer-sign -Wwrite-strings -Wundef -Wmissing-prototypes -Wno-pointer-to-int-cast -Wstrict-prototypes -fno-math-errno -fno-omit-frame-pointer E:\dev\otg_nomad\trunk\ffmpeg\libavutil\atomic.c
         audio_fifo.c
         orbis-clang.exe -o ORBIS_Debug\audio_fifo.o -c -MD -fdiagnostics-format=msvc -I..\..\ -I"C:\Program Files (x86)\SCE\ORBIS SDKs\1.700_pre\host_tools\lib\clang\include" -I"C:\Program Files (x86)\SCE\ORBIS SDKs\1.700_pre\target\include" -I"C:\Program Files (x86)\SCE\ORBIS SDKs\1.700_pre\target\include_common" -D_DEBUG -Dmvaden -D"PROJ_USER=\"mvaden\"" -include config.h -include libavutil/internal.h -include sceKernelMacros.h -g -Wall -fno-caret-diagnostics -O3 -std=c99 -pthread -I/usr/include/SDL -D_GNU_SOURCE=1 -D_REENTRANT -g -Wdeclaration-after-statement -Wall -Wno-parentheses -Wno-switch -Wno-format-zero-length -Wdisabled-optimization -Wpointer-arith -Wredundant-decls -Wno-pointer-sign -Wwrite-strings -Wundef -Wmissing-prototypes -Wno-pointer-to-int-cast -Wstrict-prototypes -fno-math-errno -fno-omit-frame-pointer E:\dev\otg_nomad\trunk\ffmpeg\libavutil\audio_fifo.c
         avstring.c
         orbis-clang.exe -o ORBIS_Debug\avstring.o -c -MD -fdiagnostics-format=msvc -I..\..\ -I"C:\Program Files (x86)\SCE\ORBIS SDKs\1.700_pre\host_tools\lib\clang\include" -I"C:\Program Files (x86)\SCE\ORBIS SDKs\1.700_pre\target\include" -I"C:\Program Files (x86)\SCE\ORBIS SDKs\1.700_pre\target\include_common" -D_DEBUG -Dmvaden -D"PROJ_USER=\"mvaden\"" -include config.h -include libavutil/internal.h -include sceKernelMacros.h -g -Wall -fno-caret-diagnostics -O3 -std=c99 -pthread -I/usr/include/SDL -D_GNU_SOURCE=1 -D_REENTRANT -g -Wdeclaration-after-statement -Wall -Wno-parentheses -Wno-switch -Wno-format-zero-length -Wdisabled-optimization -Wpointer-arith -Wredundant-decls -Wno-pointer-sign -Wwrite-strings -Wundef -Wmissing-prototypes -Wno-pointer-to-int-cast -Wstrict-prototypes -fno-math-errno -fno-omit-frame-pointer E:\dev\otg_nomad\trunk\ffmpeg\libavutil\avstring.c
         base64.c
         orbis-clang.exe -o ORBIS_Debug\base64.o -c -MD -fdiagnostics-format=msvc -I..\..\ -I"C:\Program Files (x86)\SCE\ORBIS SDKs\1.700_pre\host_tools\lib\clang\include" -I"C:\Program Files (x86)\SCE\ORBIS SDKs\1.700_pre\target\include" -I"C:\Program Files (x86)\SCE\ORBIS SDKs\1.700_pre\target\include_common" -D_DEBUG -Dmvaden -D"PROJ_USER=\"mvaden\"" -include config.h -include libavutil/internal.h -include sceKernelMacros.h -g -Wall -fno-caret-diagnostics -O3 -std=c99 -pthread -I/usr/include/SDL -D_GNU_SOURCE=1 -D_REENTRANT -g -Wdeclaration-after-statement -Wall -Wno-parentheses -Wno-switch -Wno-format-zero-length -Wdisabled-optimization -Wpointer-arith -Wredundant-decls -Wno-pointer-sign -Wwrite-strings -Wundef -Wmissing-prototypes -Wno-pointer-to-int-cast -Wstrict-prototypes -fno-math-errno -fno-omit-frame-pointer E:\dev\otg_nomad\trunk\ffmpeg\libavutil\base64.c
         blowfish.c
         orbis-clang.exe -o ORBIS_Debug\blowfish.o -c -MD -fdiagnostics-format=msvc -I..\..\ -I"C:\Program Files (x86)\SCE\ORBIS SDKs\1.700_pre\host_tools\lib\clang\include" -I"C:\Program Files (x86)\SCE\ORBIS SDKs\1.700_pre\target\include" -I"C:\Program Files (x86)\SCE\ORBIS SDKs\1.700_pre\target\include_common" -D_DEBUG -Dmvaden -D"PROJ_USER=\"mvaden\"" -include config.h -include libavutil/internal.h -include sceKernelMacros.h -g -Wall -fno-caret-diagnostics -O3 -std=c99 -pthread -I/usr/include/SDL -D_GNU_SOURCE=1 -D_REENTRANT -g -Wdeclaration-after-statement -Wall -Wno-parentheses -Wno-switch -Wno-format-zero-length -Wdisabled-optimization -Wpointer-arith -Wredundant-decls -Wno-pointer-sign -Wwrite-strings -Wundef -Wmissing-prototypes -Wno-pointer-to-int-cast -Wstrict-prototypes -fno-math-errno -fno-omit-frame-pointer E:\dev\otg_nomad\trunk\ffmpeg\libavutil\blowfish.c
         bprint.c
         orbis-clang.exe -o ORBIS_Debug\bprint.o -c -MD -fdiagnostics-format=msvc -I..\..\ -I"C:\Program Files (x86)\SCE\ORBIS SDKs\1.700_pre\host_tools\lib\clang\include" -I"C:\Program Files (x86)\SCE\ORBIS SDKs\1.700_pre\target\include" -I"C:\Program Files (x86)\SCE\ORBIS SDKs\1.700_pre\target\include_common" -D_DEBUG -Dmvaden -D"PROJ_USER=\"mvaden\"" -include config.h -include libavutil/internal.h -include sceKernelMacros.h -g -Wall -fno-caret-diagnostics -O3 -std=c99 -pthread -I/usr/include/SDL -D_GNU_SOURCE=1 -D_REENTRANT -g -Wdeclaration-after-statement -Wall -Wno-parentheses -Wno-switch -Wno-format-zero-length -Wdisabled-optimization -Wpointer-arith -Wredundant-decls -Wno-pointer-sign -Wwrite-strings -Wundef -Wmissing-prototypes -Wno-pointer-to-int-cast -Wstrict-prototypes -fno-math-errno -fno-omit-frame-pointer E:\dev\otg_nomad\trunk\ffmpeg\libavutil\bprint.c
         buffer.c
         orbis-clang.exe -o ORBIS_Debug\buffer.o -c -MD -fdiagnostics-format=msvc -I..\..\ -I"C:\Program Files (x86)\SCE\ORBIS SDKs\1.700_pre\host_tools\lib\clang\include" -I"C:\Program Files (x86)\SCE\ORBIS SDKs\1.700_pre\target\include" -I"C:\Program Files (x86)\SCE\ORBIS SDKs\1.700_pre\target\include_common" -D_DEBUG -Dmvaden -D"PROJ_USER=\"mvaden\"" -include config.h -include libavutil/internal.h -include sceKernelMacros.h -g -Wall -fno-caret-diagnostics -O3 -std=c99 -pthread -I/usr/include/SDL -D_GNU_SOURCE=1 -D_REENTRANT -g -Wdeclaration-after-statement -Wall -Wno-parentheses -Wno-switch -Wno-format-zero-length -Wdisabled-optimization -Wpointer-arith -Wredundant-decls -Wno-pointer-sign -Wwrite-strings -Wundef -Wmissing-prototypes -Wno-pointer-to-int-cast -Wstrict-prototypes -fno-math-errno -fno-omit-frame-pointer E:\dev\otg_nomad\trunk\ffmpeg\libavutil\buffer.c
         channel_layout.c
         orbis-clang.exe -o ORBIS_Debug\channel_layout.o -c -MD -fdiagnostics-format=msvc -I..\..\ -I"C:\Program Files (x86)\SCE\ORBIS SDKs\1.700_pre\host_tools\lib\clang\include" -I"C:\Program Files (x86)\SCE\ORBIS SDKs\1.700_pre\target\include" -I"C:\Program Files (x86)\SCE\ORBIS SDKs\1.700_pre\target\include_common" -D_DEBUG -Dmvaden -D"PROJ_USER=\"mvaden\"" -include config.h -include libavutil/internal.h -include sceKernelMacros.h -g -Wall -fno-caret-diagnostics -O3 -std=c99 -pthread -I/usr/include/SDL -D_GNU_SOURCE=1 -D_REENTRANT -g -Wdeclaration-after-statement -Wall -Wno-parentheses -Wno-switch -Wno-format-zero-length -Wdisabled-optimization -Wpointer-arith -Wredundant-decls -Wno-pointer-sign -Wwrite-strings -Wundef -Wmissing-prototypes -Wno-pointer-to-int-cast -Wstrict-prototypes -fno-math-errno -fno-omit-frame-pointer E:\dev\otg_nomad\trunk\ffmpeg\libavutil\channel_layout.c
         In file included from E:\dev\otg_nomad\trunk\ffmpeg\libavutil\channel_layout.c:30:
     1>E:\dev\otg_nomad\trunk\ffmpeg\libavutil/channel_layout.h(164): warning : dllimport attribute ignored [-Wignored-attributes]
         E:\dev\otg_nomad\trunk\ffmpeg\libavutil/channel_layout.h(28,33) :  note: expanded from macro 'PRX_INTERFACE'
     1>E:\dev\otg_nomad\trunk\ffmpeg\libavutil/channel_layout.h(175): warning : dllimport attribute ignored [-Wignored-attributes]
         E:\dev\otg_nomad\trunk\ffmpeg\libavutil/channel_layout.h(28,33) :  note: expanded from macro 'PRX_INTERFACE'
     1>E:\dev\otg_nomad\trunk\ffmpeg\libavutil/channel_layout.h(180): warning : dllimport attribute ignored [-Wignored-attributes]
         E:\dev\otg_nomad\trunk\ffmpeg\libavutil/channel_layout.h(28,33) :  note: expanded from macro 'PRX_INTERFACE'
         cpu.c
         orbis-clang.exe -o ORBIS_Debug\cpu.o -c -MD -fdiagnostics-format=msvc -I..\..\ -I"C:\Program Files (x86)\SCE\ORBIS SDKs\1.700_pre\host_tools\lib\clang\include" -I"C:\Program Files (x86)\SCE\ORBIS SDKs\1.700_pre\target\include" -I"C:\Program Files (x86)\SCE\ORBIS SDKs\1.700_pre\target\include_common" -D_DEBUG -Dmvaden -D"PROJ_USER=\"mvaden\"" -include config.h -include libavutil/internal.h -include sceKernelMacros.h -g -Wall -fno-caret-diagnostics -O3 -std=c99 -pthread -I/usr/include/SDL -D_GNU_SOURCE=1 -D_REENTRANT -g -Wdeclaration-after-statement -Wall -Wno-parentheses -Wno-switch -Wno-format-zero-length -Wdisabled-optimization -Wpointer-arith -Wredundant-decls -Wno-pointer-sign -Wwrite-strings -Wundef -Wmissing-prototypes -Wno-pointer-to-int-cast -Wstrict-prototypes -fno-math-errno -fno-omit-frame-pointer E:\dev\otg_nomad\trunk\ffmpeg\libavutil\cpu.c
         In file included from <built-in>:174:
         In file included from <command line>:7:
         In file included from ..\..\libavutil/internal.h:40:
     1>E:\dev\otg_nomad\trunk\ffmpeg\libavutil/cpu.h(79): warning : dllimport attribute ignored [-Wignored-attributes]
         E:\dev\otg_nomad\trunk\ffmpeg\libavutil/cpu.h(27,33) :  note: expanded from macro 'PRX_INTERFACE'
         crc.c
         orbis-clang.exe -o ORBIS_Debug\crc.o -c -MD -fdiagnostics-format=msvc -I..\..\ -I"C:\Program Files (x86)\SCE\ORBIS SDKs\1.700_pre\host_tools\lib\clang\include" -I"C:\Program Files (x86)\SCE\ORBIS SDKs\1.700_pre\target\include" -I"C:\Program Files (x86)\SCE\ORBIS SDKs\1.700_pre\target\include_common" -D_DEBUG -Dmvaden -D"PROJ_USER=\"mvaden\"" -include config.h -include libavutil/internal.h -include sceKernelMacros.h -g -Wall -fno-caret-diagnostics -O3 -std=c99 -pthread -I/usr/include/SDL -D_GNU_SOURCE=1 -D_REENTRANT -g -Wdeclaration-after-statement -Wall -Wno-parentheses -Wno-switch -Wno-format-zero-length -Wdisabled-optimization -Wpointer-arith -Wredundant-decls -Wno-pointer-sign -Wwrite-strings -Wundef -Wmissing-prototypes -Wno-pointer-to-int-cast -Wstrict-prototypes -fno-math-errno -fno-omit-frame-pointer E:\dev\otg_nomad\trunk\ffmpeg\libavutil\crc.c
         des.c
         orbis-clang.exe -o ORBIS_Debug\des.o -c -MD -fdiagnostics-format=msvc -I..\..\ -I"C:\Program Files (x86)\SCE\ORBIS SDKs\1.700_pre\host_tools\lib\clang\include" -I"C:\Program Files (x86)\SCE\ORBIS SDKs\1.700_pre\target\include" -I"C:\Program Files (x86)\SCE\ORBIS SDKs\1.700_pre\target\include_common" -D_DEBUG -Dmvaden -D"PROJ_USER=\"mvaden\"" -include config.h -include libavutil/internal.h -include sceKernelMacros.h -g -Wall -fno-caret-diagnostics -O3 -std=c99 -pthread -I/usr/include/SDL -D_GNU_SOURCE=1 -D_REENTRANT -g -Wdeclaration-after-statement -Wall -Wno-parentheses -Wno-switch -Wno-format-zero-length -Wdisabled-optimization -Wpointer-arith -Wredundant-decls -Wno-pointer-sign -Wwrite-strings -Wundef -Wmissing-prototypes -Wno-pointer-to-int-cast -Wstrict-prototypes -fno-math-errno -fno-omit-frame-pointer E:\dev\otg_nomad\trunk\ffmpeg\libavutil\des.c
         dict.c
         orbis-clang.exe -o ORBIS_Debug\dict.o -c -MD -fdiagnostics-format=msvc -I..\..\ -I"C:\Program Files (x86)\SCE\ORBIS SDKs\1.700_pre\host_tools\lib\clang\include" -I"C:\Program Files (x86)\SCE\ORBIS SDKs\1.700_pre\target\include" -I"C:\Program Files (x86)\SCE\ORBIS SDKs\1.700_pre\target\include_common" -D_DEBUG -Dmvaden -D"PROJ_USER=\"mvaden\"" -include config.h -include libavutil/internal.h -include sceKernelMacros.h -g -Wall -fno-caret-diagnostics -O3 -std=c99 -pthread -I/usr/include/SDL -D_GNU_SOURCE=1 -D_REENTRANT -g -Wdeclaration-after-statement -Wall -Wno-parentheses -Wno-switch -Wno-format-zero-length -Wdisabled-optimization -Wpointer-arith -Wredundant-decls -Wno-pointer-sign -Wwrite-strings -Wundef -Wmissing-prototypes -Wno-pointer-to-int-cast -Wstrict-prototypes -fno-math-errno -fno-omit-frame-pointer E:\dev\otg_nomad\trunk\ffmpeg\libavutil\dict.c
         downmix_info.c
         orbis-clang.exe -o ORBIS_Debug\downmix_info.o -c -MD -fdiagnostics-format=msvc -I..\..\ -I"C:\Program Files (x86)\SCE\ORBIS SDKs\1.700_pre\host_tools\lib\clang\include" -I"C:\Program Files (x86)\SCE\ORBIS SDKs\1.700_pre\target\include" -I"C:\Program Files (x86)\SCE\ORBIS SDKs\1.700_pre\target\include_common" -D_DEBUG -Dmvaden -D"PROJ_USER=\"mvaden\"" -include config.h -include libavutil/internal.h -include sceKernelMacros.h -g -Wall -fno-caret-diagnostics -O3 -std=c99 -pthread -I/usr/include/SDL -D_GNU_SOURCE=1 -D_REENTRANT -g -Wdeclaration-after-statement -Wall -Wno-parentheses -Wno-switch -Wno-format-zero-length -Wdisabled-optimization -Wpointer-arith -Wredundant-decls -Wno-pointer-sign -Wwrite-strings -Wundef -Wmissing-prototypes -Wno-pointer-to-int-cast -Wstrict-prototypes -fno-math-errno -fno-omit-frame-pointer E:\dev\otg_nomad\trunk\ffmpeg\libavutil\downmix_info.c
         error.c
         orbis-clang.exe -o ORBIS_Debug\error.o -c -MD -fdiagnostics-format=msvc -I..\..\ -I"C:\Program Files (x86)\SCE\ORBIS SDKs\1.700_pre\host_tools\lib\clang\include" -I"C:\Program Files (x86)\SCE\ORBIS SDKs\1.700_pre\target\include" -I"C:\Program Files (x86)\SCE\ORBIS SDKs\1.700_pre\target\include_common" -D_DEBUG -Dmvaden -D"PROJ_USER=\"mvaden\"" -include config.h -include libavutil/internal.h -include sceKernelMacros.h -g -Wall -fno-caret-diagnostics -O3 -std=c99 -pthread -I/usr/include/SDL -D_GNU_SOURCE=1 -D_REENTRANT -g -Wdeclaration-after-statement -Wall -Wno-parentheses -Wno-switch -Wno-format-zero-length -Wdisabled-optimization -Wpointer-arith -Wredundant-decls -Wno-pointer-sign -Wwrite-strings -Wundef -Wmissing-prototypes -Wno-pointer-to-int-cast -Wstrict-prototypes -fno-math-errno -fno-omit-frame-pointer E:\dev\otg_nomad\trunk\ffmpeg\libavutil\error.c
         In file included from <built-in>:174:
         In file included from <command line>:7:
         In file included from ..\..\libavutil/internal.h:39:
         In file included from E:\dev\otg_nomad\trunk\ffmpeg\libavutil/timer.h:39:
         In file included from E:\dev\otg_nomad\trunk\ffmpeg\libavutil/log.h:25:
         In file included from E:\dev\otg_nomad\trunk\ffmpeg\libavutil/avutil.h:288:
         In file included from E:\dev\otg_nomad\trunk\ffmpeg\libavutil/common.h:412:
         In file included from E:\dev\otg_nomad\trunk\ffmpeg\libavutil/mem.h:39:
     1>E:\dev\otg_nomad\trunk\ffmpeg\libavutil/error.h(88,11): warning : dllimport attribute ignored [-Wignored-attributes]
     1>E:\dev\otg_nomad\trunk\ffmpeg\libavutil\error.c(68,22): warning : implicit declaration of function 'strerror_r' is invalid in C99 [-Wimplicit-function-declaration]
         E:\dev\otg_nomad\trunk\ffmpeg\libavutil/error.h(39,22) :  note: expanded from macro 'AVERROR'
         eval.c
         orbis-clang.exe -o ORBIS_Debug\eval.o -c -MD -fdiagnostics-format=msvc -I..\..\ -I"C:\Program Files (x86)\SCE\ORBIS SDKs\1.700_pre\host_tools\lib\clang\include" -I"C:\Program Files (x86)\SCE\ORBIS SDKs\1.700_pre\target\include" -I"C:\Program Files (x86)\SCE\ORBIS SDKs\1.700_pre\target\include_common" -D_DEBUG -Dmvaden -D"PROJ_USER=\"mvaden\"" -include config.h -include libavutil/internal.h -include sceKernelMacros.h -g -Wall -fno-caret-diagnostics -O3 -std=c99 -pthread -I/usr/include/SDL -D_GNU_SOURCE=1 -D_REENTRANT -g -Wdeclaration-after-statement -Wall -Wno-parentheses -Wno-switch -Wno-format-zero-length -Wdisabled-optimization -Wpointer-arith -Wredundant-decls -Wno-pointer-sign -Wwrite-strings -Wundef -Wmissing-prototypes -Wno-pointer-to-int-cast -Wstrict-prototypes -fno-math-errno -fno-omit-frame-pointer E:\dev\otg_nomad\trunk\ffmpeg\libavutil\eval.c
     1>E:\dev\otg_nomad\trunk\ffmpeg\libavutil\eval.c(239,32): warning : 'av_reverse' is deprecated [-Wdeprecated-declarations]
         E:\dev\otg_nomad\trunk\ffmpeg\libavutil/common.h(79,42) :  note: 'av_reverse' declared here
         fifo.c
         orbis-clang.exe -o ORBIS_Debug\fifo.o -c -MD -fdiagnostics-format=msvc -I..\..\ -I"C:\Program Files (x86)\SCE\ORBIS SDKs\1.700_pre\host_tools\lib\clang\include" -I"C:\Program Files (x86)\SCE\ORBIS SDKs\1.700_pre\target\include" -I"C:\Program Files (x86)\SCE\ORBIS SDKs\1.700_pre\target\include_common" -D_DEBUG -Dmvaden -D"PROJ_USER=\"mvaden\"" -include config.h -include libavutil/internal.h -include sceKernelMacros.h -g -Wall -fno-caret-diagnostics -O3 -std=c99 -pthread -I/usr/include/SDL -D_GNU_SOURCE=1 -D_REENTRANT -g -Wdeclaration-after-statement -Wall -Wno-parentheses -Wno-switch -Wno-format-zero-length -Wdisabled-optimization -Wpointer-arith -Wredundant-decls -Wno-pointer-sign -Wwrite-strings -Wundef -Wmissing-prototypes -Wno-pointer-to-int-cast -Wstrict-prototypes -fno-math-errno -fno-omit-frame-pointer E:\dev\otg_nomad\trunk\ffmpeg\libavutil\fifo.c
         file.c
         orbis-clang.exe -o ORBIS_Debug\file.o -c -MD -fdiagnostics-format=msvc -I..\..\ -I"C:\Program Files (x86)\SCE\ORBIS SDKs\1.700_pre\host_tools\lib\clang\include" -I"C:\Program Files (x86)\SCE\ORBIS SDKs\1.700_pre\target\include" -I"C:\Program Files (x86)\SCE\ORBIS SDKs\1.700_pre\target\include_common" -D_DEBUG -Dmvaden -D"PROJ_USER=\"mvaden\"" -include config.h -include libavutil/internal.h -include sceKernelMacros.h -g -Wall -fno-caret-diagnostics -O3 -std=c99 -pthread -I/usr/include/SDL -D_GNU_SOURCE=1 -D_REENTRANT -g -Wdeclaration-after-statement -Wall -Wno-parentheses -Wno-switch -Wno-format-zero-length -Wdisabled-optimization -Wpointer-arith -Wredundant-decls -Wno-pointer-sign -Wwrite-strings -Wundef -Wmissing-prototypes -Wno-pointer-to-int-cast -Wstrict-prototypes -fno-math-errno -fno-omit-frame-pointer E:\dev\otg_nomad\trunk\ffmpeg\libavutil\file.c
     1>E:\dev\otg_nomad\trunk\ffmpeg\libavutil\file.c(144,15): warning : implicit declaration of function 'tempnam' is invalid in C99 [-Wimplicit-function-declaration]
     1>E:\dev\otg_nomad\trunk\ffmpeg\libavutil\file.c(144,10): warning : incompatible integer to pointer conversion initializing 'void *' with an expression of type 'int' [-Wint-conversion]
     1>E:\dev\otg_nomad\trunk\ffmpeg\libavutil\file.c(146,11): warning : incompatible integer to pointer conversion assigning to 'void *' from 'int' [-Wint-conversion]
         file_open.c
         orbis-clang.exe -o ORBIS_Debug\file_open.o -c -MD -fdiagnostics-format=msvc -I..\..\ -I"C:\Program Files (x86)\SCE\ORBIS SDKs\1.700_pre\host_tools\lib\clang\include" -I"C:\Program Files (x86)\SCE\ORBIS SDKs\1.700_pre\target\include" -I"C:\Program Files (x86)\SCE\ORBIS SDKs\1.700_pre\target\include_common" -D_DEBUG -Dmvaden -D"PROJ_USER=\"mvaden\"" -include config.h -include libavutil/internal.h -include sceKernelMacros.h -g -Wall -fno-caret-diagnostics -O3 -std=c99 -pthread -I/usr/include/SDL -D_GNU_SOURCE=1 -D_REENTRANT -g -Wdeclaration-after-statement -Wall -Wno-parentheses -Wno-switch -Wno-format-zero-length -Wdisabled-optimization -Wpointer-arith -Wredundant-decls -Wno-pointer-sign -Wwrite-strings -Wundef -Wmissing-prototypes -Wno-pointer-to-int-cast -Wstrict-prototypes -fno-math-errno -fno-omit-frame-pointer E:\dev\otg_nomad\trunk\ffmpeg\libavutil\file_open.c
         float_dsp.c
         orbis-clang.exe -o ORBIS_Debug\float_dsp.o -c -MD -fdiagnostics-format=msvc -I..\..\ -I"C:\Program Files (x86)\SCE\ORBIS SDKs\1.700_pre\host_tools\lib\clang\include" -I"C:\Program Files (x86)\SCE\ORBIS SDKs\1.700_pre\target\include" -I"C:\Program Files (x86)\SCE\ORBIS SDKs\1.700_pre\target\include_common" -D_DEBUG -Dmvaden -D"PROJ_USER=\"mvaden\"" -include config.h -include libavutil/internal.h -include sceKernelMacros.h -g -Wall -fno-caret-diagnostics -O3 -std=c99 -pthread -I/usr/include/SDL -D_GNU_SOURCE=1 -D_REENTRANT -g -Wdeclaration-after-statement -Wall -Wno-parentheses -Wno-switch -Wno-format-zero-length -Wdisabled-optimization -Wpointer-arith -Wredundant-decls -Wno-pointer-sign -Wwrite-strings -Wundef -Wmissing-prototypes -Wno-pointer-to-int-cast -Wstrict-prototypes -fno-math-errno -fno-omit-frame-pointer E:\dev\otg_nomad\trunk\ffmpeg\libavutil\float_dsp.c
         frame.c
         orbis-clang.exe -o ORBIS_Debug\frame.o -c -MD -fdiagnostics-format=msvc -I..\..\ -I"C:\Program Files (x86)\SCE\ORBIS SDKs\1.700_pre\host_tools\lib\clang\include" -I"C:\Program Files (x86)\SCE\ORBIS SDKs\1.700_pre\target\include" -I"C:\Program Files (x86)\SCE\ORBIS SDKs\1.700_pre\target\include_common" -D_DEBUG -Dmvaden -D"PROJ_USER=\"mvaden\"" -include config.h -include libavutil/internal.h -include sceKernelMacros.h -g -Wall -fno-caret-diagnostics -O3 -std=c99 -pthread -I/usr/include/SDL -D_GNU_SOURCE=1 -D_REENTRANT -g -Wdeclaration-after-statement -Wall -Wno-parentheses -Wno-switch -Wno-format-zero-length -Wdisabled-optimization -Wpointer-arith -Wredundant-decls -Wno-pointer-sign -Wwrite-strings -Wundef -Wmissing-prototypes -Wno-pointer-to-int-cast -Wstrict-prototypes -fno-math-errno -fno-omit-frame-pointer E:\dev\otg_nomad\trunk\ffmpeg\libavutil\frame.c
         In file included from E:\dev\otg_nomad\trunk\ffmpeg\libavutil\frame.c:25:
     1>E:\dev\otg_nomad\trunk\ffmpeg\libavutil/frame.h(547,12): warning : dllimport attribute ignored [-Wignored-attributes]
     1>E:\dev\otg_nomad\trunk\ffmpeg\libavutil/frame.h(548,11): warning : dllimport attribute ignored [-Wignored-attributes]
     1>E:\dev\otg_nomad\trunk\ffmpeg\libavutil/frame.h(549,11): warning : dllimport attribute ignored [-Wignored-attributes]
     1>E:\dev\otg_nomad\trunk\ffmpeg\libavutil/frame.h(550,11): warning : dllimport attribute ignored [-Wignored-attributes]
     1>E:\dev\otg_nomad\trunk\ffmpeg\libavutil/frame.h(551,11): warning : dllimport attribute ignored [-Wignored-attributes]
     1>E:\dev\otg_nomad\trunk\ffmpeg\libavutil/frame.h(552,11): warning : dllimport attribute ignored [-Wignored-attributes]
     1>E:\dev\otg_nomad\trunk\ffmpeg\libavutil/frame.h(553,11): warning : dllimport attribute ignored [-Wignored-attributes]
     1>E:\dev\otg_nomad\trunk\ffmpeg\libavutil/frame.h(554,11): warning : dllimport attribute ignored [-Wignored-attributes]
     1>E:\dev\otg_nomad\trunk\ffmpeg\libavutil/frame.h(555,11): warning : dllimport attribute ignored [-Wignored-attributes]
     1>E:\dev\otg_nomad\trunk\ffmpeg\libavutil/frame.h(556,11): warning : dllimport attribute ignored [-Wignored-attributes]
     1>E:\dev\otg_nomad\trunk\ffmpeg\libavutil/frame.h(557,11): warning : dllimport attribute ignored [-Wignored-attributes]
     1>E:\dev\otg_nomad\trunk\ffmpeg\libavutil/frame.h(558,11): warning : dllimport attribute ignored [-Wignored-attributes]
     1>E:\dev\otg_nomad\trunk\ffmpeg\libavutil/frame.h(559,11): warning : dllimport attribute ignored [-Wignored-attributes]
     1>E:\dev\otg_nomad\trunk\ffmpeg\libavutil/frame.h(560,11): warning : dllimport attribute ignored [-Wignored-attributes]
     1>E:\dev\otg_nomad\trunk\ffmpeg\libavutil/frame.h(561,11): warning : dllimport attribute ignored [-Wignored-attributes]
     1>E:\dev\otg_nomad\trunk\ffmpeg\libavutil/frame.h(562,11): warning : dllimport attribute ignored [-Wignored-attributes]
     1>E:\dev\otg_nomad\trunk\ffmpeg\libavutil/frame.h(563,11): warning : dllimport attribute ignored [-Wignored-attributes]
     1>E:\dev\otg_nomad\trunk\ffmpeg\libavutil/frame.h(564,11): warning : dllimport attribute ignored [-Wignored-attributes]
     1>E:\dev\otg_nomad\trunk\ffmpeg\libavutil/frame.h(568,11): warning : dllimport attribute ignored [-Wignored-attributes]
     1>E:\dev\otg_nomad\trunk\ffmpeg\libavutil/frame.h(569,11): warning : dllimport attribute ignored [-Wignored-attributes]
     1>E:\dev\otg_nomad\trunk\ffmpeg\libavutil/frame.h(570,11): warning : dllimport attribute ignored [-Wignored-attributes]
     1>E:\dev\otg_nomad\trunk\ffmpeg\libavutil/frame.h(571,11): warning : dllimport attribute ignored [-Wignored-attributes]
     1>E:\dev\otg_nomad\trunk\ffmpeg\libavutil/frame.h(565,11): warning : dllimport attribute ignored [-Wignored-attributes]
     1>E:\dev\otg_nomad\trunk\ffmpeg\libavutil/frame.h(567,11): warning : dllimport attribute ignored [-Wignored-attributes]
     1>E:\dev\otg_nomad\trunk\ffmpeg\libavutil\frame.c(55,7): warning : 'qscale_table' is deprecated [-Wdeprecated-declarations]
         E:\dev\otg_nomad\trunk\ffmpeg\libavutil/frame.h(259,12) :  note: 'qscale_table' declared here
     1>E:\dev\otg_nomad\trunk\ffmpeg\libavutil\frame.c(56,7): warning : 'qstride' is deprecated [-Wdeprecated-declarations]
         E:\dev\otg_nomad\trunk\ffmpeg\libavutil/frame.h(264,8) :  note: 'qstride' declared here
     1>E:\dev\otg_nomad\trunk\ffmpeg\libavutil\frame.c(57,7): warning : 'qscale_type' is deprecated [-Wdeprecated-declarations]
         E:\dev\otg_nomad\trunk\ffmpeg\libavutil/frame.h(267,8) :  note: 'qscale_type' declared here
     1>E:\dev\otg_nomad\trunk\ffmpeg\libavutil/frame.h(566,11): warning : dllimport attribute ignored [-Wignored-attributes]
     1>E:\dev\otg_nomad\trunk\ffmpeg\libavutil\frame.c(64,17): warning : 'qstride' is deprecated [-Wdeprecated-declarations]
         E:\dev\otg_nomad\trunk\ffmpeg\libavutil/frame.h(264,8) :  note: 'qstride' declared here
     1>E:\dev\otg_nomad\trunk\ffmpeg\libavutil\frame.c(65,17): warning : 'qscale_type' is deprecated [-Wdeprecated-declarations]
         E:\dev\otg_nomad\trunk\ffmpeg\libavutil/frame.h(267,8) :  note: 'qscale_type' declared here
     1>E:\dev\otg_nomad\trunk\ffmpeg\libavutil/frame.h(589,11): warning : dllimport attribute ignored [-Wignored-attributes]
     1>E:\dev\otg_nomad\trunk\ffmpeg\libavutil/frame.h(598,11): warning : dllimport attribute ignored [-Wignored-attributes]
     1>E:\dev\otg_nomad\trunk\ffmpeg\libavutil/frame.h(649,11): warning : dllimport attribute ignored [-Wignored-attributes]
     1>E:\dev\otg_nomad\trunk\ffmpeg\libavutil/frame.h(611,11): warning : dllimport attribute ignored [-Wignored-attributes]
     1>E:\dev\otg_nomad\trunk\ffmpeg\libavutil/frame.h(620,11): warning : dllimport attribute ignored [-Wignored-attributes]
     1>E:\dev\otg_nomad\trunk\ffmpeg\libavutil/frame.h(625,11): warning : dllimport attribute ignored [-Wignored-attributes]
     1>E:\dev\otg_nomad\trunk\ffmpeg\libavutil/frame.h(630,11): warning : dllimport attribute ignored [-Wignored-attributes]
     1>E:\dev\otg_nomad\trunk\ffmpeg\libavutil/frame.h(663,11): warning : dllimport attribute ignored [-Wignored-attributes]
     1>E:\dev\otg_nomad\trunk\ffmpeg\libavutil/frame.h(676,11): warning : dllimport attribute ignored [-Wignored-attributes]
     1>E:\dev\otg_nomad\trunk\ffmpeg\libavutil/frame.h(699,11): warning : dllimport attribute ignored [-Wignored-attributes]
     1>E:\dev\otg_nomad\trunk\ffmpeg\libavutil\frame.c(458,9): warning : 'type' is deprecated [-Wdeprecated-declarations]
         E:\dev\otg_nomad\trunk\ffmpeg\libavutil/frame.h(321,8) :  note: 'type' declared here
     1>E:\dev\otg_nomad\trunk\ffmpeg\libavutil\frame.c(458,39): warning : 'type' is deprecated [-Wdeprecated-declarations]
         E:\dev\otg_nomad\trunk\ffmpeg\libavutil/frame.h(321,8) :  note: 'type' declared here
     1>E:\dev\otg_nomad\trunk\ffmpeg\libavutil\frame.c(496,9): warning : 'qscale_table' is deprecated [-Wdeprecated-declarations]
         E:\dev\otg_nomad\trunk\ffmpeg\libavutil/frame.h(259,12) :  note: 'qscale_table' declared here
     1>E:\dev\otg_nomad\trunk\ffmpeg\libavutil\frame.c(497,9): warning : 'qstride' is deprecated [-Wdeprecated-declarations]
         E:\dev\otg_nomad\trunk\ffmpeg\libavutil/frame.h(264,8) :  note: 'qstride' declared here
     1>E:\dev\otg_nomad\trunk\ffmpeg\libavutil\frame.c(498,9): warning : 'qscale_type' is deprecated [-Wdeprecated-declarations]
         E:\dev\otg_nomad\trunk\ffmpeg\libavutil/frame.h(267,8) :  note: 'qscale_type' declared here
     1>E:\dev\otg_nomad\trunk\ffmpeg\libavutil\frame.c(502,17): warning : 'qscale_table' is deprecated [-Wdeprecated-declarations]
         E:\dev\otg_nomad\trunk\ffmpeg\libavutil/frame.h(259,12) :  note: 'qscale_table' declared here
     1>E:\dev\otg_nomad\trunk\ffmpeg\libavutil\frame.c(503,17): warning : 'qstride' is deprecated [-Wdeprecated-declarations]
         E:\dev\otg_nomad\trunk\ffmpeg\libavutil/frame.h(264,8) :  note: 'qstride' declared here
     1>E:\dev\otg_nomad\trunk\ffmpeg\libavutil\frame.c(503,37): warning : 'qstride' is deprecated [-Wdeprecated-declarations]
         E:\dev\otg_nomad\trunk\ffmpeg\libavutil/frame.h(264,8) :  note: 'qstride' declared here
     1>E:\dev\otg_nomad\trunk\ffmpeg\libavutil\frame.c(504,17): warning : 'qscale_type' is deprecated [-Wdeprecated-declarations]
         E:\dev\otg_nomad\trunk\ffmpeg\libavutil/frame.h(267,8) :  note: 'qscale_type' declared here
     1>E:\dev\otg_nomad\trunk\ffmpeg\libavutil\frame.c(504,37): warning : 'qscale_type' is deprecated [-Wdeprecated-declarations]
         E:\dev\otg_nomad\trunk\ffmpeg\libavutil/frame.h(267,8) :  note: 'qscale_type' declared here
     1>E:\dev\otg_nomad\trunk\ffmpeg\libavutil/frame.h(709,11): warning : dllimport attribute ignored [-Wignored-attributes]
     1>E:\dev\otg_nomad\trunk\ffmpeg\libavutil/frame.h(720,11): warning : dllimport attribute ignored [-Wignored-attributes]
     1>E:\dev\otg_nomad\trunk\ffmpeg\libavutil/frame.h(728,11): warning : dllimport attribute ignored [-Wignored-attributes]
     1>E:\dev\otg_nomad\trunk\ffmpeg\libavutil/frame.h(689,11): warning : dllimport attribute ignored [-Wignored-attributes]
     1>E:\dev\otg_nomad\trunk\ffmpeg\libavutil/frame.h(735,11): warning : dllimport attribute ignored [-Wignored-attributes]
         hash.c
         orbis-clang.exe -o ORBIS_Debug\hash.o -c -MD -fdiagnostics-format=msvc -I..\..\ -I"C:\Program Files (x86)\SCE\ORBIS SDKs\1.700_pre\host_tools\lib\clang\include" -I"C:\Program Files (x86)\SCE\ORBIS SDKs\1.700_pre\target\include" -I"C:\Program Files (x86)\SCE\ORBIS SDKs\1.700_pre\target\include_common" -D_DEBUG -Dmvaden -D"PROJ_USER=\"mvaden\"" -include config.h -include libavutil/internal.h -include sceKernelMacros.h -g -Wall -fno-caret-diagnostics -O3 -std=c99 -pthread -I/usr/include/SDL -D_GNU_SOURCE=1 -D_REENTRANT -g -Wdeclaration-after-statement -Wall -Wno-parentheses -Wno-switch -Wno-format-zero-length -Wdisabled-optimization -Wpointer-arith -Wredundant-decls -Wno-pointer-sign -Wwrite-strings -Wundef -Wmissing-prototypes -Wno-pointer-to-int-cast -Wstrict-prototypes -fno-math-errno -fno-omit-frame-pointer E:\dev\otg_nomad\trunk\ffmpeg\libavutil\hash.c
         hmac.c
         orbis-clang.exe -o ORBIS_Debug\hmac.o -c -MD -fdiagnostics-format=msvc -I..\..\ -I"C:\Program Files (x86)\SCE\ORBIS SDKs\1.700_pre\host_tools\lib\clang\include" -I"C:\Program Files (x86)\SCE\ORBIS SDKs\1.700_pre\target\include" -I"C:\Program Files (x86)\SCE\ORBIS SDKs\1.700_pre\target\include_common" -D_DEBUG -Dmvaden -D"PROJ_USER=\"mvaden\"" -include config.h -include libavutil/internal.h -include sceKernelMacros.h -g -Wall -fno-caret-diagnostics -O3 -std=c99 -pthread -I/usr/include/SDL -D_GNU_SOURCE=1 -D_REENTRANT -g -Wdeclaration-after-statement -Wall -Wno-parentheses -Wno-switch -Wno-format-zero-length -Wdisabled-optimization -Wpointer-arith -Wredundant-decls -Wno-pointer-sign -Wwrite-strings -Wundef -Wmissing-prototypes -Wno-pointer-to-int-cast -Wstrict-prototypes -fno-math-errno -fno-omit-frame-pointer E:\dev\otg_nomad\trunk\ffmpeg\libavutil\hmac.c
         imgutils.c
         orbis-clang.exe -o ORBIS_Debug\imgutils.o -c -MD -fdiagnostics-format=msvc -I..\..\ -I"C:\Program Files (x86)\SCE\ORBIS SDKs\1.700_pre\host_tools\lib\clang\include" -I"C:\Program Files (x86)\SCE\ORBIS SDKs\1.700_pre\target\include" -I"C:\Program Files (x86)\SCE\ORBIS SDKs\1.700_pre\target\include_common" -D_DEBUG -Dmvaden -D"PROJ_USER=\"mvaden\"" -include config.h -include libavutil/internal.h -include sceKernelMacros.h -g -Wall -fno-caret-diagnostics -O3 -std=c99 -pthread -I/usr/include/SDL -D_GNU_SOURCE=1 -D_REENTRANT -g -Wdeclaration-after-statement -Wall -Wno-parentheses -Wno-switch -Wno-format-zero-length -Wdisabled-optimization -Wpointer-arith -Wredundant-decls -Wno-pointer-sign -Wwrite-strings -Wundef -Wmissing-prototypes -Wno-pointer-to-int-cast -Wstrict-prototypes -fno-math-errno -fno-omit-frame-pointer E:\dev\otg_nomad\trunk\ffmpeg\libavutil\imgutils.c
         integer.c
         orbis-clang.exe -o ORBIS_Debug\integer.o -c -MD -fdiagnostics-format=msvc -I..\..\ -I"C:\Program Files (x86)\SCE\ORBIS SDKs\1.700_pre\host_tools\lib\clang\include" -I"C:\Program Files (x86)\SCE\ORBIS SDKs\1.700_pre\target\include" -I"C:\Program Files (x86)\SCE\ORBIS SDKs\1.700_pre\target\include_common" -D_DEBUG -Dmvaden -D"PROJ_USER=\"mvaden\"" -include config.h -include libavutil/internal.h -include sceKernelMacros.h -g -Wall -fno-caret-diagnostics -O3 -std=c99 -pthread -I/usr/include/SDL -D_GNU_SOURCE=1 -D_REENTRANT -g -Wdeclaration-after-statement -Wall -Wno-parentheses -Wno-switch -Wno-format-zero-length -Wdisabled-optimization -Wpointer-arith -Wredundant-decls -Wno-pointer-sign -Wwrite-strings -Wundef -Wmissing-prototypes -Wno-pointer-to-int-cast -Wstrict-prototypes -fno-math-errno -fno-omit-frame-pointer E:\dev\otg_nomad\trunk\ffmpeg\libavutil\integer.c
         In file included from E:\dev\otg_nomad\trunk\ffmpeg\libavutil\integer.c:29:
     1>E:\dev\otg_nomad\trunk\ffmpeg\libavutil/integer.h(48,11): warning : dllimport attribute ignored [-Wignored-attributes]
         intfloat_readwrite.c
         orbis-clang.exe -o ORBIS_Debug\intfloat_readwrite.o -c -MD -fdiagnostics-format=msvc -I..\..\ -I"C:\Program Files (x86)\SCE\ORBIS SDKs\1.700_pre\host_tools\lib\clang\include" -I"C:\Program Files (x86)\SCE\ORBIS SDKs\1.700_pre\target\include" -I"C:\Program Files (x86)\SCE\ORBIS SDKs\1.700_pre\target\include_common" -D_DEBUG -Dmvaden -D"PROJ_USER=\"mvaden\"" -include config.h -include libavutil/internal.h -include sceKernelMacros.h -g -Wall -fno-caret-diagnostics -O3 -std=c99 -pthread -I/usr/include/SDL -D_GNU_SOURCE=1 -D_REENTRANT -g -Wdeclaration-after-statement -Wall -Wno-parentheses -Wno-switch -Wno-format-zero-length -Wdisabled-optimization -Wpointer-arith -Wredundant-decls -Wno-pointer-sign -Wwrite-strings -Wundef -Wmissing-prototypes -Wno-pointer-to-int-cast -Wstrict-prototypes -fno-math-errno -fno-omit-frame-pointer E:\dev\otg_nomad\trunk\ffmpeg\libavutil\intfloat_readwrite.c
         intmath.c
         orbis-clang.exe -o ORBIS_Debug\intmath.o -c -MD -fdiagnostics-format=msvc -I..\..\ -I"C:\Program Files (x86)\SCE\ORBIS SDKs\1.700_pre\host_tools\lib\clang\include" -I"C:\Program Files (x86)\SCE\ORBIS SDKs\1.700_pre\target\include" -I"C:\Program Files (x86)\SCE\ORBIS SDKs\1.700_pre\target\include_common" -D_DEBUG -Dmvaden -D"PROJ_USER=\"mvaden\"" -include config.h -include libavutil/internal.h -include sceKernelMacros.h -g -Wall -fno-caret-diagnostics -O3 -std=c99 -pthread -I/usr/include/SDL -D_GNU_SOURCE=1 -D_REENTRANT -g -Wdeclaration-after-statement -Wall -Wno-parentheses -Wno-switch -Wno-format-zero-length -Wdisabled-optimization -Wpointer-arith -Wredundant-decls -Wno-pointer-sign -Wwrite-strings -Wundef -Wmissing-prototypes -Wno-pointer-to-int-cast -Wstrict-prototypes -fno-math-errno -fno-omit-frame-pointer E:\dev\otg_nomad\trunk\ffmpeg\libavutil\intmath.c
         In file included from <built-in>:174:
         In file included from <command line>:7:
         In file included from ..\..\libavutil/internal.h:39:
         In file included from E:\dev\otg_nomad\trunk\ffmpeg\libavutil/timer.h:39:
         In file included from E:\dev\otg_nomad\trunk\ffmpeg\libavutil/log.h:25:
         In file included from E:\dev\otg_nomad\trunk\ffmpeg\libavutil/avutil.h:288:
     1>E:\dev\otg_nomad\trunk\ffmpeg\libavutil/common.h(91,11): warning : dllimport attribute ignored [-Wignored-attributes]
         lfg.c
         orbis-clang.exe -o ORBIS_Debug\lfg.o -c -MD -fdiagnostics-format=msvc -I..\..\ -I"C:\Program Files (x86)\SCE\ORBIS SDKs\1.700_pre\host_tools\lib\clang\include" -I"C:\Program Files (x86)\SCE\ORBIS SDKs\1.700_pre\target\include" -I"C:\Program Files (x86)\SCE\ORBIS SDKs\1.700_pre\target\include_common" -D_DEBUG -Dmvaden -D"PROJ_USER=\"mvaden\"" -include config.h -include libavutil/internal.h -include sceKernelMacros.h -g -Wall -fno-caret-diagnostics -O3 -std=c99 -pthread -I/usr/include/SDL -D_GNU_SOURCE=1 -D_REENTRANT -g -Wdeclaration-after-statement -Wall -Wno-parentheses -Wno-switch -Wno-format-zero-length -Wdisabled-optimization -Wpointer-arith -Wredundant-decls -Wno-pointer-sign -Wwrite-strings -Wundef -Wmissing-prototypes -Wno-pointer-to-int-cast -Wstrict-prototypes -fno-math-errno -fno-omit-frame-pointer E:\dev\otg_nomad\trunk\ffmpeg\libavutil\lfg.c
         lls1.c
         orbis-clang.exe -o ORBIS_Debug\lls1.o -c -MD -fdiagnostics-format=msvc -I..\..\ -I"C:\Program Files (x86)\SCE\ORBIS SDKs\1.700_pre\host_tools\lib\clang\include" -I"C:\Program Files (x86)\SCE\ORBIS SDKs\1.700_pre\target\include" -I"C:\Program Files (x86)\SCE\ORBIS SDKs\1.700_pre\target\include_common" -D_DEBUG -Dmvaden -D"PROJ_USER=\"mvaden\"" -include config.h -include libavutil/internal.h -include sceKernelMacros.h -g -Wall -fno-caret-diagnostics -O3 -std=c99 -pthread -I/usr/include/SDL -D_GNU_SOURCE=1 -D_REENTRANT -g -Wdeclaration-after-statement -Wall -Wno-parentheses -Wno-switch -Wno-format-zero-length -Wdisabled-optimization -Wpointer-arith -Wredundant-decls -Wno-pointer-sign -Wwrite-strings -Wundef -Wmissing-prototypes -Wno-pointer-to-int-cast -Wstrict-prototypes -fno-math-errno -fno-omit-frame-pointer E:\dev\otg_nomad\trunk\ffmpeg\libavutil\lls1.c
         lls2.c
         orbis-clang.exe -o ORBIS_Debug\lls2.o -c -MD -fdiagnostics-format=msvc -I..\..\ -I"C:\Program Files (x86)\SCE\ORBIS SDKs\1.700_pre\host_tools\lib\clang\include" -I"C:\Program Files (x86)\SCE\ORBIS SDKs\1.700_pre\target\include" -I"C:\Program Files (x86)\SCE\ORBIS SDKs\1.700_pre\target\include_common" -D_DEBUG -Dmvaden -D"PROJ_USER=\"mvaden\"" -include config.h -include libavutil/internal.h -include sceKernelMacros.h -g -Wall -fno-caret-diagnostics -O3 -std=c99 -pthread -I/usr/include/SDL -D_GNU_SOURCE=1 -D_REENTRANT -g -Wdeclaration-after-statement -Wall -Wno-parentheses -Wno-switch -Wno-format-zero-length -Wdisabled-optimization -Wpointer-arith -Wredundant-decls -Wno-pointer-sign -Wwrite-strings -Wundef -Wmissing-prototypes -Wno-pointer-to-int-cast -Wstrict-prototypes -fno-math-errno -fno-omit-frame-pointer E:\dev\otg_nomad\trunk\ffmpeg\libavutil\lls2.c
         log.c
         orbis-clang.exe -o ORBIS_Debug\log.o -c -MD -fdiagnostics-format=msvc -I..\..\ -I"C:\Program Files (x86)\SCE\ORBIS SDKs\1.700_pre\host_tools\lib\clang\include" -I"C:\Program Files (x86)\SCE\ORBIS SDKs\1.700_pre\target\include" -I"C:\Program Files (x86)\SCE\ORBIS SDKs\1.700_pre\target\include_common" -D_DEBUG -Dmvaden -D"PROJ_USER=\"mvaden\"" -include config.h -include libavutil/internal.h -include sceKernelMacros.h -g -Wall -fno-caret-diagnostics -O3 -std=c99 -pthread -I/usr/include/SDL -D_GNU_SOURCE=1 -D_REENTRANT -g -Wdeclaration-after-statement -Wall -Wno-parentheses -Wno-switch -Wno-format-zero-length -Wdisabled-optimization -Wpointer-arith -Wredundant-decls -Wno-pointer-sign -Wwrite-strings -Wundef -Wmissing-prototypes -Wno-pointer-to-int-cast -Wstrict-prototypes -fno-math-errno -fno-omit-frame-pointer E:\dev\otg_nomad\trunk\ffmpeg\libavutil\log.c
         In file included from <built-in>:174:
         In file included from <command line>:7:
         In file included from ..\..\libavutil/internal.h:39:
         In file included from E:\dev\otg_nomad\trunk\ffmpeg\libavutil/timer.h:39:
     1>E:\dev\otg_nomad\trunk\ffmpeg\libavutil/log.h(208,1): warning : dllimport attribute ignored [-Wignored-attributes]
         E:\dev\otg_nomad\trunk\ffmpeg\libavutil/rational.h(33,33) :  note: expanded from macro 'PRX_INTERFACE'
         In file included from <built-in>:174:
         In file included from <command line>:7:
         In file included from ..\..\libavutil/internal.h:39:
         In file included from E:\dev\otg_nomad\trunk\ffmpeg\libavutil/timer.h:39:
     1>E:\dev\otg_nomad\trunk\ffmpeg\libavutil/log.h(244,11): warning : dllimport attribute ignored [-Wignored-attributes]
         log2_tab.c
         orbis-clang.exe -o ORBIS_Debug\log2_tab.o -c -MD -fdiagnostics-format=msvc -I..\..\ -I"C:\Program Files (x86)\SCE\ORBIS SDKs\1.700_pre\host_tools\lib\clang\include" -I"C:\Program Files (x86)\SCE\ORBIS SDKs\1.700_pre\target\include" -I"C:\Program Files (x86)\SCE\ORBIS SDKs\1.700_pre\target\include_common" -D_DEBUG -Dmvaden -D"PROJ_USER=\"mvaden\"" -include config.h -include libavutil/internal.h -include sceKernelMacros.h -g -Wall -fno-caret-diagnostics -O3 -std=c99 -pthread -I/usr/include/SDL -D_GNU_SOURCE=1 -D_REENTRANT -g -Wdeclaration-after-statement -Wall -Wno-parentheses -Wno-switch -Wno-format-zero-length -Wdisabled-optimization -Wpointer-arith -Wredundant-decls -Wno-pointer-sign -Wwrite-strings -Wundef -Wmissing-prototypes -Wno-pointer-to-int-cast -Wstrict-prototypes -fno-math-errno -fno-omit-frame-pointer E:\dev\otg_nomad\trunk\ffmpeg\libavutil\log2_tab.c
         lzo.c
         orbis-clang.exe -o ORBIS_Debug\lzo.o -c -MD -fdiagnostics-format=msvc -I..\..\ -I"C:\Program Files (x86)\SCE\ORBIS SDKs\1.700_pre\host_tools\lib\clang\include" -I"C:\Program Files (x86)\SCE\ORBIS SDKs\1.700_pre\target\include" -I"C:\Program Files (x86)\SCE\ORBIS SDKs\1.700_pre\target\include_common" -D_DEBUG -Dmvaden -D"PROJ_USER=\"mvaden\"" -include config.h -include libavutil/internal.h -include sceKernelMacros.h -g -Wall -fno-caret-diagnostics -O3 -std=c99 -pthread -I/usr/include/SDL -D_GNU_SOURCE=1 -D_REENTRANT -g -Wdeclaration-after-statement -Wall -Wno-parentheses -Wno-switch -Wno-format-zero-length -Wdisabled-optimization -Wpointer-arith -Wredundant-decls -Wno-pointer-sign -Wwrite-strings -Wundef -Wmissing-prototypes -Wno-pointer-to-int-cast -Wstrict-prototypes -fno-math-errno -fno-omit-frame-pointer E:\dev\otg_nomad\trunk\ffmpeg\libavutil\lzo.c
         mathematics.c
         orbis-clang.exe -o ORBIS_Debug\mathematics.o -c -MD -fdiagnostics-format=msvc -I..\..\ -I"C:\Program Files (x86)\SCE\ORBIS SDKs\1.700_pre\host_tools\lib\clang\include" -I"C:\Program Files (x86)\SCE\ORBIS SDKs\1.700_pre\target\include" -I"C:\Program Files (x86)\SCE\ORBIS SDKs\1.700_pre\target\include_common" -D_DEBUG -Dmvaden -D"PROJ_USER=\"mvaden\"" -include config.h -include libavutil/internal.h -include sceKernelMacros.h -g -Wall -fno-caret-diagnostics -O3 -std=c99 -pthread -I/usr/include/SDL -D_GNU_SOURCE=1 -D_REENTRANT -g -Wdeclaration-after-statement -Wall -Wno-parentheses -Wno-switch -Wno-format-zero-length -Wdisabled-optimization -Wpointer-arith -Wredundant-decls -Wno-pointer-sign -Wwrite-strings -Wundef -Wmissing-prototypes -Wno-pointer-to-int-cast -Wstrict-prototypes -fno-math-errno -fno-omit-frame-pointer E:\dev\otg_nomad\trunk\ffmpeg\libavutil\mathematics.c
         In file included from <built-in>:174:
         In file included from <command line>:7:
         In file included from ..\..\libavutil/internal.h:39:
         In file included from E:\dev\otg_nomad\trunk\ffmpeg\libavutil/timer.h:39:
         In file included from E:\dev\otg_nomad\trunk\ffmpeg\libavutil/log.h:25:
         In file included from E:\dev\otg_nomad\trunk\ffmpeg\libavutil/avutil.h:292:
     1>E:\dev\otg_nomad\trunk\ffmpeg\libavutil/mathematics.h(84,11): warning : dllimport attribute ignored [-Wignored-attributes]
     1>E:\dev\otg_nomad\trunk\ffmpeg\libavutil/mathematics.h(99,11): warning : dllimport attribute ignored [-Wignored-attributes]
     1>E:\dev\otg_nomad\trunk\ffmpeg\libavutil/mathematics.h(90,11): warning : dllimport attribute ignored [-Wignored-attributes]
     1>E:\dev\otg_nomad\trunk\ffmpeg\libavutil/mathematics.h(112,11): warning : dllimport attribute ignored [-Wignored-attributes]
     1>E:\dev\otg_nomad\trunk\ffmpeg\libavutil/mathematics.h(104,11): warning : dllimport attribute ignored [-Wignored-attributes]
     1>E:\dev\otg_nomad\trunk\ffmpeg\libavutil/mathematics.h(121,11): warning : dllimport attribute ignored [-Wignored-attributes]
     1>E:\dev\otg_nomad\trunk\ffmpeg\libavutil/mathematics.h(133,11): warning : dllimport attribute ignored [-Wignored-attributes]
     1>E:\dev\otg_nomad\trunk\ffmpeg\libavutil/mathematics.h(144,11): warning : dllimport attribute ignored [-Wignored-attributes]
     1>E:\dev\otg_nomad\trunk\ffmpeg\libavutil/mathematics.h(157,11): warning : dllimport attribute ignored [-Wignored-attributes]
         md5.c
         orbis-clang.exe -o ORBIS_Debug\md5.o -c -MD -fdiagnostics-format=msvc -I..\..\ -I"C:\Program Files (x86)\SCE\ORBIS SDKs\1.700_pre\host_tools\lib\clang\include" -I"C:\Program Files (x86)\SCE\ORBIS SDKs\1.700_pre\target\include" -I"C:\Program Files (x86)\SCE\ORBIS SDKs\1.700_pre\target\include_common" -D_DEBUG -Dmvaden -D"PROJ_USER=\"mvaden\"" -include config.h -include libavutil/internal.h -include sceKernelMacros.h -g -Wall -fno-caret-diagnostics -O3 -std=c99 -pthread -I/usr/include/SDL -D_GNU_SOURCE=1 -D_REENTRANT -g -Wdeclaration-after-statement -Wall -Wno-parentheses -Wno-switch -Wno-format-zero-length -Wdisabled-optimization -Wpointer-arith -Wredundant-decls -Wno-pointer-sign -Wwrite-strings -Wundef -Wmissing-prototypes -Wno-pointer-to-int-cast -Wstrict-prototypes -fno-math-errno -fno-omit-frame-pointer E:\dev\otg_nomad\trunk\ffmpeg\libavutil\md5.c
         mem.c
         orbis-clang.exe -o ORBIS_Debug\mem.o -c -MD -fdiagnostics-format=msvc -I..\..\ -I"C:\Program Files (x86)\SCE\ORBIS SDKs\1.700_pre\host_tools\lib\clang\include" -I"C:\Program Files (x86)\SCE\ORBIS SDKs\1.700_pre\target\include" -I"C:\Program Files (x86)\SCE\ORBIS SDKs\1.700_pre\target\include_common" -D_DEBUG -Dmvaden -D"PROJ_USER=\"mvaden\"" -include config.h -include libavutil/internal.h -include sceKernelMacros.h -g -Wall -fno-caret-diagnostics -O3 -std=c99 -pthread -I/usr/include/SDL -D_GNU_SOURCE=1 -D_REENTRANT -g -Wdeclaration-after-statement -Wall -Wno-parentheses -Wno-switch -Wno-format-zero-length -Wdisabled-optimization -Wpointer-arith -Wredundant-decls -Wno-pointer-sign -Wwrite-strings -Wundef -Wmissing-prototypes -Wno-pointer-to-int-cast -Wstrict-prototypes -fno-math-errno -fno-omit-frame-pointer E:\dev\otg_nomad\trunk\ffmpeg\libavutil\mem.c
         In file included from <built-in>:174:
         In file included from <command line>:7:
         In file included from ..\..\libavutil/internal.h:39:
         In file included from E:\dev\otg_nomad\trunk\ffmpeg\libavutil/timer.h:39:
         In file included from E:\dev\otg_nomad\trunk\ffmpeg\libavutil/log.h:25:
         In file included from E:\dev\otg_nomad\trunk\ffmpeg\libavutil/avutil.h:288:
         In file included from E:\dev\otg_nomad\trunk\ffmpeg\libavutil/common.h:412:
     1>E:\dev\otg_nomad\trunk\ffmpeg\libavutil/mem.h(331): warning : dllimport attribute ignored [-Wignored-attributes]
         E:\dev\otg_nomad\trunk\ffmpeg\libavutil/mem.h(32,33) :  note: expanded from macro 'PRX_INTERFACE'
     1>E:\dev\otg_nomad\trunk\ffmpeg\libavutil/mem.h(89): warning : dllimport attribute ignored [-Wignored-attributes]
         E:\dev\otg_nomad\trunk\ffmpeg\libavutil/mem.h(32,33) :  note: expanded from macro 'PRX_INTERFACE'
     1>E:\dev\otg_nomad\trunk\ffmpeg\libavutil/mem.h(201): warning : dllimport attribute ignored [-Wignored-attributes]
         E:\dev\otg_nomad\trunk\ffmpeg\libavutil/mem.h(32,33) :  note: expanded from macro 'PRX_INTERFACE'
     1>E:\dev\otg_nomad\trunk\ffmpeg\libavutil/mem.h(264): warning : dllimport attribute ignored [-Wignored-attributes]
         E:\dev\otg_nomad\trunk\ffmpeg\libavutil/mem.h(32,33) :  note: expanded from macro 'PRX_INTERFACE'
     1>E:\dev\otg_nomad\trunk\ffmpeg\libavutil/mem.h(211): warning : dllimport attribute ignored [-Wignored-attributes]
         E:\dev\otg_nomad\trunk\ffmpeg\libavutil/mem.h(32,33) :  note: expanded from macro 'PRX_INTERFACE'
     1>E:\dev\otg_nomad\trunk\ffmpeg\libavutil/mem.h(287): warning : dllimport attribute ignored [-Wignored-attributes]
         E:\dev\otg_nomad\trunk\ffmpeg\libavutil/mem.h(32,33) :  note: expanded from macro 'PRX_INTERFACE'
     1>E:\dev\otg_nomad\trunk\ffmpeg\libavutil/mem.h(310): warning : dllimport attribute ignored [-Wignored-attributes]
         E:\dev\otg_nomad\trunk\ffmpeg\libavutil/mem.h(32,33) :  note: expanded from macro 'PRX_INTERFACE'
     1>E:\dev\otg_nomad\trunk\ffmpeg\libavutil/mem.h(342): warning : dllimport attribute ignored [-Wignored-attributes]
         E:\dev\otg_nomad\trunk\ffmpeg\libavutil/mem.h(32,33) :  note: expanded from macro 'PRX_INTERFACE'
     1>E:\dev\otg_nomad\trunk\ffmpeg\libavutil/mem.h(349): warning : dllimport attribute ignored [-Wignored-attributes]
         E:\dev\otg_nomad\trunk\ffmpeg\libavutil/mem.h(32,33) :  note: expanded from macro 'PRX_INTERFACE'
     1>E:\dev\otg_nomad\trunk\ffmpeg\libavutil/mem.h(363): warning : dllimport attribute ignored [-Wignored-attributes]
         E:\dev\otg_nomad\trunk\ffmpeg\libavutil/mem.h(32,33) :  note: expanded from macro 'PRX_INTERFACE'
         murmur3.c
         orbis-clang.exe -o ORBIS_Debug\murmur3.o -c -MD -fdiagnostics-format=msvc -I..\..\ -I"C:\Program Files (x86)\SCE\ORBIS SDKs\1.700_pre\host_tools\lib\clang\include" -I"C:\Program Files (x86)\SCE\ORBIS SDKs\1.700_pre\target\include" -I"C:\Program Files (x86)\SCE\ORBIS SDKs\1.700_pre\target\include_common" -D_DEBUG -Dmvaden -D"PROJ_USER=\"mvaden\"" -include config.h -include libavutil/internal.h -include sceKernelMacros.h -g -Wall -fno-caret-diagnostics -O3 -std=c99 -pthread -I/usr/include/SDL -D_GNU_SOURCE=1 -D_REENTRANT -g -Wdeclaration-after-statement -Wall -Wno-parentheses -Wno-switch -Wno-format-zero-length -Wdisabled-optimization -Wpointer-arith -Wredundant-decls -Wno-pointer-sign -Wwrite-strings -Wundef -Wmissing-prototypes -Wno-pointer-to-int-cast -Wstrict-prototypes -fno-math-errno -fno-omit-frame-pointer E:\dev\otg_nomad\trunk\ffmpeg\libavutil\murmur3.c
         opt.c
         orbis-clang.exe -o ORBIS_Debug\opt.o -c -MD -fdiagnostics-format=msvc -I..\..\ -I"C:\Program Files (x86)\SCE\ORBIS SDKs\1.700_pre\host_tools\lib\clang\include" -I"C:\Program Files (x86)\SCE\ORBIS SDKs\1.700_pre\target\include" -I"C:\Program Files (x86)\SCE\ORBIS SDKs\1.700_pre\target\include_common" -D_DEBUG -Dmvaden -D"PROJ_USER=\"mvaden\"" -include config.h -include libavutil/internal.h -include sceKernelMacros.h -g -Wall -fno-caret-diagnostics -O3 -std=c99 -pthread -I/usr/include/SDL -D_GNU_SOURCE=1 -D_REENTRANT -g -Wdeclaration-after-statement -Wall -Wno-parentheses -Wno-switch -Wno-format-zero-length -Wdisabled-optimization -Wpointer-arith -Wredundant-decls -Wno-pointer-sign -Wwrite-strings -Wundef -Wmissing-prototypes -Wno-pointer-to-int-cast -Wstrict-prototypes -fno-math-errno -fno-omit-frame-pointer E:\dev\otg_nomad\trunk\ffmpeg\libavutil\opt.c
         In file included from E:\dev\otg_nomad\trunk\ffmpeg\libavutil\opt.c:32:
     1>E:\dev\otg_nomad\trunk\ffmpeg\libavutil/opt.h(664,11): warning : dllimport attribute ignored [-Wignored-attributes]
     1>E:\dev\otg_nomad\trunk\ffmpeg\libavutil/opt.h(665,11): warning : dllimport attribute ignored [-Wignored-attributes]
     1>E:\dev\otg_nomad\trunk\ffmpeg\libavutil/opt.h(666,11): warning : dllimport attribute ignored [-Wignored-attributes]
     1>E:\dev\otg_nomad\trunk\ffmpeg\libavutil/opt.h(667,11): warning : dllimport attribute ignored [-Wignored-attributes]
     1>E:\dev\otg_nomad\trunk\ffmpeg\libavutil/opt.h(668,11): warning : dllimport attribute ignored [-Wignored-attributes]
     1>E:\dev\otg_nomad\trunk\ffmpeg\libavutil/opt.h(671,11): warning : dllimport attribute ignored [-Wignored-attributes]
     1>E:\dev\otg_nomad\trunk\ffmpeg\libavutil/opt.h(669,11): warning : dllimport attribute ignored [-Wignored-attributes]
     1>E:\dev\otg_nomad\trunk\ffmpeg\libavutil/opt.h(670,11): warning : dllimport attribute ignored [-Wignored-attributes]
     1>E:\dev\otg_nomad\trunk\ffmpeg\libavutil/opt.h(672,11): warning : dllimport attribute ignored [-Wignored-attributes]
     1>E:\dev\otg_nomad\trunk\ffmpeg\libavutil/opt.h(708,11): warning : dllimport attribute ignored [-Wignored-attributes]
     1>E:\dev\otg_nomad\trunk\ffmpeg\libavutil/opt.h(709,11): warning : dllimport attribute ignored [-Wignored-attributes]
     1>E:\dev\otg_nomad\trunk\ffmpeg\libavutil/opt.h(710,11): warning : dllimport attribute ignored [-Wignored-attributes]
     1>E:\dev\otg_nomad\trunk\ffmpeg\libavutil/opt.h(711,11): warning : dllimport attribute ignored [-Wignored-attributes]
     1>E:\dev\otg_nomad\trunk\ffmpeg\libavutil/opt.h(712,11): warning : dllimport attribute ignored [-Wignored-attributes]
     1>E:\dev\otg_nomad\trunk\ffmpeg\libavutil/opt.h(715,11): warning : dllimport attribute ignored [-Wignored-attributes]
     1>E:\dev\otg_nomad\trunk\ffmpeg\libavutil/opt.h(713,11): warning : dllimport attribute ignored [-Wignored-attributes]
     1>E:\dev\otg_nomad\trunk\ffmpeg\libavutil/opt.h(714,11): warning : dllimport attribute ignored [-Wignored-attributes]
     1>E:\dev\otg_nomad\trunk\ffmpeg\libavutil/opt.h(716,11): warning : dllimport attribute ignored [-Wignored-attributes]
     1>E:\dev\otg_nomad\trunk\ffmpeg\libavutil/opt.h(406): warning : dllimport attribute ignored [-Wignored-attributes]
         E:\dev\otg_nomad\trunk\ffmpeg\libavutil/channel_layout.h(28,33) :  note: expanded from macro 'PRX_INTERFACE'
     1>E:\dev\otg_nomad\trunk\ffmpeg\libavutil\opt.c(1148,4): warning : 'av_opt_set_defaults2' is deprecated [-Wdeprecated-declarations]
         E:\dev\otg_nomad\trunk\ffmpeg\libavutil/opt.h(410,5) :  note: 'av_opt_set_defaults2' declared here
         misc_kernel.c
         orbis-clang.exe -o ORBIS_Debug\misc_kernel.o -c -MD -fdiagnostics-format=msvc -I..\..\ -I"C:\Program Files (x86)\SCE\ORBIS SDKs\1.700_pre\host_tools\lib\clang\include" -I"C:\Program Files (x86)\SCE\ORBIS SDKs\1.700_pre\target\include" -I"C:\Program Files (x86)\SCE\ORBIS SDKs\1.700_pre\target\include_common" -D_DEBUG -Dmvaden -D"PROJ_USER=\"mvaden\"" -include config.h -include libavutil/internal.h -include sceKernelMacros.h -g -Wall -fno-caret-diagnostics -O3 -std=c99 -pthread -I/usr/include/SDL -D_GNU_SOURCE=1 -D_REENTRANT -g -Wdeclaration-after-statement -Wall -Wno-parentheses -Wno-switch -Wno-format-zero-length -Wdisabled-optimization -Wpointer-arith -Wredundant-decls -Wno-pointer-sign -Wwrite-strings -Wundef -Wmissing-prototypes -Wno-pointer-to-int-cast -Wstrict-prototypes -fno-math-errno -fno-omit-frame-pointer E:\dev\otg_nomad\trunk\ffmpeg\libavutil\orbis\misc_kernel.c
     1>E:\dev\otg_nomad\trunk\ffmpeg\libavutil\orbis\misc_kernel.c(106,6): warning : no previous prototype for function 'tempnam' [-Wmissing-prototypes]
         parseutils.c
         orbis-clang.exe -o ORBIS_Debug\parseutils.o -c -MD -fdiagnostics-format=msvc -I..\..\ -I"C:\Program Files (x86)\SCE\ORBIS SDKs\1.700_pre\host_tools\lib\clang\include" -I"C:\Program Files (x86)\SCE\ORBIS SDKs\1.700_pre\target\include" -I"C:\Program Files (x86)\SCE\ORBIS SDKs\1.700_pre\target\include_common" -D_DEBUG -Dmvaden -D"PROJ_USER=\"mvaden\"" -include config.h -include libavutil/internal.h -include sceKernelMacros.h -g -Wall -fno-caret-diagnostics -O3 -std=c99 -pthread -I/usr/include/SDL -D_GNU_SOURCE=1 -D_REENTRANT -g -Wdeclaration-after-statement -Wall -Wno-parentheses -Wno-switch -Wno-format-zero-length -Wdisabled-optimization -Wpointer-arith -Wredundant-decls -Wno-pointer-sign -Wwrite-strings -Wundef -Wmissing-prototypes -Wno-pointer-to-int-cast -Wstrict-prototypes -fno-math-errno -fno-omit-frame-pointer E:\dev\otg_nomad\trunk\ffmpeg\libavutil\parseutils.c
         pca.c
         orbis-clang.exe -o ORBIS_Debug\pca.o -c -MD -fdiagnostics-format=msvc -I..\..\ -I"C:\Program Files (x86)\SCE\ORBIS SDKs\1.700_pre\host_tools\lib\clang\include" -I"C:\Program Files (x86)\SCE\ORBIS SDKs\1.700_pre\target\include" -I"C:\Program Files (x86)\SCE\ORBIS SDKs\1.700_pre\target\include_common" -D_DEBUG -Dmvaden -D"PROJ_USER=\"mvaden\"" -include config.h -include libavutil/internal.h -include sceKernelMacros.h -g -Wall -fno-caret-diagnostics -O3 -std=c99 -pthread -I/usr/include/SDL -D_GNU_SOURCE=1 -D_REENTRANT -g -Wdeclaration-after-statement -Wall -Wno-parentheses -Wno-switch -Wno-format-zero-length -Wdisabled-optimization -Wpointer-arith -Wredundant-decls -Wno-pointer-sign -Wwrite-strings -Wundef -Wmissing-prototypes -Wno-pointer-to-int-cast -Wstrict-prototypes -fno-math-errno -fno-omit-frame-pointer E:\dev\otg_nomad\trunk\ffmpeg\libavutil\pca.c
         pixdesc.c
         orbis-clang.exe -o ORBIS_Debug\pixdesc.o -c -MD -fdiagnostics-format=msvc -I..\..\ -I"C:\Program Files (x86)\SCE\ORBIS SDKs\1.700_pre\host_tools\lib\clang\include" -I"C:\Program Files (x86)\SCE\ORBIS SDKs\1.700_pre\target\include" -I"C:\Program Files (x86)\SCE\ORBIS SDKs\1.700_pre\target\include_common" -D_DEBUG -Dmvaden -D"PROJ_USER=\"mvaden\"" -include config.h -include libavutil/internal.h -include sceKernelMacros.h -g -Wall -fno-caret-diagnostics -O3 -std=c99 -pthread -I/usr/include/SDL -D_GNU_SOURCE=1 -D_REENTRANT -g -Wdeclaration-after-statement -Wall -Wno-parentheses -Wno-switch -Wno-format-zero-length -Wdisabled-optimization -Wpointer-arith -Wredundant-decls -Wno-pointer-sign -Wwrite-strings -Wundef -Wmissing-prototypes -Wno-pointer-to-int-cast -Wstrict-prototypes -fno-math-errno -fno-omit-frame-pointer E:\dev\otg_nomad\trunk\ffmpeg\libavutil\pixdesc.c
     1>E:\dev\otg_nomad\trunk\ffmpeg\libavutil\pixdesc.c(2018,31): warning : 'av_pix_fmt_descriptors' is deprecated [-Wdeprecated-declarations]
         E:\dev\otg_nomad\trunk\ffmpeg\libavutil/common.h(70,34) :  note: expanded from macro 'FF_ARRAY_ELEMS'
         E:\dev\otg_nomad\trunk\ffmpeg\libavutil\pixdesc.c(133,25) :  note: 'av_pix_fmt_descriptors' declared here
     1>E:\dev\otg_nomad\trunk\ffmpeg\libavutil\pixdesc.c(2018,31): warning : 'av_pix_fmt_descriptors' is deprecated [-Wdeprecated-declarations]
         E:\dev\otg_nomad\trunk\ffmpeg\libavutil/common.h(70,47) :  note: expanded from macro 'FF_ARRAY_ELEMS'
         E:\dev\otg_nomad\trunk\ffmpeg\libavutil\pixdesc.c(133,25) :  note: 'av_pix_fmt_descriptors' declared here
     1>E:\dev\otg_nomad\trunk\ffmpeg\libavutil\pixdesc.c(2019,39): warning : 'av_pix_fmt_descriptors' is deprecated [-Wdeprecated-declarations]
         E:\dev\otg_nomad\trunk\ffmpeg\libavutil\pixdesc.c(133,25) :  note: 'av_pix_fmt_descriptors' declared here
         random_seed.c
         orbis-clang.exe -o ORBIS_Debug\random_seed.o -c -MD -fdiagnostics-format=msvc -I..\..\ -I"C:\Program Files (x86)\SCE\ORBIS SDKs\1.700_pre\host_tools\lib\clang\include" -I"C:\Program Files (x86)\SCE\ORBIS SDKs\1.700_pre\target\include" -I"C:\Program Files (x86)\SCE\ORBIS SDKs\1.700_pre\target\include_common" -D_DEBUG -Dmvaden -D"PROJ_USER=\"mvaden\"" -include config.h -include libavutil/internal.h -include sceKernelMacros.h -g -Wall -fno-caret-diagnostics -O3 -std=c99 -pthread -I/usr/include/SDL -D_GNU_SOURCE=1 -D_REENTRANT -g -Wdeclaration-after-statement -Wall -Wno-parentheses -Wno-switch -Wno-format-zero-length -Wdisabled-optimization -Wpointer-arith -Wredundant-decls -Wno-pointer-sign -Wwrite-strings -Wundef -Wmissing-prototypes -Wno-pointer-to-int-cast -Wstrict-prototypes -fno-math-errno -fno-omit-frame-pointer E:\dev\otg_nomad\trunk\ffmpeg\libavutil\random_seed.c
         rational.c
         orbis-clang.exe -o ORBIS_Debug\rational.o -c -MD -fdiagnostics-format=msvc -I..\..\ -I"C:\Program Files (x86)\SCE\ORBIS SDKs\1.700_pre\host_tools\lib\clang\include" -I"C:\Program Files (x86)\SCE\ORBIS SDKs\1.700_pre\target\include" -I"C:\Program Files (x86)\SCE\ORBIS SDKs\1.700_pre\target\include_common" -D_DEBUG -Dmvaden -D"PROJ_USER=\"mvaden\"" -include config.h -include libavutil/internal.h -include sceKernelMacros.h -g -Wall -fno-caret-diagnostics -O3 -std=c99 -pthread -I/usr/include/SDL -D_GNU_SOURCE=1 -D_REENTRANT -g -Wdeclaration-after-statement -Wall -Wno-parentheses -Wno-switch -Wno-format-zero-length -Wdisabled-optimization -Wpointer-arith -Wredundant-decls -Wno-pointer-sign -Wwrite-strings -Wundef -Wmissing-prototypes -Wno-pointer-to-int-cast -Wstrict-prototypes -fno-math-errno -fno-omit-frame-pointer E:\dev\otg_nomad\trunk\ffmpeg\libavutil\rational.c
         In file included from <built-in>:174:
         In file included from <command line>:7:
         In file included from ..\..\libavutil/internal.h:39:
         In file included from E:\dev\otg_nomad\trunk\ffmpeg\libavutil/timer.h:39:
         In file included from E:\dev\otg_nomad\trunk\ffmpeg\libavutil/log.h:25:
         In file included from E:\dev\otg_nomad\trunk\ffmpeg\libavutil/avutil.h:292:
         In file included from E:\dev\otg_nomad\trunk\ffmpeg\libavutil/mathematics.h:27:
     1>E:\dev\otg_nomad\trunk\ffmpeg\libavutil/rational.h(98): warning : dllimport attribute ignored [-Wignored-attributes]
         E:\dev\otg_nomad\trunk\ffmpeg\libavutil/rational.h(33,33) :  note: expanded from macro 'PRX_INTERFACE'
         rc4.c
         orbis-clang.exe -o ORBIS_Debug\rc4.o -c -MD -fdiagnostics-format=msvc -I..\..\ -I"C:\Program Files (x86)\SCE\ORBIS SDKs\1.700_pre\host_tools\lib\clang\include" -I"C:\Program Files (x86)\SCE\ORBIS SDKs\1.700_pre\target\include" -I"C:\Program Files (x86)\SCE\ORBIS SDKs\1.700_pre\target\include_common" -D_DEBUG -Dmvaden -D"PROJ_USER=\"mvaden\"" -include config.h -include libavutil/internal.h -include sceKernelMacros.h -g -Wall -fno-caret-diagnostics -O3 -std=c99 -pthread -I/usr/include/SDL -D_GNU_SOURCE=1 -D_REENTRANT -g -Wdeclaration-after-statement -Wall -Wno-parentheses -Wno-switch -Wno-format-zero-length -Wdisabled-optimization -Wpointer-arith -Wredundant-decls -Wno-pointer-sign -Wwrite-strings -Wundef -Wmissing-prototypes -Wno-pointer-to-int-cast -Wstrict-prototypes -fno-math-errno -fno-omit-frame-pointer E:\dev\otg_nomad\trunk\ffmpeg\libavutil\rc4.c
         ripemd.c
         orbis-clang.exe -o ORBIS_Debug\ripemd.o -c -MD -fdiagnostics-format=msvc -I..\..\ -I"C:\Program Files (x86)\SCE\ORBIS SDKs\1.700_pre\host_tools\lib\clang\include" -I"C:\Program Files (x86)\SCE\ORBIS SDKs\1.700_pre\target\include" -I"C:\Program Files (x86)\SCE\ORBIS SDKs\1.700_pre\target\include_common" -D_DEBUG -Dmvaden -D"PROJ_USER=\"mvaden\"" -include config.h -include libavutil/internal.h -include sceKernelMacros.h -g -Wall -fno-caret-diagnostics -O3 -std=c99 -pthread -I/usr/include/SDL -D_GNU_SOURCE=1 -D_REENTRANT -g -Wdeclaration-after-statement -Wall -Wno-parentheses -Wno-switch -Wno-format-zero-length -Wdisabled-optimization -Wpointer-arith -Wredundant-decls -Wno-pointer-sign -Wwrite-strings -Wundef -Wmissing-prototypes -Wno-pointer-to-int-cast -Wstrict-prototypes -fno-math-errno -fno-omit-frame-pointer E:\dev\otg_nomad\trunk\ffmpeg\libavutil\ripemd.c
         samplefmt.c
         orbis-clang.exe -o ORBIS_Debug\samplefmt.o -c -MD -fdiagnostics-format=msvc -I..\..\ -I"C:\Program Files (x86)\SCE\ORBIS SDKs\1.700_pre\host_tools\lib\clang\include" -I"C:\Program Files (x86)\SCE\ORBIS SDKs\1.700_pre\target\include" -I"C:\Program Files (x86)\SCE\ORBIS SDKs\1.700_pre\target\include_common" -D_DEBUG -Dmvaden -D"PROJ_USER=\"mvaden\"" -include config.h -include libavutil/internal.h -include sceKernelMacros.h -g -Wall -fno-caret-diagnostics -O3 -std=c99 -pthread -I/usr/include/SDL -D_GNU_SOURCE=1 -D_REENTRANT -g -Wdeclaration-after-statement -Wall -Wno-parentheses -Wno-switch -Wno-format-zero-length -Wdisabled-optimization -Wpointer-arith -Wredundant-decls -Wno-pointer-sign -Wwrite-strings -Wundef -Wmissing-prototypes -Wno-pointer-to-int-cast -Wstrict-prototypes -fno-math-errno -fno-omit-frame-pointer E:\dev\otg_nomad\trunk\ffmpeg\libavutil\samplefmt.c
         In file included from E:\dev\otg_nomad\trunk\ffmpeg\libavutil\samplefmt.c:20:
     1>E:\dev\otg_nomad\trunk\ffmpeg\libavutil/samplefmt.h(70,11): warning : dllimport attribute ignored [-Wignored-attributes]
     1>E:\dev\otg_nomad\trunk\ffmpeg\libavutil/samplefmt.h(76,11): warning : dllimport attribute ignored [-Wignored-attributes]
     1>E:\dev\otg_nomad\trunk\ffmpeg\libavutil/samplefmt.h(84,11): warning : dllimport attribute ignored [-Wignored-attributes]
     1>E:\dev\otg_nomad\trunk\ffmpeg\libavutil/samplefmt.h(95,11): warning : dllimport attribute ignored [-Wignored-attributes]
     1>E:\dev\otg_nomad\trunk\ffmpeg\libavutil/samplefmt.h(106,11): warning : dllimport attribute ignored [-Wignored-attributes]
     1>E:\dev\otg_nomad\trunk\ffmpeg\libavutil/samplefmt.h(120,11): warning : dllimport attribute ignored [-Wignored-attributes]
     1>E:\dev\otg_nomad\trunk\ffmpeg\libavutil/samplefmt.h(137,11): warning : dllimport attribute ignored [-Wignored-attributes]
     1>E:\dev\otg_nomad\trunk\ffmpeg\libavutil/samplefmt.h(145,26): warning : dllimport attribute ignored [-Wignored-attributes]
         E:\dev\otg_nomad\trunk\ffmpeg\libavutil/cpu.h(27,33) :  note: expanded from macro 'PRX_INTERFACE'
         In file included from E:\dev\otg_nomad\trunk\ffmpeg\libavutil\samplefmt.c:20:
     1>E:\dev\otg_nomad\trunk\ffmpeg\libavutil/samplefmt.h(157,11): warning : dllimport attribute ignored [-Wignored-attributes]
     1>E:\dev\otg_nomad\trunk\ffmpeg\libavutil/samplefmt.h(190,11): warning : dllimport attribute ignored [-Wignored-attributes]
     1>E:\dev\otg_nomad\trunk\ffmpeg\libavutil/samplefmt.h(214,11): warning : dllimport attribute ignored [-Wignored-attributes]
     1>E:\dev\otg_nomad\trunk\ffmpeg\libavutil/samplefmt.h(226,11): warning : dllimport attribute ignored [-Wignored-attributes]
     1>E:\dev\otg_nomad\trunk\ffmpeg\libavutil/samplefmt.h(240,11): warning : dllimport attribute ignored [-Wignored-attributes]
     1>E:\dev\otg_nomad\trunk\ffmpeg\libavutil/samplefmt.h(253,11): warning : dllimport attribute ignored [-Wignored-attributes]
         sha.c
         orbis-clang.exe -o ORBIS_Debug\sha.o -c -MD -fdiagnostics-format=msvc -I..\..\ -I"C:\Program Files (x86)\SCE\ORBIS SDKs\1.700_pre\host_tools\lib\clang\include" -I"C:\Program Files (x86)\SCE\ORBIS SDKs\1.700_pre\target\include" -I"C:\Program Files (x86)\SCE\ORBIS SDKs\1.700_pre\target\include_common" -D_DEBUG -Dmvaden -D"PROJ_USER=\"mvaden\"" -include config.h -include libavutil/internal.h -include sceKernelMacros.h -g -Wall -fno-caret-diagnostics -O3 -std=c99 -pthread -I/usr/include/SDL -D_GNU_SOURCE=1 -D_REENTRANT -g -Wdeclaration-after-statement -Wall -Wno-parentheses -Wno-switch -Wno-format-zero-length -Wdisabled-optimization -Wpointer-arith -Wredundant-decls -Wno-pointer-sign -Wwrite-strings -Wundef -Wmissing-prototypes -Wno-pointer-to-int-cast -Wstrict-prototypes -fno-math-errno -fno-omit-frame-pointer E:\dev\otg_nomad\trunk\ffmpeg\libavutil\sha.c
         sha512.c
         orbis-clang.exe -o ORBIS_Debug\sha512.o -c -MD -fdiagnostics-format=msvc -I..\..\ -I"C:\Program Files (x86)\SCE\ORBIS SDKs\1.700_pre\host_tools\lib\clang\include" -I"C:\Program Files (x86)\SCE\ORBIS SDKs\1.700_pre\target\include" -I"C:\Program Files (x86)\SCE\ORBIS SDKs\1.700_pre\target\include_common" -D_DEBUG -Dmvaden -D"PROJ_USER=\"mvaden\"" -include config.h -include libavutil/internal.h -include sceKernelMacros.h -g -Wall -fno-caret-diagnostics -O3 -std=c99 -pthread -I/usr/include/SDL -D_GNU_SOURCE=1 -D_REENTRANT -g -Wdeclaration-after-statement -Wall -Wno-parentheses -Wno-switch -Wno-format-zero-length -Wdisabled-optimization -Wpointer-arith -Wredundant-decls -Wno-pointer-sign -Wwrite-strings -Wundef -Wmissing-prototypes -Wno-pointer-to-int-cast -Wstrict-prototypes -fno-math-errno -fno-omit-frame-pointer E:\dev\otg_nomad\trunk\ffmpeg\libavutil\sha512.c
         softfloat.c
         orbis-clang.exe -o ORBIS_Debug\softfloat.o -c -MD -fdiagnostics-format=msvc -I..\..\ -I"C:\Program Files (x86)\SCE\ORBIS SDKs\1.700_pre\host_tools\lib\clang\include" -I"C:\Program Files (x86)\SCE\ORBIS SDKs\1.700_pre\target\include" -I"C:\Program Files (x86)\SCE\ORBIS SDKs\1.700_pre\target\include_common" -D_DEBUG -Dmvaden -D"PROJ_USER=\"mvaden\"" -include config.h -include libavutil/internal.h -include sceKernelMacros.h -g -Wall -fno-caret-diagnostics -O3 -std=c99 -pthread -I/usr/include/SDL -D_GNU_SOURCE=1 -D_REENTRANT -g -Wdeclaration-after-statement -Wall -Wno-parentheses -Wno-switch -Wno-format-zero-length -Wdisabled-optimization -Wpointer-arith -Wredundant-decls -Wno-pointer-sign -Wwrite-strings -Wundef -Wmissing-prototypes -Wno-pointer-to-int-cast -Wstrict-prototypes -fno-math-errno -fno-omit-frame-pointer E:\dev\otg_nomad\trunk\ffmpeg\libavutil\softfloat.c
         stereo3d.c
         orbis-clang.exe -o ORBIS_Debug\stereo3d.o -c -MD -fdiagnostics-format=msvc -I..\..\ -I"C:\Program Files (x86)\SCE\ORBIS SDKs\1.700_pre\host_tools\lib\clang\include" -I"C:\Program Files (x86)\SCE\ORBIS SDKs\1.700_pre\target\include" -I"C:\Program Files (x86)\SCE\ORBIS SDKs\1.700_pre\target\include_common" -D_DEBUG -Dmvaden -D"PROJ_USER=\"mvaden\"" -include config.h -include libavutil/internal.h -include sceKernelMacros.h -g -Wall -fno-caret-diagnostics -O3 -std=c99 -pthread -I/usr/include/SDL -D_GNU_SOURCE=1 -D_REENTRANT -g -Wdeclaration-after-statement -Wall -Wno-parentheses -Wno-switch -Wno-format-zero-length -Wdisabled-optimization -Wpointer-arith -Wredundant-decls -Wno-pointer-sign -Wwrite-strings -Wundef -Wmissing-prototypes -Wno-pointer-to-int-cast -Wstrict-prototypes -fno-math-errno -fno-omit-frame-pointer E:\dev\otg_nomad\trunk\ffmpeg\libavutil\stereo3d.c
         time.c
         orbis-clang.exe -o ORBIS_Debug\time.o -c -MD -fdiagnostics-format=msvc -I..\..\ -I"C:\Program Files (x86)\SCE\ORBIS SDKs\1.700_pre\host_tools\lib\clang\include" -I"C:\Program Files (x86)\SCE\ORBIS SDKs\1.700_pre\target\include" -I"C:\Program Files (x86)\SCE\ORBIS SDKs\1.700_pre\target\include_common" -D_DEBUG -Dmvaden -D"PROJ_USER=\"mvaden\"" -include config.h -include libavutil/internal.h -include sceKernelMacros.h -g -Wall -fno-caret-diagnostics -O3 -std=c99 -pthread -I/usr/include/SDL -D_GNU_SOURCE=1 -D_REENTRANT -g -Wdeclaration-after-statement -Wall -Wno-parentheses -Wno-switch -Wno-format-zero-length -Wdisabled-optimization -Wpointer-arith -Wredundant-decls -Wno-pointer-sign -Wwrite-strings -Wundef -Wmissing-prototypes -Wno-pointer-to-int-cast -Wstrict-prototypes -fno-math-errno -fno-omit-frame-pointer E:\dev\otg_nomad\trunk\ffmpeg\libavutil\time.c
         timecode.c
         orbis-clang.exe -o ORBIS_Debug\timecode.o -c -MD -fdiagnostics-format=msvc -I..\..\ -I"C:\Program Files (x86)\SCE\ORBIS SDKs\1.700_pre\host_tools\lib\clang\include" -I"C:\Program Files (x86)\SCE\ORBIS SDKs\1.700_pre\target\include" -I"C:\Program Files (x86)\SCE\ORBIS SDKs\1.700_pre\target\include_common" -D_DEBUG -Dmvaden -D"PROJ_USER=\"mvaden\"" -include config.h -include libavutil/internal.h -include sceKernelMacros.h -g -Wall -fno-caret-diagnostics -O3 -std=c99 -pthread -I/usr/include/SDL -D_GNU_SOURCE=1 -D_REENTRANT -g -Wdeclaration-after-statement -Wall -Wno-parentheses -Wno-switch -Wno-format-zero-length -Wdisabled-optimization -Wpointer-arith -Wredundant-decls -Wno-pointer-sign -Wwrite-strings -Wundef -Wmissing-prototypes -Wno-pointer-to-int-cast -Wstrict-prototypes -fno-math-errno -fno-omit-frame-pointer E:\dev\otg_nomad\trunk\ffmpeg\libavutil\timecode.c
         tree.c
         orbis-clang.exe -o ORBIS_Debug\tree.o -c -MD -fdiagnostics-format=msvc -I..\..\ -I"C:\Program Files (x86)\SCE\ORBIS SDKs\1.700_pre\host_tools\lib\clang\include" -I"C:\Program Files (x86)\SCE\ORBIS SDKs\1.700_pre\target\include" -I"C:\Program Files (x86)\SCE\ORBIS SDKs\1.700_pre\target\include_common" -D_DEBUG -Dmvaden -D"PROJ_USER=\"mvaden\"" -include config.h -include libavutil/internal.h -include sceKernelMacros.h -g -Wall -fno-caret-diagnostics -O3 -std=c99 -pthread -I/usr/include/SDL -D_GNU_SOURCE=1 -D_REENTRANT -g -Wdeclaration-after-statement -Wall -Wno-parentheses -Wno-switch -Wno-format-zero-length -Wdisabled-optimization -Wpointer-arith -Wredundant-decls -Wno-pointer-sign -Wwrite-strings -Wundef -Wmissing-prototypes -Wno-pointer-to-int-cast -Wstrict-prototypes -fno-math-errno -fno-omit-frame-pointer E:\dev\otg_nomad\trunk\ffmpeg\libavutil\tree.c
         utils.c
         orbis-clang.exe -o ORBIS_Debug\utils.o -c -MD -fdiagnostics-format=msvc -I..\..\ -I"C:\Program Files (x86)\SCE\ORBIS SDKs\1.700_pre\host_tools\lib\clang\include" -I"C:\Program Files (x86)\SCE\ORBIS SDKs\1.700_pre\target\include" -I"C:\Program Files (x86)\SCE\ORBIS SDKs\1.700_pre\target\include_common" -D_DEBUG -Dmvaden -D"PROJ_USER=\"mvaden\"" -include config.h -include libavutil/internal.h -include sceKernelMacros.h -g -Wall -fno-caret-diagnostics -O3 -std=c99 -pthread -I/usr/include/SDL -D_GNU_SOURCE=1 -D_REENTRANT -g -Wdeclaration-after-statement -Wall -Wno-parentheses -Wno-switch -Wno-format-zero-length -Wdisabled-optimization -Wpointer-arith -Wredundant-decls -Wno-pointer-sign -Wwrite-strings -Wundef -Wmissing-prototypes -Wno-pointer-to-int-cast -Wstrict-prototypes -fno-math-errno -fno-omit-frame-pointer E:\dev\otg_nomad\trunk\ffmpeg\libavutil\utils.c
         In file included from <built-in>:174:
         In file included from <command line>:7:
         In file included from ..\..\libavutil/internal.h:39:
         In file included from E:\dev\otg_nomad\trunk\ffmpeg\libavutil/timer.h:39:
         In file included from E:\dev\otg_nomad\trunk\ffmpeg\libavutil/log.h:25:
     1>E:\dev\otg_nomad\trunk\ffmpeg\libavutil/avutil.h(170): warning : dllimport attribute ignored [-Wignored-attributes]
         E:\dev\otg_nomad\trunk\ffmpeg\libavutil/avutil.h(27,33) :  note: expanded from macro 'PRX_INTERFACE'
     1>E:\dev\otg_nomad\trunk\ffmpeg\libavutil/avutil.h(175): warning : dllimport attribute ignored [-Wignored-attributes]
         E:\dev\otg_nomad\trunk\ffmpeg\libavutil/avutil.h(27,33) :  note: expanded from macro 'PRX_INTERFACE'
     1>E:\dev\otg_nomad\trunk\ffmpeg\libavutil/avutil.h(180): warning : dllimport attribute ignored [-Wignored-attributes]
         E:\dev\otg_nomad\trunk\ffmpeg\libavutil/avutil.h(27,33) :  note: expanded from macro 'PRX_INTERFACE'
     1>E:\dev\otg_nomad\trunk\ffmpeg\libavutil/avutil.h(205): warning : dllimport attribute ignored [-Wignored-attributes]
         E:\dev\otg_nomad\trunk\ffmpeg\libavutil/avutil.h(27,33) :  note: expanded from macro 'PRX_INTERFACE'
     1>E:\dev\otg_nomad\trunk\ffmpeg\libavutil/avutil.h(282): warning : dllimport attribute ignored [-Wignored-attributes]
         E:\dev\otg_nomad\trunk\ffmpeg\libavutil/avutil.h(27,33) :  note: expanded from macro 'PRX_INTERFACE'
     1>E:\dev\otg_nomad\trunk\ffmpeg\libavutil/avutil.h(313): warning : dllimport attribute ignored [-Wignored-attributes]
         E:\dev\otg_nomad\trunk\ffmpeg\libavutil/rational.h(33,33) :  note: expanded from macro 'PRX_INTERFACE'
         cpu_86.c
         orbis-clang.exe -o ORBIS_Debug\cpu_86.o -c -MD -fdiagnostics-format=msvc -I..\..\ -I"C:\Program Files (x86)\SCE\ORBIS SDKs\1.700_pre\host_tools\lib\clang\include" -I"C:\Program Files (x86)\SCE\ORBIS SDKs\1.700_pre\target\include" -I"C:\Program Files (x86)\SCE\ORBIS SDKs\1.700_pre\target\include_common" -D_DEBUG -Dmvaden -D"PROJ_USER=\"mvaden\"" -include config.h -include libavutil/internal.h -include sceKernelMacros.h -g -Wall -fno-caret-diagnostics -O3 -std=c99 -pthread -I/usr/include/SDL -D_GNU_SOURCE=1 -D_REENTRANT -g -Wdeclaration-after-statement -Wall -Wno-parentheses -Wno-switch -Wno-format-zero-length -Wdisabled-optimization -Wpointer-arith -Wredundant-decls -Wno-pointer-sign -Wwrite-strings -Wundef -Wmissing-prototypes -Wno-pointer-to-int-cast -Wstrict-prototypes -fno-math-errno -fno-omit-frame-pointer E:\dev\otg_nomad\trunk\ffmpeg\libavutil\x86\cpu_86.c
         float_dsp_init.c
         orbis-clang.exe -o ORBIS_Debug\float_dsp_init.o -c -MD -fdiagnostics-format=msvc -I..\..\ -I"C:\Program Files (x86)\SCE\ORBIS SDKs\1.700_pre\host_tools\lib\clang\include" -I"C:\Program Files (x86)\SCE\ORBIS SDKs\1.700_pre\target\include" -I"C:\Program Files (x86)\SCE\ORBIS SDKs\1.700_pre\target\include_common" -D_DEBUG -Dmvaden -D"PROJ_USER=\"mvaden\"" -include config.h -include libavutil/internal.h -include sceKernelMacros.h -g -Wall -fno-caret-diagnostics -O3 -std=c99 -pthread -I/usr/include/SDL -D_GNU_SOURCE=1 -D_REENTRANT -g -Wdeclaration-after-statement -Wall -Wno-parentheses -Wno-switch -Wno-format-zero-length -Wdisabled-optimization -Wpointer-arith -Wredundant-decls -Wno-pointer-sign -Wwrite-strings -Wundef -Wmissing-prototypes -Wno-pointer-to-int-cast -Wstrict-prototypes -fno-math-errno -fno-omit-frame-pointer E:\dev\otg_nomad\trunk\ffmpeg\libavutil\x86\float_dsp_init.c
         xga_font_data.c
         orbis-clang.exe -o ORBIS_Debug\xga_font_data.o -c -MD -fdiagnostics-format=msvc -I..\..\ -I"C:\Program Files (x86)\SCE\ORBIS SDKs\1.700_pre\host_tools\lib\clang\include" -I"C:\Program Files (x86)\SCE\ORBIS SDKs\1.700_pre\target\include" -I"C:\Program Files (x86)\SCE\ORBIS SDKs\1.700_pre\target\include_common" -D_DEBUG -Dmvaden -D"PROJ_USER=\"mvaden\"" -include config.h -include libavutil/internal.h -include sceKernelMacros.h -g -Wall -fno-caret-diagnostics -O3 -std=c99 -pthread -I/usr/include/SDL -D_GNU_SOURCE=1 -D_REENTRANT -g -Wdeclaration-after-statement -Wall -Wno-parentheses -Wno-switch -Wno-format-zero-length -Wdisabled-optimization -Wpointer-arith -Wredundant-decls -Wno-pointer-sign -Wwrite-strings -Wundef -Wmissing-prototypes -Wno-pointer-to-int-cast -Wstrict-prototypes -fno-math-errno -fno-omit-frame-pointer E:\dev\otg_nomad\trunk\ffmpeg\libavutil\xga_font_data.c
         xtea.c
         orbis-clang.exe -o ORBIS_Debug\xtea.o -c -MD -fdiagnostics-format=msvc -I..\..\ -I"C:\Program Files (x86)\SCE\ORBIS SDKs\1.700_pre\host_tools\lib\clang\include" -I"C:\Program Files (x86)\SCE\ORBIS SDKs\1.700_pre\target\include" -I"C:\Program Files (x86)\SCE\ORBIS SDKs\1.700_pre\target\include_common" -D_DEBUG -Dmvaden -D"PROJ_USER=\"mvaden\"" -include config.h -include libavutil/internal.h -include sceKernelMacros.h -g -Wall -fno-caret-diagnostics -O3 -std=c99 -pthread -I/usr/include/SDL -D_GNU_SOURCE=1 -D_REENTRANT -g -Wdeclaration-after-statement -Wall -Wno-parentheses -Wno-switch -Wno-format-zero-length -Wdisabled-optimization -Wpointer-arith -Wredundant-decls -Wno-pointer-sign -Wwrite-strings -Wundef -Wmissing-prototypes -Wno-pointer-to-int-cast -Wstrict-prototypes -fno-math-errno -fno-omit-frame-pointer E:\dev\otg_nomad\trunk\ffmpeg\libavutil\xtea.c
       Link:
         C:\Program Files (x86)\SCE\ORBIS SDKs\1.700_pre\host_tools\bin\orbis-clang.exe -o "E:\dev\otg_nomad\trunk\VE\ORBIS_Debug\libavutil_prx.prx" -Wl,-oformat=prx -Wl,-prx-stub-output-dir="E:\dev\otg_nomad\trunk\VE\ORBIS_Debug" -Wl,--start-group ORBIS_Debug\adler32.o ORBIS_Debug\aes.o ORBIS_Debug\atomic.o ORBIS_Debug\audio_fifo.o ORBIS_Debug\avstring.o ORBIS_Debug\base64.o ORBIS_Debug\blowfish.o ORBIS_Debug\bprint.o ORBIS_Debug\buffer.o ORBIS_Debug\channel_layout.o ORBIS_Debug\cpu.o ORBIS_Debug\crc.o ORBIS_Debug\des.o ORBIS_Debug\dict.o ORBIS_Debug\downmix_info.o ORBIS_Debug\error.o ORBIS_Debug\eval.o ORBIS_Debug\fifo.o ORBIS_Debug\file.o ORBIS_Debug\file_open.o ORBIS_Debug\float_dsp.o ORBIS_Debug\frame.o ORBIS_Debug\hash.o ORBIS_Debug\hmac.o ORBIS_Debug\imgutils.o ORBIS_Debug\integer.o ORBIS_Debug\intfloat_readwrite.o ORBIS_Debug\intmath.o ORBIS_Debug\lfg.o ORBIS_Debug\lls1.o ORBIS_Debug\lls2.o ORBIS_Debug\log.o ORBIS_Debug\log2_tab.o ORBIS_Debug\lzo.o ORBIS_Debug\mathematics.o ORBIS_Debug\md5.o ORBIS_Debug\mem.o ORBIS_Debug\murmur3.o ORBIS_Debug\opt.o ORBIS_Debug\misc_kernel.o ORBIS_Debug\parseutils.o ORBIS_Debug\pca.o ORBIS_Debug\pixdesc.o ORBIS_Debug\random_seed.o ORBIS_Debug\rational.o ORBIS_Debug\rc4.o ORBIS_Debug\ripemd.o ORBIS_Debug\samplefmt.o ORBIS_Debug\sha.o ORBIS_Debug\sha512.o ORBIS_Debug\softfloat.o ORBIS_Debug\stereo3d.o ORBIS_Debug\time.o ORBIS_Debug\timecode.o ORBIS_Debug\tree.o ORBIS_Debug\utils.o ORBIS_Debug\cpu_86.o ORBIS_Debug\float_dsp_init.o ORBIS_Debug\xga_font_data.o ORBIS_Debug\xtea.o ..\..\ffmpeg_asm\libavutil\x86\cpuid.o ..\..\ffmpeg_asm\libavutil\x86\emms.o ..\..\ffmpeg_asm\libavutil\x86\float_dsp.o ..\..\ffmpeg_asm\libavutil\x86\lls.o ..\..\ffmpeg_asm\libavutil\x86\lls_init.o -Wl,--end-group
         libavutil_prx.vcxproj -> E:\dev\otg_nomad\trunk\VE\ORBIS_Debug\libavutil_prx.prx
       FinalizeBuildStatus:
         Deleting file "ORBIS_Debug\libavutil_prx.unsuccessfulbuild".
         Touching "ORBIS_Debug\libavutil_prx.lastbuildstate".
     1>Done Building Project "E:\dev\otg_nomad\trunk\ffmpeg\libavutil\libavutil_prx\libavutil_prx.vcxproj" (rebuild target(s)).

Build succeeded.

Time Elapsed 00:00:06.17
