E:\DEV\OTG_NOMAD\TRUNK\FFMPEG\LIBAVUTIL\LIBAVUTIL_PRX\ORBIS_DEBUG\ADLER32.O
E:\DEV\OTG_NOMAD\TRUNK\FFMPEG\LIBAVUTIL\LIBAVUTIL_PRX\ORBIS_DEBUG\AES.O
E:\DEV\OTG_NOMAD\TRUNK\FFMPEG\LIBAVUTIL\LIBAVUTIL_PRX\ORBIS_DEBUG\ATOMIC.O
E:\DEV\OTG_NOMAD\TRUNK\FFMPEG\LIBAVUTIL\LIBAVUTIL_PRX\ORBIS_DEBUG\AUDIO_FIFO.O
E:\DEV\OTG_NOMAD\TRUNK\FFMPEG\LIBAVUTIL\LIBAVUTIL_PRX\ORBIS_DEBUG\AVSTRING.O
E:\DEV\OTG_NOMAD\TRUNK\FFMPEG\LIBAVUTIL\LIBAVUTIL_PRX\ORBIS_DEBUG\BASE64.O
E:\DEV\OTG_NOMAD\TRUNK\FFMPEG\LIBAVUTIL\LIBAVUTIL_PRX\ORBIS_DEBUG\BLOWFISH.O
E:\DEV\OTG_NOMAD\TRUNK\FFMPEG\LIBAVUTIL\LIBAVUTIL_PRX\ORBIS_DEBUG\BPRINT.O
E:\DEV\OTG_NOMAD\TRUNK\FFMPEG\LIBAVUTIL\LIBAVUTIL_PRX\ORBIS_DEBUG\BUFFER.O
E:\DEV\OTG_NOMAD\TRUNK\FFMPEG\LIBAVUTIL\LIBAVUTIL_PRX\ORBIS_DEBUG\CHANNEL_LAYOUT.O
E:\DEV\OTG_NOMAD\TRUNK\FFMPEG\LIBAVUTIL\LIBAVUTIL_PRX\ORBIS_DEBUG\CPU.O
E:\DEV\OTG_NOMAD\TRUNK\FFMPEG\LIBAVUTIL\LIBAVUTIL_PRX\ORBIS_DEBUG\CPU_86.O
E:\DEV\OTG_NOMAD\TRUNK\FFMPEG\LIBAVUTIL\LIBAVUTIL_PRX\ORBIS_DEBUG\CRC.O
E:\DEV\OTG_NOMAD\TRUNK\FFMPEG\LIBAVUTIL\LIBAVUTIL_PRX\ORBIS_DEBUG\DES.O
E:\DEV\OTG_NOMAD\TRUNK\FFMPEG\LIBAVUTIL\LIBAVUTIL_PRX\ORBIS_DEBUG\DICT.O
E:\DEV\OTG_NOMAD\TRUNK\FFMPEG\LIBAVUTIL\LIBAVUTIL_PRX\ORBIS_DEBUG\DOWNMIX_INFO.O
E:\DEV\OTG_NOMAD\TRUNK\FFMPEG\LIBAVUTIL\LIBAVUTIL_PRX\ORBIS_DEBUG\ERROR.O
E:\DEV\OTG_NOMAD\TRUNK\FFMPEG\LIBAVUTIL\LIBAVUTIL_PRX\ORBIS_DEBUG\EVAL.O
E:\DEV\OTG_NOMAD\TRUNK\FFMPEG\LIBAVUTIL\LIBAVUTIL_PRX\ORBIS_DEBUG\FIFO.O
E:\DEV\OTG_NOMAD\TRUNK\FFMPEG\LIBAVUTIL\LIBAVUTIL_PRX\ORBIS_DEBUG\FILE.O
E:\DEV\OTG_NOMAD\TRUNK\FFMPEG\LIBAVUTIL\LIBAVUTIL_PRX\ORBIS_DEBUG\FILE_OPEN.O
E:\DEV\OTG_NOMAD\TRUNK\FFMPEG\LIBAVUTIL\LIBAVUTIL_PRX\ORBIS_DEBUG\FLOAT_DSP.O
E:\DEV\OTG_NOMAD\TRUNK\FFMPEG\LIBAVUTIL\LIBAVUTIL_PRX\ORBIS_DEBUG\FLOAT_DSP_INIT.O
E:\DEV\OTG_NOMAD\TRUNK\FFMPEG\LIBAVUTIL\LIBAVUTIL_PRX\ORBIS_DEBUG\FRAME.O
E:\DEV\OTG_NOMAD\TRUNK\FFMPEG\LIBAVUTIL\LIBAVUTIL_PRX\ORBIS_DEBUG\HASH.O
E:\DEV\OTG_NOMAD\TRUNK\FFMPEG\LIBAVUTIL\LIBAVUTIL_PRX\ORBIS_DEBUG\HMAC.O
E:\DEV\OTG_NOMAD\TRUNK\FFMPEG\LIBAVUTIL\LIBAVUTIL_PRX\ORBIS_DEBUG\IMGUTILS.O
E:\DEV\OTG_NOMAD\TRUNK\FFMPEG\LIBAVUTIL\LIBAVUTIL_PRX\ORBIS_DEBUG\INTEGER.O
E:\DEV\OTG_NOMAD\TRUNK\FFMPEG\LIBAVUTIL\LIBAVUTIL_PRX\ORBIS_DEBUG\INTFLOAT_READWRITE.O
E:\DEV\OTG_NOMAD\TRUNK\FFMPEG\LIBAVUTIL\LIBAVUTIL_PRX\ORBIS_DEBUG\INTMATH.O
E:\DEV\OTG_NOMAD\TRUNK\FFMPEG\LIBAVUTIL\LIBAVUTIL_PRX\ORBIS_DEBUG\LFG.O
E:\dev\otg_nomad\trunk\ffmpeg\libavutil\libavutil_prx\ORBIS_Debug\libavutil_prx.write.1.tlog
E:\DEV\OTG_NOMAD\TRUNK\FFMPEG\LIBAVUTIL\LIBAVUTIL_PRX\ORBIS_DEBUG\LLS1.O
E:\DEV\OTG_NOMAD\TRUNK\FFMPEG\LIBAVUTIL\LIBAVUTIL_PRX\ORBIS_DEBUG\LLS2.O
E:\DEV\OTG_NOMAD\TRUNK\FFMPEG\LIBAVUTIL\LIBAVUTIL_PRX\ORBIS_DEBUG\LOG.O
E:\DEV\OTG_NOMAD\TRUNK\FFMPEG\LIBAVUTIL\LIBAVUTIL_PRX\ORBIS_DEBUG\LOG2_TAB.O
E:\DEV\OTG_NOMAD\TRUNK\FFMPEG\LIBAVUTIL\LIBAVUTIL_PRX\ORBIS_DEBUG\LZO.O
E:\DEV\OTG_NOMAD\TRUNK\FFMPEG\LIBAVUTIL\LIBAVUTIL_PRX\ORBIS_DEBUG\MATHEMATICS.O
E:\DEV\OTG_NOMAD\TRUNK\FFMPEG\LIBAVUTIL\LIBAVUTIL_PRX\ORBIS_DEBUG\MD5.O
E:\DEV\OTG_NOMAD\TRUNK\FFMPEG\LIBAVUTIL\LIBAVUTIL_PRX\ORBIS_DEBUG\MEM.O
E:\DEV\OTG_NOMAD\TRUNK\FFMPEG\LIBAVUTIL\LIBAVUTIL_PRX\ORBIS_DEBUG\MISC_KERNEL.O
E:\DEV\OTG_NOMAD\TRUNK\FFMPEG\LIBAVUTIL\LIBAVUTIL_PRX\ORBIS_DEBUG\MURMUR3.O
E:\DEV\OTG_NOMAD\TRUNK\FFMPEG\LIBAVUTIL\LIBAVUTIL_PRX\ORBIS_DEBUG\OPT.O
E:\dev\otg_nomad\trunk\ffmpeg\libavutil\libavutil_prx\ORBIS_Debug\orbis-clang.orbis-ld.command.1.tlog
E:\dev\otg_nomad\trunk\ffmpeg\libavutil\libavutil_prx\ORBIS_Debug\orbis-clang.read.1.tlog
E:\dev\otg_nomad\trunk\ffmpeg\libavutil\libavutil_prx\ORBIS_Debug\orbis-clang-cl.command.1.tlog
E:\dev\otg_nomad\trunk\ffmpeg\libavutil\libavutil_prx\ORBIS_Debug\orbis-clang-cl.read.1.tlog
E:\dev\otg_nomad\trunk\ffmpeg\libavutil\libavutil_prx\ORBIS_Debug\orbis-clang-cl.write.1.tlog
E:\dev\otg_nomad\trunk\ffmpeg\libavutil\libavutil_prx\ORBIS_Debug\orbis-clang-orbis-ld.read.1.tlog
E:\dev\otg_nomad\trunk\ffmpeg\libavutil\libavutil_prx\ORBIS_Debug\orbis-clang-orbis-ld.write.1.tlog
E:\DEV\OTG_NOMAD\TRUNK\FFMPEG\LIBAVUTIL\LIBAVUTIL_PRX\ORBIS_DEBUG\PARSEUTILS.O
E:\DEV\OTG_NOMAD\TRUNK\FFMPEG\LIBAVUTIL\LIBAVUTIL_PRX\ORBIS_DEBUG\PCA.O
E:\DEV\OTG_NOMAD\TRUNK\FFMPEG\LIBAVUTIL\LIBAVUTIL_PRX\ORBIS_DEBUG\PIXDESC.O
E:\DEV\OTG_NOMAD\TRUNK\FFMPEG\LIBAVUTIL\LIBAVUTIL_PRX\ORBIS_DEBUG\RANDOM_SEED.O
E:\DEV\OTG_NOMAD\TRUNK\FFMPEG\LIBAVUTIL\LIBAVUTIL_PRX\ORBIS_DEBUG\RATIONAL.O
E:\DEV\OTG_NOMAD\TRUNK\FFMPEG\LIBAVUTIL\LIBAVUTIL_PRX\ORBIS_DEBUG\RC4.O
E:\DEV\OTG_NOMAD\TRUNK\FFMPEG\LIBAVUTIL\LIBAVUTIL_PRX\ORBIS_DEBUG\RIPEMD.O
E:\DEV\OTG_NOMAD\TRUNK\FFMPEG\LIBAVUTIL\LIBAVUTIL_PRX\ORBIS_DEBUG\SAMPLEFMT.O
E:\DEV\OTG_NOMAD\TRUNK\FFMPEG\LIBAVUTIL\LIBAVUTIL_PRX\ORBIS_DEBUG\SHA.O
E:\DEV\OTG_NOMAD\TRUNK\FFMPEG\LIBAVUTIL\LIBAVUTIL_PRX\ORBIS_DEBUG\SHA512.O
E:\DEV\OTG_NOMAD\TRUNK\FFMPEG\LIBAVUTIL\LIBAVUTIL_PRX\ORBIS_DEBUG\SOFTFLOAT.O
E:\DEV\OTG_NOMAD\TRUNK\FFMPEG\LIBAVUTIL\LIBAVUTIL_PRX\ORBIS_DEBUG\STEREO3D.O
E:\DEV\OTG_NOMAD\TRUNK\FFMPEG\LIBAVUTIL\LIBAVUTIL_PRX\ORBIS_DEBUG\TIME.O
E:\DEV\OTG_NOMAD\TRUNK\FFMPEG\LIBAVUTIL\LIBAVUTIL_PRX\ORBIS_DEBUG\TIMECODE.O
E:\DEV\OTG_NOMAD\TRUNK\FFMPEG\LIBAVUTIL\LIBAVUTIL_PRX\ORBIS_DEBUG\TREE.O
E:\DEV\OTG_NOMAD\TRUNK\FFMPEG\LIBAVUTIL\LIBAVUTIL_PRX\ORBIS_DEBUG\UTILS.O
E:\DEV\OTG_NOMAD\TRUNK\FFMPEG\LIBAVUTIL\LIBAVUTIL_PRX\ORBIS_DEBUG\XGA_FONT_DATA.O
E:\DEV\OTG_NOMAD\TRUNK\FFMPEG\LIBAVUTIL\LIBAVUTIL_PRX\ORBIS_DEBUG\XTEA.O
E:\DEV\OTG_NOMAD\TRUNK\VE\ORBIS_DEBUG\LIBAVUTIL_PRX.PRX
E:\DEV\OTG_NOMAD\TRUNK\VE\ORBIS_DEBUG\LIBAVUTIL_PRX_STUB.A
E:\DEV\OTG_NOMAD\TRUNK\VE\ORBIS_DEBUG\LIBAVUTIL_PRX_STUB_WEAK.A
