Build started 4/22/2014 9:39:55 AM.
     1>Project "E:\dev\otg_nomad\trunk\ffmpeg\ffmepg_prx\ffmepg_prx.vcxproj" on node 2 (build target(s)).
     1>InitializeBuildStatus:
         Creating "ORBIS_Release\ffmepg_prx.unsuccessfulbuild" because "AlwaysCreate" was specified.
       ClCompile:
         MediaFile.cpp
         orbis-clang.exe -o ORBIS_Release\MediaFile.o -c -MD -fdiagnostics-format=msvc -I"E:\dev\otg_nomad\trunk/Orbis-Common-1.000/include" -I"C:\Program Files (x86)\SCE\ORBIS SDKs\1.700_pre/target/include" -I"C:\Program Files (x86)\SCE\ORBIS SDKs\1.700_pre/target/include_common" -IE:\dev\otg_nomad\trunk/libNomad/Include/nmCore -IE:\dev\otg_nomad\trunk/libNomad/Include/nmNetwork -IE:\dev\otg_nomad\trunk/libNomad/Include/nmFramework -IE:\dev\otg_nomad\trunk/libNomad/Include/nmUI -IE:\dev\otg_nomad\trunk/TinyXml/include -IE:\dev\otg_nomad\trunk/ffmpeg -IE:\dev\otg_nomad\trunk/Metrics/components/ -I"C:\Program Files (x86)\SCE\ORBIS SDKs\1.700_pre\host_tools\lib\clang\include" -I"C:\Program Files (x86)\SCE\ORBIS SDKs\1.700_pre\target\include" -I"C:\Program Files (x86)\SCE\ORBIS SDKs\1.700_pre\target\include_common" -DNDEBUG -Wall -fno-caret-diagnostics -O2 E:\dev\otg_nomad\trunk\VE\source\MediaFile.cpp
     1>E:\dev\otg_nomad\trunk\VE\source\MediaFile.cpp(733,7): warning : unused variable 'duration' [-Wunused-variable]
     1>E:\dev\otg_nomad\trunk\VE\source\MediaFile.cpp(815,6): warning : unused variable 'ret' [-Wunused-variable]
     1>E:\dev\otg_nomad\trunk\VE\source\MediaFile.cpp(844,7): warning : unused variable 'ret' [-Wunused-variable]
     1>E:\dev\otg_nomad\trunk\VE\source\MediaFile.cpp(1484,5): warning : unused variable 'outsize' [-Wunused-variable]
     1>E:\dev\otg_nomad\trunk\VE\source\MediaFile.cpp(1692,8): warning : unused variable 'timeInSeconds' [-Wunused-variable]
       Link:
         C:\Program Files (x86)\SCE\ORBIS SDKs\1.700_pre\host_tools\bin\orbis-clang.exe -o "E:\dev\otg_nomad\trunk\VE\ORBIS_Release\ffmepg_prx.prx" -Wl,-oformat=prx -Wl,-prx-stub-output-dir="E:\dev\otg_nomad\trunk\VE\ORBIS_Release" -Wl,--start-group ORBIS_Release\MediaFile.o ..\ffmpeg_asm\libavcodec\x86\ac3dsp.o ..\ffmpeg_asm\libavcodec\x86\cavsdsp.o ..\ffmpeg_asm\libavcodec\x86\constants.o ..\ffmpeg_asm\libavcodec\x86\dcadsp.o ..\ffmpeg_asm\libavcodec\x86\dct32.o ..\ffmpeg_asm\libavcodec\x86\deinterlace.o ..\ffmpeg_asm\libavcodec\x86\diracdsp_yasm.o ..\ffmpeg_asm\libavcodec\x86\dnxhdenc.o ..\ffmpeg_asm\libavcodec\x86\dsputil.o ..\ffmpeg_asm\libavcodec\x86\dsputilenc.o ..\ffmpeg_asm\libavcodec\x86\dsputilenc_mmx.o ..\ffmpeg_asm\libavcodec\x86\dsputil_mmx.o ..\ffmpeg_asm\libavcodec\x86\dsputil_x86.o ..\ffmpeg_asm\libavcodec\x86\dwt_yasm.o ..\ffmpeg_asm\libavcodec\x86\fft.o ..\ffmpeg_asm\libavcodec\x86\flacdsp.o ..\ffmpeg_asm\libavcodec\x86\fmtconvert.o ..\ffmpeg_asm\libavcodec\x86\fpel.o ..\ffmpeg_asm\libavcodec\x86\fpel_mmx.o ..\ffmpeg_asm\libavcodec\x86\h263_loopfilter.o ..\ffmpeg_asm\libavcodec\x86\h264_chromamc.o ..\ffmpeg_asm\libavcodec\x86\h264_chromamc_10bit.o ..\ffmpeg_asm\libavcodec\x86\h264_deblock.o ..\ffmpeg_asm\libavcodec\x86\h264_deblock_10bit.o ..\ffmpeg_asm\libavcodec\x86\h264_idct.o ..\ffmpeg_asm\libavcodec\x86\h264_idct_10bit.o ..\ffmpeg_asm\libavcodec\x86\h264_intrapred.o ..\ffmpeg_asm\libavcodec\x86\h264_intrapred_10bit.o ..\ffmpeg_asm\libavcodec\x86\h264_qpel.o ..\ffmpeg_asm\libavcodec\x86\h264_qpel_10bit.o ..\ffmpeg_asm\libavcodec\x86\h264_qpel_8bit.o ..\ffmpeg_asm\libavcodec\x86\h264_weight.o ..\ffmpeg_asm\libavcodec\x86\h264_weight_10bit.o ..\ffmpeg_asm\libavcodec\x86\hpeldsp.o ..\ffmpeg_asm\libavcodec\x86\hpeldsp_mmx.o ..\ffmpeg_asm\libavcodec\x86\idct_mmx_xvid.o ..\ffmpeg_asm\libavcodec\x86\idct_sse2_xvid.o ..\ffmpeg_asm\libavcodec\x86\imdct36.o ..\ffmpeg_asm\libavcodec\x86\lossless_videodsp.o ..\ffmpeg_asm\libavcodec\x86\lpc.o ..\ffmpeg_asm\libavcodec\x86\motion_est.o ..\ffmpeg_asm\libavcodec\x86\mpeg4qpel.o ..\ffmpeg_asm\libavcodec\x86\mpegaudiodsp.o ..\ffmpeg_asm\libavcodec\x86\mpegvideo.o ..\ffmpeg_asm\libavcodec\x86\mpegvideoenc.o ..\ffmpeg_asm\libavcodec\x86\pngdsp.o ..\ffmpeg_asm\libavcodec\x86\proresdsp.o ..\ffmpeg_asm\libavcodec\x86\qpel.o ..\ffmpeg_asm\libavcodec\x86\rv34dsp.o ..\ffmpeg_asm\libavcodec\x86\rv40dsp.o ..\ffmpeg_asm\libavcodec\x86\sbrdsp.o ..\ffmpeg_asm\libavcodec\x86\ttadsp.o ..\ffmpeg_asm\libavcodec\x86\v210.o ..\ffmpeg_asm\libavcodec\x86\vc1dsp.o ..\ffmpeg_asm\libavcodec\x86\videodsp.o ..\ffmpeg_asm\libavcodec\x86\vorbisdsp.o ..\ffmpeg_asm\libavcodec\x86\vp3dsp.o ..\ffmpeg_asm\libavcodec\x86\vp6dsp.o ..\ffmpeg_asm\libavcodec\x86\vp8dsp.o ..\ffmpeg_asm\libavcodec\x86\vp8dsp_loopfilter.o ..\ffmpeg_asm\libavcodec\x86\vp9intrapred.o ..\ffmpeg_asm\libavcodec\x86\vp9itxfm.o ..\ffmpeg_asm\libavcodec\x86\vp9lpf.o ..\ffmpeg_asm\libavcodec\x86\vp9mc.o ..\ffmpeg_asm\libavutil\x86\cpu.o ..\ffmpeg_asm\libavutil\x86\cpuid.o ..\ffmpeg_asm\libavutil\x86\emms.o ..\ffmpeg_asm\libavutil\x86\float_dsp.o ..\ffmpeg_asm\libavutil\x86\float_dsp_init.o ..\ffmpeg_asm\libavutil\x86\lls.o ..\ffmpeg_asm\libavutil\x86\lls_init.o ..\ffmpeg_asm\libswresample\x86\audio_convert.o ..\ffmpeg_asm\libswresample\x86\rematrix.o ..\ffmpeg_asm\libswresample\x86\swresample_x86.o ..\ffmpeg_asm\libswscale\x86\input.o ..\ffmpeg_asm\libswscale\x86\output.o ..\ffmpeg_asm\libswscale\x86\rgb2rgb.o ..\ffmpeg_asm\libswscale\x86\scale.o ..\ffmpeg_asm\libswscale\x86\swscale.o ..\ffmpeg_asm\libswscale\x86\yuv2rgb.o E:\dev\otg_nomad\trunk\VE\ORBIS_Release\libNomad.a E:\dev\otg_nomad\trunk\VE\ORBIS_Release\libavcodec.a E:\dev\otg_nomad\trunk\VE\ORBIS_Release\libavformat.a E:\dev\otg_nomad\trunk\VE\ORBIS_Release\libavutil.a E:\dev\otg_nomad\trunk\VE\ORBIS_Release\libswresample.a E:\dev\otg_nomad\trunk\VE\ORBIS_Release\libswscale.a "-lScePosix_stub_weak" "-lSceFios2_stub_weak" -Wl,--end-group
         ffmepg_prx.vcxproj -> E:\dev\otg_nomad\trunk\VE\ORBIS_Release\ffmepg_prx.prx
       FinalizeBuildStatus:
         Deleting file "ORBIS_Release\ffmepg_prx.unsuccessfulbuild".
         Touching "ORBIS_Release\ffmepg_prx.lastbuildstate".
     1>Done Building Project "E:\dev\otg_nomad\trunk\ffmpeg\ffmepg_prx\ffmepg_prx.vcxproj" (build target(s)).

Build succeeded.

Time Elapsed 00:00:17.45
