E:\DEV\OTG_NOMAD\TRUNK\FFMPEG\LIBAVUTIL\ORBIS_RELEASE\ADLER32.O
E:\DEV\OTG_NOMAD\TRUNK\FFMPEG\LIBAVUTIL\ORBIS_RELEASE\AES.O
E:\DEV\OTG_NOMAD\TRUNK\FFMPEG\LIBAVUTIL\ORBIS_RELEASE\ATOMIC.O
E:\DEV\OTG_NOMAD\TRUNK\FFMPEG\LIBAVUTIL\ORBIS_RELEASE\AUDIO_FIFO.O
E:\DEV\OTG_NOMAD\TRUNK\FFMPEG\LIBAVUTIL\ORBIS_RELEASE\AVSTRING.O
E:\DEV\OTG_NOMAD\TRUNK\FFMPEG\LIBAVUTIL\ORBIS_RELEASE\BASE64.O
E:\DEV\OTG_NOMAD\TRUNK\FFMPEG\LIBAVUTIL\ORBIS_RELEASE\BLOWFISH.O
E:\DEV\OTG_NOMAD\TRUNK\FFMPEG\LIBAVUTIL\ORBIS_RELEASE\BPRINT.O
E:\DEV\OTG_NOMAD\TRUNK\FFMPEG\LIBAVUTIL\ORBIS_RELEASE\BUFFER.O
E:\DEV\OTG_NOMAD\TRUNK\FFMPEG\LIBAVUTIL\ORBIS_RELEASE\CHANNEL_LAYOUT.O
E:\DEV\OTG_NOMAD\TRUNK\FFMPEG\LIBAVUTIL\ORBIS_RELEASE\CPU.O
E:\DEV\OTG_NOMAD\TRUNK\FFMPEG\LIBAVUTIL\ORBIS_RELEASE\CRC.O
E:\DEV\OTG_NOMAD\TRUNK\FFMPEG\LIBAVUTIL\ORBIS_RELEASE\DES.O
E:\DEV\OTG_NOMAD\TRUNK\FFMPEG\LIBAVUTIL\ORBIS_RELEASE\DICT.O
E:\DEV\OTG_NOMAD\TRUNK\FFMPEG\LIBAVUTIL\ORBIS_RELEASE\DOWNMIX_INFO.O
E:\DEV\OTG_NOMAD\TRUNK\FFMPEG\LIBAVUTIL\ORBIS_RELEASE\ERROR.O
E:\DEV\OTG_NOMAD\TRUNK\FFMPEG\LIBAVUTIL\ORBIS_RELEASE\EVAL.O
E:\DEV\OTG_NOMAD\TRUNK\FFMPEG\LIBAVUTIL\ORBIS_RELEASE\FIFO.O
E:\DEV\OTG_NOMAD\TRUNK\FFMPEG\LIBAVUTIL\ORBIS_RELEASE\FILE.O
E:\DEV\OTG_NOMAD\TRUNK\FFMPEG\LIBAVUTIL\ORBIS_RELEASE\FLOAT_DSP.O
E:\DEV\OTG_NOMAD\TRUNK\FFMPEG\LIBAVUTIL\ORBIS_RELEASE\FLOAT_DSP_INIT.O
E:\DEV\OTG_NOMAD\TRUNK\FFMPEG\LIBAVUTIL\ORBIS_RELEASE\FRAME.O
E:\DEV\OTG_NOMAD\TRUNK\FFMPEG\LIBAVUTIL\ORBIS_RELEASE\HASH.O
E:\DEV\OTG_NOMAD\TRUNK\FFMPEG\LIBAVUTIL\ORBIS_RELEASE\HMAC.O
E:\DEV\OTG_NOMAD\TRUNK\FFMPEG\LIBAVUTIL\ORBIS_RELEASE\IMGUTILS.O
E:\DEV\OTG_NOMAD\TRUNK\FFMPEG\LIBAVUTIL\ORBIS_RELEASE\INTEGER.O
E:\DEV\OTG_NOMAD\TRUNK\FFMPEG\LIBAVUTIL\ORBIS_RELEASE\INTFLOAT_READWRITE.O
E:\DEV\OTG_NOMAD\TRUNK\FFMPEG\LIBAVUTIL\ORBIS_RELEASE\INTMATH.O
E:\DEV\OTG_NOMAD\TRUNK\FFMPEG\LIBAVUTIL\ORBIS_RELEASE\LFG.O
E:\dev\otg_nomad\trunk\ffmpeg\libavutil\ORBIS_Release\libavutil.write.1.tlog
E:\DEV\OTG_NOMAD\TRUNK\FFMPEG\LIBAVUTIL\ORBIS_RELEASE\LLS1.O
E:\DEV\OTG_NOMAD\TRUNK\FFMPEG\LIBAVUTIL\ORBIS_RELEASE\LLS2.O
E:\DEV\OTG_NOMAD\TRUNK\FFMPEG\LIBAVUTIL\ORBIS_RELEASE\LOG.O
E:\DEV\OTG_NOMAD\TRUNK\FFMPEG\LIBAVUTIL\ORBIS_RELEASE\LOG2_TAB.O
E:\DEV\OTG_NOMAD\TRUNK\FFMPEG\LIBAVUTIL\ORBIS_RELEASE\LZO.O
E:\DEV\OTG_NOMAD\TRUNK\FFMPEG\LIBAVUTIL\ORBIS_RELEASE\MATHEMATICS.O
E:\DEV\OTG_NOMAD\TRUNK\FFMPEG\LIBAVUTIL\ORBIS_RELEASE\MD5.O
E:\DEV\OTG_NOMAD\TRUNK\FFMPEG\LIBAVUTIL\ORBIS_RELEASE\MEM.O
E:\DEV\OTG_NOMAD\TRUNK\FFMPEG\LIBAVUTIL\ORBIS_RELEASE\MISC_KERNEL.O
E:\DEV\OTG_NOMAD\TRUNK\FFMPEG\LIBAVUTIL\ORBIS_RELEASE\MURMUR3.O
E:\DEV\OTG_NOMAD\TRUNK\FFMPEG\LIBAVUTIL\ORBIS_RELEASE\OPT.O
E:\dev\otg_nomad\trunk\ffmpeg\libavutil\ORBIS_Release\orbis-clang-cl.command.1.tlog
E:\dev\otg_nomad\trunk\ffmpeg\libavutil\ORBIS_Release\orbis-clang-cl.read.1.tlog
E:\dev\otg_nomad\trunk\ffmpeg\libavutil\ORBIS_Release\orbis-clang-cl.write.1.tlog
E:\dev\otg_nomad\trunk\ffmpeg\libavutil\ORBIS_Release\orbis-snarl.command.1.tlog
E:\dev\otg_nomad\trunk\ffmpeg\libavutil\ORBIS_Release\orbis-snarl.read.1.tlog
E:\dev\otg_nomad\trunk\ffmpeg\libavutil\ORBIS_Release\orbis-snarl.write.1.tlog
E:\DEV\OTG_NOMAD\TRUNK\FFMPEG\LIBAVUTIL\ORBIS_RELEASE\PARSEUTILS.O
E:\DEV\OTG_NOMAD\TRUNK\FFMPEG\LIBAVUTIL\ORBIS_RELEASE\PCA.O
E:\DEV\OTG_NOMAD\TRUNK\FFMPEG\LIBAVUTIL\ORBIS_RELEASE\PIXDESC.O
E:\DEV\OTG_NOMAD\TRUNK\FFMPEG\LIBAVUTIL\ORBIS_RELEASE\RANDOM_SEED.O
E:\DEV\OTG_NOMAD\TRUNK\FFMPEG\LIBAVUTIL\ORBIS_RELEASE\RATIONAL.O
E:\DEV\OTG_NOMAD\TRUNK\FFMPEG\LIBAVUTIL\ORBIS_RELEASE\RC4.O
E:\DEV\OTG_NOMAD\TRUNK\FFMPEG\LIBAVUTIL\ORBIS_RELEASE\RIPEMD.O
E:\DEV\OTG_NOMAD\TRUNK\FFMPEG\LIBAVUTIL\ORBIS_RELEASE\SAMPLEFMT.O
E:\DEV\OTG_NOMAD\TRUNK\FFMPEG\LIBAVUTIL\ORBIS_RELEASE\SHA.O
E:\DEV\OTG_NOMAD\TRUNK\FFMPEG\LIBAVUTIL\ORBIS_RELEASE\SHA512.O
E:\DEV\OTG_NOMAD\TRUNK\FFMPEG\LIBAVUTIL\ORBIS_RELEASE\SOFTFLOAT.O
E:\DEV\OTG_NOMAD\TRUNK\FFMPEG\LIBAVUTIL\ORBIS_RELEASE\STEREO3D.O
E:\DEV\OTG_NOMAD\TRUNK\FFMPEG\LIBAVUTIL\ORBIS_RELEASE\TIME.O
E:\DEV\OTG_NOMAD\TRUNK\FFMPEG\LIBAVUTIL\ORBIS_RELEASE\TIMECODE.O
E:\DEV\OTG_NOMAD\TRUNK\FFMPEG\LIBAVUTIL\ORBIS_RELEASE\TREE.O
E:\DEV\OTG_NOMAD\TRUNK\FFMPEG\LIBAVUTIL\ORBIS_RELEASE\UTILS.O
E:\DEV\OTG_NOMAD\TRUNK\FFMPEG\LIBAVUTIL\ORBIS_RELEASE\XGA_FONT_DATA.O
E:\DEV\OTG_NOMAD\TRUNK\FFMPEG\LIBAVUTIL\ORBIS_RELEASE\XTEA.O
E:\DEV\OTG_NOMAD\TRUNK\VE\ORBIS_RELEASE\LIBAVUTIL.A
