E:\DEV\OTG_NOMAD\TRUNK\FFMPEG\LIBAVFORMAT\ORBIS_DEBUG\4XM.O
E:\DEV\OTG_NOMAD\TRUNK\FFMPEG\LIBAVFORMAT\ORBIS_DEBUG\A64.O
E:\DEV\OTG_NOMAD\TRUNK\FFMPEG\LIBAVFORMAT\ORBIS_DEBUG\AACDEC.O
E:\DEV\OTG_NOMAD\TRUNK\FFMPEG\LIBAVFORMAT\ORBIS_DEBUG\AC3DEC.O
E:\DEV\OTG_NOMAD\TRUNK\FFMPEG\LIBAVFORMAT\ORBIS_DEBUG\ACT.O
E:\DEV\OTG_NOMAD\TRUNK\FFMPEG\LIBAVFORMAT\ORBIS_DEBUG\ADP.O
E:\DEV\OTG_NOMAD\TRUNK\FFMPEG\LIBAVFORMAT\ORBIS_DEBUG\ADTSENC.O
E:\DEV\OTG_NOMAD\TRUNK\FFMPEG\LIBAVFORMAT\ORBIS_DEBUG\ADXDEC.O
E:\DEV\OTG_NOMAD\TRUNK\FFMPEG\LIBAVFORMAT\ORBIS_DEBUG\AEA.O
E:\DEV\OTG_NOMAD\TRUNK\FFMPEG\LIBAVFORMAT\ORBIS_DEBUG\AFC.O
E:\DEV\OTG_NOMAD\TRUNK\FFMPEG\LIBAVFORMAT\ORBIS_DEBUG\AIFFDEC.O
E:\DEV\OTG_NOMAD\TRUNK\FFMPEG\LIBAVFORMAT\ORBIS_DEBUG\AIFFENC.O
E:\DEV\OTG_NOMAD\TRUNK\FFMPEG\LIBAVFORMAT\ORBIS_DEBUG\ALLFORMATS.O
E:\DEV\OTG_NOMAD\TRUNK\FFMPEG\LIBAVFORMAT\ORBIS_DEBUG\AMR.O
E:\DEV\OTG_NOMAD\TRUNK\FFMPEG\LIBAVFORMAT\ORBIS_DEBUG\ANM.O
E:\DEV\OTG_NOMAD\TRUNK\FFMPEG\LIBAVFORMAT\ORBIS_DEBUG\APC.O
E:\DEV\OTG_NOMAD\TRUNK\FFMPEG\LIBAVFORMAT\ORBIS_DEBUG\APE.O
E:\DEV\OTG_NOMAD\TRUNK\FFMPEG\LIBAVFORMAT\ORBIS_DEBUG\APETAG.O
E:\DEV\OTG_NOMAD\TRUNK\FFMPEG\LIBAVFORMAT\ORBIS_DEBUG\AQTITLEDEC.O
E:\DEV\OTG_NOMAD\TRUNK\FFMPEG\LIBAVFORMAT\ORBIS_DEBUG\ASF.O
E:\DEV\OTG_NOMAD\TRUNK\FFMPEG\LIBAVFORMAT\ORBIS_DEBUG\ASFCRYPT.O
E:\DEV\OTG_NOMAD\TRUNK\FFMPEG\LIBAVFORMAT\ORBIS_DEBUG\ASFDEC.O
E:\DEV\OTG_NOMAD\TRUNK\FFMPEG\LIBAVFORMAT\ORBIS_DEBUG\ASFENC.O
E:\DEV\OTG_NOMAD\TRUNK\FFMPEG\LIBAVFORMAT\ORBIS_DEBUG\ASSDEC.O
E:\DEV\OTG_NOMAD\TRUNK\FFMPEG\LIBAVFORMAT\ORBIS_DEBUG\ASSENC.O
E:\DEV\OTG_NOMAD\TRUNK\FFMPEG\LIBAVFORMAT\ORBIS_DEBUG\AST.O
E:\DEV\OTG_NOMAD\TRUNK\FFMPEG\LIBAVFORMAT\ORBIS_DEBUG\ASTDEC.O
E:\DEV\OTG_NOMAD\TRUNK\FFMPEG\LIBAVFORMAT\ORBIS_DEBUG\ASTENC.O
E:\DEV\OTG_NOMAD\TRUNK\FFMPEG\LIBAVFORMAT\ORBIS_DEBUG\AU.O
E:\DEV\OTG_NOMAD\TRUNK\FFMPEG\LIBAVFORMAT\ORBIS_DEBUG\AUDIOINTERLEAVE.O
E:\DEV\OTG_NOMAD\TRUNK\FFMPEG\LIBAVFORMAT\ORBIS_DEBUG\AVC.O
E:\DEV\OTG_NOMAD\TRUNK\FFMPEG\LIBAVFORMAT\ORBIS_DEBUG\AVIDEC.O
E:\DEV\OTG_NOMAD\TRUNK\FFMPEG\LIBAVFORMAT\ORBIS_DEBUG\AVIENC.O
E:\DEV\OTG_NOMAD\TRUNK\FFMPEG\LIBAVFORMAT\ORBIS_DEBUG\AVIO.O
E:\DEV\OTG_NOMAD\TRUNK\FFMPEG\LIBAVFORMAT\ORBIS_DEBUG\AVIOBUF.O
E:\DEV\OTG_NOMAD\TRUNK\FFMPEG\LIBAVFORMAT\ORBIS_DEBUG\AVLANGUAGE.O
E:\DEV\OTG_NOMAD\TRUNK\FFMPEG\LIBAVFORMAT\ORBIS_DEBUG\AVR.O
E:\DEV\OTG_NOMAD\TRUNK\FFMPEG\LIBAVFORMAT\ORBIS_DEBUG\AVS.O
E:\DEV\OTG_NOMAD\TRUNK\FFMPEG\LIBAVFORMAT\ORBIS_DEBUG\BETHSOFTVID.O
E:\DEV\OTG_NOMAD\TRUNK\FFMPEG\LIBAVFORMAT\ORBIS_DEBUG\BFI.O
E:\DEV\OTG_NOMAD\TRUNK\FFMPEG\LIBAVFORMAT\ORBIS_DEBUG\BINK.O
E:\DEV\OTG_NOMAD\TRUNK\FFMPEG\LIBAVFORMAT\ORBIS_DEBUG\BINTEXT.O
E:\DEV\OTG_NOMAD\TRUNK\FFMPEG\LIBAVFORMAT\ORBIS_DEBUG\BIT.O
E:\DEV\OTG_NOMAD\TRUNK\FFMPEG\LIBAVFORMAT\ORBIS_DEBUG\BMV.O
E:\DEV\OTG_NOMAD\TRUNK\FFMPEG\LIBAVFORMAT\ORBIS_DEBUG\BOADEC.O
E:\DEV\OTG_NOMAD\TRUNK\FFMPEG\LIBAVFORMAT\ORBIS_DEBUG\BRSTM.O
E:\DEV\OTG_NOMAD\TRUNK\FFMPEG\LIBAVFORMAT\ORBIS_DEBUG\C93.O
E:\DEV\OTG_NOMAD\TRUNK\FFMPEG\LIBAVFORMAT\ORBIS_DEBUG\CACHE.O
E:\DEV\OTG_NOMAD\TRUNK\FFMPEG\LIBAVFORMAT\ORBIS_DEBUG\CAF.O
E:\DEV\OTG_NOMAD\TRUNK\FFMPEG\LIBAVFORMAT\ORBIS_DEBUG\CAFDEC.O
E:\DEV\OTG_NOMAD\TRUNK\FFMPEG\LIBAVFORMAT\ORBIS_DEBUG\CAFENC.O
E:\DEV\OTG_NOMAD\TRUNK\FFMPEG\LIBAVFORMAT\ORBIS_DEBUG\CAVSVIDEODEC.O
E:\DEV\OTG_NOMAD\TRUNK\FFMPEG\LIBAVFORMAT\ORBIS_DEBUG\CDG.O
E:\DEV\OTG_NOMAD\TRUNK\FFMPEG\LIBAVFORMAT\ORBIS_DEBUG\CDXL.O
E:\DEV\OTG_NOMAD\TRUNK\FFMPEG\LIBAVFORMAT\ORBIS_DEBUG\CINEDEC.O
E:\DEV\OTG_NOMAD\TRUNK\FFMPEG\LIBAVFORMAT\ORBIS_DEBUG\CONCAT.O
E:\DEV\OTG_NOMAD\TRUNK\FFMPEG\LIBAVFORMAT\ORBIS_DEBUG\CONCATDEC.O
E:\DEV\OTG_NOMAD\TRUNK\FFMPEG\LIBAVFORMAT\ORBIS_DEBUG\CRCENC.O
E:\DEV\OTG_NOMAD\TRUNK\FFMPEG\LIBAVFORMAT\ORBIS_DEBUG\CRYPTO.O
E:\DEV\OTG_NOMAD\TRUNK\FFMPEG\LIBAVFORMAT\ORBIS_DEBUG\CUTILS.O
E:\DEV\OTG_NOMAD\TRUNK\FFMPEG\LIBAVFORMAT\ORBIS_DEBUG\DATA_URI.O
E:\DEV\OTG_NOMAD\TRUNK\FFMPEG\LIBAVFORMAT\ORBIS_DEBUG\DAUD.O
E:\DEV\OTG_NOMAD\TRUNK\FFMPEG\LIBAVFORMAT\ORBIS_DEBUG\DFA.O
E:\DEV\OTG_NOMAD\TRUNK\FFMPEG\LIBAVFORMAT\ORBIS_DEBUG\DIRACDEC.O
E:\DEV\OTG_NOMAD\TRUNK\FFMPEG\LIBAVFORMAT\ORBIS_DEBUG\DNXHDDEC.O
E:\DEV\OTG_NOMAD\TRUNK\FFMPEG\LIBAVFORMAT\ORBIS_DEBUG\DSICIN.O
E:\DEV\OTG_NOMAD\TRUNK\FFMPEG\LIBAVFORMAT\ORBIS_DEBUG\DTSDEC.O
E:\DEV\OTG_NOMAD\TRUNK\FFMPEG\LIBAVFORMAT\ORBIS_DEBUG\DTSHDDEC.O
E:\DEV\OTG_NOMAD\TRUNK\FFMPEG\LIBAVFORMAT\ORBIS_DEBUG\DV.O
E:\DEV\OTG_NOMAD\TRUNK\FFMPEG\LIBAVFORMAT\ORBIS_DEBUG\DVENC.O
E:\DEV\OTG_NOMAD\TRUNK\FFMPEG\LIBAVFORMAT\ORBIS_DEBUG\DXA.O
E:\DEV\OTG_NOMAD\TRUNK\FFMPEG\LIBAVFORMAT\ORBIS_DEBUG\EACDATA.O
E:\DEV\OTG_NOMAD\TRUNK\FFMPEG\LIBAVFORMAT\ORBIS_DEBUG\ELECTRONICARTS.O
E:\DEV\OTG_NOMAD\TRUNK\FFMPEG\LIBAVFORMAT\ORBIS_DEBUG\EPAFDEC.O
E:\DEV\OTG_NOMAD\TRUNK\FFMPEG\LIBAVFORMAT\ORBIS_DEBUG\FFMDEC.O
E:\DEV\OTG_NOMAD\TRUNK\FFMPEG\LIBAVFORMAT\ORBIS_DEBUG\FFMENC.O
E:\DEV\OTG_NOMAD\TRUNK\FFMPEG\LIBAVFORMAT\ORBIS_DEBUG\FFMETADEC.O
E:\DEV\OTG_NOMAD\TRUNK\FFMPEG\LIBAVFORMAT\ORBIS_DEBUG\FFMETAENC.O
E:\DEV\OTG_NOMAD\TRUNK\FFMPEG\LIBAVFORMAT\ORBIS_DEBUG\FILE.O
E:\DEV\OTG_NOMAD\TRUNK\FFMPEG\LIBAVFORMAT\ORBIS_DEBUG\FILE_OPEN.O
E:\DEV\OTG_NOMAD\TRUNK\FFMPEG\LIBAVFORMAT\ORBIS_DEBUG\FILMSTRIPDEC.O
E:\DEV\OTG_NOMAD\TRUNK\FFMPEG\LIBAVFORMAT\ORBIS_DEBUG\FILMSTRIPENC.O
E:\DEV\OTG_NOMAD\TRUNK\FFMPEG\LIBAVFORMAT\ORBIS_DEBUG\FLAC_PICTURE.O
E:\DEV\OTG_NOMAD\TRUNK\FFMPEG\LIBAVFORMAT\ORBIS_DEBUG\FLACDEC.O
E:\DEV\OTG_NOMAD\TRUNK\FFMPEG\LIBAVFORMAT\ORBIS_DEBUG\FLACENC.O
E:\DEV\OTG_NOMAD\TRUNK\FFMPEG\LIBAVFORMAT\ORBIS_DEBUG\FLACENC_HEADER.O
E:\DEV\OTG_NOMAD\TRUNK\FFMPEG\LIBAVFORMAT\ORBIS_DEBUG\FLIC.O
E:\DEV\OTG_NOMAD\TRUNK\FFMPEG\LIBAVFORMAT\ORBIS_DEBUG\FLVDEC.O
E:\DEV\OTG_NOMAD\TRUNK\FFMPEG\LIBAVFORMAT\ORBIS_DEBUG\FLVENC.O
E:\DEV\OTG_NOMAD\TRUNK\FFMPEG\LIBAVFORMAT\ORBIS_DEBUG\FORMAT.O
E:\DEV\OTG_NOMAD\TRUNK\FFMPEG\LIBAVFORMAT\ORBIS_DEBUG\FRAMECRCENC.O
E:\DEV\OTG_NOMAD\TRUNK\FFMPEG\LIBAVFORMAT\ORBIS_DEBUG\FRAMEHASH.O
E:\DEV\OTG_NOMAD\TRUNK\FFMPEG\LIBAVFORMAT\ORBIS_DEBUG\FRMDEC.O
E:\DEV\OTG_NOMAD\TRUNK\FFMPEG\LIBAVFORMAT\ORBIS_DEBUG\FTP.O
E:\DEV\OTG_NOMAD\TRUNK\FFMPEG\LIBAVFORMAT\ORBIS_DEBUG\G722.O
E:\DEV\OTG_NOMAD\TRUNK\FFMPEG\LIBAVFORMAT\ORBIS_DEBUG\G723_1.O
E:\DEV\OTG_NOMAD\TRUNK\FFMPEG\LIBAVFORMAT\ORBIS_DEBUG\G729DEC.O
E:\DEV\OTG_NOMAD\TRUNK\FFMPEG\LIBAVFORMAT\ORBIS_DEBUG\GIF.O
E:\DEV\OTG_NOMAD\TRUNK\FFMPEG\LIBAVFORMAT\ORBIS_DEBUG\GIFDEC.O
E:\DEV\OTG_NOMAD\TRUNK\FFMPEG\LIBAVFORMAT\ORBIS_DEBUG\GOLOMB_TAB.O
E:\DEV\OTG_NOMAD\TRUNK\FFMPEG\LIBAVFORMAT\ORBIS_DEBUG\GSMDEC.O
E:\DEV\OTG_NOMAD\TRUNK\FFMPEG\LIBAVFORMAT\ORBIS_DEBUG\GXF.O
E:\DEV\OTG_NOMAD\TRUNK\FFMPEG\LIBAVFORMAT\ORBIS_DEBUG\GXFENC.O
E:\DEV\OTG_NOMAD\TRUNK\FFMPEG\LIBAVFORMAT\ORBIS_DEBUG\H261DEC.O
E:\DEV\OTG_NOMAD\TRUNK\FFMPEG\LIBAVFORMAT\ORBIS_DEBUG\H263DEC.O
E:\DEV\OTG_NOMAD\TRUNK\FFMPEG\LIBAVFORMAT\ORBIS_DEBUG\H264DEC.O
E:\DEV\OTG_NOMAD\TRUNK\FFMPEG\LIBAVFORMAT\ORBIS_DEBUG\HDSENC.O
E:\DEV\OTG_NOMAD\TRUNK\FFMPEG\LIBAVFORMAT\ORBIS_DEBUG\HEVC.O
E:\DEV\OTG_NOMAD\TRUNK\FFMPEG\LIBAVFORMAT\ORBIS_DEBUG\HEVCDEC.O
E:\DEV\OTG_NOMAD\TRUNK\FFMPEG\LIBAVFORMAT\ORBIS_DEBUG\HLS.O
E:\DEV\OTG_NOMAD\TRUNK\FFMPEG\LIBAVFORMAT\ORBIS_DEBUG\HLSENC.O
E:\DEV\OTG_NOMAD\TRUNK\FFMPEG\LIBAVFORMAT\ORBIS_DEBUG\HLSPROTO.O
E:\DEV\OTG_NOMAD\TRUNK\FFMPEG\LIBAVFORMAT\ORBIS_DEBUG\HNM.O
E:\DEV\OTG_NOMAD\TRUNK\FFMPEG\LIBAVFORMAT\ORBIS_DEBUG\ICODEC.O
E:\DEV\OTG_NOMAD\TRUNK\FFMPEG\LIBAVFORMAT\ORBIS_DEBUG\ICOENC.O
E:\DEV\OTG_NOMAD\TRUNK\FFMPEG\LIBAVFORMAT\ORBIS_DEBUG\ID3V1.O
E:\DEV\OTG_NOMAD\TRUNK\FFMPEG\LIBAVFORMAT\ORBIS_DEBUG\ID3V2.O
E:\DEV\OTG_NOMAD\TRUNK\FFMPEG\LIBAVFORMAT\ORBIS_DEBUG\ID3V2ENC.O
E:\DEV\OTG_NOMAD\TRUNK\FFMPEG\LIBAVFORMAT\ORBIS_DEBUG\IDCIN.O
E:\DEV\OTG_NOMAD\TRUNK\FFMPEG\LIBAVFORMAT\ORBIS_DEBUG\IDROQDEC.O
E:\DEV\OTG_NOMAD\TRUNK\FFMPEG\LIBAVFORMAT\ORBIS_DEBUG\IDROQENC.O
E:\DEV\OTG_NOMAD\TRUNK\FFMPEG\LIBAVFORMAT\ORBIS_DEBUG\IFF.O
E:\DEV\OTG_NOMAD\TRUNK\FFMPEG\LIBAVFORMAT\ORBIS_DEBUG\ILBC.O
E:\DEV\OTG_NOMAD\TRUNK\FFMPEG\LIBAVFORMAT\ORBIS_DEBUG\IMG2.O
E:\DEV\OTG_NOMAD\TRUNK\FFMPEG\LIBAVFORMAT\ORBIS_DEBUG\IMG2DEC.O
E:\DEV\OTG_NOMAD\TRUNK\FFMPEG\LIBAVFORMAT\ORBIS_DEBUG\IMG2ENC.O
E:\DEV\OTG_NOMAD\TRUNK\FFMPEG\LIBAVFORMAT\ORBIS_DEBUG\INGENIENTDEC.O
E:\DEV\OTG_NOMAD\TRUNK\FFMPEG\LIBAVFORMAT\ORBIS_DEBUG\IPMOVIE.O
E:\DEV\OTG_NOMAD\TRUNK\FFMPEG\LIBAVFORMAT\ORBIS_DEBUG\IRCAM.O
E:\DEV\OTG_NOMAD\TRUNK\FFMPEG\LIBAVFORMAT\ORBIS_DEBUG\IRCAMDEC.O
E:\DEV\OTG_NOMAD\TRUNK\FFMPEG\LIBAVFORMAT\ORBIS_DEBUG\IRCAMENC.O
E:\DEV\OTG_NOMAD\TRUNK\FFMPEG\LIBAVFORMAT\ORBIS_DEBUG\ISOM.O
E:\DEV\OTG_NOMAD\TRUNK\FFMPEG\LIBAVFORMAT\ORBIS_DEBUG\ISS.O
E:\DEV\OTG_NOMAD\TRUNK\FFMPEG\LIBAVFORMAT\ORBIS_DEBUG\IV8.O
E:\DEV\OTG_NOMAD\TRUNK\FFMPEG\LIBAVFORMAT\ORBIS_DEBUG\IVFDEC.O
E:\DEV\OTG_NOMAD\TRUNK\FFMPEG\LIBAVFORMAT\ORBIS_DEBUG\IVFENC.O
E:\DEV\OTG_NOMAD\TRUNK\FFMPEG\LIBAVFORMAT\ORBIS_DEBUG\JACOSUBDEC.O
E:\DEV\OTG_NOMAD\TRUNK\FFMPEG\LIBAVFORMAT\ORBIS_DEBUG\JACOSUBENC.O
E:\DEV\OTG_NOMAD\TRUNK\FFMPEG\LIBAVFORMAT\ORBIS_DEBUG\JVDEC.O
E:\DEV\OTG_NOMAD\TRUNK\FFMPEG\LIBAVFORMAT\ORBIS_DEBUG\LATMENC.O
E:\dev\otg_nomad\trunk\ffmpeg\libavformat\ORBIS_Debug\libavformat.write.1.tlog
E:\DEV\OTG_NOMAD\TRUNK\FFMPEG\LIBAVFORMAT\ORBIS_DEBUG\LMLM4.O
E:\DEV\OTG_NOMAD\TRUNK\FFMPEG\LIBAVFORMAT\ORBIS_DEBUG\LOASDEC.O
E:\DEV\OTG_NOMAD\TRUNK\FFMPEG\LIBAVFORMAT\ORBIS_DEBUG\LVFDEC.O
E:\DEV\OTG_NOMAD\TRUNK\FFMPEG\LIBAVFORMAT\ORBIS_DEBUG\LXFDEC.O
E:\DEV\OTG_NOMAD\TRUNK\FFMPEG\LIBAVFORMAT\ORBIS_DEBUG\M4VDEC.O
E:\DEV\OTG_NOMAD\TRUNK\FFMPEG\LIBAVFORMAT\ORBIS_DEBUG\MATROSKA.O
E:\DEV\OTG_NOMAD\TRUNK\FFMPEG\LIBAVFORMAT\ORBIS_DEBUG\MATROSKADEC.O
E:\DEV\OTG_NOMAD\TRUNK\FFMPEG\LIBAVFORMAT\ORBIS_DEBUG\MATROSKAENC.O
E:\DEV\OTG_NOMAD\TRUNK\FFMPEG\LIBAVFORMAT\ORBIS_DEBUG\MD5ENC.O
E:\DEV\OTG_NOMAD\TRUNK\FFMPEG\LIBAVFORMAT\ORBIS_DEBUG\MD5PROTO.O
E:\DEV\OTG_NOMAD\TRUNK\FFMPEG\LIBAVFORMAT\ORBIS_DEBUG\METADATA.O
E:\DEV\OTG_NOMAD\TRUNK\FFMPEG\LIBAVFORMAT\ORBIS_DEBUG\MGSTS.O
E:\DEV\OTG_NOMAD\TRUNK\FFMPEG\LIBAVFORMAT\ORBIS_DEBUG\MICRODVDDEC.O
E:\DEV\OTG_NOMAD\TRUNK\FFMPEG\LIBAVFORMAT\ORBIS_DEBUG\MICRODVDENC.O
E:\DEV\OTG_NOMAD\TRUNK\FFMPEG\LIBAVFORMAT\ORBIS_DEBUG\MKVTIMESTAMP_V2.O
E:\DEV\OTG_NOMAD\TRUNK\FFMPEG\LIBAVFORMAT\ORBIS_DEBUG\MM.O
E:\DEV\OTG_NOMAD\TRUNK\FFMPEG\LIBAVFORMAT\ORBIS_DEBUG\MMF.O
E:\DEV\OTG_NOMAD\TRUNK\FFMPEG\LIBAVFORMAT\ORBIS_DEBUG\MOV.O
E:\DEV\OTG_NOMAD\TRUNK\FFMPEG\LIBAVFORMAT\ORBIS_DEBUG\MOV_CHAN.O
E:\DEV\OTG_NOMAD\TRUNK\FFMPEG\LIBAVFORMAT\ORBIS_DEBUG\MOVENC.O
E:\DEV\OTG_NOMAD\TRUNK\FFMPEG\LIBAVFORMAT\ORBIS_DEBUG\MOVENCHINT.O
E:\DEV\OTG_NOMAD\TRUNK\FFMPEG\LIBAVFORMAT\ORBIS_DEBUG\MP3DEC.O
E:\DEV\OTG_NOMAD\TRUNK\FFMPEG\LIBAVFORMAT\ORBIS_DEBUG\MP3ENC.O
E:\DEV\OTG_NOMAD\TRUNK\FFMPEG\LIBAVFORMAT\ORBIS_DEBUG\MPC.O
E:\DEV\OTG_NOMAD\TRUNK\FFMPEG\LIBAVFORMAT\ORBIS_DEBUG\MPC8.O
E:\DEV\OTG_NOMAD\TRUNK\FFMPEG\LIBAVFORMAT\ORBIS_DEBUG\MPEG.O
E:\DEV\OTG_NOMAD\TRUNK\FFMPEG\LIBAVFORMAT\ORBIS_DEBUG\MPEGENC.O
E:\DEV\OTG_NOMAD\TRUNK\FFMPEG\LIBAVFORMAT\ORBIS_DEBUG\MPEGTS.O
E:\DEV\OTG_NOMAD\TRUNK\FFMPEG\LIBAVFORMAT\ORBIS_DEBUG\MPEGTSENC.O
E:\DEV\OTG_NOMAD\TRUNK\FFMPEG\LIBAVFORMAT\ORBIS_DEBUG\MPEGVIDEODEC.O
E:\DEV\OTG_NOMAD\TRUNK\FFMPEG\LIBAVFORMAT\ORBIS_DEBUG\MPJPEG.O
E:\DEV\OTG_NOMAD\TRUNK\FFMPEG\LIBAVFORMAT\ORBIS_DEBUG\MPL2DEC.O
E:\DEV\OTG_NOMAD\TRUNK\FFMPEG\LIBAVFORMAT\ORBIS_DEBUG\MPSUBDEC.O
E:\DEV\OTG_NOMAD\TRUNK\FFMPEG\LIBAVFORMAT\ORBIS_DEBUG\MSNWC_TCP.O
E:\DEV\OTG_NOMAD\TRUNK\FFMPEG\LIBAVFORMAT\ORBIS_DEBUG\MTV.O
E:\DEV\OTG_NOMAD\TRUNK\FFMPEG\LIBAVFORMAT\ORBIS_DEBUG\MUX.O
E:\DEV\OTG_NOMAD\TRUNK\FFMPEG\LIBAVFORMAT\ORBIS_DEBUG\MVDEC.O
E:\DEV\OTG_NOMAD\TRUNK\FFMPEG\LIBAVFORMAT\ORBIS_DEBUG\MVI.O
E:\DEV\OTG_NOMAD\TRUNK\FFMPEG\LIBAVFORMAT\ORBIS_DEBUG\MXF.O
E:\DEV\OTG_NOMAD\TRUNK\FFMPEG\LIBAVFORMAT\ORBIS_DEBUG\MXFDEC.O
E:\DEV\OTG_NOMAD\TRUNK\FFMPEG\LIBAVFORMAT\ORBIS_DEBUG\MXFENC.O
E:\DEV\OTG_NOMAD\TRUNK\FFMPEG\LIBAVFORMAT\ORBIS_DEBUG\MXG.O
E:\DEV\OTG_NOMAD\TRUNK\FFMPEG\LIBAVFORMAT\ORBIS_DEBUG\NCDEC.O
E:\DEV\OTG_NOMAD\TRUNK\FFMPEG\LIBAVFORMAT\ORBIS_DEBUG\NISTSPHEREDEC.O
E:\DEV\OTG_NOMAD\TRUNK\FFMPEG\LIBAVFORMAT\ORBIS_DEBUG\NSVDEC.O
E:\DEV\OTG_NOMAD\TRUNK\FFMPEG\LIBAVFORMAT\ORBIS_DEBUG\NULLENC.O
E:\DEV\OTG_NOMAD\TRUNK\FFMPEG\LIBAVFORMAT\ORBIS_DEBUG\NUT.O
E:\DEV\OTG_NOMAD\TRUNK\FFMPEG\LIBAVFORMAT\ORBIS_DEBUG\NUTDEC.O
E:\DEV\OTG_NOMAD\TRUNK\FFMPEG\LIBAVFORMAT\ORBIS_DEBUG\NUTENC.O
E:\DEV\OTG_NOMAD\TRUNK\FFMPEG\LIBAVFORMAT\ORBIS_DEBUG\NUV.O
E:\DEV\OTG_NOMAD\TRUNK\FFMPEG\LIBAVFORMAT\ORBIS_DEBUG\OGGDEC.O
E:\DEV\OTG_NOMAD\TRUNK\FFMPEG\LIBAVFORMAT\ORBIS_DEBUG\OGGENC.O
E:\DEV\OTG_NOMAD\TRUNK\FFMPEG\LIBAVFORMAT\ORBIS_DEBUG\OGGPARSECELT.O
E:\DEV\OTG_NOMAD\TRUNK\FFMPEG\LIBAVFORMAT\ORBIS_DEBUG\OGGPARSEDIRAC.O
E:\DEV\OTG_NOMAD\TRUNK\FFMPEG\LIBAVFORMAT\ORBIS_DEBUG\OGGPARSEFLAC.O
E:\DEV\OTG_NOMAD\TRUNK\FFMPEG\LIBAVFORMAT\ORBIS_DEBUG\OGGPARSEOGM.O
E:\DEV\OTG_NOMAD\TRUNK\FFMPEG\LIBAVFORMAT\ORBIS_DEBUG\OGGPARSEOPUS.O
E:\DEV\OTG_NOMAD\TRUNK\FFMPEG\LIBAVFORMAT\ORBIS_DEBUG\OGGPARSESKELETON.O
E:\DEV\OTG_NOMAD\TRUNK\FFMPEG\LIBAVFORMAT\ORBIS_DEBUG\OGGPARSESPEEX.O
E:\DEV\OTG_NOMAD\TRUNK\FFMPEG\LIBAVFORMAT\ORBIS_DEBUG\OGGPARSETHEORA.O
E:\DEV\OTG_NOMAD\TRUNK\FFMPEG\LIBAVFORMAT\ORBIS_DEBUG\OGGPARSEVORBIS.O
E:\DEV\OTG_NOMAD\TRUNK\FFMPEG\LIBAVFORMAT\ORBIS_DEBUG\OGGPARSEVP8.O
E:\DEV\OTG_NOMAD\TRUNK\FFMPEG\LIBAVFORMAT\ORBIS_DEBUG\OMA.O
E:\DEV\OTG_NOMAD\TRUNK\FFMPEG\LIBAVFORMAT\ORBIS_DEBUG\OMADEC.O
E:\DEV\OTG_NOMAD\TRUNK\FFMPEG\LIBAVFORMAT\ORBIS_DEBUG\OMAENC.O
E:\DEV\OTG_NOMAD\TRUNK\FFMPEG\LIBAVFORMAT\ORBIS_DEBUG\OPTIONS.O
E:\dev\otg_nomad\trunk\ffmpeg\libavformat\ORBIS_Debug\orbis-clang-cl.command.1.tlog
E:\dev\otg_nomad\trunk\ffmpeg\libavformat\ORBIS_Debug\orbis-clang-cl.read.1.tlog
E:\dev\otg_nomad\trunk\ffmpeg\libavformat\ORBIS_Debug\orbis-clang-cl.write.1.tlog
E:\dev\otg_nomad\trunk\ffmpeg\libavformat\ORBIS_Debug\orbis-snarl.command.1.tlog
E:\dev\otg_nomad\trunk\ffmpeg\libavformat\ORBIS_Debug\orbis-snarl.read.1.tlog
E:\dev\otg_nomad\trunk\ffmpeg\libavformat\ORBIS_Debug\orbis-snarl.write.1.tlog
E:\DEV\OTG_NOMAD\TRUNK\FFMPEG\LIBAVFORMAT\ORBIS_DEBUG\OS_SUPPORT.O
E:\DEV\OTG_NOMAD\TRUNK\FFMPEG\LIBAVFORMAT\ORBIS_DEBUG\PAF.O
E:\DEV\OTG_NOMAD\TRUNK\FFMPEG\LIBAVFORMAT\ORBIS_DEBUG\PCM.O
E:\DEV\OTG_NOMAD\TRUNK\FFMPEG\LIBAVFORMAT\ORBIS_DEBUG\PCMDEC.O
E:\DEV\OTG_NOMAD\TRUNK\FFMPEG\LIBAVFORMAT\ORBIS_DEBUG\PCMENC.O
E:\DEV\OTG_NOMAD\TRUNK\FFMPEG\LIBAVFORMAT\ORBIS_DEBUG\PJSDEC.O
E:\DEV\OTG_NOMAD\TRUNK\FFMPEG\LIBAVFORMAT\ORBIS_DEBUG\PMPDEC.O
E:\DEV\OTG_NOMAD\TRUNK\FFMPEG\LIBAVFORMAT\ORBIS_DEBUG\PSXSTR.O
E:\DEV\OTG_NOMAD\TRUNK\FFMPEG\LIBAVFORMAT\ORBIS_DEBUG\PVA.O
E:\DEV\OTG_NOMAD\TRUNK\FFMPEG\LIBAVFORMAT\ORBIS_DEBUG\PVFDEC.O
E:\DEV\OTG_NOMAD\TRUNK\FFMPEG\LIBAVFORMAT\ORBIS_DEBUG\QCP.O
E:\DEV\OTG_NOMAD\TRUNK\FFMPEG\LIBAVFORMAT\ORBIS_DEBUG\R3D.O
E:\DEV\OTG_NOMAD\TRUNK\FFMPEG\LIBAVFORMAT\ORBIS_DEBUG\RAWDEC.O
E:\DEV\OTG_NOMAD\TRUNK\FFMPEG\LIBAVFORMAT\ORBIS_DEBUG\RAWENC.O
E:\DEV\OTG_NOMAD\TRUNK\FFMPEG\LIBAVFORMAT\ORBIS_DEBUG\RAWVIDEODEC.O
E:\DEV\OTG_NOMAD\TRUNK\FFMPEG\LIBAVFORMAT\ORBIS_DEBUG\REALTEXTDEC.O
E:\DEV\OTG_NOMAD\TRUNK\FFMPEG\LIBAVFORMAT\ORBIS_DEBUG\REDSPARK.O
E:\DEV\OTG_NOMAD\TRUNK\FFMPEG\LIBAVFORMAT\ORBIS_DEBUG\REPLAYGAIN.O
E:\DEV\OTG_NOMAD\TRUNK\FFMPEG\LIBAVFORMAT\ORBIS_DEBUG\RIFF.O
E:\DEV\OTG_NOMAD\TRUNK\FFMPEG\LIBAVFORMAT\ORBIS_DEBUG\RIFFDEC.O
E:\DEV\OTG_NOMAD\TRUNK\FFMPEG\LIBAVFORMAT\ORBIS_DEBUG\RIFFENC.O
E:\DEV\OTG_NOMAD\TRUNK\FFMPEG\LIBAVFORMAT\ORBIS_DEBUG\RL2.O
E:\DEV\OTG_NOMAD\TRUNK\FFMPEG\LIBAVFORMAT\ORBIS_DEBUG\RM.O
E:\DEV\OTG_NOMAD\TRUNK\FFMPEG\LIBAVFORMAT\ORBIS_DEBUG\RMDEC.O
E:\DEV\OTG_NOMAD\TRUNK\FFMPEG\LIBAVFORMAT\ORBIS_DEBUG\RMENC.O
E:\DEV\OTG_NOMAD\TRUNK\FFMPEG\LIBAVFORMAT\ORBIS_DEBUG\RMSIPR.O
E:\DEV\OTG_NOMAD\TRUNK\FFMPEG\LIBAVFORMAT\ORBIS_DEBUG\RPL.O
E:\DEV\OTG_NOMAD\TRUNK\FFMPEG\LIBAVFORMAT\ORBIS_DEBUG\RSD.O
E:\DEV\OTG_NOMAD\TRUNK\FFMPEG\LIBAVFORMAT\ORBIS_DEBUG\RSO.O
E:\DEV\OTG_NOMAD\TRUNK\FFMPEG\LIBAVFORMAT\ORBIS_DEBUG\RSODEC.O
E:\DEV\OTG_NOMAD\TRUNK\FFMPEG\LIBAVFORMAT\ORBIS_DEBUG\RSOENC.O
E:\DEV\OTG_NOMAD\TRUNK\FFMPEG\LIBAVFORMAT\ORBIS_DEBUG\RTMPPKT.O
E:\DEV\OTG_NOMAD\TRUNK\FFMPEG\LIBAVFORMAT\ORBIS_DEBUG\RTP.O
E:\DEV\OTG_NOMAD\TRUNK\FFMPEG\LIBAVFORMAT\ORBIS_DEBUG\RTPENC.O
E:\DEV\OTG_NOMAD\TRUNK\FFMPEG\LIBAVFORMAT\ORBIS_DEBUG\RTPENC_AAC.O
E:\DEV\OTG_NOMAD\TRUNK\FFMPEG\LIBAVFORMAT\ORBIS_DEBUG\RTPENC_AMR.O
E:\DEV\OTG_NOMAD\TRUNK\FFMPEG\LIBAVFORMAT\ORBIS_DEBUG\RTPENC_CHAIN.O
E:\DEV\OTG_NOMAD\TRUNK\FFMPEG\LIBAVFORMAT\ORBIS_DEBUG\RTPENC_H263.O
E:\DEV\OTG_NOMAD\TRUNK\FFMPEG\LIBAVFORMAT\ORBIS_DEBUG\RTPENC_H263_RFC2190.O
E:\DEV\OTG_NOMAD\TRUNK\FFMPEG\LIBAVFORMAT\ORBIS_DEBUG\RTPENC_H264.O
E:\DEV\OTG_NOMAD\TRUNK\FFMPEG\LIBAVFORMAT\ORBIS_DEBUG\RTPENC_JPEG.O
E:\DEV\OTG_NOMAD\TRUNK\FFMPEG\LIBAVFORMAT\ORBIS_DEBUG\RTPENC_LATM.O
E:\DEV\OTG_NOMAD\TRUNK\FFMPEG\LIBAVFORMAT\ORBIS_DEBUG\RTPENC_MPV.O
E:\DEV\OTG_NOMAD\TRUNK\FFMPEG\LIBAVFORMAT\ORBIS_DEBUG\RTPENC_VP8.O
E:\DEV\OTG_NOMAD\TRUNK\FFMPEG\LIBAVFORMAT\ORBIS_DEBUG\RTPENC_XIPH.O
E:\DEV\OTG_NOMAD\TRUNK\FFMPEG\LIBAVFORMAT\ORBIS_DEBUG\SAMIDEC.O
E:\DEV\OTG_NOMAD\TRUNK\FFMPEG\LIBAVFORMAT\ORBIS_DEBUG\SAUCE.O
E:\DEV\OTG_NOMAD\TRUNK\FFMPEG\LIBAVFORMAT\ORBIS_DEBUG\SBGDEC.O
E:\DEV\OTG_NOMAD\TRUNK\FFMPEG\LIBAVFORMAT\ORBIS_DEBUG\SDP.O
E:\DEV\OTG_NOMAD\TRUNK\FFMPEG\LIBAVFORMAT\ORBIS_DEBUG\SDR2.O
E:\DEV\OTG_NOMAD\TRUNK\FFMPEG\LIBAVFORMAT\ORBIS_DEBUG\SEEK.O
E:\DEV\OTG_NOMAD\TRUNK\FFMPEG\LIBAVFORMAT\ORBIS_DEBUG\SEGAFILM.O
E:\DEV\OTG_NOMAD\TRUNK\FFMPEG\LIBAVFORMAT\ORBIS_DEBUG\SEGMENT.O
E:\DEV\OTG_NOMAD\TRUNK\FFMPEG\LIBAVFORMAT\ORBIS_DEBUG\SIERRAVMD.O
E:\DEV\OTG_NOMAD\TRUNK\FFMPEG\LIBAVFORMAT\ORBIS_DEBUG\SIFF.O
E:\DEV\OTG_NOMAD\TRUNK\FFMPEG\LIBAVFORMAT\ORBIS_DEBUG\SMACKER.O
E:\DEV\OTG_NOMAD\TRUNK\FFMPEG\LIBAVFORMAT\ORBIS_DEBUG\SMJPEG.O
E:\DEV\OTG_NOMAD\TRUNK\FFMPEG\LIBAVFORMAT\ORBIS_DEBUG\SMJPEGDEC.O
E:\DEV\OTG_NOMAD\TRUNK\FFMPEG\LIBAVFORMAT\ORBIS_DEBUG\SMJPEGENC.O
E:\DEV\OTG_NOMAD\TRUNK\FFMPEG\LIBAVFORMAT\ORBIS_DEBUG\SMOOTHSTREAMINGENC.O
E:\DEV\OTG_NOMAD\TRUNK\FFMPEG\LIBAVFORMAT\ORBIS_DEBUG\SMUSH.O
E:\DEV\OTG_NOMAD\TRUNK\FFMPEG\LIBAVFORMAT\ORBIS_DEBUG\SOL.O
E:\DEV\OTG_NOMAD\TRUNK\FFMPEG\LIBAVFORMAT\ORBIS_DEBUG\SOXDEC.O
E:\DEV\OTG_NOMAD\TRUNK\FFMPEG\LIBAVFORMAT\ORBIS_DEBUG\SOXENC.O
E:\DEV\OTG_NOMAD\TRUNK\FFMPEG\LIBAVFORMAT\ORBIS_DEBUG\SPDIF.O
E:\DEV\OTG_NOMAD\TRUNK\FFMPEG\LIBAVFORMAT\ORBIS_DEBUG\SPDIFDEC.O
E:\DEV\OTG_NOMAD\TRUNK\FFMPEG\LIBAVFORMAT\ORBIS_DEBUG\SPDIFENC.O
E:\DEV\OTG_NOMAD\TRUNK\FFMPEG\LIBAVFORMAT\ORBIS_DEBUG\SRTDEC.O
E:\DEV\OTG_NOMAD\TRUNK\FFMPEG\LIBAVFORMAT\ORBIS_DEBUG\SRTENC.O
E:\DEV\OTG_NOMAD\TRUNK\FFMPEG\LIBAVFORMAT\ORBIS_DEBUG\SUBFILE.O
E:\DEV\OTG_NOMAD\TRUNK\FFMPEG\LIBAVFORMAT\ORBIS_DEBUG\SUBTITLES.O
E:\DEV\OTG_NOMAD\TRUNK\FFMPEG\LIBAVFORMAT\ORBIS_DEBUG\SUBVIEWER1DEC.O
E:\DEV\OTG_NOMAD\TRUNK\FFMPEG\LIBAVFORMAT\ORBIS_DEBUG\SUBVIEWERDEC.O
E:\DEV\OTG_NOMAD\TRUNK\FFMPEG\LIBAVFORMAT\ORBIS_DEBUG\SWF.O
E:\DEV\OTG_NOMAD\TRUNK\FFMPEG\LIBAVFORMAT\ORBIS_DEBUG\SWFDEC.O
E:\DEV\OTG_NOMAD\TRUNK\FFMPEG\LIBAVFORMAT\ORBIS_DEBUG\SWFENC.O
E:\DEV\OTG_NOMAD\TRUNK\FFMPEG\LIBAVFORMAT\ORBIS_DEBUG\TAKDEC.O
E:\DEV\OTG_NOMAD\TRUNK\FFMPEG\LIBAVFORMAT\ORBIS_DEBUG\TEDCAPTIONSDEC.O
E:\DEV\OTG_NOMAD\TRUNK\FFMPEG\LIBAVFORMAT\ORBIS_DEBUG\TEE.O
E:\DEV\OTG_NOMAD\TRUNK\FFMPEG\LIBAVFORMAT\ORBIS_DEBUG\THP.O
E:\DEV\OTG_NOMAD\TRUNK\FFMPEG\LIBAVFORMAT\ORBIS_DEBUG\TIERTEXSEQ.O
E:\DEV\OTG_NOMAD\TRUNK\FFMPEG\LIBAVFORMAT\ORBIS_DEBUG\TMV.O
E:\DEV\OTG_NOMAD\TRUNK\FFMPEG\LIBAVFORMAT\ORBIS_DEBUG\TTA.O
E:\DEV\OTG_NOMAD\TRUNK\FFMPEG\LIBAVFORMAT\ORBIS_DEBUG\TTY.O
E:\DEV\OTG_NOMAD\TRUNK\FFMPEG\LIBAVFORMAT\ORBIS_DEBUG\TXD.O
E:\DEV\OTG_NOMAD\TRUNK\FFMPEG\LIBAVFORMAT\ORBIS_DEBUG\UNCODEDFRAMECRCENC.O
E:\DEV\OTG_NOMAD\TRUNK\FFMPEG\LIBAVFORMAT\ORBIS_DEBUG\URL.O
E:\DEV\OTG_NOMAD\TRUNK\FFMPEG\LIBAVFORMAT\ORBIS_DEBUG\UTILS.O
E:\DEV\OTG_NOMAD\TRUNK\FFMPEG\LIBAVFORMAT\ORBIS_DEBUG\VC1TEST.O
E:\DEV\OTG_NOMAD\TRUNK\FFMPEG\LIBAVFORMAT\ORBIS_DEBUG\VC1TESTENC.O
E:\DEV\OTG_NOMAD\TRUNK\FFMPEG\LIBAVFORMAT\ORBIS_DEBUG\VIVO.O
E:\DEV\OTG_NOMAD\TRUNK\FFMPEG\LIBAVFORMAT\ORBIS_DEBUG\VOC.O
E:\DEV\OTG_NOMAD\TRUNK\FFMPEG\LIBAVFORMAT\ORBIS_DEBUG\VOCDEC.O
E:\DEV\OTG_NOMAD\TRUNK\FFMPEG\LIBAVFORMAT\ORBIS_DEBUG\VOCENC.O
E:\DEV\OTG_NOMAD\TRUNK\FFMPEG\LIBAVFORMAT\ORBIS_DEBUG\VORBISCOMMENT.O
E:\DEV\OTG_NOMAD\TRUNK\FFMPEG\LIBAVFORMAT\ORBIS_DEBUG\VPLAYERDEC.O
E:\DEV\OTG_NOMAD\TRUNK\FFMPEG\LIBAVFORMAT\ORBIS_DEBUG\VQF.O
E:\DEV\OTG_NOMAD\TRUNK\FFMPEG\LIBAVFORMAT\ORBIS_DEBUG\W64.O
E:\DEV\OTG_NOMAD\TRUNK\FFMPEG\LIBAVFORMAT\ORBIS_DEBUG\WAVDEC.O
E:\DEV\OTG_NOMAD\TRUNK\FFMPEG\LIBAVFORMAT\ORBIS_DEBUG\WAVENC.O
E:\DEV\OTG_NOMAD\TRUNK\FFMPEG\LIBAVFORMAT\ORBIS_DEBUG\WC3MOVIE.O
E:\DEV\OTG_NOMAD\TRUNK\FFMPEG\LIBAVFORMAT\ORBIS_DEBUG\WEBVTTDEC.O
E:\DEV\OTG_NOMAD\TRUNK\FFMPEG\LIBAVFORMAT\ORBIS_DEBUG\WESTWOOD_AUD.O
E:\DEV\OTG_NOMAD\TRUNK\FFMPEG\LIBAVFORMAT\ORBIS_DEBUG\WESTWOOD_VQA.O
E:\DEV\OTG_NOMAD\TRUNK\FFMPEG\LIBAVFORMAT\ORBIS_DEBUG\WTV_COMMON.O
E:\DEV\OTG_NOMAD\TRUNK\FFMPEG\LIBAVFORMAT\ORBIS_DEBUG\WTVDEC.O
E:\DEV\OTG_NOMAD\TRUNK\FFMPEG\LIBAVFORMAT\ORBIS_DEBUG\WTVENC.O
E:\DEV\OTG_NOMAD\TRUNK\FFMPEG\LIBAVFORMAT\ORBIS_DEBUG\WV.O
E:\DEV\OTG_NOMAD\TRUNK\FFMPEG\LIBAVFORMAT\ORBIS_DEBUG\WVDEC.O
E:\DEV\OTG_NOMAD\TRUNK\FFMPEG\LIBAVFORMAT\ORBIS_DEBUG\WVENC.O
E:\DEV\OTG_NOMAD\TRUNK\FFMPEG\LIBAVFORMAT\ORBIS_DEBUG\XA.O
E:\DEV\OTG_NOMAD\TRUNK\FFMPEG\LIBAVFORMAT\ORBIS_DEBUG\XMV.O
E:\DEV\OTG_NOMAD\TRUNK\FFMPEG\LIBAVFORMAT\ORBIS_DEBUG\XWMA.O
E:\DEV\OTG_NOMAD\TRUNK\FFMPEG\LIBAVFORMAT\ORBIS_DEBUG\YOP.O
E:\DEV\OTG_NOMAD\TRUNK\FFMPEG\LIBAVFORMAT\ORBIS_DEBUG\YUV4MPEG.O
E:\DEV\OTG_NOMAD\TRUNK\VE\ORBIS_DEBUG\LIBAVFORMAT.A
